INFO: [SIM 2] *************** CSIM start ***************
INFO: [SIM 4] CSIM will launch GCC as the compiler.
   Compiling(apcc) ../../../../adders_test.c in debug mode
INFO: [HLS 200-10] Running 'C:/Xilinx/Vivado/2019.1/bin/unwrapped/win64.o/apcc.exe'
INFO: [HLS 200-10] For user 'JiinLai' on host 'jiinlai-w10' (Windows NT_amd64 version 6.2) on Wed Oct 02 08:44:11 +0800 2019
INFO: [HLS 200-10] In directory 'C:/wrk/ETH_ToE_Github/ug871-design-files/Interface_Synthesis/lab1/adders_prj/solution1/csim/build'
INFO: [APCC 202-3] Tmp directory is C:/tmp/apcc_db_JiinLai/194883296531011
INFO: [APCC 202-1] APCC is done.
   Compiling(apcc) ../../../../adders.c in debug mode
INFO: [HLS 200-10] Running 'C:/Xilinx/Vivado/2019.1/bin/unwrapped/win64.o/apcc.exe'
INFO: [HLS 200-10] For user 'JiinLai' on host 'jiinlai-w10' (Windows NT_amd64 version 6.2) on Wed Oct 02 08:44:25 +0800 2019
INFO: [HLS 200-10] In directory 'C:/wrk/ETH_ToE_Github/ug871-design-files/Interface_Synthesis/lab1/adders_prj/solution1/csim/build'
INFO: [APCC 202-3] Tmp directory is C:/tmp/apcc_db_JiinLai/64283310566041
INFO: [APCC 202-1] APCC is done.
   Generating csim.exe
  10+20+30=60 
  20+30+40=90 
  30+40+50=120 
  40+50+60=150 
  50+60+70=180 
----------Pass!------------
INFO: [SIM 1] CSim done with 0 errors.
INFO: [SIM 3] *************** CSIM finish ***************
