   Build using "C:/Xilinx/Vivado/2019.1/msys64/mingw64/bin/g++"
   Compiling apatb_hls_macc.cpp
   Compiling (apcc) hls_macc.c_pre.c.tb.c
INFO: [HLS 200-10] Running 'C:/Xilinx/Vivado/2019.1/bin/unwrapped/win64.o/apcc.exe'
INFO: [HLS 200-10] For user 'JiinLai' on host 'jiinlai-w10' (Windows NT_amd64 version 6.2) on Sat Oct 12 12:42:30 +0800 2019
INFO: [HLS 200-10] In directory 'C:/wrk/ETH_ToE_Github/ug871-design-files/Using_IP_with_Zynq/lab1/hls_macc/vhls_prj/solution1/sim/wrapc'
clang: warning: argument unused during compilation: '-fno-builtin-isinf'
clang: warning: argument unused during compilation: '-fno-builtin-isnan'
INFO: [APCC 202-3] Tmp directory is C:/tmp/apcc_db_JiinLai/85961127074846
INFO: [APCC 202-1] APCC is done.
   Compiling (apcc) hls_macc_test.c_pre.c.tb.c
INFO: [HLS 200-10] Running 'C:/Xilinx/Vivado/2019.1/bin/unwrapped/win64.o/apcc.exe'
INFO: [HLS 200-10] For user 'JiinLai' on host 'jiinlai-w10' (Windows NT_amd64 version 6.2) on Sat Oct 12 12:42:40 +0800 2019
INFO: [HLS 200-10] In directory 'C:/wrk/ETH_ToE_Github/ug871-design-files/Using_IP_with_Zynq/lab1/hls_macc/vhls_prj/solution1/sim/wrapc'
clang: warning: argument unused during compilation: '-fno-builtin-isinf'
clang: warning: argument unused during compilation: '-fno-builtin-isnan'
In file included from C:/wrk/ETH_ToE_Github/ug871-design-files/Using_IP_with_Zynq/lab1/hls_macc/hls_macc_test.c:1:
C:/wrk/ETH_ToE_Github/ug871-design-files/Using_IP_with_Zynq/lab1/hls_macc/hls_macc_test.c:55:1: warning: control reaches end of non-void function [-Wreturn-type]
}
^
1 warning generated.
INFO: [APCC 202-3] Tmp directory is C:/tmp/apcc_db_JiinLai/82201137005529
INFO: [APCC 202-1] APCC is done.
   Generating cosim.tv.exe
