INFO-FLOW: Workspace C:/wrk/ETH_ToE_Github/ug871-design-files/Arbitrary_Precision/lab1/window_fn_prj/solution1 opened at Wed Oct 02 10:27:56 +0800 2019
Execute     config_clock -quiet -name default -period 5 -default=false 
INFO: [SYN 201-201] Setting up clock 'default' with a period of 5ns.
Execute     open_platform DefaultPlatform 
Execute     import_lib C:/Xilinx/Vivado/2019.1/common/technology/xilinx/virtexuplus/virtexuplus 
Execute       source C:/Xilinx/Vivado/2019.1/common/technology/xilinx/common/xilinx.lib 
Execute         source C:/Xilinx/Vivado/2019.1/common/technology/xilinx/interface/xilinx_interface.lib 
Execute           source C:/Xilinx/Vivado/2019.1/common/technology/xilinx/interface/plb46.lib 
Execute           source C:/Xilinx/Vivado/2019.1/common/technology/xilinx/interface/fsl.lib 
Execute           source C:/Xilinx/Vivado/2019.1/common/technology/xilinx/interface/axi4.lib 
Execute           source C:/Xilinx/Vivado/2019.1/common/technology/xilinx/interface/maxi.lib 
Execute           source C:/Xilinx/Vivado/2019.1/common/technology/xilinx/interface/saxilite.lib 
Execute         source C:/Xilinx/Vivado/2019.1/common/technology/xilinx/common/dsp48.lib 
Execute         source C:/Xilinx/Vivado/2019.1/common/technology/xilinx/ip/dds_compiler.lib 
Execute         source C:/Xilinx/Vivado/2019.1/common/technology/xilinx/ip/xfft.lib 
Execute         source C:/Xilinx/Vivado/2019.1/common/technology/xilinx/ip/xfir.lib 
Execute       source C:/Xilinx/Vivado/2019.1/common/technology/xilinx/common/xilinx.hlp 
Execute         source C:/Xilinx/Vivado/2019.1/common/technology/xilinx/common/target_info.tcl 
Execute         source C:/Xilinx/Vivado/2019.1/common/technology/xilinx/interface/xilinx_interface.hlp 
Execute           source C:/Xilinx/Vivado/2019.1/common/technology/xilinx/interface/maxi.hlp 
Execute           source C:/Xilinx/Vivado/2019.1/common/technology/xilinx/interface/saxilite.hlp 
Execute         source C:/Xilinx/Vivado/2019.1/common/technology/xilinx/common/dsp48.hlp 
Execute       source C:/Xilinx/Vivado/2019.1/common/technology/xilinx/virtexuplus/dsp48e2.hlp 
Execute       source C:/Xilinx/Vivado/2019.1/common/technology/xilinx/common/xilinx.hlp 
Execute         source C:/Xilinx/Vivado/2019.1/common/technology/xilinx/common/target_info.tcl 
Execute         source C:/Xilinx/Vivado/2019.1/common/technology/xilinx/interface/xilinx_interface.hlp 
Execute           source C:/Xilinx/Vivado/2019.1/common/technology/xilinx/interface/maxi.hlp 
Execute           source C:/Xilinx/Vivado/2019.1/common/technology/xilinx/interface/saxilite.hlp 
Execute         source C:/Xilinx/Vivado/2019.1/common/technology/xilinx/common/dsp48.hlp 
Execute     source C:/Xilinx/Vivado/2019.1/common/technology/xilinx/virtexuplus/virtexuplus.gen 
Execute       source C:/Xilinx/Vivado/2019.1/common/technology/xilinx/common/xilinx.gen 
Execute         source C:/Xilinx/Vivado/2019.1/common/technology/xilinx/interface/plb46.gen 
Execute         source C:/Xilinx/Vivado/2019.1/common/technology/xilinx/interface/fsl.gen 
Execute         source C:/Xilinx/Vivado/2019.1/common/technology/xilinx/interface/axi4.gen 
Execute         source C:/Xilinx/Vivado/2019.1/common/technology/xilinx/interface/nativeAXI4.gen 
Execute           source C:/Xilinx/Vivado/2019.1/common/technology/xilinx/interface/saxilite.gen 
Execute           source C:/Xilinx/Vivado/2019.1/common/technology/xilinx/interface/maxi.gen 
Execute         source C:/Xilinx/Vivado/2019.1/common/technology/xilinx/scripts/xilinxcoregen.gen 
Execute         source C:/Xilinx/Vivado/2019.1/common/technology/xilinx/interface/XilEDKCoreGen.gen 
Execute         source C:/Xilinx/Vivado/2019.1/common/technology/xilinx/ip/dds_compiler.gen 
Execute         source C:/Xilinx/Vivado/2019.1/common/technology/xilinx/ip/util.gen 
Execute         source C:/Xilinx/Vivado/2019.1/common/technology/xilinx/ip/xfft.gen 
Command         ap_source done; 0.102 sec.
Execute         source C:/Xilinx/Vivado/2019.1/common/technology/xilinx/ip/xfir.gen 
Execute         source C:/Xilinx/Vivado/2019.1/common/technology/xilinx/common/dsp48.gen 
Command       ap_source done; 0.153 sec.
Command     ap_source done; 0.154 sec.
Execute     open_platform DefaultPlatform 
Execute     import_lib C:/Xilinx/Vivado/2019.1/common/technology/xilinx/virtexuplus/virtexuplus_fpv7 
Execute       source C:/Xilinx/Vivado/2019.1/common/technology/xilinx/common/xilinx_fp.lib 
Execute       source C:/Xilinx/Vivado/2019.1/common/technology/xilinx/common/xilinx_fp.hlp 
Execute         source C:/Xilinx/Vivado/2019.1/common/technology/xilinx/common/xilinx.hlp 
Execute           source C:/Xilinx/Vivado/2019.1/common/technology/xilinx/common/target_info.tcl 
Execute           source C:/Xilinx/Vivado/2019.1/common/technology/xilinx/interface/xilinx_interface.hlp 
Execute             source C:/Xilinx/Vivado/2019.1/common/technology/xilinx/interface/maxi.hlp 
Execute             source C:/Xilinx/Vivado/2019.1/common/technology/xilinx/interface/saxilite.hlp 
Execute           source C:/Xilinx/Vivado/2019.1/common/technology/xilinx/common/dsp48.hlp 
Execute     source C:/Xilinx/Vivado/2019.1/common/technology/xilinx/virtexuplus/virtexuplus_fpv7.gen 
Execute       source C:/Xilinx/Vivado/2019.1/common/technology/xilinx/common/xilinx_fp.gen 
Execute     set_part xcvu9p-flgb2104-1-e 
Execute       ap_part_info -name xcvu9p-flgb2104-1-e -data single -quiet 
Command       ap_part_info done; 1.06 sec.
Execute       ap_part_info -name xcvu9p-flgb2104-1-e -data info 
Execute       add_library xilinx/virtexuplus/virtexuplus:xcvu9p:-flgb2104:-1-e 
Execute         get_default_platform 
Execute         ap_part_info -data single -name xcvu9p-flgb2104-1-e 
Execute         ap_part_info -name xcvu9p-flgb2104-1-e -data resources 
Execute         ap_part_info -name xcvu9p-flgb2104-1-e -data info 
Execute         ap_part_info -name xcvu9p-flgb2104-1-e -data info 
Execute         config_chip_info -quiet -resource {SLICE 147780} {LUT 1182240} {FF 2364480} {DSP48E 6840} {BRAM 4320} {URAM 960} {SLR 3} 
Execute         ap_part_info -name xcvu9p-flgb2104-1-e -data info 
Execute         config_chip_info -quiet -speed slow 
Execute       add_library xilinx/virtexuplus/virtexuplus_fpv7 
Execute         get_default_platform 
INFO: [HLS 200-10] Setting target device to 'xcvu9p-flgb2104-1-e'
Execute       ap_part_info -name xcvu9p-flgb2104-1-e -data info 
Execute       get_default_platform 
Command     set_part done; 1.175 sec.
Execute     ap_part_info -data single -name xcvu9p-flgb2104-1-e 
Execute     ap_part_info -name xcvu9p-flgb2104-1-e -data resources 
Execute     ap_part_info -name xcvu9p-flgb2104-1-e -data info 
Execute     ap_part_info -name xcvu9p-flgb2104-1-e -data info 
Execute     config_chip_info -quiet -resource {SLICE 147780} {LUT 1182240} {FF 2364480} {DSP48E 6840} {BRAM 4320} {URAM 960} {SLR 3} 
Execute     ap_part_info -name xcvu9p-flgb2104-1-e -data info 
Execute     config_chip_info -quiet -speed slow 
Command   open_solution done; 1.416 sec.
Execute   set_part xcvu9p-flgb2104-1-e 
Execute     ap_part_info -name xcvu9p-flgb2104-1-e -data single -quiet 
Execute     ap_part_info -name xcvu9p-flgb2104-1-e -data info 
Execute     add_library xilinx/virtexuplus/virtexuplus:xcvu9p:-flgb2104:-1-e 
Execute       get_default_platform 
Execute       ap_part_info -data single -name xcvu9p-flgb2104-1-e 
Execute       ap_part_info -name xcvu9p-flgb2104-1-e -data resources 
Execute       ap_part_info -name xcvu9p-flgb2104-1-e -data info 
Execute       ap_part_info -name xcvu9p-flgb2104-1-e -data info 
Execute       config_chip_info -quiet -resource {SLICE 147780} {LUT 1182240} {FF 2364480} {DSP48E 6840} {BRAM 4320} {URAM 960} {SLR 3} 
Execute       ap_part_info -name xcvu9p-flgb2104-1-e -data info 
Execute       config_chip_info -quiet -speed slow 
Execute     add_library xilinx/virtexuplus/virtexuplus_fpv7 
Execute       get_default_platform 
Execute     ap_part_info -name xcvu9p-flgb2104-1-e -data info 
Execute     get_default_platform 
Command   set_part done; 0.122 sec.
Execute   create_clock -period 5 -name default 
Execute   csynth_design 
Execute     get_config_compile -dump_cfg 
Execute     get_config_compile -effort 
Execute     get_config_compile -enable_clang39 
Execute     get_config_compile -g 
Execute     get_config_compile -ng 
Execute     get_config_compile -opt_fp 
Execute     get_config_compile -skip_cdt 
Execute     get_config_compile -skip_syncheck 
Execute     get_config_compile -skip_transform 
Execute     get_config_compile -keep_printf 
Execute     elaborate -effort=medium -skip_syncheck=0 -keep_printf=0 -skip_cdt=0 -skip_transform=0 -ng=0 -g=0 -opt_fp=0 -from_csynth_design=1 
Execute       get_config_schedule -relax_ii_for_timing 
INFO: [SCHED 204-61] Option 'relax_ii_for_timing' is enabled, will increase II to preserve clock frequency constraints.
Execute       get_config_schedule -suppress_dependence_error_break 
INFO: [HLS 200-10] Analyzing design file 'window_fn_top.cpp' ... 
INFO-FLOW: Compiling one TU...
Execute       is_m_axi_addr64 
INFO-FLOW: Handling window_fn_top.cpp as C++
Execute       ap_part_info -name xcvu9p-flgb2104-1-e -data info 
Execute       is_encrypted window_fn_top.cpp 
Execute       ap_part_info -name xcvu9p-flgb2104-1-e -data info 
INFO-FLOW: Running: GCC PP
INFO-FLOW: Source preprocessing
Execute       clang  -fno-limit-debug-info -gcc-toolchain "C:/Xilinx/Vivado/2019.1/msys" -hls  -fno-exceptions  -D__llvm__  -E "window_fn_top.cpp"     -fno-math-errno -c -emit-llvm -O0  -mllvm -disable-llvm-optzns -fno-threadsafe-statics  -fno-use-cxa-atexit  -fno-threadsafe-statics -fno-use-cxa-atexit -D__CLANG_3_1__ -D__cdecl= -DAESL_SYN -D__SYNTHESIS__ -D__HLS_SYN__ -I "C:/Xilinx/Vivado/2019.1/common/technology/autopilot" -I "C:/Xilinx/Vivado/2019.1/common/technology/autopilot/ap_sysc" -include etc/autopilot_ssdm_op.h -D__DSP48E2__  -o "C:/wrk/ETH_ToE_Github/ug871-design-files/Arbitrary_Precision/lab1/window_fn_prj/solution1/.autopilot/db/window_fn_top.pp.0.cpp" 
INFO-FLOW: exec C:/Xilinx/Vivado/2019.1/win64/tools/clang/bin/clang -fno-limit-debug-info -gcc-toolchain C:/Xilinx/Vivado/2019.1/msys -hls -fno-exceptions -D__llvm__ -E window_fn_top.cpp -fno-math-errno -c -emit-llvm -O0 -mllvm -disable-llvm-optzns -fno-threadsafe-statics -fno-use-cxa-atexit -fno-threadsafe-statics -fno-use-cxa-atexit -D__CLANG_3_1__ -D__cdecl= -DAESL_SYN -D__SYNTHESIS__ -D__HLS_SYN__ -I C:/Xilinx/Vivado/2019.1/common/technology/autopilot -I C:/Xilinx/Vivado/2019.1/common/technology/autopilot/ap_sysc -include etc/autopilot_ssdm_op.h -D__DSP48E2__ -o C:/wrk/ETH_ToE_Github/ug871-design-files/Arbitrary_Precision/lab1/window_fn_prj/solution1/.autopilot/db/window_fn_top.pp.0.cpp
Command       clang done; 3.324 sec.
Execute       tidy_31 xilinx-xfmat-array-geometry C:/wrk/ETH_ToE_Github/ug871-design-files/Arbitrary_Precision/lab1/window_fn_prj/solution1/.autopilot/db/window_fn_top.pp.0.cpp std=gnu++98 
INFO-FLOW: exec C:/Xilinx/Vivado/2019.1/win64/tools/clang-3.9-csynth/bin/tidy-3.1 -header-filter=.* -checks=-*,xilinx-xfmat-array-geometry -quiet -fix C:/wrk/ETH_ToE_Github/ug871-design-files/Arbitrary_Precision/lab1/window_fn_prj/solution1/.autopilot/db/window_fn_top.pp.0.cpp -- -std=gnu++98 -fhls -ferror-limit=0
Command       tidy_31 done; 1.257 sec.
INFO-FLOW: Syntax Checking before pre-processing...
Execute       clang -syntaxcheck -src C:/wrk/ETH_ToE_Github/ug871-design-files/Arbitrary_Precision/lab1/window_fn_prj/solution1/.autopilot/db/window_fn_top.pp.0.cpp  -fno-limit-debug-info -gcc-toolchain "C:/Xilinx/Vivado/2019.1/msys" -hls    -fno-math-errno -c -emit-llvm -O0  -mllvm -disable-llvm-optzns -fno-threadsafe-statics  -fno-use-cxa-atexit  -fno-threadsafe-statics -fno-use-cxa-atexit -D__CLANG_3_1__ -D__cdecl= -DAESL_SYN -D__SYNTHESIS__ -D__HLS_SYN__ -I "C:/Xilinx/Vivado/2019.1/common/technology/autopilot" -I "C:/Xilinx/Vivado/2019.1/common/technology/autopilot/ap_sysc" -include etc/autopilot_ssdm_op.h -D__DSP48E2__  "C:/wrk/ETH_ToE_Github/ug871-design-files/Arbitrary_Precision/lab1/window_fn_prj/solution1/.autopilot/db/window_fn_top.pp.0.cpp"  -o "C:/wrk/ETH_ToE_Github/ug871-design-files/Arbitrary_Precision/lab1/window_fn_prj/solution1/.autopilot/db/useless.bc"  
INFO-FLOW: exec C:/Xilinx/Vivado/2019.1/win64/tools/clang/bin/clang -fno-limit-debug-info -gcc-toolchain C:/Xilinx/Vivado/2019.1/msys -hls -fno-math-errno -c -emit-llvm -O0 -mllvm -disable-llvm-optzns -fno-threadsafe-statics -fno-use-cxa-atexit -fno-threadsafe-statics -fno-use-cxa-atexit -D__CLANG_3_1__ -D__cdecl= -DAESL_SYN -D__SYNTHESIS__ -D__HLS_SYN__ -I C:/Xilinx/Vivado/2019.1/common/technology/autopilot -I C:/Xilinx/Vivado/2019.1/common/technology/autopilot/ap_sysc -include etc/autopilot_ssdm_op.h -D__DSP48E2__ C:/wrk/ETH_ToE_Github/ug871-design-files/Arbitrary_Precision/lab1/window_fn_prj/solution1/.autopilot/db/window_fn_top.pp.0.cpp -o C:/wrk/ETH_ToE_Github/ug871-design-files/Arbitrary_Precision/lab1/window_fn_prj/solution1/.autopilot/db/useless.bc
Command       clang done; 3.272 sec.
INFO-FLOW: Done: GCC PP time: 7.9 seconds per iteration
Execute       source C:/Xilinx/Vivado/2019.1/tps/tcl/tcllib1.11.1/yaml/huddle.tcl 
Execute       source C:/Xilinx/Vivado/2019.1/tps/tcl/tcllib1.11.1/yaml/json2huddle.tcl 
Execute         source C:/Xilinx/Vivado/2019.1/tps/tcl/tcllib1.11.1/try/try.tcl 
Execute       list_core -type functional_unit 
Execute       tidy_31 xilinx-systemc-detector C:/wrk/ETH_ToE_Github/ug871-design-files/Arbitrary_Precision/lab1/window_fn_prj/solution1/.autopilot/db/window_fn_top.pp.0.cpp std=gnu++98 -directive=C:/wrk/ETH_ToE_Github/ug871-design-files/Arbitrary_Precision/lab1/window_fn_prj/solution1/.autopilot/db/.systemc_flag 
INFO-FLOW: exec C:/Xilinx/Vivado/2019.1/win64/tools/clang-3.9-csynth/bin/tidy-3.1 -header-filter=.* -checks=-*,xilinx-systemc-detector -import-directive=C:/wrk/ETH_ToE_Github/ug871-design-files/Arbitrary_Precision/lab1/window_fn_prj/solution1/.autopilot/db/.systemc_flag -quiet -fix-errors C:/wrk/ETH_ToE_Github/ug871-design-files/Arbitrary_Precision/lab1/window_fn_prj/solution1/.autopilot/db/window_fn_top.pp.0.cpp -- -std=gnu++98 -fhls -ferror-limit=0
Command       tidy_31 done; 0.87 sec.
INFO-FLOW: Running: tidy-3.1 CDT preprocess
Execute       tidy_31 xilinx-directive2pragma C:/wrk/ETH_ToE_Github/ug871-design-files/Arbitrary_Precision/lab1/window_fn_prj/solution1/.autopilot/db/window_fn_top.pp.0.cpp std=gnu++98 -directive=C:/wrk/ETH_ToE_Github/ug871-design-files/Arbitrary_Precision/lab1/window_fn_prj/solution1/.autopilot/db/all.directive.json 
INFO-FLOW: exec C:/Xilinx/Vivado/2019.1/win64/tools/clang-3.9-csynth/bin/tidy-3.1 -header-filter=.* -checks=-*,xilinx-directive2pragma -import-directive=C:/wrk/ETH_ToE_Github/ug871-design-files/Arbitrary_Precision/lab1/window_fn_prj/solution1/.autopilot/db/all.directive.json -quiet -fix-errors C:/wrk/ETH_ToE_Github/ug871-design-files/Arbitrary_Precision/lab1/window_fn_prj/solution1/.autopilot/db/window_fn_top.pp.0.cpp -- -std=gnu++98 -fhls -ferror-limit=0
Command       tidy_31 done; 0.867 sec.
Execute       get_config_dataflow -strict_mode 
Execute       ap_eval exec -ignorestderr C:/Xilinx/Vivado/2019.1/win64/tools/clang-3.9-csynth/bin/xilinx-dataflow-lawyer -export-fixes=C:/wrk/ETH_ToE_Github/ug871-design-files/Arbitrary_Precision/lab1/window_fn_prj/solution1/.autopilot/db/xilinx-dataflow-lawyer.window_fn_top.pp.0.cpp.diag.yml C:/wrk/ETH_ToE_Github/ug871-design-files/Arbitrary_Precision/lab1/window_fn_prj/solution1/.autopilot/db/window_fn_top.pp.0.cpp -- -std=gnu++98 -fhls -ferror-limit=0 -fstrict-dataflow > C:/wrk/ETH_ToE_Github/ug871-design-files/Arbitrary_Precision/lab1/window_fn_prj/solution1/.autopilot/db/xilinx-dataflow-lawyer.window_fn_top.pp.0.cpp.out.log 2> C:/wrk/ETH_ToE_Github/ug871-design-files/Arbitrary_Precision/lab1/window_fn_prj/solution1/.autopilot/db/xilinx-dataflow-lawyer.window_fn_top.pp.0.cpp.err.log 
Command       ap_eval done; 0.454 sec.
Execute       tidy_31 -errorcheck xilinx-constantarray-param,xilinx-resource-pragma-transformer,xilinx-xfmat-array-geometry C:/wrk/ETH_ToE_Github/ug871-design-files/Arbitrary_Precision/lab1/window_fn_prj/solution1/.autopilot/db/window_fn_top.pp.0.cpp std=gnu++98 
Execute         ap_eval exec -ignorestderr C:/Xilinx/Vivado/2019.1/win64/tools/clang-3.9-csynth/bin/tidy-3.1 -export-fixes=C:/wrk/ETH_ToE_Github/ug871-design-files/Arbitrary_Precision/lab1/window_fn_prj/solution1/.autopilot/db/tidy-3.1.window_fn_top.pp.0.cpp.diag.yml -header-filter=.* -checks=-*,xilinx-constantarray-param,xilinx-resource-pragma-transformer,xilinx-xfmat-array-geometry -quiet -fix-errors C:/wrk/ETH_ToE_Github/ug871-design-files/Arbitrary_Precision/lab1/window_fn_prj/solution1/.autopilot/db/window_fn_top.pp.0.cpp -- -std=gnu++98 -fhls -ferror-limit=0 > C:/wrk/ETH_ToE_Github/ug871-design-files/Arbitrary_Precision/lab1/window_fn_prj/solution1/.autopilot/db/tidy-3.1.window_fn_top.pp.0.cpp.out.log 2> C:/wrk/ETH_ToE_Github/ug871-design-files/Arbitrary_Precision/lab1/window_fn_prj/solution1/.autopilot/db/tidy-3.1.window_fn_top.pp.0.cpp.err.log 
Command         ap_eval done; 0.924 sec.
Execute         source C:/Xilinx/Vivado/2019.1/tps/tcl/tcllib1.11.1/yaml/yaml.tcl 
Execute           source C:/Xilinx/Vivado/2019.1/tps/tcl/tcllib1.11.1/cmdline/cmdline.tcl 
Execute         ap_eval exec -ignorestderr C:/Xilinx/Vivado/2019.1/win64/tools/clang-3.9-csynth/bin/xilinx-legacy-rewriter C:/wrk/ETH_ToE_Github/ug871-design-files/Arbitrary_Precision/lab1/window_fn_prj/solution1/.autopilot/db/window_fn_top.pp.0.cpp -- -std=gnu++98 -fhls -ferror-limit=0 > C:/wrk/ETH_ToE_Github/ug871-design-files/Arbitrary_Precision/lab1/window_fn_prj/solution1/.autopilot/db/xilinx-legacy-rewriter.window_fn_top.pp.0.cpp.out.log 2> C:/wrk/ETH_ToE_Github/ug871-design-files/Arbitrary_Precision/lab1/window_fn_prj/solution1/.autopilot/db/xilinx-legacy-rewriter.window_fn_top.pp.0.cpp.err.log 
Command         ap_eval done; 0.455 sec.
Command       tidy_31 done; 1.413 sec.
INFO-FLOW: Done: tidy-3.1 CDT preprocess time: 2.7 seconds per iteration
INFO-FLOW: Pragma Handling...
Execute       tidy_31 xilinx-ssdm-intrinsics-arguments C:/wrk/ETH_ToE_Github/ug871-design-files/Arbitrary_Precision/lab1/window_fn_prj/solution1/.autopilot/db/window_fn_top.pragma.1.cpp std=gnu++98 
INFO-FLOW: exec C:/Xilinx/Vivado/2019.1/win64/tools/clang-3.9-csynth/bin/tidy-3.1 -header-filter=.* -checks=-*,xilinx-ssdm-intrinsics-arguments -quiet -fix-errors C:/wrk/ETH_ToE_Github/ug871-design-files/Arbitrary_Precision/lab1/window_fn_prj/solution1/.autopilot/db/window_fn_top.pragma.1.cpp -- -std=gnu++98 -fhls -ferror-limit=0
Command       tidy_31 done; 0.925 sec.
Execute       ap_part_info -name xcvu9p-flgb2104-1-e -data info 
INFO-FLOW: Processing labels
Execute       clang -src C:/wrk/ETH_ToE_Github/ug871-design-files/Arbitrary_Precision/lab1/window_fn_prj/solution1/.autopilot/db/window_fn_top.pragma.2.cpp  -fno-limit-debug-info -gcc-toolchain C:/Xilinx/Vivado/2019.1/msys -hls -hls-analyze-label -hls-analyze-pragma -fno-exceptions  -D__llvm__  -w  "C:/wrk/ETH_ToE_Github/ug871-design-files/Arbitrary_Precision/lab1/window_fn_prj/solution1/.autopilot/db/window_fn_top.pragma.2.cpp"    -fno-math-errno -c -emit-llvm -O0  -mllvm -disable-llvm-optzns -fno-threadsafe-statics  -fno-use-cxa-atexit -DAESL_SYN -D__SYNTHESIS__ -D__HLS_SYN__ -I "C:/Xilinx/Vivado/2019.1/common/technology/autopilot" -I "C:/Xilinx/Vivado/2019.1/common/technology/autopilot/ap_sysc" -include etc/autopilot_ssdm_op.h -D__DSP48E2__ -g -o "C:/wrk/ETH_ToE_Github/ug871-design-files/Arbitrary_Precision/lab1/window_fn_prj/solution1/.autopilot/db/window_fn_top.bc" 
INFO-FLOW: exec C:/Xilinx/Vivado/2019.1/win64/tools/clang/bin/clang -fno-limit-debug-info -gcc-toolchain C:/Xilinx/Vivado/2019.1/msys -hls -hls-analyze-label -hls-analyze-pragma -fno-exceptions -D__llvm__ -w C:/wrk/ETH_ToE_Github/ug871-design-files/Arbitrary_Precision/lab1/window_fn_prj/solution1/.autopilot/db/window_fn_top.pragma.2.cpp -fno-math-errno -c -emit-llvm -O0 -mllvm -disable-llvm-optzns -fno-threadsafe-statics -fno-use-cxa-atexit -DAESL_SYN -D__SYNTHESIS__ -D__HLS_SYN__ -I C:/Xilinx/Vivado/2019.1/common/technology/autopilot -I C:/Xilinx/Vivado/2019.1/common/technology/autopilot/ap_sysc -include etc/autopilot_ssdm_op.h -D__DSP48E2__ -g -o C:/wrk/ETH_ToE_Github/ug871-design-files/Arbitrary_Precision/lab1/window_fn_prj/solution1/.autopilot/db/window_fn_top.bc
Command       clang done; 3.288 sec.
INFO-FLOW: Linking Debug ...
Execute       llvm-ld C:/wrk/ETH_ToE_Github/ug871-design-files/Arbitrary_Precision/lab1/window_fn_prj/solution1/.autopilot/db/window_fn_top.g.bc -hls-opt -except-internalize window_fn_top -LC:/Xilinx/Vivado/2019.1/win64/lib -lhlsm -lhlsmc++ -o C:/wrk/ETH_ToE_Github/ug871-design-files/Arbitrary_Precision/lab1/window_fn_prj/solution1/.autopilot/db/a.g 
Command       llvm-ld done; 4.618 sec.
INFO: [HLS 200-111] Finished Linking Time (s): cpu = 00:00:07 ; elapsed = 00:00:23 . Memory (MB): peak = 186.984 ; gain = 93.238
INFO: [HLS 200-111] Finished Checking Pragmas Time (s): cpu = 00:00:07 ; elapsed = 00:00:23 . Memory (MB): peak = 186.984 ; gain = 93.238
Execute       get_config_sdx -target 
Execute       opt_and_import_c a -opt_level=2 -skip_syncheck=0 -ng=0 -keep_printf=0 
Execute         cleanup_all_models 
INFO: [HLS 200-10] Starting code transformations ...
Execute         transform -promote-dbg-pointer C:/wrk/ETH_ToE_Github/ug871-design-files/Arbitrary_Precision/lab1/window_fn_prj/solution1/.autopilot/db/a.pp.bc -o C:/wrk/ETH_ToE_Github/ug871-design-files/Arbitrary_Precision/lab1/window_fn_prj/solution1/.autopilot/db/a.pp.0.bc -f 
Command         transform done; 0.703 sec.
Execute         llvm-ld C:/wrk/ETH_ToE_Github/ug871-design-files/Arbitrary_Precision/lab1/window_fn_prj/solution1/.autopilot/db/a.pp.0.bc -disable-opt -LC:/Xilinx/Vivado/2019.1/win64/lib -lfloatconversion -o C:/wrk/ETH_ToE_Github/ug871-design-files/Arbitrary_Precision/lab1/window_fn_prj/solution1/.autopilot/db/a.g.0 
Command         llvm-ld done; 1.984 sec.
INFO-FLOW: Running Standard Transforms...
Execute         transform -hls -share-std-xform -demangle-name -inline-byval-memcpy -always-inline -promote-dbg-pointer -interface-preproc -mem2reg -scalarrepl -mem2reg -keep-read-access -instcombine -dce -promote-dbg-pointer -bitop-raise -loop-simplify -indvarspre -indvars -loop-simplify -xunroll -constprop -instcombine -simplifycfg -indvars -simplifycfg -dce -globaldce -basicaa -simplifycfg -mem2reg -globalopt -global-constprop -deadargelim -instcombine -simplifycfg -prune-eh -simplifycfg -scalarrepl -instcombine -reassociate -licm -simplifycfg -loop-simplify -indvars -instcombine -simplifycfg -mem2reg -loop-simplify -indvars -instcombine -gvn -gvn -instcombine -adce -break-crit-edges -simplifycfg -loop-delete -global-array-opt -dce -dse -adce -find-syn-modules -top window_fn_top -deadargelim -mem2reg -instcombine -dce -presyn-prepare -auto-rom-infer -interface-preproc -syn-check -check-rec-only -find-region -simplifycfg -func-extr -function-inline -globaldce -mem2reg -instcombine -dce -gvn -globaldce -adce -adse -constprop -instcombine -bit-constprop -instcombine -dce -simplifycfg -bitop-raise -simplifycfg -dce -loop-delete -reassociate -globalopt -global-privatize -mem2reg -dce -global-constprop -pointer-simplify -constprop -dce -func-inst -deadargelim -auto-shift-reg-idiom -promote-dbg-pointer -norm-name C:/wrk/ETH_ToE_Github/ug871-design-files/Arbitrary_Precision/lab1/window_fn_prj/solution1/.autopilot/db/a.g.0.bc -o C:/wrk/ETH_ToE_Github/ug871-design-files/Arbitrary_Precision/lab1/window_fn_prj/solution1/.autopilot/db/a.g.1.bc -f -phase std-opt 
Command         transform done; 1.437 sec.
INFO: [HLS 200-111] Finished Standard Transforms Time (s): cpu = 00:00:09 ; elapsed = 00:00:27 . Memory (MB): peak = 257.555 ; gain = 163.809
INFO: [HLS 200-10] Checking synthesizability ...
INFO-FLOW: Checking Synthesizability 1/2..
Execute         transform -hls -syn-check -check-rec-only -disaggr -scalarrepl -norm-name -dce -mem2reg -instcombine -function-uniquify -directive-preproc -mem2reg -dse -dce -auto-rom-infer -dce -pag -array-normalize -instcombine -dce -warn-fifo-pointer -array-seg-normalize -instcombine -dce -array-flatten -instcombine -dce -array-burst -dce -deadargelim -promote-global-argument -simplifycfg -mem2reg -globaldce -dce -deadargelim -dce -instcombine -function-inline -globaldce -dce -doublePtrSimplify -doublePtrElim -dce -doublePtrSimplify -promote-dbg-pointer -dce -scalarrepl -dse -adse -instcombine -ptrLegalization -simplifycfg -dce -instcombine -pointer-simplify -ptrArgReplace -dce -instcombine -resolve-double-ptr -disaggr -scalarrepl -norm-name -dce -mem2reg -instcombine -ptrLegalization -simplifycfg -deadargelim -instcombine -dce -inst-simplify -function-uniquify -directive-preproc -mem2reg -dse -dce -globaldce -check-dspbuiltin C:/wrk/ETH_ToE_Github/ug871-design-files/Arbitrary_Precision/lab1/window_fn_prj/solution1/.autopilot/db/a.g.1.bc -o C:/wrk/ETH_ToE_Github/ug871-design-files/Arbitrary_Precision/lab1/window_fn_prj/solution1/.autopilot/db/a.g.2.prechk.bc -f 
INFO: [XFORM 203-602] Inlining function 'xhls_window_fn::window_fn<float, float, float, 32, (xhls_window_fn::win_fn_t)1>::apply' into 'window_fn_top' (window_fn_top.cpp:64) automatically.
Command         transform done; 0.34 sec.
INFO-FLOW: Checking Synthesizability 2/2..
Execute         transform -syn-check C:/wrk/ETH_ToE_Github/ug871-design-files/Arbitrary_Precision/lab1/window_fn_prj/solution1/.autopilot/db/a.g.2.prechk.bc -o C:/wrk/ETH_ToE_Github/ug871-design-files/Arbitrary_Precision/lab1/window_fn_prj/solution1/.autopilot/db/a.g.2.bc -f -phase syn-check 
Command         transform done; 0.298 sec.
INFO: [HLS 200-111] Finished Checking Synthesizability Time (s): cpu = 00:00:09 ; elapsed = 00:00:28 . Memory (MB): peak = 291.676 ; gain = 197.930
INFO-FLOW: Compiler optimizing ...
INFO-FLOW: Share syncheck's 1.bc for syn flow: copy C:/wrk/ETH_ToE_Github/ug871-design-files/Arbitrary_Precision/lab1/window_fn_prj/solution1/.autopilot/db/a.g.1.bc to C:/wrk/ETH_ToE_Github/ug871-design-files/Arbitrary_Precision/lab1/window_fn_prj/solution1/.autopilot/db/a.o.1.bc
INFO-FLOW: Presyn 1...
Execute         transform -hls -tmp C:/wrk/ETH_ToE_Github/ug871-design-files/Arbitrary_Precision/lab1/window_fn_prj/solution1/.autopilot/db -interface-port-rename -type-info -function-uniquify -directive-preproc -mem2reg -dse -dce -disaggr -scalarrepl -norm-name -deadargelim -mem2reg -instcombine -dce -simplifycfg -auto-rom-infer -dce -function-uniquify -resource-proc -clib-intrinsic-prepare -dce -func-buffer -dce -pag -array-normalize -func-legal -instcombine -gvn -constprop -dce -simplifycfg -mem2reg -globaldce -resolve-double-ptr -dce -deadargelim -dce -instcombine -ptrArgReplace -mem2reg -dce -array-seg-normalize -deadargelim -instcombine -dce -pointer-simplify -dce -port-alignment -dce -interface-preproc -data-pack -instcombine -dce -basicaa -aggr-aa -aggrmodref-aa -aggr-aa -gvn -gvn -basicaa -aggr-aa -aggrmodref-aa -aggr-aa -dse -adse -adce -loop-simplify -indvars -instcombine -gvn -loop-simplify -mem2reg -dce -find-region -instcombine -auto-loop-pipeline -inst-simplify -interface-preproc -cfgopt -instcombine -indvars -auto-loop-unroll -loop-simplify -loop-bound -xunroll -constprop -instcombine -simplifycfg -indvars -simplifycfg -dce -globaldce -clean-region -attach-range -gvn -inst-simplify -constprop -simplifycfg -dce -pointer-simplify -dce -globalopt -constprop -dce -array-promote -constprop -dce -ptrArgReplace -mem2reg -simplifycfg -dce -auto-par -instcombine -dce -array-transform-check -array-reshape -instcombine -simplifycfg -dce -ptrArgReplace -deadargelim -mem2reg -instcombine -simplifycfg -dce -indvars -loop-simplify -loop-bound -xunroll -constprop -instcombine -simplifycfg -indvars -simplifycfg -dce -globaldce -basicaa -aggr-aa -aggrmodref-aa -aggr-aa -dse -duplicate-dataflow-processes -globaldce -instcombine -array-partition -instcombine -simplifycfg -dce -ptrArgReplace -global-constprop -deadargelim -mem2reg -func-legal -dce -global-constprop -deadargelim -mem2reg -simplifycfg -dce -merge-param -deadargelim -globalopt -constprop -dce -array-promote -constprop -dce -ptrArgReplace -mem2reg -simplifycfg -dce -mem-intrinsic-preproc -dce -global-internalize -global-privatize -mem2reg -globaldce -promote-global-argument -ptrArgReplace -mem2reg -dce -globalopt -mergereturn -simplify-global-access -mem2reg -dce -pointer-simplify -dce -functionattrs -basicaa -aggr-aa -aggrmodref-aa -aggr-aa -gvn -gvn -basicaa -aggr-aa -aggrmodref-aa -aggr-aa -dse -adse -adce -dce -norm-name -function-inline -complex-op-raise -inst-simplify -globaldce -func-inst -constprop -instcombine -simplifycfg -dce -func-legal -dce -loop-bound -arraycheck -bitwidthmin -on-by-dataflow -loop-delete -instcombine -simplifycfg -globaldce -dce -gvn -deadargelim -dce -loop-simplify -clean-region -simplifycfg -propagate-stable-arguments -loop-stream -instcombine -simplifycfg -dce -globaldce -duplicate-dataflow-processes -stream-intrinsic-preproc -dce -check-ap-stream -loop-simplify -eliminate-keepreads -extract-dataflow-in-loop -loop-simplify -dce -gvn -deadargelim -dse -check-dataflow-syntax -legalize-stream-variable -legalize-global -extract-subproc -dce -dead-channel-elimination -canonicalize-gep -globaldce -dce -gvn -deadargelim -annotate-dataflow-channels -scalar-propagation -deadargelim -globaldce -mem2reg -check-dataflow-channels -function-stream -dce -globaldce -prop-fifo-spec -internal-stream-gen -canonicalize-gep -globaldce -dce -gvn -deadargelim -mergereturn -indvars -loop-simplify -instcombine -array-stream -array-seg-normalize -array-partition -func-legal -instcombine -simplifycfg -dce -bundle-memfifo-ops -deadargelim -function-uniquify -directive-preproc -mem2reg -dse -dce -group-axi-access -licm -simplifycfg -dce -loop-delete -norm-name C:/wrk/ETH_ToE_Github/ug871-design-files/Arbitrary_Precision/lab1/window_fn_prj/solution1/.autopilot/db/a.o.1.bc -o C:/wrk/ETH_ToE_Github/ug871-design-files/Arbitrary_Precision/lab1/window_fn_prj/solution1/.autopilot/db/a.o.1.tmp.bc -f 
INFO: [XFORM 203-602] Inlining function 'xhls_window_fn::window_fn<float, float, float, 32, (xhls_window_fn::win_fn_t)1>::apply' into 'window_fn_top' (window_fn_top.cpp:64) automatically.
Command         transform done; 0.409 sec.
INFO-FLOW: Presyn 2...
Execute         transform -hls -keep-callgraph -scalarrepl -mem2reg -port-alignment -attach-range -dce -pipe-mux-gen -indvars -loop-bound -inst-simplify -instcombine -dce -merge-array-access -mem2reg -dce -clean-region -mergereturn -if-conv -instcombine -dce -constprop -basicaa -aggr-aa -aggrmodref-aa -aggr-aa -gvn -gvn -basicaa -aggr-aa -aggrmodref-aa -aggr-aa -dse -adse -adce -scalarrepl -mem2reg -global-constprop -deadargelim -deadargelim -instcombine -dce -simplifycfg -ptrArgReplace -mem2reg -function-inline -globaldce -mem2reg -instcombine -dce -expr-balance -instcombine -dce -bitwidthmin -interface-preproc -directive-preproc -inst-rectify -instcombine -dce -functionattrs -constprop -instcombine -bit-constprop -simplify-global-access -globalopt -globaldce -inst-simplify -instcombine -elimdeaddata -dce -loop-delete -simplifycfg -loop-simplify -auto-burst -norm-name C:/wrk/ETH_ToE_Github/ug871-design-files/Arbitrary_Precision/lab1/window_fn_prj/solution1/.autopilot/db/a.o.1.tmp.bc -o C:/wrk/ETH_ToE_Github/ug871-design-files/Arbitrary_Precision/lab1/window_fn_prj/solution1/.autopilot/db/a.o.2.bc -f -phase presyn 
Command         transform done; 0.347 sec.
INFO: [HLS 200-111] Finished Pre-synthesis Time (s): cpu = 00:00:10 ; elapsed = 00:00:28 . Memory (MB): peak = 366.859 ; gain = 273.113
INFO-FLOW: Building ssdm...
Execute         transform -hls -function-uniquify -auto-function-inline -globaldce -ptrArgReplace -mem2reg -dce -reset-lda -loop-simplify -indvars -licm -loop-dep -loop-bound -licm -loop-simplify -flattenloopnest -array-flatten -gvn -instcombine -dce -array-map -dce -func-legal -gvn -adce -instcombine -cfgopt -simplifycfg -loop-simplify -array-burst -promote-global-argument -dce -ptrLegalization -axi4-lower -array-seg-normalize -basicaa -aggrmodref-aa -globalsmodref-aa -aggr-aa -gvn -gvn -basicaa -aggrmodref-aa -globalsmodref-aa -aggr-aa -dse -adse -adce -licm -inst-simplify -dce -globaldce -instcombine -array-stream -eliminate-keepreads -instcombine -dce -deadargelim -doublePtrSimplify -doublePtrElim -dce -doublePtrSimplify -promote-dbg-pointer -dce -scalarrepl -mem2reg -disaggr -norm-name -mem2reg -instcombine -dse -adse -adce -ptrLegalization -dce -auto-rom-infer -array-flatten -dce -instcombine -check-doubleptr -loop-rot -constprop -cfgopt -simplifycfg -loop-simplify -indvars -pointer-simplify -dce -loop-bound -loop-simplify -loop-preproc -constprop -global-constprop -gvn -mem2reg -instcombine -dce -loop-bound -loop-merge -dce -bitwidthmin -deadargelim -dce -canonicalize-dataflow -dce -scalar-propagation -deadargelim -globaldce -mem2reg -read-loop-dep -interface-preproc -directive-preproc -interface-gen -bram-byte-enable -deadargelim -inst-simplify -dce -gvn -mem2reg -instcombine -dce -adse -loop-bound -instcombine -cfgopt -simplifycfg -loop-simplify -clean-region -io-protocol -find-region -mem2reg -bitop-raise -complex-op-raise -inst-simplify -inst-rectify -instcombine -adce -deadargelim -loop-simplify -phi-opt -bitop-raise -cfgopt -simplifycfg -strip-dead-prototypes -interface-lower -bitop-lower -intrinsic-lower -auto-function-inline -basicaa -aggrmodref-aa -globalsmodref-aa -aggr-aa -inst-simplify -simplifycfg -loop-simplify -mergereturn -inst-simplify -inst-rectify -dce -load-elim -bitop-lower -loop-rewind -pointer-simplify -dce -cfgopt -dce -loop-bound -loop-dep -read-loop-dep -dce -check-stream -norm-name -legalize -validate-dataflow -inst-clarity -bitwidth -dump-loop-dep-to-ir -check-all-ssdm -cdfg-build C:/wrk/ETH_ToE_Github/ug871-design-files/Arbitrary_Precision/lab1/window_fn_prj/solution1/.autopilot/db/a.o.2.bc -o C:/wrk/ETH_ToE_Github/ug871-design-files/Arbitrary_Precision/lab1/window_fn_prj/solution1/.autopilot/db/a.o.3.bc -f -phase build-ssdm 
Command         transform done; 0.398 sec.
INFO: [HLS 200-111] Finished Architecture Synthesis Time (s): cpu = 00:00:10 ; elapsed = 00:00:29 . Memory (MB): peak = 393.738 ; gain = 299.992
INFO-FLOW: Finish building internal data model.
Command       opt_and_import_c done; 5.961 sec.
Command     elaborate done; 26.385 sec.
Execute     autosyn -from_csynth_design=1 
INFO: [HLS 200-10] Starting hardware synthesis ...
INFO-FLOW: Synthesizing C/C++ design ...
INFO: [HLS 200-10] Synthesizing 'window_fn_top' ...
Execute       ap_set_top_model window_fn_top 
Execute       get_model_list window_fn_top -filter all-wo-channel -topdown 
Execute       preproc_iomode -model window_fn_top 
Execute       get_model_list window_fn_top -filter all-wo-channel 
INFO-FLOW: Model list for configure: window_fn_top
INFO-FLOW: Configuring Module : window_fn_top ...
Execute       set_default_model window_fn_top 
Execute       apply_spec_resource_limit window_fn_top 
INFO-FLOW: Model list for preprocess: window_fn_top
INFO-FLOW: Preprocessing Module: window_fn_top ...
Execute       set_default_model window_fn_top 
Execute       cdfg_preprocess -model window_fn_top 
Execute       rtl_gen_preprocess window_fn_top 
INFO-FLOW: Model list for synthesis: window_fn_top
INFO: [HLS 200-10] ----------------------------------------------------------------
INFO: [HLS 200-42] -- Implementing module 'window_fn_top' 
INFO: [HLS 200-10] ----------------------------------------------------------------
Execute       set_default_model window_fn_top 
Execute       schedule -model window_fn_top 
INFO: [SCHED 204-11] Starting scheduling ...
INFO: [SCHED 204-11] Finished scheduling.
Command       schedule done; 0.11 sec.
INFO: [HLS 200-111]  Elapsed time: 28.99 seconds; current allocated memory: 317.428 MB.
Execute       syn_report -verbosereport -o C:/wrk/ETH_ToE_Github/ug871-design-files/Arbitrary_Precision/lab1/window_fn_prj/solution1/.autopilot/db/window_fn_top.verbose.sched.rpt 
INFO: [HLS 200-434] Only 0 loops out of a total 1 loops have been pipelined in this design.
Execute       db_write -o C:/wrk/ETH_ToE_Github/ug871-design-files/Arbitrary_Precision/lab1/window_fn_prj/solution1/.autopilot/db/window_fn_top.sched.adb -f 
INFO-FLOW: Finish scheduling window_fn_top.
Execute       set_default_model window_fn_top 
Execute       bind -model window_fn_top 
BIND OPTION: model=window_fn_top
INFO: [BIND 205-100] Starting micro-architecture generation ...
INFO: [BIND 205-101] Performing variable lifetime analysis.
INFO: [BIND 205-101] Exploring resource sharing.
INFO: [BIND 205-101] Binding ...
INFO: [BIND 205-100] Finished micro-architecture generation.
INFO: [HLS 200-111]  Elapsed time: 0.154 seconds; current allocated memory: 317.654 MB.
Execute       syn_report -verbosereport -o C:/wrk/ETH_ToE_Github/ug871-design-files/Arbitrary_Precision/lab1/window_fn_prj/solution1/.autopilot/db/window_fn_top.verbose.bind.rpt 
Execute       db_write -o C:/wrk/ETH_ToE_Github/ug871-design-files/Arbitrary_Precision/lab1/window_fn_prj/solution1/.autopilot/db/window_fn_top.bind.adb -f 
INFO-FLOW: Finish binding window_fn_top.
Execute       get_model_list window_fn_top -filter all-wo-channel 
INFO-FLOW: Preprocessing for RTLGen ...
Execute       rtl_gen_preprocess window_fn_top 
INFO-FLOW: Model list for RTL generation: window_fn_top
INFO: [HLS 200-10] ----------------------------------------------------------------
INFO: [HLS 200-10] -- Generating RTL for module 'window_fn_top' 
INFO: [HLS 200-10] ----------------------------------------------------------------
Execute       get_config_rtl -module_prefix 
Execute       get_config_rtl -module_auto_prefix 
Execute       create_rtl_model window_fn_top -vendor xilinx -mg_file C:/wrk/ETH_ToE_Github/ug871-design-files/Arbitrary_Precision/lab1/window_fn_prj/solution1/.autopilot/db/window_fn_top.compgen.tcl 
INFO: [RTGEN 206-500] Setting interface mode on port 'window_fn_top/outdata' to 'ap_memory'.
INFO: [RTGEN 206-500] Setting interface mode on port 'window_fn_top/indata' to 'ap_memory'.
INFO: [RTGEN 206-500] Setting interface mode on function 'window_fn_top' to 'ap_ctrl_hs'.
INFO: [SYN 201-210] Renamed object name 'window_fn_top_coeff_tab1' to 'window_fn_top_coebkb' due to the length limit 20
INFO: [SYN 201-210] Renamed object name 'window_fn_top_fmul_32ns_32ns_32_4_max_dsp_1' to 'window_fn_top_fmucud' due to the length limit 20
INFO: [RTGEN 206-100] Generating core module 'window_fn_top_fmucud': 1 instance(s).
INFO: [RTGEN 206-100] Finished creating RTL model for 'window_fn_top'.
INFO: [HLS 200-111]  Elapsed time: 0.189 seconds; current allocated memory: 317.912 MB.
Execute       source C:/wrk/ETH_ToE_Github/ug871-design-files/Arbitrary_Precision/lab1/window_fn_prj/solution1/.autopilot/db/window_fn_top.rtl_wrap.cfg.tcl 
Execute       gen_rtl window_fn_top -istop -style xilinx -tracefl mytrace -tracefmt vcd -traceopt all -f -lang sc -o C:/wrk/ETH_ToE_Github/ug871-design-files/Arbitrary_Precision/lab1/window_fn_prj/solution1/syn/systemc/window_fn_top -synmodules window_fn_top 
Execute       gen_rtl window_fn_top -istop -style xilinx -f -lang vhdl -o C:/wrk/ETH_ToE_Github/ug871-design-files/Arbitrary_Precision/lab1/window_fn_prj/solution1/syn/vhdl/window_fn_top 
Execute       gen_rtl window_fn_top -istop -style xilinx -f -lang vlog -o C:/wrk/ETH_ToE_Github/ug871-design-files/Arbitrary_Precision/lab1/window_fn_prj/solution1/syn/verilog/window_fn_top 
Execute       syn_report -csynth -model window_fn_top -o C:/wrk/ETH_ToE_Github/ug871-design-files/Arbitrary_Precision/lab1/window_fn_prj/solution1/syn/report/window_fn_top_csynth.rpt 
Execute       syn_report -rtlxml -model window_fn_top -o C:/wrk/ETH_ToE_Github/ug871-design-files/Arbitrary_Precision/lab1/window_fn_prj/solution1/syn/report/window_fn_top_csynth.xml 
Execute       syn_report -verbosereport -model window_fn_top -o C:/wrk/ETH_ToE_Github/ug871-design-files/Arbitrary_Precision/lab1/window_fn_prj/solution1/.autopilot/db/window_fn_top.verbose.rpt 
Execute       db_write -model window_fn_top -f -o C:/wrk/ETH_ToE_Github/ug871-design-files/Arbitrary_Precision/lab1/window_fn_prj/solution1/.autopilot/db/window_fn_top.adb 
Execute       gen_tb_info window_fn_top -p C:/wrk/ETH_ToE_Github/ug871-design-files/Arbitrary_Precision/lab1/window_fn_prj/solution1/.autopilot/db -o C:/wrk/ETH_ToE_Github/ug871-design-files/Arbitrary_Precision/lab1/window_fn_prj/solution1/.autopilot/db/window_fn_top 
Execute       export_constraint_db -f -tool general -o C:/wrk/ETH_ToE_Github/ug871-design-files/Arbitrary_Precision/lab1/window_fn_prj/solution1/.autopilot/db/window_fn_top.constraint.tcl 
Execute       syn_report -designview -model window_fn_top -o C:/wrk/ETH_ToE_Github/ug871-design-files/Arbitrary_Precision/lab1/window_fn_prj/solution1/.autopilot/db/window_fn_top.design.xml 
Execute       get_config_rtl -disable_wave_debug 
Execute       syn_report -wcfg -model window_fn_top -o C:/wrk/ETH_ToE_Github/ug871-design-files/Arbitrary_Precision/lab1/window_fn_prj/solution1/.autopilot/db/window_fn_top_dataflow_ana.wcfg 
Execute       syn_report -protoinst -model window_fn_top -o C:/wrk/ETH_ToE_Github/ug871-design-files/Arbitrary_Precision/lab1/window_fn_prj/solution1/.autopilot/db/window_fn_top.protoinst 
Execute       get_config_debug -directory 
Execute       sc_get_clocks window_fn_top 
Execute       get_config_export -vivado_clock 
Execute       sc_get_portdomain window_fn_top 
INFO-FLOW: Model list for RTL component generation: window_fn_top
INFO-FLOW: Handling components in module [window_fn_top] ... 
Execute       source C:/wrk/ETH_ToE_Github/ug871-design-files/Arbitrary_Precision/lab1/window_fn_prj/solution1/.autopilot/db/window_fn_top.compgen.tcl 
INFO-FLOW: Found component window_fn_top_fmucud.
INFO-FLOW: Append model window_fn_top_fmucud
INFO-FLOW: Found component window_fn_top_coebkb.
INFO-FLOW: Append model window_fn_top_coebkb
INFO-FLOW: Append model window_fn_top
INFO-FLOW: Generating RTL model list ...
INFO-FLOW: All models in this session: window_fn_top_fmucud window_fn_top_coebkb window_fn_top
INFO-FLOW: To file: write model window_fn_top_fmucud
INFO-FLOW: To file: write model window_fn_top_coebkb
INFO-FLOW: To file: write model window_fn_top
INFO-FLOW: Finished generating RTL model list.


INFO-FLOW: RTL Generation done.
INFO-FLOW: CAS Generation done.
INFO-FLOW: CBC Generation done.
INFO-FLOW: DBG:CMD: auto_generate_csynth_design
INFO-FLOW: DBG:CMD:     auto_generate --sim-model -phase csynth_design -d C:/wrk/ETH_ToE_Github/ug871-design-files/Arbitrary_Precision/lab1/window_fn_prj/solution1
Execute       source C:/wrk/ETH_ToE_Github/ug871-design-files/Arbitrary_Precision/lab1/window_fn_prj/solution1/.autopilot/db/global.setting.tcl 
INFO-FLOW: DBG:CMD: read_platform_lib C:/wrk/ETH_ToE_Github/ug871-design-files/Arbitrary_Precision/lab1/window_fn_prj/solution1/.autopilot/db/global.setting.tcl
Execute       source C:/Xilinx/Vivado/2019.1/common/technology/generic/autopilot/common.gen 
Execute         source C:/Xilinx/Vivado/2019.1/common/technology/generic/autopilot/APCoreGen.gen 
Execute       source C:/Xilinx/Vivado/2019.1/common/technology/generic/autopilot/op.gen 
Execute       source C:/Xilinx/Vivado/2019.1/common/technology/generic/autopilot/op_simcore.gen 
Execute       source C:/Xilinx/Vivado/2019.1/common/technology/generic/autopilot/interface.gen 
Execute       source C:/wrk/ETH_ToE_Github/ug871-design-files/Arbitrary_Precision/lab1/window_fn_prj/solution1/.autopilot/db/global.setting.tcl 
Execute       source C:/Xilinx/Vivado/2019.1/common/technology/xilinx/virtexuplus/virtexuplus.gen 
Execute         source C:/Xilinx/Vivado/2019.1/common/technology/xilinx/common/xilinx.gen 
Execute           source C:/Xilinx/Vivado/2019.1/common/technology/xilinx/interface/plb46.gen 
Execute           source C:/Xilinx/Vivado/2019.1/common/technology/xilinx/interface/fsl.gen 
Execute           source C:/Xilinx/Vivado/2019.1/common/technology/xilinx/interface/axi4.gen 
Execute           source C:/Xilinx/Vivado/2019.1/common/technology/xilinx/interface/nativeAXI4.gen 
Execute             source C:/Xilinx/Vivado/2019.1/common/technology/xilinx/interface/saxilite.gen 
Execute             source C:/Xilinx/Vivado/2019.1/common/technology/xilinx/interface/maxi.gen 
Execute           source C:/Xilinx/Vivado/2019.1/common/technology/xilinx/scripts/xilinxcoregen.gen 
Execute           source C:/Xilinx/Vivado/2019.1/common/technology/xilinx/interface/XilEDKCoreGen.gen 
Execute           source C:/Xilinx/Vivado/2019.1/common/technology/xilinx/ip/dds_compiler.gen 
Execute           source C:/Xilinx/Vivado/2019.1/common/technology/xilinx/ip/util.gen 
Execute           source C:/Xilinx/Vivado/2019.1/common/technology/xilinx/ip/xfft.gen 
Execute           source C:/Xilinx/Vivado/2019.1/common/technology/xilinx/ip/xfir.gen 
Execute           source C:/Xilinx/Vivado/2019.1/common/technology/xilinx/common/dsp48.gen 
Command         ap_source done; 0.15 sec.
Command       ap_source done; 0.15 sec.
Execute       source C:/Xilinx/Vivado/2019.1/common/technology/xilinx/virtexuplus/virtexuplus_fpv7.gen 
Execute         source C:/Xilinx/Vivado/2019.1/common/technology/xilinx/common/xilinx_fp.gen 
INFO-FLOW: DBG:CMD:   using AESL_AUTOCG::g_clock_period=5.000 (was NA)
INFO-FLOW: DBG:CMD:       generate_ip_cores sim=1 export=0 expOnly=0 dstVlogDir=syn/verilog
Execute       source C:/wrk/ETH_ToE_Github/ug871-design-files/Arbitrary_Precision/lab1/window_fn_prj/solution1/.autopilot/db/global.setting.tcl 
Execute       ap_part_info -name xcvu9p-flgb2104-1-e -data names -quiet 
Execute       ap_part_info -name xcvu9p-flgb2104-1-e -data info -quiet 
Execute       source C:/wrk/ETH_ToE_Github/ug871-design-files/Arbitrary_Precision/lab1/window_fn_prj/solution1/.autopilot/db/global.setting.tcl 
Execute       source C:/wrk/ETH_ToE_Github/ug871-design-files/Arbitrary_Precision/lab1/window_fn_prj/solution1/.autopilot/db/global.setting.tcl 
Execute       source C:/wrk/ETH_ToE_Github/ug871-design-files/Arbitrary_Precision/lab1/window_fn_prj/solution1/.autopilot/db/window_fn_top.compgen.tcl 
Execute         ap_part_info -name xcvu9p-flgb2104-1-e -data names -quiet 
Execute         ap_part_info -name xcvu9p-flgb2104-1-e -data info -quiet 
Execute         ap_part_info -name xcvu9p-flgb2104-1-e -data names -quiet 
Execute         ap_part_info -name xcvu9p-flgb2104-1-e -data info -quiet 
INFO: [RTMG 210-279] Implementing memory 'window_fn_top_coebkb_rom' using auto ROMs.
Execute         ap_part_info -name xcvu9p-flgb2104-1-e -data names -quiet 
Execute         ap_part_info -name xcvu9p-flgb2104-1-e -data info -quiet 
Execute         ap_part_info -name xcvu9p-flgb2104-1-e -data names -quiet 
Execute         ap_part_info -name xcvu9p-flgb2104-1-e -data info -quiet 
Command       ap_source done; 0.136 sec.
INFO-FLOW: DBG:CMD:     auto_generate -export -impltomg_flag -rtl both -tool Vivado -pcore_version 1.00.a -phase csynth_design -d C:/wrk/ETH_ToE_Github/ug871-design-files/Arbitrary_Precision/lab1/window_fn_prj/solution1
Execute       source C:/wrk/ETH_ToE_Github/ug871-design-files/Arbitrary_Precision/lab1/window_fn_prj/solution1/.autopilot/db/global.setting.tcl 
INFO-FLOW: DBG:CMD: read_platform_lib C:/wrk/ETH_ToE_Github/ug871-design-files/Arbitrary_Precision/lab1/window_fn_prj/solution1/.autopilot/db/global.setting.tcl
Execute       source C:/Xilinx/Vivado/2019.1/common/technology/generic/autopilot/common.gen 
Execute         source C:/Xilinx/Vivado/2019.1/common/technology/generic/autopilot/APCoreGen.gen 
Execute       source C:/Xilinx/Vivado/2019.1/common/technology/generic/autopilot/op.gen 
Execute       source C:/Xilinx/Vivado/2019.1/common/technology/generic/autopilot/op_simcore.gen 
Execute       source C:/Xilinx/Vivado/2019.1/common/technology/generic/autopilot/interface.gen 
Execute       source C:/wrk/ETH_ToE_Github/ug871-design-files/Arbitrary_Precision/lab1/window_fn_prj/solution1/.autopilot/db/global.setting.tcl 
Execute       source C:/Xilinx/Vivado/2019.1/common/technology/xilinx/virtexuplus/virtexuplus.gen 
Execute         source C:/Xilinx/Vivado/2019.1/common/technology/xilinx/common/xilinx.gen 
Execute           source C:/Xilinx/Vivado/2019.1/common/technology/xilinx/interface/plb46.gen 
Execute           source C:/Xilinx/Vivado/2019.1/common/technology/xilinx/interface/fsl.gen 
Execute           source C:/Xilinx/Vivado/2019.1/common/technology/xilinx/interface/axi4.gen 
Execute           source C:/Xilinx/Vivado/2019.1/common/technology/xilinx/interface/nativeAXI4.gen 
Execute             source C:/Xilinx/Vivado/2019.1/common/technology/xilinx/interface/saxilite.gen 
Execute             source C:/Xilinx/Vivado/2019.1/common/technology/xilinx/interface/maxi.gen 
Execute           source C:/Xilinx/Vivado/2019.1/common/technology/xilinx/scripts/xilinxcoregen.gen 
Execute           source C:/Xilinx/Vivado/2019.1/common/technology/xilinx/interface/XilEDKCoreGen.gen 
Execute           source C:/Xilinx/Vivado/2019.1/common/technology/xilinx/ip/dds_compiler.gen 
Execute           source C:/Xilinx/Vivado/2019.1/common/technology/xilinx/ip/util.gen 
Execute           source C:/Xilinx/Vivado/2019.1/common/technology/xilinx/ip/xfft.gen 
Execute           source C:/Xilinx/Vivado/2019.1/common/technology/xilinx/ip/xfir.gen 
Execute           source C:/Xilinx/Vivado/2019.1/common/technology/xilinx/common/dsp48.gen 
Command         ap_source done; 0.148 sec.
Command       ap_source done; 0.148 sec.
Execute       source C:/Xilinx/Vivado/2019.1/common/technology/xilinx/virtexuplus/virtexuplus_fpv7.gen 
Execute         source C:/Xilinx/Vivado/2019.1/common/technology/xilinx/common/xilinx_fp.gen 
INFO-FLOW: DBG:CMD:       initCTypeInfo top_module=window_fn_top xml_exists=0
Execute       source C:/wrk/ETH_ToE_Github/ug871-design-files/Arbitrary_Precision/lab1/window_fn_prj/solution1/.autopilot/db/window_fn_top.rtl_wrap.cfg.tcl 
Execute       source C:/wrk/ETH_ToE_Github/ug871-design-files/Arbitrary_Precision/lab1/window_fn_prj/solution1/.autopilot/db/window_fn_top.rtl_wrap.cfg.tcl 
Execute       source C:/wrk/ETH_ToE_Github/ug871-design-files/Arbitrary_Precision/lab1/window_fn_prj/solution1/.autopilot/db/window_fn_top.rtl_wrap.cfg.tcl 
Execute       source C:/wrk/ETH_ToE_Github/ug871-design-files/Arbitrary_Precision/lab1/window_fn_prj/solution1/.autopilot/db/window_fn_top.tbgen.tcl 
Execute       source C:/wrk/ETH_ToE_Github/ug871-design-files/Arbitrary_Precision/lab1/window_fn_prj/solution1/.autopilot/db/window_fn_top.tbgen.tcl 
INFO-FLOW: DBG:CMD:       export_impl_rtl
INFO-FLOW: DBG:CMD:       generate_ip_cores sim=0 export=0 expOnly=0 dstVlogDir=impl/.verilog
Execute       source C:/wrk/ETH_ToE_Github/ug871-design-files/Arbitrary_Precision/lab1/window_fn_prj/solution1/.autopilot/db/global.setting.tcl 
Execute       source C:/wrk/ETH_ToE_Github/ug871-design-files/Arbitrary_Precision/lab1/window_fn_prj/solution1/.autopilot/db/window_fn_top.compgen.tcl 
Execute         ap_part_info -name xcvu9p-flgb2104-1-e -data names -quiet 
Execute         ap_part_info -name xcvu9p-flgb2104-1-e -data info -quiet 
INFO-FLOW: DBG:CMD:       generate_ip_cores sim=0 export=1 expOnly=1 dstVlogDir=impl/.pcores/verilog
Execute       source C:/wrk/ETH_ToE_Github/ug871-design-files/Arbitrary_Precision/lab1/window_fn_prj/solution1/.autopilot/db/global.setting.tcl 
Execute       source C:/wrk/ETH_ToE_Github/ug871-design-files/Arbitrary_Precision/lab1/window_fn_prj/solution1/.autopilot/db/window_fn_top.compgen.tcl 
Execute         ap_part_info -name xcvu9p-flgb2104-1-e -data names -quiet 
Execute         ap_part_info -name xcvu9p-flgb2104-1-e -data info -quiet 
Execute         ap_part_info -name xcvu9p-flgb2104-1-e -data names -quiet 
Execute         ap_part_info -name xcvu9p-flgb2104-1-e -data info -quiet 
Execute         source C:/wrk/ETH_ToE_Github/ug871-design-files/Arbitrary_Precision/lab1/window_fn_prj/solution1/.autopilot/db/window_fn_top.tbgen.tcl 
Execute         source C:/wrk/ETH_ToE_Github/ug871-design-files/Arbitrary_Precision/lab1/window_fn_prj/solution1/.autopilot/db/window_fn_top.tbgen.tcl 
Execute         ap_part_info -name xcvu9p-flgb2104-1-e -data names -quiet 
Execute         ap_part_info -name xcvu9p-flgb2104-1-e -data info -quiet 
Execute         ap_part_info -name xcvu9p-flgb2104-1-e -data names -quiet 
Execute         ap_part_info -name xcvu9p-flgb2104-1-e -data info -quiet 
Execute         ap_part_info -name xcvu9p-flgb2104-1-e -data names -quiet 
Execute         ap_part_info -name xcvu9p-flgb2104-1-e -data info -quiet 
Execute         ap_part_info -name xcvu9p-flgb2104-1-e -data names -quiet 
Execute         ap_part_info -name xcvu9p-flgb2104-1-e -data info -quiet 
Execute         ap_part_info -name xcvu9p-flgb2104-1-e -data names -quiet 
Execute         ap_part_info -name xcvu9p-flgb2104-1-e -data info -quiet 
Execute       ap_part_info -name xcvu9p-flgb2104-1-e -data names -quiet 
Execute       ap_part_info -name xcvu9p-flgb2104-1-e -data info -quiet 
INFO-FLOW: DBG:CMD:       generate_ip_cores sim=0 export=0 expOnly=0 dstVlogDir=impl/.pcores/verilog_sim
Execute       source C:/wrk/ETH_ToE_Github/ug871-design-files/Arbitrary_Precision/lab1/window_fn_prj/solution1/.autopilot/db/global.setting.tcl 
Execute       source C:/wrk/ETH_ToE_Github/ug871-design-files/Arbitrary_Precision/lab1/window_fn_prj/solution1/.autopilot/db/window_fn_top.compgen.tcl 
Execute       ap_part_info -name xcvu9p-flgb2104-1-e -data names -quiet 
Execute       ap_part_info -name xcvu9p-flgb2104-1-e -data info -quiet 
Execute       ap_part_info -name xcvu9p-flgb2104-1-e -data names -quiet 
Execute       ap_part_info -name xcvu9p-flgb2104-1-e -data info -quiet 
Execute       source C:/wrk/ETH_ToE_Github/ug871-design-files/Arbitrary_Precision/lab1/window_fn_prj/solution1/.autopilot/db/global.setting.tcl 
Execute       ap_part_info -name xcvu9p-flgb2104-1-e -data names -quiet 
Execute       ap_part_info -name xcvu9p-flgb2104-1-e -data info -quiet 
Execute       source C:/wrk/ETH_ToE_Github/ug871-design-files/Arbitrary_Precision/lab1/window_fn_prj/solution1/.autopilot/db/window_fn_top.constraint.tcl 
Execute       source C:/wrk/ETH_ToE_Github/ug871-design-files/Arbitrary_Precision/lab1/window_fn_prj/solution1/.autopilot/db/window_fn_top.tbgen.tcl 
INFO-FLOW: DBG:CMD:       hasPcoreIpAdapter=false #gSsdmPorts=6
INFO-FLOW: DBG:CMD: Skipping loadAnalyze_DB, #g_database=2
INFO-FLOW: DBG:CMD:       generate_json is_phase_csynth=1 g_has_adaptors=false generate_bd_files=0 #modelList=3 #gSsdmPorts=6
Execute       source C:/Xilinx/Vivado/2019.1/tps/tcl/tcllib1.11.1/fileutil/fileutil.tcl 
Execute       source C:/wrk/ETH_ToE_Github/ug871-design-files/Arbitrary_Precision/lab1/window_fn_prj/solution1/.autopilot/db/global.setting.tcl 
Execute       source C:/wrk/ETH_ToE_Github/ug871-design-files/Arbitrary_Precision/lab1/window_fn_prj/solution1/.autopilot/db/global.setting.tcl 
Execute       get_config_export -xo 
Execute       source C:/wrk/ETH_ToE_Github/ug871-design-files/Arbitrary_Precision/lab1/window_fn_prj/solution1/.autopilot/db/window_fn_top.tbgen.tcl 
Execute       source C:/wrk/ETH_ToE_Github/ug871-design-files/Arbitrary_Precision/lab1/window_fn_prj/solution1/.autopilot/db/window_fn_top.tbgen.tcl 
Execute       source C:/wrk/ETH_ToE_Github/ug871-design-files/Arbitrary_Precision/lab1/window_fn_prj/solution1/.autopilot/db/window_fn_top.tbgen.tcl 
Execute       source C:/wrk/ETH_ToE_Github/ug871-design-files/Arbitrary_Precision/lab1/window_fn_prj/solution1/.autopilot/db/global.setting.tcl 
Execute       get_config_sdx -target 
Execute       source C:/wrk/ETH_ToE_Github/ug871-design-files/Arbitrary_Precision/lab1/window_fn_prj/solution1/.autopilot/db/window_fn_top.rtl_wrap.cfg.tcl 
Execute       source C:/wrk/ETH_ToE_Github/ug871-design-files/Arbitrary_Precision/lab1/window_fn_prj/solution1/.autopilot/db/window_fn_top.compgen.dataonly.tcl 
Execute       source C:/wrk/ETH_ToE_Github/ug871-design-files/Arbitrary_Precision/lab1/window_fn_prj/solution1/.autopilot/db/global.setting.tcl 
Execute       ap_part_info -name xcvu9p-flgb2104-1-e -data names -quiet 
Execute       ap_part_info -name xcvu9p-flgb2104-1-e -data info -quiet 
Execute       source C:/wrk/ETH_ToE_Github/ug871-design-files/Arbitrary_Precision/lab1/window_fn_prj/solution1/.autopilot/db/window_fn_top.constraint.tcl 
Execute       sc_get_clocks window_fn_top 
Execute       ap_part_info -name xcvu9p-flgb2104-1-e -data names -quiet 
Execute       ap_part_info -name xcvu9p-flgb2104-1-e -data info -quiet 
Execute       source C:/wrk/ETH_ToE_Github/ug871-design-files/Arbitrary_Precision/lab1/window_fn_prj/solution1/.autopilot/db/global.setting.tcl 
Execute       get_config_debug -directory 
Execute       source C:/wrk/ETH_ToE_Github/ug871-design-files/Arbitrary_Precision/lab1/window_fn_prj/solution1/impl/misc/window_fn_top_ap_fmul_2_max_dsp_32_ip.tcl 
Execute       source C:/wrk/ETH_ToE_Github/ug871-design-files/Arbitrary_Precision/lab1/window_fn_prj/solution1/.autopilot/db/window_fn_top.tbgen.tcl 
Execute       get_config_sdx -target 
Execute       get_config_sdx -profile 
Execute       get_config_rtl -kernel_profile 
Execute       get_config_rtl -stall_sig_gen 
Execute       get_config_rtl -profile 
INFO-FLOW: DBG:CMD: add_json_sdx_info kernel file does not exist, skipping opencl info: C:/wrk/ETH_ToE_Github/ug871-design-files/Arbitrary_Precision/lab1/window_fn_prj/solution1/.autopilot/db/kernel.internal.xml
INFO-FLOW: DBG:CMD:       delete-temp-dirs (skipped for debug)
INFO: [HLS 200-111] Finished generating all RTL models Time (s): cpu = 00:00:11 ; elapsed = 00:00:31 . Memory (MB): peak = 405.250 ; gain = 311.504
INFO: [VHDL 208-304] Generating VHDL RTL for window_fn_top.
INFO: [VLOG 209-307] Generating Verilog RTL for window_fn_top.
Command     autosyn done; 2.045 sec.
Command   csynth_design done; 28.448 sec.
Command ap_source done; 30.023 sec.
Execute cleanup_all 
