

================================================================
== Vivado HLS Report for 'window_fn_top'
================================================================
* Date:           Wed Oct  2 10:28:24 2019

* Version:        2019.1.3 (Build 2642998 on Wed Sep 04 10:25:22 MDT 2019)
* Project:        window_fn_prj
* Solution:       solution1
* Product family: virtexuplus
* Target device:  xcvu9p-flgb2104-1-e


================================================================
== Performance Estimates
================================================================
+ Timing (ns): 
    * Summary: 
    +--------+-------+----------+------------+
    |  Clock | Target| Estimated| Uncertainty|
    +--------+-------+----------+------------+
    |ap_clk  |   5.00|     4.084|        0.63|
    +--------+-------+----------+------------+

+ Latency (clock cycles): 
    * Summary: 
    +-----+-----+-----+-----+---------+
    |  Latency  |  Interval | Pipeline|
    | min | max | min | max |   Type  |
    +-----+-----+-----+-----+---------+
    |  161|  161|  161|  161|   none  |
    +-----+-----+-----+-----+---------+

    + Detail: 
        * Instance: 
        N/A

        * Loop: 
        +--------------+-----+-----+----------+-----------+-----------+------+----------+
        |              |  Latency  | Iteration|  Initiation Interval  | Trip |          |
        |   Loop Name  | min | max |  Latency |  achieved |   target  | Count| Pipelined|
        +--------------+-----+-----+----------+-----------+-----------+------+----------+
        |- winfn_loop  |  160|  160|         5|          -|          -|    32|    no    |
        +--------------+-----+-----+----------+-----------+-----------+------+----------+

============================================================
+ Verbose Summary: Synthesis Manager
============================================================
InlineROM: 1
ExposeGlobal: 0
============================================================
+ Verbose Summary: CDFG Model
============================================================
IsTopModel: 1
ResetActiveHigh: 1
IsCombinational: 0
IsDatapathOnly: 0
HasWiredReturn: 1
HasMFsm: 0
HasVarLatency: 1
IsPipeline: 0
IsRtlPipelined: 0
IsInstanceOverlapped: 0
IsDontTouch: 0
HasImplIP: 0
IsGatedGlobalClock: 0


============================================================
+ Verbose Summary: Schedule
============================================================
* Number of FSM states : 6
* Pipeline : 0
* Dataflow Pipeline: 0

* FSM state transitions: 
1 --> 2 
2 --> 3 
3 --> 4 
4 --> 5 
5 --> 6 
6 --> 2 

* FSM state operations: 

State 1 <SV = 0> <Delay = 0.73>
ST_1 : Operation 7 [1/1] (0.00ns)   --->   "call void (...)* @_ssdm_op_SpecBitsMap([32 x float]* %outdata) nounwind, !map !32"   --->   Operation 7 'specbitsmap' <Predicate = true> <Delay = 0.00>
ST_1 : Operation 8 [1/1] (0.00ns)   --->   "call void (...)* @_ssdm_op_SpecBitsMap([32 x float]* %indata) nounwind, !map !38"   --->   Operation 8 'specbitsmap' <Predicate = true> <Delay = 0.00>
ST_1 : Operation 9 [1/1] (0.00ns)   --->   "call void (...)* @_ssdm_op_SpecTopModule([14 x i8]* @window_fn_top_str) nounwind"   --->   Operation 9 'spectopmodule' <Predicate = true> <Delay = 0.00>
ST_1 : Operation 10 [1/1] (0.73ns)   --->   "br label %1" [./window_fn_class.h:129->window_fn_top.cpp:64]   --->   Operation 10 'br' <Predicate = true> <Delay = 0.73>

State 2 <SV = 1> <Delay = 1.29>
ST_2 : Operation 11 [1/1] (0.00ns)   --->   "%i_0_i = phi i6 [ 0, %0 ], [ %i, %2 ]"   --->   Operation 11 'phi' 'i_0_i' <Predicate = true> <Delay = 0.00>
ST_2 : Operation 12 [1/1] (0.71ns)   --->   "%icmp_ln129 = icmp eq i6 %i_0_i, -32" [./window_fn_class.h:129->window_fn_top.cpp:64]   --->   Operation 12 'icmp' 'icmp_ln129' <Predicate = true> <Delay = 0.71> <Core = "Cmp">   --->   Core 25 'Cmp' <Latency = 0> <II = 1> <Delay = 0.71> <FuncUnit> <Opcode : 'icmp'> <InPorts = 2> <OutPorts = 1>
ST_2 : Operation 13 [1/1] (0.00ns)   --->   "%empty = call i32 (...)* @_ssdm_op_SpecLoopTripCount(i64 32, i64 32, i64 32) nounwind"   --->   Operation 13 'speclooptripcount' 'empty' <Predicate = true> <Delay = 0.00>
ST_2 : Operation 14 [1/1] (0.84ns)   --->   "%i = add i6 %i_0_i, 1" [./window_fn_class.h:129->window_fn_top.cpp:64]   --->   Operation 14 'add' 'i' <Predicate = true> <Delay = 0.84> <Core = "AddSub">   --->   Core 14 'AddSub' <Latency = 0> <II = 1> <Delay = 0.84> <FuncUnit> <Opcode : 'add' 'sub'> <InPorts = 2> <OutPorts = 1>
ST_2 : Operation 15 [1/1] (0.00ns)   --->   "br i1 %icmp_ln129, label %apply.exit, label %2" [./window_fn_class.h:129->window_fn_top.cpp:64]   --->   Operation 15 'br' <Predicate = true> <Delay = 0.00>
ST_2 : Operation 16 [1/1] (0.00ns)   --->   "%zext_ln131 = zext i6 %i_0_i to i64" [./window_fn_class.h:131->window_fn_top.cpp:64]   --->   Operation 16 'zext' 'zext_ln131' <Predicate = (!icmp_ln129)> <Delay = 0.00>
ST_2 : Operation 17 [1/1] (0.00ns)   --->   "%coeff_tab1_addr = getelementptr inbounds [32 x float]* @coeff_tab1, i64 0, i64 %zext_ln131" [./window_fn_class.h:131->window_fn_top.cpp:64]   --->   Operation 17 'getelementptr' 'coeff_tab1_addr' <Predicate = (!icmp_ln129)> <Delay = 0.00>
ST_2 : Operation 18 [2/2] (1.29ns)   --->   "%coeff_tab1_load = load float* %coeff_tab1_addr, align 4" [./window_fn_class.h:131->window_fn_top.cpp:64]   --->   Operation 18 'load' 'coeff_tab1_load' <Predicate = (!icmp_ln129)> <Delay = 1.29> <Core = "ROM_nP">   --->   Core 52 'ROM_nP' <Latency = 1> <II = 1> <Delay = 1.29> <Storage> <Opcode : 'load'> <Ports = 0> <Width = 32> <Depth = 32> <ROM>
ST_2 : Operation 19 [1/1] (0.00ns)   --->   "%indata_addr = getelementptr [32 x float]* %indata, i64 0, i64 %zext_ln131" [./window_fn_class.h:131->window_fn_top.cpp:64]   --->   Operation 19 'getelementptr' 'indata_addr' <Predicate = (!icmp_ln129)> <Delay = 0.00>
ST_2 : Operation 20 [2/2] (1.29ns)   --->   "%indata_load = load float* %indata_addr, align 4" [./window_fn_class.h:131->window_fn_top.cpp:64]   --->   Operation 20 'load' 'indata_load' <Predicate = (!icmp_ln129)> <Delay = 1.29> <Core = "RAM">   --->   Core 37 'RAM' <Latency = 1> <II = 1> <Delay = 1.29> <Storage> <Opcode : 'load' 'store'> <Ports = 2> <Width = 32> <Depth = 32> <RAM>
ST_2 : Operation 21 [1/1] (0.00ns)   --->   "ret void" [window_fn_top.cpp:65]   --->   Operation 21 'ret' <Predicate = (icmp_ln129)> <Delay = 0.00>

State 3 <SV = 2> <Delay = 4.08>
ST_3 : Operation 22 [1/2] (1.29ns)   --->   "%coeff_tab1_load = load float* %coeff_tab1_addr, align 4" [./window_fn_class.h:131->window_fn_top.cpp:64]   --->   Operation 22 'load' 'coeff_tab1_load' <Predicate = true> <Delay = 1.29> <Core = "ROM_nP">   --->   Core 52 'ROM_nP' <Latency = 1> <II = 1> <Delay = 1.29> <Storage> <Opcode : 'load'> <Ports = 0> <Width = 32> <Depth = 32> <ROM>
ST_3 : Operation 23 [1/2] (1.29ns)   --->   "%indata_load = load float* %indata_addr, align 4" [./window_fn_class.h:131->window_fn_top.cpp:64]   --->   Operation 23 'load' 'indata_load' <Predicate = true> <Delay = 1.29> <Core = "RAM">   --->   Core 37 'RAM' <Latency = 1> <II = 1> <Delay = 1.29> <Storage> <Opcode : 'load' 'store'> <Ports = 2> <Width = 32> <Depth = 32> <RAM>
ST_3 : Operation 24 [4/4] (2.78ns)   --->   "%tmp_i = fmul float %coeff_tab1_load, %indata_load" [./window_fn_class.h:131->window_fn_top.cpp:64]   --->   Operation 24 'fmul' 'tmp_i' <Predicate = true> <Delay = 2.78> <Core = "FMul">   --->   Core 106 'FMul' <Latency = 3> <II = 1> <Delay = 2.78> <FuncUnit> <Opcode : 'fmul'> <InPorts = 2> <OutPorts = 1>

State 4 <SV = 3> <Delay = 2.78>
ST_4 : Operation 25 [3/4] (2.78ns)   --->   "%tmp_i = fmul float %coeff_tab1_load, %indata_load" [./window_fn_class.h:131->window_fn_top.cpp:64]   --->   Operation 25 'fmul' 'tmp_i' <Predicate = true> <Delay = 2.78> <Core = "FMul">   --->   Core 106 'FMul' <Latency = 3> <II = 1> <Delay = 2.78> <FuncUnit> <Opcode : 'fmul'> <InPorts = 2> <OutPorts = 1>

State 5 <SV = 4> <Delay = 2.78>
ST_5 : Operation 26 [2/4] (2.78ns)   --->   "%tmp_i = fmul float %coeff_tab1_load, %indata_load" [./window_fn_class.h:131->window_fn_top.cpp:64]   --->   Operation 26 'fmul' 'tmp_i' <Predicate = true> <Delay = 2.78> <Core = "FMul">   --->   Core 106 'FMul' <Latency = 3> <II = 1> <Delay = 2.78> <FuncUnit> <Opcode : 'fmul'> <InPorts = 2> <OutPorts = 1>

State 6 <SV = 5> <Delay = 4.08>
ST_6 : Operation 27 [1/1] (0.00ns)   --->   "call void (...)* @_ssdm_op_SpecLoopName([11 x i8]* @p_str) nounwind" [./window_fn_class.h:129->window_fn_top.cpp:64]   --->   Operation 27 'specloopname' <Predicate = true> <Delay = 0.00>
ST_6 : Operation 28 [1/4] (2.78ns)   --->   "%tmp_i = fmul float %coeff_tab1_load, %indata_load" [./window_fn_class.h:131->window_fn_top.cpp:64]   --->   Operation 28 'fmul' 'tmp_i' <Predicate = true> <Delay = 2.78> <Core = "FMul">   --->   Core 106 'FMul' <Latency = 3> <II = 1> <Delay = 2.78> <FuncUnit> <Opcode : 'fmul'> <InPorts = 2> <OutPorts = 1>
ST_6 : Operation 29 [1/1] (0.00ns)   --->   "%outdata_addr = getelementptr [32 x float]* %outdata, i64 0, i64 %zext_ln131" [./window_fn_class.h:131->window_fn_top.cpp:64]   --->   Operation 29 'getelementptr' 'outdata_addr' <Predicate = true> <Delay = 0.00>
ST_6 : Operation 30 [1/1] (1.29ns)   --->   "store float %tmp_i, float* %outdata_addr, align 4" [./window_fn_class.h:131->window_fn_top.cpp:64]   --->   Operation 30 'store' <Predicate = true> <Delay = 1.29> <Core = "RAM">   --->   Core 37 'RAM' <Latency = 1> <II = 1> <Delay = 1.29> <Storage> <Opcode : 'load' 'store'> <Ports = 2> <Width = 32> <Depth = 32> <RAM>
ST_6 : Operation 31 [1/1] (0.00ns)   --->   "br label %1" [./window_fn_class.h:129->window_fn_top.cpp:64]   --->   Operation 31 'br' <Predicate = true> <Delay = 0.00>


============================================================
+ Verbose Summary: Timing violations
============================================================
Target clock period: 5ns, clock uncertainty: 0.625ns.

 <State 1>: 0.736ns
The critical path consists of the following:
	multiplexor before 'phi' operation ('i') with incoming values : ('i', ./window_fn_class.h:129->window_fn_top.cpp:64) [9]  (0.736 ns)

 <State 2>: 1.3ns
The critical path consists of the following:
	'phi' operation ('i') with incoming values : ('i', ./window_fn_class.h:129->window_fn_top.cpp:64) [9]  (0 ns)
	'getelementptr' operation ('coeff_tab1_addr', ./window_fn_class.h:131->window_fn_top.cpp:64) [17]  (0 ns)
	'load' operation ('coeff_tab1_load', ./window_fn_class.h:131->window_fn_top.cpp:64) on array 'coeff_tab1' [18]  (1.3 ns)

 <State 3>: 4.08ns
The critical path consists of the following:
	'load' operation ('coeff_tab1_load', ./window_fn_class.h:131->window_fn_top.cpp:64) on array 'coeff_tab1' [18]  (1.3 ns)
	'fmul' operation ('tmp_i', ./window_fn_class.h:131->window_fn_top.cpp:64) [21]  (2.79 ns)

 <State 4>: 2.79ns
The critical path consists of the following:
	'fmul' operation ('tmp_i', ./window_fn_class.h:131->window_fn_top.cpp:64) [21]  (2.79 ns)

 <State 5>: 2.79ns
The critical path consists of the following:
	'fmul' operation ('tmp_i', ./window_fn_class.h:131->window_fn_top.cpp:64) [21]  (2.79 ns)

 <State 6>: 4.08ns
The critical path consists of the following:
	'fmul' operation ('tmp_i', ./window_fn_class.h:131->window_fn_top.cpp:64) [21]  (2.79 ns)
	'store' operation ('store_ln131', ./window_fn_class.h:131->window_fn_top.cpp:64) of variable 'tmp_i', ./window_fn_class.h:131->window_fn_top.cpp:64 on array 'outdata' [23]  (1.3 ns)


============================================================
+ Verbose Summary: Binding
============================================================
N/A
* FSMD analyzer results:
  - Output states:
 - Input state : 
  - Chain level:
	State 1
	State 2
	State 3
	State 4
	State 5
	State 6


============================================================
+ Verbose Summary: Datapath Resource usage 
============================================================
N/A
