INFO: [SIM 2] *************** CSIM start ***************
INFO: [SIM 4] CSIM will launch GCC as the compiler.
   Compiling(apcc) ../../../../duc_test.c in debug mode
INFO: [HLS 200-10] Running 'C:/Xilinx/Vivado/2019.1/bin/unwrapped/win64.o/apcc.exe'
INFO: [HLS 200-10] For user 'JiinLai' on host 'jiinlai-w10' (Windows NT_amd64 version 6.2) on Sat Oct 05 06:59:26 +0800 2019
INFO: [HLS 200-10] In directory 'C:/wrk/ETH_ToE_Github/ug871-design-files/RTL_Verification/lab3/duc_prj/solution1/csim/build'
INFO: [APCC 202-3] Tmp directory is C:/tmp/apcc_db_JiinLai/130722807946895
INFO: [APCC 202-1] APCC is done.
   Compiling(apcc) ../../../../mac.c in debug mode
INFO: [HLS 200-10] Running 'C:/Xilinx/Vivado/2019.1/bin/unwrapped/win64.o/apcc.exe'
INFO: [HLS 200-10] For user 'JiinLai' on host 'jiinlai-w10' (Windows NT_amd64 version 6.2) on Sat Oct 05 06:59:40 +0800 2019
INFO: [HLS 200-10] In directory 'C:/wrk/ETH_ToE_Github/ug871-design-files/RTL_Verification/lab3/duc_prj/solution1/csim/build'
INFO: [APCC 202-3] Tmp directory is C:/tmp/apcc_db_JiinLai/146602822591910
INFO: [APCC 202-1] APCC is done.
   Compiling(apcc) ../../../../dds.c in debug mode
INFO: [HLS 200-10] Running 'C:/Xilinx/Vivado/2019.1/bin/unwrapped/win64.o/apcc.exe'
INFO: [HLS 200-10] For user 'JiinLai' on host 'jiinlai-w10' (Windows NT_amd64 version 6.2) on Sat Oct 05 06:59:55 +0800 2019
INFO: [HLS 200-10] In directory 'C:/wrk/ETH_ToE_Github/ug871-design-files/RTL_Verification/lab3/duc_prj/solution1/csim/build'
INFO: [APCC 202-3] Tmp directory is C:/tmp/apcc_db_JiinLai/105522837364944
INFO: [APCC 202-1] APCC is done.
   Compiling(apcc) ../../../../mixer.c in debug mode
INFO: [HLS 200-10] Running 'C:/Xilinx/Vivado/2019.1/bin/unwrapped/win64.o/apcc.exe'
INFO: [HLS 200-10] For user 'JiinLai' on host 'jiinlai-w10' (Windows NT_amd64 version 6.2) on Sat Oct 05 07:00:12 +0800 2019
INFO: [HLS 200-10] In directory 'C:/wrk/ETH_ToE_Github/ug871-design-files/RTL_Verification/lab3/duc_prj/solution1/csim/build'
INFO: [APCC 202-3] Tmp directory is C:/tmp/apcc_db_JiinLai/23082854564223
INFO: [APCC 202-1] APCC is done.
   Compiling(apcc) ../../../../imf3.c in debug mode
INFO: [HLS 200-10] Running 'C:/Xilinx/Vivado/2019.1/bin/unwrapped/win64.o/apcc.exe'
INFO: [HLS 200-10] For user 'JiinLai' on host 'jiinlai-w10' (Windows NT_amd64 version 6.2) on Sat Oct 05 07:00:30 +0800 2019
INFO: [HLS 200-10] In directory 'C:/wrk/ETH_ToE_Github/ug871-design-files/RTL_Verification/lab3/duc_prj/solution1/csim/build'
INFO: [APCC 202-3] Tmp directory is C:/tmp/apcc_db_JiinLai/31162872549063
INFO: [APCC 202-1] APCC is done.
   Compiling(apcc) ../../../../imf2.c in debug mode
INFO: [HLS 200-10] Running 'C:/Xilinx/Vivado/2019.1/bin/unwrapped/win64.o/apcc.exe'
INFO: [HLS 200-10] For user 'JiinLai' on host 'jiinlai-w10' (Windows NT_amd64 version 6.2) on Sat Oct 05 07:00:45 +0800 2019
INFO: [HLS 200-10] In directory 'C:/wrk/ETH_ToE_Github/ug871-design-files/RTL_Verification/lab3/duc_prj/solution1/csim/build'
INFO: [APCC 202-3] Tmp directory is C:/tmp/apcc_db_JiinLai/53242886889088
INFO: [APCC 202-1] APCC is done.
   Compiling(apcc) ../../../../imf1.c in debug mode
INFO: [HLS 200-10] Running 'C:/Xilinx/Vivado/2019.1/bin/unwrapped/win64.o/apcc.exe'
INFO: [HLS 200-10] For user 'JiinLai' on host 'jiinlai-w10' (Windows NT_amd64 version 6.2) on Sat Oct 05 07:00:58 +0800 2019
INFO: [HLS 200-10] In directory 'C:/wrk/ETH_ToE_Github/ug871-design-files/RTL_Verification/lab3/duc_prj/solution1/csim/build'
INFO: [APCC 202-3] Tmp directory is C:/tmp/apcc_db_JiinLai/126962900137232
INFO: [APCC 202-1] APCC is done.
   Compiling(apcc) ../../../../srrc.c in debug mode
INFO: [HLS 200-10] Running 'C:/Xilinx/Vivado/2019.1/bin/unwrapped/win64.o/apcc.exe'
INFO: [HLS 200-10] For user 'JiinLai' on host 'jiinlai-w10' (Windows NT_amd64 version 6.2) on Sat Oct 05 07:01:11 +0800 2019
INFO: [HLS 200-10] In directory 'C:/wrk/ETH_ToE_Github/ug871-design-files/RTL_Verification/lab3/duc_prj/solution1/csim/build'
INFO: [APCC 202-3] Tmp directory is C:/tmp/apcc_db_JiinLai/151762913114870
INFO: [APCC 202-1] APCC is done.
   Compiling(apcc) ../../../../duc.c in debug mode
INFO: [HLS 200-10] Running 'C:/Xilinx/Vivado/2019.1/bin/unwrapped/win64.o/apcc.exe'
INFO: [HLS 200-10] For user 'JiinLai' on host 'jiinlai-w10' (Windows NT_amd64 version 6.2) on Sat Oct 05 07:01:24 +0800 2019
INFO: [HLS 200-10] In directory 'C:/wrk/ETH_ToE_Github/ug871-design-files/RTL_Verification/lab3/duc_prj/solution1/csim/build'
INFO: [APCC 202-3] Tmp directory is C:/tmp/apcc_db_JiinLai/86362926238718
INFO: [APCC 202-1] APCC is done.
   Generating csim.exe

 *** DUC hardware test PASSED ! *** 

INFO: [SIM 1] CSim done with 0 errors.
INFO: [SIM 3] *************** CSIM finish ***************
