

================================================================
== Vivado HLS Report for 'top'
================================================================
* Date:           Thu Apr  8 02:15:56 2021

* Version:        2019.2 (Build 2704478 on Wed Nov 06 22:10:23 MST 2019)
* Project:        Multiplexor
* Solution:       solution1
* Product family: zynq
* Target device:  xc7z020-clg400-1


================================================================
== Performance Estimates
================================================================
+ Timing: 
    * Summary: 
    +--------+----------+----------+------------+
    |  Clock |  Target  | Estimated| Uncertainty|
    +--------+----------+----------+------------+
    |ap_clk  | 10.00 ns | 8.667 ns |   1.25 ns  |
    +--------+----------+----------+------------+

+ Latency: 
    * Summary: 
    +---------+---------+-----------+-----------+-----+-----+---------+
    |  Latency (cycles) |   Latency (absolute)  |  Interval | Pipeline|
    |   min   |   max   |    min    |    max    | min | max |   Type  |
    +---------+---------+-----------+-----------+-----+-----+---------+
    |        1|        4| 10.000 ns | 40.000 ns |    1|    4|   none  |
    +---------+---------+-----------+-----------+-----+-----+---------+

    + Detail: 
        * Instance: 
        +-------------------------------------+----------------------+---------+---------+-----------+-----------+-----+-----+---------+
        |                                     |                      |  Latency (cycles) |   Latency (absolute)  |  Interval | Pipeline|
        |               Instance              |        Module        |   min   |   max   |    min    |    max    | min | max |   Type  |
        +-------------------------------------+----------------------+---------+---------+-----------+-----------+-----+-----+---------+
        |call_ret_i_leading_ones_32_s_fu_340  |leading_ones_32_s     |        0|        0|    0 ns   |    0 ns   |    0|    0|   none  |
        |grp_leading_ones_brutefo_fu_346      |leading_ones_brutefo  |        2|        2| 20.000 ns | 20.000 ns |    2|    2|   none  |
        |grp_leading_ones_fu_352              |leading_ones          |        1|        1| 10.000 ns | 10.000 ns |    1|    1|   none  |
        +-------------------------------------+----------------------+---------+---------+-----------+-----------+-----+-----+---------+

        * Loop: 
        N/A



================================================================
== Utilization Estimates
================================================================
* Summary: 
+-----------------+---------+-------+--------+-------+-----+
|       Name      | BRAM_18K| DSP48E|   FF   |  LUT  | URAM|
+-----------------+---------+-------+--------+-------+-----+
|DSP              |        -|      -|       -|      -|    -|
|Expression       |        -|      -|       0|    952|    -|
|FIFO             |        -|      -|       -|      -|    -|
|Instance         |        -|      -|      34|   1127|    -|
|Memory           |        -|      -|       -|      -|    -|
|Multiplexer      |        -|      -|       -|    151|    -|
|Register         |        -|      -|     371|      -|    -|
+-----------------+---------+-------+--------+-------+-----+
|Total            |        0|      0|     405|   2230|    0|
+-----------------+---------+-------+--------+-------+-----+
|Available        |      280|    220|  106400|  53200|    0|
+-----------------+---------+-------+--------+-------+-----+
|Utilization (%)  |        0|      0|   ~0   |      4|    0|
+-----------------+---------+-------+--------+-------+-----+

+ Detail: 
    * Instance: 
    +-------------------------------------+----------------------+---------+-------+----+-----+-----+
    |               Instance              |        Module        | BRAM_18K| DSP48E| FF | LUT | URAM|
    +-------------------------------------+----------------------+---------+-------+----+-----+-----+
    |grp_leading_ones_fu_352              |leading_ones          |        0|      0|  14|  243|    0|
    |call_ret_i_leading_ones_32_s_fu_340  |leading_ones_32_s     |        0|      0|   0|  226|    0|
    |grp_leading_ones_brutefo_fu_346      |leading_ones_brutefo  |        0|      0|  20|  253|    0|
    |top_mux_83_32_1_1_U7                 |top_mux_83_32_1_1     |        0|      0|   0|   45|    0|
    |top_mux_83_32_1_1_U8                 |top_mux_83_32_1_1     |        0|      0|   0|   45|    0|
    |top_mux_83_32_1_1_U9                 |top_mux_83_32_1_1     |        0|      0|   0|   45|    0|
    |top_mux_83_32_1_1_U10                |top_mux_83_32_1_1     |        0|      0|   0|   45|    0|
    |top_mux_83_32_1_1_U11                |top_mux_83_32_1_1     |        0|      0|   0|   45|    0|
    |top_mux_83_32_1_1_U12                |top_mux_83_32_1_1     |        0|      0|   0|   45|    0|
    |top_mux_83_8_1_1_U4                  |top_mux_83_8_1_1      |        0|      0|   0|   45|    0|
    |top_mux_83_8_1_1_U5                  |top_mux_83_8_1_1      |        0|      0|   0|   45|    0|
    |top_mux_83_8_1_1_U6                  |top_mux_83_8_1_1      |        0|      0|   0|   45|    0|
    +-------------------------------------+----------------------+---------+-------+----+-----+-----+
    |Total                                |                      |        0|      0|  34| 1127|    0|
    +-------------------------------------+----------------------+---------+-------+----+-----+-----+

    * DSP48E: 
    N/A

    * Memory: 
    N/A

    * FIFO: 
    N/A

    * Expression: 
    +---------------------------------+----------+-------+---+----+------------+------------+
    |          Variable Name          | Operation| DSP48E| FF| LUT| Bitwidth P0| Bitwidth P1|
    +---------------------------------+----------+-------+---+----+------------+------------+
    |and_ln879_1_fu_603_p2            |    and   |      0|  0|   2|           1|           1|
    |and_ln879_2_fu_621_p2            |    and   |      0|  0|   2|           1|           1|
    |and_ln879_3_fu_639_p2            |    and   |      0|  0|   2|           1|           1|
    |and_ln879_4_fu_657_p2            |    and   |      0|  0|   2|           1|           1|
    |and_ln879_5_fu_675_p2            |    and   |      0|  0|   2|           1|           1|
    |and_ln879_fu_591_p2              |    and   |      0|  0|   2|           1|           1|
    |flag_fu_873_p2                   |   icmp   |      0|  0|  18|          32|           1|
    |grp_fu_381_p2                    |   icmp   |      0|  0|  11|           8|           1|
    |grp_fu_387_p2                    |   icmp   |      0|  0|  11|           8|           2|
    |grp_fu_393_p2                    |   icmp   |      0|  0|  11|           8|           3|
    |grp_fu_399_p2                    |   icmp   |      0|  0|  11|           8|           4|
    |grp_fu_405_p2                    |   icmp   |      0|  0|  11|           8|           5|
    |grp_fu_411_p2                    |   icmp   |      0|  0|  11|           8|           6|
    |grp_fu_417_p2                    |   icmp   |      0|  0|  11|           8|           7|
    |grp_fu_423_p2                    |   icmp   |      0|  0|  13|           8|           9|
    |icmp_ln14_1_fu_960_p2            |   icmp   |      0|  0|  18|          32|          32|
    |icmp_ln14_2_fu_1183_p2           |   icmp   |      0|  0|  18|          32|          32|
    |icmp_ln14_3_fu_1219_p2           |   icmp   |      0|  0|  18|          32|          32|
    |icmp_ln14_4_fu_1249_p2           |   icmp   |      0|  0|  18|          32|          32|
    |icmp_ln14_5_fu_1275_p2           |   icmp   |      0|  0|  18|          32|          32|
    |icmp_ln14_6_fu_1302_p2           |   icmp   |      0|  0|  18|          32|          32|
    |icmp_ln14_fu_946_p2              |   icmp   |      0|  0|  18|          32|          32|
    |icmp_ln883_1_fu_918_p2           |   icmp   |      0|  0|  11|           8|           1|
    |icmp_ln883_2_fu_1038_p2          |   icmp   |      0|  0|   9|           4|           1|
    |icmp_ln883_3_fu_1073_p2          |   icmp   |      0|  0|   8|           2|           1|
    |icmp_ln883_fu_890_p2             |   icmp   |      0|  0|  13|          16|           1|
    |icmp_ln8_1_fu_453_p2             |   icmp   |      0|  0|  18|          32|          32|
    |icmp_ln8_2_fu_467_p2             |   icmp   |      0|  0|  18|          32|          32|
    |icmp_ln8_3_fu_481_p2             |   icmp   |      0|  0|  18|          32|          32|
    |icmp_ln8_4_fu_495_p2             |   icmp   |      0|  0|  18|          32|          32|
    |icmp_ln8_5_fu_509_p2             |   icmp   |      0|  0|  18|          32|          32|
    |icmp_ln8_6_fu_978_p2             |   icmp   |      0|  0|  18|          32|          32|
    |icmp_ln8_fu_439_p2               |   icmp   |      0|  0|  18|          32|          32|
    |ap_block_state4_on_subcall_done  |    or    |      0|  0|   2|           1|           1|
    |grp_fu_429_p2                    |    or    |      0|  0|   2|           1|           1|
    |or_ln24_1_fu_1079_p2             |    or    |      0|  0|   5|           5|           2|
    |or_ln24_2_fu_1121_p2             |    or    |      0|  0|   2|           1|           1|
    |or_ln24_fu_1049_p2               |    or    |      0|  0|   5|           5|           3|
    |or_ln6_1_fu_769_p2               |    or    |      0|  0|   2|           1|           1|
    |or_ln6_2_fu_783_p2               |    or    |      0|  0|   2|           1|           1|
    |or_ln6_3_fu_797_p2               |    or    |      0|  0|   2|           1|           1|
    |or_ln6_4_fu_811_p2               |    or    |      0|  0|   2|           1|           1|
    |or_ln6_5_fu_825_p2               |    or    |      0|  0|   2|           1|           1|
    |or_ln6_6_fu_839_p2               |    or    |      0|  0|   2|           1|           1|
    |or_ln879_10_fu_993_p2            |    or    |      0|  0|   2|           1|           1|
    |or_ln879_11_fu_1003_p2           |    or    |      0|  0|   2|           1|           1|
    |or_ln879_1_fu_609_p2             |    or    |      0|  0|   2|           1|           1|
    |or_ln879_2_fu_627_p2             |    or    |      0|  0|   2|           1|           1|
    |or_ln879_3_fu_645_p2             |    or    |      0|  0|   2|           1|           1|
    |or_ln879_4_fu_663_p2             |    or    |      0|  0|   2|           1|           1|
    |or_ln879_5_fu_689_p2             |    or    |      0|  0|   2|           1|           1|
    |or_ln879_6_fu_703_p2             |    or    |      0|  0|   2|           1|           1|
    |or_ln879_7_fu_717_p2             |    or    |      0|  0|   2|           1|           1|
    |or_ln879_8_fu_989_p2             |    or    |      0|  0|   2|           1|           1|
    |or_ln879_9_fu_739_p2             |    or    |      0|  0|   2|           1|           1|
    |m0_1_fu_445_p3                   |  select  |      0|  0|  32|           1|          32|
    |m0_3_fu_473_p3                   |  select  |      0|  0|  32|           1|          32|
    |m0_5_fu_487_p3                   |  select  |      0|  0|  32|           1|          32|
    |m1_2_fu_459_p3                   |  select  |      0|  0|  32|           1|          32|
    |m1_5_fu_501_p3                   |  select  |      0|  0|  32|           1|          32|
    |m1_6_fu_515_p3                   |  select  |      0|  0|  32|           1|          32|
    |phi_ln14_3_i_fu_1231_p9          |  select  |      0|  0|   4|           1|           4|
    |select_ln13_1_fu_1255_p3         |  select  |      0|  0|   3|           1|           3|
    |select_ln14_1_fu_970_p3          |  select  |      0|  0|   3|           1|           3|
    |select_ln14_2_fu_1189_p3         |  select  |      0|  0|   2|           1|           2|
    |select_ln14_3_fu_1281_p3         |  select  |      0|  0|   3|           1|           3|
    |select_ln14_fu_952_p3            |  select  |      0|  0|  32|           1|          32|
    |select_ln24_1_fu_1017_p3         |  select  |      0|  0|   6|           1|           1|
    |select_ln24_2_fu_924_p3          |  select  |      0|  0|   8|           1|           8|
    |select_ln24_3_fu_1031_p3         |  select  |      0|  0|   5|           1|           5|
    |select_ln24_4_fu_1043_p3         |  select  |      0|  0|   4|           1|           4|
    |select_ln24_5_fu_1055_p3         |  select  |      0|  0|   5|           1|           5|
    |select_ln24_6_fu_1085_p3         |  select  |      0|  0|   5|           1|           5|
    |select_ln24_7_fu_1109_p3         |  select  |      0|  0|   2|           1|           1|
    |select_ln24_fu_896_p3            |  select  |      0|  0|  16|           1|          16|
    |select_ln25_fu_1024_p3           |  select  |      0|  0|   5|           1|           4|
    |select_ln5_fu_854_p3             |  select  |      0|  0|   8|           1|           8|
    |select_ln6_1_fu_761_p3           |  select  |      0|  0|   8|           1|           8|
    |select_ln6_2_fu_775_p3           |  select  |      0|  0|   8|           1|           8|
    |select_ln6_3_fu_789_p3           |  select  |      0|  0|   8|           1|           8|
    |select_ln6_4_fu_803_p3           |  select  |      0|  0|   8|           1|           8|
    |select_ln6_5_fu_817_p3           |  select  |      0|  0|   8|           1|           8|
    |select_ln6_6_fu_831_p3           |  select  |      0|  0|   8|           1|           8|
    |select_ln6_7_fu_845_p3           |  select  |      0|  0|   8|           1|           8|
    |select_ln6_fu_753_p3             |  select  |      0|  0|   8|           1|           8|
    |select_ln879_1_fu_695_p3         |  select  |      0|  0|   8|           1|           8|
    |select_ln879_2_fu_709_p3         |  select  |      0|  0|   8|           1|           8|
    |select_ln879_3_fu_723_p3         |  select  |      0|  0|   8|           1|           8|
    |select_ln879_4_fu_731_p3         |  select  |      0|  0|   8|           1|           8|
    |select_ln879_5_fu_745_p3         |  select  |      0|  0|   8|           1|           8|
    |select_ln879_6_fu_998_p3         |  select  |      0|  0|   8|           1|           8|
    |select_ln879_7_fu_1008_p3        |  select  |      0|  0|   8|           1|           8|
    |select_ln879_fu_681_p3           |  select  |      0|  0|   8|           1|           8|
    |select_ln8_7_fu_982_p3           |  select  |      0|  0|  32|           1|          32|
    |tmp_2_fu_1315_p9                 |  select  |      0|  0|   3|           1|           2|
    |tmp_8_fu_531_p9                  |  select  |      0|  0|   3|           1|           3|
    |tmp_V_fu_576_p3                  |  select  |      0|  0|   8|           1|           8|
    |xor_ln879_1_fu_597_p2            |    xor   |      0|  0|   2|           1|           2|
    |xor_ln879_2_fu_615_p2            |    xor   |      0|  0|   2|           1|           2|
    |xor_ln879_3_fu_633_p2            |    xor   |      0|  0|   2|           1|           2|
    |xor_ln879_4_fu_651_p2            |    xor   |      0|  0|   2|           1|           2|
    |xor_ln879_5_fu_669_p2            |    xor   |      0|  0|   2|           1|           2|
    |xor_ln879_fu_585_p2              |    xor   |      0|  0|   2|           1|           2|
    +---------------------------------+----------+-------+---+----+------------+------------+
    |Total                            |          |      0|  0| 952|         658|        1002|
    +---------------------------------+----------+-------+---+----+------------+------------+

    * Multiplexer: 
    +---------------+----+-----------+-----+-----------+
    |      Name     | LUT| Input Size| Bits| Total Bits|
    +---------------+----+-----------+-----+-----------+
    |ap_NS_fsm      |  44|          9|    1|          9|
    |leadone_out_V  |  27|          5|    5|         25|
    |leadone_ret    |  27|          5|    1|          5|
    |max_out        |  15|          3|   32|         96|
    |mux_ret_V      |  38|          7|    8|         56|
    +---------------+----+-----------+-----+-----------+
    |Total          | 151|         29|   47|        191|
    +---------------+----+-----------+-----+-----------+

    * Register: 
    +----------------------------------------------+----+----+-----+-----------+
    |                     Name                     | FF | LUT| Bits| Const Bits|
    +----------------------------------------------+----+----+-----+-----------+
    |ap_CS_fsm                                     |   8|   0|    8|          0|
    |grp_leading_ones_brutefo_fu_346_ap_start_reg  |   1|   0|    1|          0|
    |grp_leading_ones_fu_352_ap_start_reg          |   1|   0|    1|          0|
    |icmp_ln14_4_reg_1486                          |   1|   0|    1|          0|
    |icmp_ln879_7_reg_1358                         |   1|   0|    1|          0|
    |icmp_ln879_reg_1353                           |   1|   0|    1|          0|
    |icmp_ln883_1_reg_1390                         |   1|   0|    1|          0|
    |icmp_ln883_reg_1384                           |   1|   0|    1|          0|
    |m0_3_reg_1341                                 |  32|   0|   32|          0|
    |m1_6_reg_1347                                 |  32|   0|   32|          0|
    |max_in_0_read_reg_1406                        |  32|   0|   32|          0|
    |max_in_1_read_reg_1416                        |  32|   0|   32|          0|
    |max_in_2_read_reg_1426                        |  32|   0|   32|          0|
    |max_in_3_read_reg_1447                        |  32|   0|   32|          0|
    |max_in_4_read_reg_1465                        |  32|   0|   32|          0|
    |max_in_5_read_reg_1472                        |  32|   0|   32|          0|
    |max_in_6_read_reg_1491                        |  32|   0|   32|          0|
    |or_ln879_7_reg_1363                           |   1|   0|    1|          0|
    |or_ln879_9_reg_1373                           |   1|   0|    1|          0|
    |phi_ln14_2_i_reg_1460                         |  32|   0|   32|          0|
    |select_ln13_reg_1481                          |   3|   0|    3|          0|
    |select_ln14_1_reg_1441                        |   2|   0|    2|          0|
    |select_ln14_3_reg_1498                        |   3|   0|    3|          0|
    |select_ln879_4_reg_1368                       |   8|   0|    8|          0|
    |select_ln879_5_reg_1379                       |   8|   0|    8|          0|
    |trunc_ln1503_1_reg_1400                       |   4|   0|    4|          0|
    |trunc_ln24_1_reg_1395                         |   4|   0|    4|          0|
    |zext_ln14_2_reg_1455                          |   2|   0|    3|          1|
    +----------------------------------------------+----+----+-----+-----------+
    |Total                                         | 371|   0|  372|          1|
    +----------------------------------------------+----+----+-----+-----------+



================================================================
== Interface
================================================================
* Summary: 
+----------------------+-----+-----+------------+------------------+--------------+
|       RTL Ports      | Dir | Bits|  Protocol  |   Source Object  |    C Type    |
+----------------------+-----+-----+------------+------------------+--------------+
|ap_clk                |  in |    1| ap_ctrl_hs |        top       | return value |
|ap_rst                |  in |    1| ap_ctrl_hs |        top       | return value |
|ap_start              |  in |    1| ap_ctrl_hs |        top       | return value |
|ap_done               | out |    1| ap_ctrl_hs |        top       | return value |
|ap_idle               | out |    1| ap_ctrl_hs |        top       | return value |
|ap_ready              | out |    1| ap_ctrl_hs |        top       | return value |
|leadone_in_V          |  in |   32|   ap_none  |   leadone_in_V   |    pointer   |
|leadone_out_V         | out |    5|   ap_vld   |   leadone_out_V  |    pointer   |
|leadone_out_V_ap_vld  | out |    1|   ap_vld   |   leadone_out_V  |    pointer   |
|leadone_ret           | out |    1|   ap_vld   |    leadone_ret   |    pointer   |
|leadone_ret_ap_vld    | out |    1|   ap_vld   |    leadone_ret   |    pointer   |
|mux_in_0_V            |  in |    8|   ap_none  |    mux_in_0_V    |    pointer   |
|mux_in_1_V            |  in |    8|   ap_none  |    mux_in_1_V    |    pointer   |
|mux_in_2_V            |  in |    8|   ap_none  |    mux_in_2_V    |    pointer   |
|mux_in_3_V            |  in |    8|   ap_none  |    mux_in_3_V    |    pointer   |
|mux_in_4_V            |  in |    8|   ap_none  |    mux_in_4_V    |    pointer   |
|mux_in_5_V            |  in |    8|   ap_none  |    mux_in_5_V    |    pointer   |
|mux_in_6_V            |  in |    8|   ap_none  |    mux_in_6_V    |    pointer   |
|mux_in_7_V            |  in |    8|   ap_none  |    mux_in_7_V    |    pointer   |
|mux_sel_onehot_V      |  in |    8|   ap_none  | mux_sel_onehot_V |    scalar    |
|mux_sel0_V            |  in |    3|   ap_none  |    mux_sel0_V    |    scalar    |
|mux_sel1_V            |  in |    3|   ap_none  |    mux_sel1_V    |    scalar    |
|mux_s                 |  in |    1|   ap_none  |       mux_s      |    scalar    |
|mux_ret_V             | out |    8|   ap_vld   |     mux_ret_V    |    pointer   |
|mux_ret_V_ap_vld      | out |    1|   ap_vld   |     mux_ret_V    |    pointer   |
|max_in_0              |  in |   32|   ap_none  |     max_in_0     |    pointer   |
|max_in_1              |  in |   32|   ap_none  |     max_in_1     |    pointer   |
|max_in_2              |  in |   32|   ap_none  |     max_in_2     |    pointer   |
|max_in_3              |  in |   32|   ap_none  |     max_in_3     |    pointer   |
|max_in_4              |  in |   32|   ap_none  |     max_in_4     |    pointer   |
|max_in_5              |  in |   32|   ap_none  |     max_in_5     |    pointer   |
|max_in_6              |  in |   32|   ap_none  |     max_in_6     |    pointer   |
|max_in_7              |  in |   32|   ap_none  |     max_in_7     |    pointer   |
|max_out               | out |   32|   ap_vld   |      max_out     |    pointer   |
|max_out_ap_vld        | out |    1|   ap_vld   |      max_out     |    pointer   |
|mode                  |  in |   32|   ap_none  |       mode       |    scalar    |
+----------------------+-----+-----+------------+------------------+--------------+

