

================================================================
== Vivado HLS Report for 'imf3'
================================================================
* Date:           Tue Feb 11 19:48:23 2020

* Version:        2019.2 (Build 2704478 on Wed Nov 06 22:10:23 MST 2019)
* Project:        duc_prj
* Solution:       solution1
* Product family: kintex7
* Target device:  xc7k160t-fbg484-1


================================================================
== Performance Estimates
================================================================
+ Timing: 
    * Summary: 
    +--------+---------+----------+------------+
    |  Clock |  Target | Estimated| Uncertainty|
    +--------+---------+----------+------------+
    |ap_clk  | 2.71 ns | 2.361 ns |   0.34 ns  |
    +--------+---------+----------+------------+

+ Latency: 
    * Summary: 
    +---------+---------+-----------+-----------+-----+-----+---------+
    |  Latency (cycles) |   Latency (absolute)  |  Interval | Pipeline|
    |   min   |   max   |    min    |    max    | min | max |   Type  |
    +---------+---------+-----------+-----------+-----+-----+---------+
    |        7|        7| 18.970 ns | 18.970 ns |    7|    7|   none  |
    +---------+---------+-----------+-----------+-----+-----+---------+

    + Detail: 
        * Instance: 
        N/A

        * Loop: 
        N/A

============================================================
+ Verbose Summary: Synthesis Manager
============================================================
InlineROM: 1
ExposeGlobal: 0
============================================================
+ Verbose Summary: CDFG Model
============================================================
IsTopModel: 0
ResetActiveHigh: 1
IsCombinational: 0
IsDatapathOnly: 0
HasWiredReturn: 1
HasMFsm: 0
HasVarLatency: 1
IsPipeline: 0
IsRtlPipelined: 0
IsInstanceOverlapped: 0
IsDontTouch: 0
HasImplIP: 0
IsGatedGlobalClock: 0


============================================================
+ Verbose Summary: Schedule
============================================================
* Number of FSM states : 8
* Pipeline : 0
* Dataflow Pipeline: 0

* FSM state transitions: 
1 --> 2 
2 --> 3 
3 --> 4 
4 --> 5 
5 --> 6 
6 --> 7 
7 --> 8 
8 --> 

* FSM state operations: 

State 1 <SV = 0> <Delay = 2.21>
ST_1 : Operation 9 [1/1] (0.00ns)   --->   "%x_read = call i18 @_ssdm_op_Read.ap_auto.i18(i18 %x) nounwind" [imf3.c:5]   --->   Operation 9 'read' 'x_read' <Predicate = true> <Delay = 0.00>
ST_1 : Operation 10 [1/1] (0.00ns)   --->   "%i_2_load = load i6* @i_2, align 1" [imf3.c:23]   --->   Operation 10 'load' 'i_2_load' <Predicate = true> <Delay = 0.00>
ST_1 : Operation 11 [1/1] (1.15ns)   --->   "%icmp_ln23 = icmp eq i6 %i_2_load, 0" [imf3.c:23]   --->   Operation 11 'icmp' 'icmp_ln23' <Predicate = true> <Delay = 1.15> <Core = "Cmp">   --->   Core 25 'Cmp' <Latency = 0> <II = 1> <Delay = 1.15> <FuncUnit> <Opcode : 'icmp'> <InPorts = 2> <OutPorts = 1>
ST_1 : Operation 12 [1/1] (0.00ns)   --->   "%in_1_load = load i18* @in_1, align 4" [imf3.c:30]   --->   Operation 12 'load' 'in_1_load' <Predicate = true> <Delay = 0.00>
ST_1 : Operation 13 [1/1] (1.06ns)   --->   "br i1 %icmp_ln23, label %1, label %._crit_edge_ifconv" [imf3.c:23]   --->   Operation 13 'br' <Predicate = true> <Delay = 1.06>
ST_1 : Operation 14 [1/1] (0.00ns)   --->   "store i18 %x_read, i18* @in_1, align 4" [imf3.c:24]   --->   Operation 14 'store' <Predicate = (icmp_ln23)> <Delay = 0.00>
ST_1 : Operation 15 [1/1] (1.06ns)   --->   "br label %._crit_edge_ifconv" [imf3.c:25]   --->   Operation 15 'br' <Predicate = (icmp_ln23)> <Delay = 1.06>
ST_1 : Operation 16 [1/1] (0.00ns)   --->   "%zext_ln30 = zext i6 %i_2_load to i64" [imf3.c:30]   --->   Operation 16 'zext' 'zext_ln30' <Predicate = true> <Delay = 0.00>
ST_1 : Operation 17 [1/1] (0.00ns)   --->   "%c_5_0_addr = getelementptr [6 x i18]* @c_5_0, i64 0, i64 %zext_ln30" [imf3.c:30]   --->   Operation 17 'getelementptr' 'c_5_0_addr' <Predicate = true> <Delay = 0.00>
ST_1 : Operation 18 [2/2] (1.33ns)   --->   "%c_5_0_load = load i18* %c_5_0_addr, align 8" [imf3.c:30]   --->   Operation 18 'load' 'c_5_0_load' <Predicate = true> <Delay = 1.33> <Core = "ROM_nP">   --->   Core 52 'ROM_nP' <Latency = 1> <II = 1> <Delay = 1.33> <Storage> <Opcode : 'load'> <Ports = 0> <Width = 1> <Depth = 6> <ROM>
ST_1 : Operation 19 [1/1] (0.00ns)   --->   "%c_5_1_addr = getelementptr [6 x i1]* @c_5_1, i64 0, i64 %zext_ln30" [imf3.c:31]   --->   Operation 19 'getelementptr' 'c_5_1_addr' <Predicate = true> <Delay = 0.00>
ST_1 : Operation 20 [2/2] (1.33ns)   --->   "%c_5_1_load = load i1* %c_5_1_addr, align 1" [imf3.c:31]   --->   Operation 20 'load' 'c_5_1_load' <Predicate = true> <Delay = 1.33> <Core = "ROM_nP">   --->   Core 52 'ROM_nP' <Latency = 1> <II = 1> <Delay = 1.33> <Storage> <Opcode : 'load'> <Ports = 0> <Width = 1> <Depth = 6> <ROM>

State 2 <SV = 1> <Delay = 1.33>
ST_2 : Operation 21 [1/1] (0.00ns)   --->   "%d_assign = phi i18 [ %x_read, %1 ], [ %in_1_load, %0 ]" [imf3.c:5]   --->   Operation 21 'phi' 'd_assign' <Predicate = true> <Delay = 0.00>
ST_2 : Operation 22 [1/2] (1.33ns)   --->   "%c_5_0_load = load i18* %c_5_0_addr, align 8" [imf3.c:30]   --->   Operation 22 'load' 'c_5_0_load' <Predicate = true> <Delay = 1.33> <Core = "ROM_nP">   --->   Core 52 'ROM_nP' <Latency = 1> <II = 1> <Delay = 1.33> <Storage> <Opcode : 'load'> <Ports = 0> <Width = 1> <Depth = 6> <ROM>
ST_2 : Operation 23 [1/2] (1.33ns)   --->   "%c_5_1_load = load i1* %c_5_1_addr, align 1" [imf3.c:31]   --->   Operation 23 'load' 'c_5_1_load' <Predicate = true> <Delay = 1.33> <Core = "ROM_nP">   --->   Core 52 'ROM_nP' <Latency = 1> <II = 1> <Delay = 1.33> <Storage> <Opcode : 'load'> <Ports = 0> <Width = 1> <Depth = 6> <ROM>

State 3 <SV = 2> <Delay = 1.82>
ST_3 : Operation 24 [1/1] (0.00ns)   --->   "%sext_ln46 = sext i18 %c_5_0_load to i36" [mac.c:46->imf3.c:30]   --->   Operation 24 'sext' 'sext_ln46' <Predicate = true> <Delay = 0.00>
ST_3 : Operation 25 [1/1] (0.00ns)   --->   "%sext_ln46_1 = sext i18 %d_assign to i36" [mac.c:46->imf3.c:30]   --->   Operation 25 'sext' 'sext_ln46_1' <Predicate = true> <Delay = 0.00>
ST_3 : Operation 26 [4/4] (1.82ns) (root node of the DSP)   --->   "%m = mul nsw i36 %sext_ln46, %sext_ln46_1" [mac.c:46->imf3.c:30]   --->   Operation 26 'mul' 'm' <Predicate = true> <Delay = 1.82> <Core = "DSP48">   --->   Core 88 'DSP48' <Latency = 3> <II = 1> <Delay = 1.82> <IPBlock> <Opcode : 'mul' 'add' 'sub' 'select'> <InPorts = 0> <OutPorts = 1> <Sync> <CReg>

State 4 <SV = 3> <Delay = 1.82>
ST_4 : Operation 27 [1/1] (1.35ns)   --->   "%inc = add i6 1, %i_2_load" [imf3.c:26]   --->   Operation 27 'add' 'inc' <Predicate = true> <Delay = 1.35> <Core = "AddSub">   --->   Core 14 'AddSub' <Latency = 0> <II = 1> <Delay = 1.35> <FuncUnit> <Opcode : 'add' 'sub'> <InPorts = 2> <OutPorts = 1>
ST_4 : Operation 28 [3/4] (1.82ns) (root node of the DSP)   --->   "%m = mul nsw i36 %sext_ln46, %sext_ln46_1" [mac.c:46->imf3.c:30]   --->   Operation 28 'mul' 'm' <Predicate = true> <Delay = 1.82> <Core = "DSP48">   --->   Core 88 'DSP48' <Latency = 3> <II = 1> <Delay = 1.82> <IPBlock> <Opcode : 'mul' 'add' 'sub' 'select'> <InPorts = 0> <OutPorts = 1> <Sync> <CReg>

State 5 <SV = 4> <Delay = 1.82>
ST_5 : Operation 29 [1/1] (0.00ns)   --->   "%p_Val2_s = load i6* @j, align 1" [imf3.c:28]   --->   Operation 29 'load' 'p_Val2_s' <Predicate = true> <Delay = 0.00>
ST_5 : Operation 30 [1/1] (0.00ns)   --->   "%ch_4 = call i1 @_ssdm_op_BitSelect.i1.i6.i32(i6 %p_Val2_s, i32 3)" [imf3.c:28]   --->   Operation 30 'bitselect' 'ch_4' <Predicate = true> <Delay = 0.00>
ST_5 : Operation 31 [1/1] (1.15ns)   --->   "%icmp_ln30 = icmp eq i6 %i_2_load, 5" [imf3.c:30]   --->   Operation 31 'icmp' 'icmp_ln30' <Predicate = true> <Delay = 1.15> <Core = "Cmp">   --->   Core 25 'Cmp' <Latency = 0> <II = 1> <Delay = 1.15> <FuncUnit> <Opcode : 'icmp'> <InPorts = 2> <OutPorts = 1>
ST_5 : Operation 32 [1/1] (0.00ns)   --->   "%tmp_3 = call i7 @_ssdm_op_BitConcatenate.i7.i6.i1(i6 %inc, i1 %ch_4)" [imf3.c:30]   --->   Operation 32 'bitconcatenate' 'tmp_3' <Predicate = true> <Delay = 0.00>
ST_5 : Operation 33 [1/1] (0.00ns)   --->   "%zext_ln30_1 = zext i7 %tmp_3 to i64" [imf3.c:30]   --->   Operation 33 'zext' 'zext_ln30_1' <Predicate = true> <Delay = 0.00>
ST_5 : Operation 34 [1/1] (0.00ns)   --->   "%shift_reg_p0_addr = getelementptr [12 x i38]* @shift_reg_p0, i64 0, i64 %zext_ln30_1" [imf3.c:30]   --->   Operation 34 'getelementptr' 'shift_reg_p0_addr' <Predicate = true> <Delay = 0.00>
ST_5 : Operation 35 [1/1] (0.00ns)   --->   "%shift_reg_p1_addr = getelementptr [12 x i38]* @shift_reg_p1, i64 0, i64 %zext_ln30_1" [imf3.c:31]   --->   Operation 35 'getelementptr' 'shift_reg_p1_addr' <Predicate = true> <Delay = 0.00>
ST_5 : Operation 36 [2/2] (1.42ns)   --->   "%shift_reg_p0_load = load i38* %shift_reg_p0_addr, align 8" [imf3.c:30]   --->   Operation 36 'load' 'shift_reg_p0_load' <Predicate = true> <Delay = 1.42> <Core = "RAM">   --->   Core 37 'RAM' <Latency = 1> <II = 1> <Delay = 1.42> <Storage> <Opcode : 'load' 'store'> <Ports = 2> <Width = 38> <Depth = 12> <RAM>
ST_5 : Operation 37 [1/1] (0.00ns)   --->   "%sext_ln46_2 = sext i18 %d_assign to i35" [mac.c:46->imf3.c:30]   --->   Operation 37 'sext' 'sext_ln46_2' <Predicate = (c_5_1_load)> <Delay = 0.00>
ST_5 : Operation 38 [2/4] (1.82ns) (root node of the DSP)   --->   "%m = mul nsw i36 %sext_ln46, %sext_ln46_1" [mac.c:46->imf3.c:30]   --->   Operation 38 'mul' 'm' <Predicate = true> <Delay = 1.82> <Core = "DSP48">   --->   Core 88 'DSP48' <Latency = 3> <II = 1> <Delay = 1.82> <IPBlock> <Opcode : 'mul' 'add' 'sub' 'select'> <InPorts = 0> <OutPorts = 1> <Sync> <CReg>
ST_5 : Operation 39 [2/2] (1.42ns)   --->   "%shift_reg_p1_load = load i38* %shift_reg_p1_addr, align 8" [imf3.c:31]   --->   Operation 39 'load' 'shift_reg_p1_load' <Predicate = true> <Delay = 1.42> <Core = "RAM">   --->   Core 37 'RAM' <Latency = 1> <II = 1> <Delay = 1.42> <Storage> <Opcode : 'load' 'store'> <Ports = 2> <Width = 38> <Depth = 12> <RAM>
ST_5 : Operation 40 [1/1] (0.00ns)   --->   "%shl_ln = call i35 @_ssdm_op_BitConcatenate.i35.i18.i17(i18 %d_assign, i17 0)" [mac.c:46->imf3.c:31]   --->   Operation 40 'bitconcatenate' 'shl_ln' <Predicate = (c_5_1_load)> <Delay = 0.00>
ST_5 : Operation 41 [1/1] (1.74ns)   --->   "%sub_ln46 = sub i35 %shl_ln, %sext_ln46_2" [mac.c:46->imf3.c:31]   --->   Operation 41 'sub' 'sub_ln46' <Predicate = (c_5_1_load)> <Delay = 1.74> <Core = "AddSub">   --->   Core 14 'AddSub' <Latency = 0> <II = 1> <Delay = 1.35> <FuncUnit> <Opcode : 'add' 'sub'> <InPorts = 2> <OutPorts = 1>

State 6 <SV = 5> <Delay = 2.36>
ST_6 : Operation 42 [1/1] (0.00ns)   --->   "%init_2_load = load i1* @init_2, align 1" [imf3.c:30]   --->   Operation 42 'load' 'init_2_load' <Predicate = true> <Delay = 0.00>
ST_6 : Operation 43 [1/1] (0.61ns)   --->   "%or_ln30 = or i1 %init_2_load, %icmp_ln30" [imf3.c:30]   --->   Operation 43 'or' 'or_ln30' <Predicate = true> <Delay = 0.61> <Core = "LogicGate">   --->   Core 27 'LogicGate' <Latency = 0> <II = 1> <Delay = 0.61> <FuncUnit> <Opcode : 'and' 'or' 'xor'> <InPorts = 2> <OutPorts = 1>
ST_6 : Operation 44 [1/2] (1.42ns)   --->   "%shift_reg_p0_load = load i38* %shift_reg_p0_addr, align 8" [imf3.c:30]   --->   Operation 44 'load' 'shift_reg_p0_load' <Predicate = true> <Delay = 1.42> <Core = "RAM">   --->   Core 37 'RAM' <Latency = 1> <II = 1> <Delay = 1.42> <Storage> <Opcode : 'load' 'store'> <Ports = 2> <Width = 38> <Depth = 12> <RAM>
ST_6 : Operation 45 [1/1] (0.93ns)   --->   "%select_ln30 = select i1 %or_ln30, i38 0, i38 %shift_reg_p0_load" [imf3.c:30]   --->   Operation 45 'select' 'select_ln30' <Predicate = true> <Delay = 0.93> <Core = "Sel">   --->   Core 26 'Sel' <Latency = 0> <II = 1> <Delay = 0.65> <FuncUnit> <Opcode : 'select'> <InPorts = 3> <OutPorts = 1>
ST_6 : Operation 46 [1/4] (0.00ns) (root node of the DSP)   --->   "%m = mul nsw i36 %sext_ln46, %sext_ln46_1" [mac.c:46->imf3.c:30]   --->   Operation 46 'mul' 'm' <Predicate = true> <Delay = 0.00> <Core = "DSP48">   --->   Core 88 'DSP48' <Latency = 3> <II = 1> <Delay = 1.82> <IPBlock> <Opcode : 'mul' 'add' 'sub' 'select'> <InPorts = 0> <OutPorts = 1> <Sync> <CReg>
ST_6 : Operation 47 [1/1] (0.00ns)   --->   "%trunc_ln30 = trunc i38 %select_ln30 to i35" [imf3.c:30]   --->   Operation 47 'trunc' 'trunc_ln30' <Predicate = (icmp_ln23)> <Delay = 0.00>
ST_6 : Operation 48 [1/1] (0.00ns)   --->   "%trunc_ln30_1 = trunc i36 %m to i35" [imf3.c:30]   --->   Operation 48 'trunc' 'trunc_ln30_1' <Predicate = (icmp_ln23)> <Delay = 0.00>
ST_6 : Operation 49 [1/2] (1.42ns)   --->   "%shift_reg_p1_load = load i38* %shift_reg_p1_addr, align 8" [imf3.c:31]   --->   Operation 49 'load' 'shift_reg_p1_load' <Predicate = true> <Delay = 1.42> <Core = "RAM">   --->   Core 37 'RAM' <Latency = 1> <II = 1> <Delay = 1.42> <Storage> <Opcode : 'load' 'store'> <Ports = 2> <Width = 38> <Depth = 12> <RAM>
ST_6 : Operation 50 [1/1] (0.93ns)   --->   "%select_ln30_1 = select i1 %or_ln30, i38 0, i38 %shift_reg_p1_load" [imf3.c:30]   --->   Operation 50 'select' 'select_ln30_1' <Predicate = true> <Delay = 0.93> <Core = "Sel">   --->   Core 26 'Sel' <Latency = 0> <II = 1> <Delay = 0.65> <FuncUnit> <Opcode : 'select'> <InPorts = 3> <OutPorts = 1>
ST_6 : Operation 51 [1/1] (0.78ns)   --->   "%m_1 = select i1 %c_5_1_load, i35 %sub_ln46, i35 0" [mac.c:46->imf3.c:31]   --->   Operation 51 'select' 'm_1' <Predicate = true> <Delay = 0.78> <Core = "Sel">   --->   Core 26 'Sel' <Latency = 0> <II = 1> <Delay = 0.65> <FuncUnit> <Opcode : 'select'> <InPorts = 3> <OutPorts = 1>
ST_6 : Operation 52 [1/1] (0.00ns)   --->   "%trunc_ln31 = trunc i38 %select_ln30_1 to i35" [imf3.c:31]   --->   Operation 52 'trunc' 'trunc_ln31' <Predicate = (!icmp_ln23)> <Delay = 0.00>

State 7 <SV = 6> <Delay = 1.74>
ST_7 : Operation 53 [1/1] (0.00ns)   --->   "%sext_ln47 = sext i36 %m to i38" [mac.c:47->imf3.c:30]   --->   Operation 53 'sext' 'sext_ln47' <Predicate = true> <Delay = 0.00>
ST_7 : Operation 54 [1/1] (1.71ns)   --->   "%acc0 = add i38 %sext_ln47, %select_ln30" [imf3.c:30]   --->   Operation 54 'add' 'acc0' <Predicate = true> <Delay = 1.71> <Core = "AddSub">   --->   Core 14 'AddSub' <Latency = 0> <II = 1> <Delay = 1.35> <FuncUnit> <Opcode : 'add' 'sub'> <InPorts = 2> <OutPorts = 1>
ST_7 : Operation 55 [1/1] (0.00ns)   --->   "%sext_ln47_1 = sext i35 %m_1 to i38" [mac.c:47->imf3.c:31]   --->   Operation 55 'sext' 'sext_ln47_1' <Predicate = true> <Delay = 0.00>
ST_7 : Operation 56 [1/1] (1.71ns)   --->   "%acc1 = add i38 %sext_ln47_1, %select_ln30_1" [imf3.c:31]   --->   Operation 56 'add' 'acc1' <Predicate = true> <Delay = 1.71> <Core = "AddSub">   --->   Core 14 'AddSub' <Latency = 0> <II = 1> <Delay = 1.35> <FuncUnit> <Opcode : 'add' 'sub'> <InPorts = 2> <OutPorts = 1>
ST_7 : Operation 57 [1/1] (1.74ns)   --->   "%add_ln36 = add i35 %trunc_ln30, %trunc_ln30_1" [imf3.c:36]   --->   Operation 57 'add' 'add_ln36' <Predicate = (icmp_ln23)> <Delay = 1.74> <Core = "AddSub">   --->   Core 14 'AddSub' <Latency = 0> <II = 1> <Delay = 1.35> <FuncUnit> <Opcode : 'add' 'sub'> <InPorts = 2> <OutPorts = 1>
ST_7 : Operation 58 [1/1] (1.74ns)   --->   "%add_ln36_1 = add i35 %trunc_ln31, %m_1" [imf3.c:36]   --->   Operation 58 'add' 'add_ln36_1' <Predicate = (!icmp_ln23)> <Delay = 1.74> <Core = "AddSub">   --->   Core 14 'AddSub' <Latency = 0> <II = 1> <Delay = 1.35> <FuncUnit> <Opcode : 'add' 'sub'> <InPorts = 2> <OutPorts = 1>
ST_7 : Operation 59 [1/1] (0.00ns)   --->   "%tmp_4 = call i18 @_ssdm_op_PartSelect.i18.i35.i32.i32(i35 %add_ln36, i32 17, i32 34)" [imf3.c:36]   --->   Operation 59 'partselect' 'tmp_4' <Predicate = (icmp_ln23)> <Delay = 0.00>
ST_7 : Operation 60 [1/1] (0.00ns)   --->   "%tmp_5 = call i18 @_ssdm_op_PartSelect.i18.i35.i32.i32(i35 %add_ln36_1, i32 17, i32 34)" [imf3.c:36]   --->   Operation 60 'partselect' 'tmp_5' <Predicate = (!icmp_ln23)> <Delay = 0.00>

State 8 <SV = 7> <Delay = 2.01>
ST_8 : Operation 61 [1/1] (0.00ns)   --->   "%tmp = call i7 @_ssdm_op_BitConcatenate.i7.i6.i1(i6 %i_2_load, i1 %ch_4)" [imf3.c:33]   --->   Operation 61 'bitconcatenate' 'tmp' <Predicate = true> <Delay = 0.00>
ST_8 : Operation 62 [1/1] (0.00ns)   --->   "%zext_ln33 = zext i7 %tmp to i64" [imf3.c:33]   --->   Operation 62 'zext' 'zext_ln33' <Predicate = true> <Delay = 0.00>
ST_8 : Operation 63 [1/1] (0.00ns)   --->   "%shift_reg_p0_addr_1 = getelementptr [12 x i38]* @shift_reg_p0, i64 0, i64 %zext_ln33" [imf3.c:33]   --->   Operation 63 'getelementptr' 'shift_reg_p0_addr_1' <Predicate = true> <Delay = 0.00>
ST_8 : Operation 64 [1/1] (0.00ns)   --->   "%shift_reg_p1_addr_1 = getelementptr [12 x i38]* @shift_reg_p1, i64 0, i64 %zext_ln33" [imf3.c:34]   --->   Operation 64 'getelementptr' 'shift_reg_p1_addr_1' <Predicate = true> <Delay = 0.00>
ST_8 : Operation 65 [1/1] (1.42ns)   --->   "store i38 %acc0, i38* %shift_reg_p0_addr_1, align 8" [imf3.c:33]   --->   Operation 65 'store' <Predicate = true> <Delay = 1.42> <Core = "RAM">   --->   Core 37 'RAM' <Latency = 1> <II = 1> <Delay = 1.42> <Storage> <Opcode : 'load' 'store'> <Ports = 2> <Width = 38> <Depth = 12> <RAM>
ST_8 : Operation 66 [1/1] (1.42ns)   --->   "store i38 %acc1, i38* %shift_reg_p1_addr_1, align 8" [imf3.c:34]   --->   Operation 66 'store' <Predicate = true> <Delay = 1.42> <Core = "RAM">   --->   Core 37 'RAM' <Latency = 1> <II = 1> <Delay = 1.42> <Storage> <Opcode : 'load' 'store'> <Ports = 2> <Width = 38> <Depth = 12> <RAM>
ST_8 : Operation 67 [1/1] (0.73ns)   --->   "%select_ln36 = select i1 %icmp_ln23, i18 %tmp_4, i18 %tmp_5" [imf3.c:36]   --->   Operation 67 'select' 'select_ln36' <Predicate = true> <Delay = 0.73> <Core = "Sel">   --->   Core 26 'Sel' <Latency = 0> <II = 1> <Delay = 0.65> <FuncUnit> <Opcode : 'select'> <InPorts = 3> <OutPorts = 1>
ST_8 : Operation 68 [1/1] (1.15ns)   --->   "%icmp_ln37 = icmp eq i6 %p_Val2_s, 15" [imf3.c:37]   --->   Operation 68 'icmp' 'icmp_ln37' <Predicate = true> <Delay = 1.15> <Core = "Cmp">   --->   Core 25 'Cmp' <Latency = 0> <II = 1> <Delay = 1.15> <FuncUnit> <Opcode : 'icmp'> <InPorts = 2> <OutPorts = 1>
ST_8 : Operation 69 [1/1] (0.61ns)   --->   "%and_ln37 = and i1 %icmp_ln30, %icmp_ln37" [imf3.c:37]   --->   Operation 69 'and' 'and_ln37' <Predicate = true> <Delay = 0.61> <Core = "LogicGate">   --->   Core 27 'LogicGate' <Latency = 0> <II = 1> <Delay = 0.61> <FuncUnit> <Opcode : 'and' 'or' 'xor'> <InPorts = 2> <OutPorts = 1>
ST_8 : Operation 70 [1/1] (0.00ns)   --->   "br i1 %and_ln37, label %2, label %._crit_edge8" [imf3.c:37]   --->   Operation 70 'br' <Predicate = true> <Delay = 0.00>
ST_8 : Operation 71 [1/1] (0.00ns)   --->   "store i1 false, i1* @init_2, align 1" [imf3.c:38]   --->   Operation 71 'store' <Predicate = (and_ln37)> <Delay = 0.00>
ST_8 : Operation 72 [1/1] (0.00ns)   --->   "br label %._crit_edge8" [imf3.c:38]   --->   Operation 72 'br' <Predicate = (and_ln37)> <Delay = 0.00>
ST_8 : Operation 73 [1/1] (0.00ns)   --->   "br i1 %icmp_ln30, label %._crit_edge10, label %._crit_edge9" [imf3.c:39]   --->   Operation 73 'br' <Predicate = true> <Delay = 0.00>
ST_8 : Operation 74 [1/1] (1.35ns)   --->   "%add_ln40 = add i6 %p_Val2_s, 1" [imf3.c:40]   --->   Operation 74 'add' 'add_ln40' <Predicate = (icmp_ln30)> <Delay = 1.35> <Core = "AddSub">   --->   Core 14 'AddSub' <Latency = 0> <II = 1> <Delay = 1.35> <FuncUnit> <Opcode : 'add' 'sub'> <InPorts = 2> <OutPorts = 1>
ST_8 : Operation 75 [1/1] (0.65ns)   --->   "%select_ln40 = select i1 %icmp_ln37, i6 0, i6 %add_ln40" [imf3.c:40]   --->   Operation 75 'select' 'select_ln40' <Predicate = (icmp_ln30)> <Delay = 0.65> <Core = "Sel">   --->   Core 26 'Sel' <Latency = 0> <II = 1> <Delay = 0.65> <FuncUnit> <Opcode : 'select'> <InPorts = 3> <OutPorts = 1>
ST_8 : Operation 76 [1/1] (0.00ns)   --->   "store i6 %select_ln40, i6* @j, align 1" [imf3.c:40]   --->   Operation 76 'store' <Predicate = (icmp_ln30)> <Delay = 0.00>
ST_8 : Operation 77 [1/1] (0.00ns)   --->   "br label %._crit_edge9" [imf3.c:40]   --->   Operation 77 'br' <Predicate = (icmp_ln30)> <Delay = 0.00>
ST_8 : Operation 78 [1/1] (0.65ns)   --->   "%inc_2 = select i1 %icmp_ln30, i6 0, i6 %inc" [imf3.c:42]   --->   Operation 78 'select' 'inc_2' <Predicate = true> <Delay = 0.65> <Core = "Sel">   --->   Core 26 'Sel' <Latency = 0> <II = 1> <Delay = 0.65> <FuncUnit> <Opcode : 'select'> <InPorts = 3> <OutPorts = 1>
ST_8 : Operation 79 [1/1] (0.00ns)   --->   "store i6 %inc_2, i6* @i_2, align 1" [imf3.c:42]   --->   Operation 79 'store' <Predicate = true> <Delay = 0.00>
ST_8 : Operation 80 [1/1] (0.00ns)   --->   "ret i18 %select_ln36" [imf3.c:43]   --->   Operation 80 'ret' <Predicate = true> <Delay = 0.00>


============================================================
+ Verbose Summary: Binding
============================================================
STG Binding: 
---------------- STG Properties BEGIN ----------------
- Is combinational: 0
- Is one-state seq: 0
- Is datapath-only: 0
- Is pipelined: 0
- Is top level: 0
Port [ Return ] is wired: 1; IO mode=ap_ctrl_hs:ce=0
Port [ x]:  wired=1; compound=0; hidden=0; nouse=0; global=0; static=0; extern=0; dir=0; type=0; pingpong=0; private_global=0; IO mode=ap_none:ce=0
Port [ i_2]:  wired=0; compound=0; hidden=1; nouse=0; global=1; static=1; extern=0; dir=2; type=0; pingpong=0; private_global=1; linkage=7; visibility=0; IO mode=ap_ovld:ce=0
Port [ in_1]:  wired=0; compound=0; hidden=1; nouse=0; global=1; static=1; extern=0; dir=2; type=0; pingpong=0; private_global=1; linkage=7; visibility=0; IO mode=ap_ovld:ce=0
Port [ j]:  wired=0; compound=0; hidden=1; nouse=0; global=1; static=1; extern=0; dir=2; type=0; pingpong=0; private_global=1; linkage=7; visibility=0; IO mode=ap_ovld:ce=0
Port [ c_5_0]:  wired=0; compound=1; hidden=1; nouse=0; global=1; static=1; extern=0; dir=0; type=1; pingpong=0; private_global=1; linkage=7; visibility=0; MemPort=[1]; IO mode=ap_memory:ce=0
Port [ init_2]:  wired=0; compound=0; hidden=1; nouse=0; global=1; static=1; extern=0; dir=2; type=0; pingpong=0; private_global=1; linkage=7; visibility=0; IO mode=ap_ovld:ce=0
Port [ shift_reg_p0]:  wired=0; compound=1; hidden=1; nouse=0; global=1; static=1; extern=0; dir=2; type=1; pingpong=0; private_global=1; linkage=7; visibility=0; MemPort=[23]; IO mode=ap_memory:ce=0
Port [ c_5_1]:  wired=0; compound=1; hidden=1; nouse=0; global=1; static=1; extern=0; dir=0; type=1; pingpong=0; private_global=1; linkage=7; visibility=0; MemPort=[1]; IO mode=ap_memory:ce=0
Port [ shift_reg_p1]:  wired=0; compound=1; hidden=1; nouse=0; global=1; static=1; extern=0; dir=2; type=1; pingpong=0; private_global=1; linkage=7; visibility=0; MemPort=[23]; IO mode=ap_memory:ce=0
---------------- STG Properties END ------------------

---------------- Datapath Model BEGIN ----------------

<LifeTime>
<method=bitvector/>
x_read              (read          ) [ 011000000]
i_2_load            (load          ) [ 001111111]
icmp_ln23           (icmp          ) [ 011111111]
in_1_load           (load          ) [ 011000000]
br_ln23             (br            ) [ 011000000]
store_ln24          (store         ) [ 000000000]
br_ln25             (br            ) [ 011000000]
zext_ln30           (zext          ) [ 000000000]
c_5_0_addr          (getelementptr ) [ 001000000]
c_5_1_addr          (getelementptr ) [ 001000000]
d_assign            (phi           ) [ 001111000]
c_5_0_load          (load          ) [ 000100000]
c_5_1_load          (load          ) [ 000111100]
sext_ln46           (sext          ) [ 000011100]
sext_ln46_1         (sext          ) [ 000011100]
inc                 (add           ) [ 000001111]
p_Val2_s            (load          ) [ 000000111]
ch_4                (bitselect     ) [ 000000111]
icmp_ln30           (icmp          ) [ 000000111]
tmp_3               (bitconcatenate) [ 000000000]
zext_ln30_1         (zext          ) [ 000000000]
shift_reg_p0_addr   (getelementptr ) [ 000000100]
shift_reg_p1_addr   (getelementptr ) [ 000000100]
sext_ln46_2         (sext          ) [ 000000000]
shl_ln              (bitconcatenate) [ 000000000]
sub_ln46            (sub           ) [ 000000100]
init_2_load         (load          ) [ 000000000]
or_ln30             (or            ) [ 000000000]
shift_reg_p0_load   (load          ) [ 000000000]
select_ln30         (select        ) [ 000000010]
m                   (mul           ) [ 000000010]
trunc_ln30          (trunc         ) [ 000000010]
trunc_ln30_1        (trunc         ) [ 000000010]
shift_reg_p1_load   (load          ) [ 000000000]
select_ln30_1       (select        ) [ 000000010]
m_1                 (select        ) [ 000000010]
trunc_ln31          (trunc         ) [ 000000010]
sext_ln47           (sext          ) [ 000000000]
acc0                (add           ) [ 000000001]
sext_ln47_1         (sext          ) [ 000000000]
acc1                (add           ) [ 000000001]
add_ln36            (add           ) [ 000000000]
add_ln36_1          (add           ) [ 000000000]
tmp_4               (partselect    ) [ 000000001]
tmp_5               (partselect    ) [ 000000001]
tmp                 (bitconcatenate) [ 000000000]
zext_ln33           (zext          ) [ 000000000]
shift_reg_p0_addr_1 (getelementptr ) [ 000000000]
shift_reg_p1_addr_1 (getelementptr ) [ 000000000]
store_ln33          (store         ) [ 000000000]
store_ln34          (store         ) [ 000000000]
select_ln36         (select        ) [ 000000000]
icmp_ln37           (icmp          ) [ 000000000]
and_ln37            (and           ) [ 000000001]
br_ln37             (br            ) [ 000000000]
store_ln38          (store         ) [ 000000000]
br_ln38             (br            ) [ 000000000]
br_ln39             (br            ) [ 000000000]
add_ln40            (add           ) [ 000000000]
select_ln40         (select        ) [ 000000000]
store_ln40          (store         ) [ 000000000]
br_ln40             (br            ) [ 000000000]
inc_2               (select        ) [ 000000000]
store_ln42          (store         ) [ 000000000]
ret_ln43            (ret           ) [ 000000000]
</LifeTime>

<model>

<comp_list>
<comp id="0" class="1000" name="x">
<pin_list>
<pin id="1" dir="1" index="0" bw="1" slack="0"/>
</pin_list>
<bind>
<StgValue><ssdm name="x"/></StgValue>
</bind>
</comp>

<comp id="2" class="1000" name="i_2">
<pin_list>
<pin id="3" dir="1" index="0" bw="1" slack="0"/>
</pin_list>
<bind>
<StgValue><ssdm name="i_2"/></StgValue>
</bind>
</comp>

<comp id="4" class="1000" name="in_1">
<pin_list>
<pin id="5" dir="1" index="0" bw="1" slack="0"/>
</pin_list>
<bind>
<StgValue><ssdm name="in_1"/></StgValue>
</bind>
</comp>

<comp id="6" class="1000" name="j">
<pin_list>
<pin id="7" dir="1" index="0" bw="1" slack="0"/>
</pin_list>
<bind>
<StgValue><ssdm name="j"/></StgValue>
</bind>
</comp>

<comp id="8" class="1000" name="c_5_0">
<pin_list>
<pin id="9" dir="1" index="0" bw="1" slack="0"/>
</pin_list>
<bind>
<StgValue><ssdm name="c_5_0"/><MemPortTyVec>1 </MemPortTyVec>
</StgValue>
</bind>
</comp>

<comp id="10" class="1000" name="init_2">
<pin_list>
<pin id="11" dir="1" index="0" bw="1" slack="0"/>
</pin_list>
<bind>
<StgValue><ssdm name="init_2"/></StgValue>
</bind>
</comp>

<comp id="12" class="1000" name="shift_reg_p0">
<pin_list>
<pin id="13" dir="1" index="0" bw="1" slack="0"/>
</pin_list>
<bind>
<StgValue><ssdm name="shift_reg_p0"/><MemPortTyVec>2 3 </MemPortTyVec>
</StgValue>
</bind>
</comp>

<comp id="14" class="1000" name="c_5_1">
<pin_list>
<pin id="15" dir="1" index="0" bw="1" slack="0"/>
</pin_list>
<bind>
<StgValue><ssdm name="c_5_1"/><MemPortTyVec>1 </MemPortTyVec>
</StgValue>
</bind>
</comp>

<comp id="16" class="1000" name="shift_reg_p1">
<pin_list>
<pin id="17" dir="1" index="0" bw="1" slack="0"/>
</pin_list>
<bind>
<StgValue><ssdm name="shift_reg_p1"/><MemPortTyVec>2 3 </MemPortTyVec>
</StgValue>
</bind>
</comp>

<comp id="18" class="1001" name="const_18">
<pin_list>
<pin id="19" dir="1" index="0" bw="1" slack="0"/>
</pin_list>
<bind>
<StgValue><ssdm name="_ssdm_op_Read.ap_auto.i18"/></StgValue>
</bind>
</comp>

<comp id="20" class="1001" name="const_20">
<pin_list>
<pin id="21" dir="1" index="0" bw="1" slack="0"/>
</pin_list>
<bind>
<StgValue><ssdm name=""/></StgValue>
</bind>
</comp>

<comp id="22" class="1001" name="const_22">
<pin_list>
<pin id="23" dir="1" index="0" bw="1" slack="0"/>
</pin_list>
<bind>
<StgValue><ssdm name=""/></StgValue>
</bind>
</comp>

<comp id="24" class="1001" name="const_24">
<pin_list>
<pin id="25" dir="1" index="0" bw="1" slack="0"/>
</pin_list>
<bind>
<StgValue><ssdm name=""/></StgValue>
</bind>
</comp>

<comp id="26" class="1001" name="const_26">
<pin_list>
<pin id="27" dir="1" index="0" bw="1" slack="0"/>
</pin_list>
<bind>
<StgValue><ssdm name="_ssdm_op_BitSelect.i1.i6.i32"/></StgValue>
</bind>
</comp>

<comp id="28" class="1001" name="const_28">
<pin_list>
<pin id="29" dir="1" index="0" bw="1" slack="0"/>
</pin_list>
<bind>
<StgValue><ssdm name=""/></StgValue>
</bind>
</comp>

<comp id="30" class="1001" name="const_30">
<pin_list>
<pin id="31" dir="1" index="0" bw="1" slack="0"/>
</pin_list>
<bind>
<StgValue><ssdm name=""/></StgValue>
</bind>
</comp>

<comp id="32" class="1001" name="const_32">
<pin_list>
<pin id="33" dir="1" index="0" bw="1" slack="0"/>
</pin_list>
<bind>
<StgValue><ssdm name="_ssdm_op_BitConcatenate.i7.i6.i1"/></StgValue>
</bind>
</comp>

<comp id="34" class="1001" name="const_34">
<pin_list>
<pin id="35" dir="1" index="0" bw="1" slack="0"/>
</pin_list>
<bind>
<StgValue><ssdm name="_ssdm_op_BitConcatenate.i35.i18.i17"/></StgValue>
</bind>
</comp>

<comp id="36" class="1001" name="const_36">
<pin_list>
<pin id="37" dir="1" index="0" bw="1" slack="0"/>
</pin_list>
<bind>
<StgValue><ssdm name=""/></StgValue>
</bind>
</comp>

<comp id="38" class="1001" name="const_38">
<pin_list>
<pin id="39" dir="1" index="0" bw="1" slack="0"/>
</pin_list>
<bind>
<StgValue><ssdm name=""/></StgValue>
</bind>
</comp>

<comp id="40" class="1001" name="const_40">
<pin_list>
<pin id="41" dir="1" index="0" bw="1" slack="0"/>
</pin_list>
<bind>
<StgValue><ssdm name=""/></StgValue>
</bind>
</comp>

<comp id="42" class="1001" name="const_42">
<pin_list>
<pin id="43" dir="1" index="0" bw="1" slack="0"/>
</pin_list>
<bind>
<StgValue><ssdm name="_ssdm_op_PartSelect.i18.i35.i32.i32"/></StgValue>
</bind>
</comp>

<comp id="44" class="1001" name="const_44">
<pin_list>
<pin id="45" dir="1" index="0" bw="1" slack="0"/>
</pin_list>
<bind>
<StgValue><ssdm name=""/></StgValue>
</bind>
</comp>

<comp id="46" class="1001" name="const_46">
<pin_list>
<pin id="47" dir="1" index="0" bw="1" slack="0"/>
</pin_list>
<bind>
<StgValue><ssdm name=""/></StgValue>
</bind>
</comp>

<comp id="48" class="1001" name="const_48">
<pin_list>
<pin id="49" dir="1" index="0" bw="1" slack="0"/>
</pin_list>
<bind>
<StgValue><ssdm name=""/></StgValue>
</bind>
</comp>

<comp id="50" class="1001" name="const_50">
<pin_list>
<pin id="51" dir="1" index="0" bw="1" slack="0"/>
</pin_list>
<bind>
<StgValue><ssdm name=""/></StgValue>
</bind>
</comp>

<comp id="52" class="1004" name="x_read_read_fu_52">
<pin_list>
<pin id="53" dir="0" index="0" bw="18" slack="0"/>
<pin id="54" dir="0" index="1" bw="18" slack="0"/>
<pin id="55" dir="1" index="2" bw="18" slack="0"/>
</pin_list>
<bind>
<opcode="read(1150) " fcode="read"/>
<opset="x_read/1 "/>
</bind>
</comp>

<comp id="58" class="1004" name="c_5_0_addr_gep_fu_58">
<pin_list>
<pin id="59" dir="0" index="0" bw="18" slack="0"/>
<pin id="60" dir="0" index="1" bw="1" slack="0"/>
<pin id="61" dir="0" index="2" bw="6" slack="0"/>
<pin id="62" dir="1" index="3" bw="3" slack="0"/>
</pin_list>
<bind>
<opcode="getelementptr(29) " fcode="getelementptr"/>
<opset="c_5_0_addr/1 "/>
</bind>
</comp>

<comp id="65" class="1004" name="grp_access_fu_65">
<pin_list>
<pin id="66" dir="0" index="0" bw="3" slack="0"/>
<pin id="67" dir="0" index="1" bw="18" slack="2147483647"/>
<pin id="68" dir="0" index="2" bw="0" slack="2147483647"/>
<pin id="69" dir="1" index="3" bw="18" slack="1"/>
</pin_list>
<bind>
<opcode="load(27) " fcode="load"/>
<opset="c_5_0_load/1 "/>
</bind>
</comp>

<comp id="71" class="1004" name="c_5_1_addr_gep_fu_71">
<pin_list>
<pin id="72" dir="0" index="0" bw="1" slack="0"/>
<pin id="73" dir="0" index="1" bw="1" slack="0"/>
<pin id="74" dir="0" index="2" bw="6" slack="0"/>
<pin id="75" dir="1" index="3" bw="3" slack="0"/>
</pin_list>
<bind>
<opcode="getelementptr(29) " fcode="getelementptr"/>
<opset="c_5_1_addr/1 "/>
</bind>
</comp>

<comp id="78" class="1004" name="grp_access_fu_78">
<pin_list>
<pin id="79" dir="0" index="0" bw="3" slack="0"/>
<pin id="80" dir="0" index="1" bw="1" slack="2147483647"/>
<pin id="81" dir="0" index="2" bw="0" slack="2147483647"/>
<pin id="82" dir="1" index="3" bw="1" slack="3"/>
</pin_list>
<bind>
<opcode="load(27) " fcode="load"/>
<opset="c_5_1_load/1 "/>
</bind>
</comp>

<comp id="84" class="1004" name="shift_reg_p0_addr_gep_fu_84">
<pin_list>
<pin id="85" dir="0" index="0" bw="38" slack="0"/>
<pin id="86" dir="0" index="1" bw="1" slack="0"/>
<pin id="87" dir="0" index="2" bw="7" slack="0"/>
<pin id="88" dir="1" index="3" bw="4" slack="0"/>
</pin_list>
<bind>
<opcode="getelementptr(29) " fcode="getelementptr"/>
<opset="shift_reg_p0_addr/5 "/>
</bind>
</comp>

<comp id="91" class="1004" name="shift_reg_p1_addr_gep_fu_91">
<pin_list>
<pin id="92" dir="0" index="0" bw="38" slack="0"/>
<pin id="93" dir="0" index="1" bw="1" slack="0"/>
<pin id="94" dir="0" index="2" bw="7" slack="0"/>
<pin id="95" dir="1" index="3" bw="4" slack="0"/>
</pin_list>
<bind>
<opcode="getelementptr(29) " fcode="getelementptr"/>
<opset="shift_reg_p1_addr/5 "/>
</bind>
</comp>

<comp id="98" class="1004" name="grp_access_fu_98">
<pin_list>
<pin id="99" dir="0" index="0" bw="4" slack="0"/>
<pin id="100" dir="0" index="1" bw="38" slack="1"/>
<pin id="101" dir="0" index="2" bw="0" slack="2147483647"/>
<pin id="102" dir="1" index="3" bw="38" slack="0"/>
</pin_list>
<bind>
<opcode="load(27) store(28) " fcode="store"/>
<opset="shift_reg_p0_load/5 store_ln33/8 "/>
</bind>
</comp>

<comp id="104" class="1004" name="grp_access_fu_104">
<pin_list>
<pin id="105" dir="0" index="0" bw="4" slack="0"/>
<pin id="106" dir="0" index="1" bw="38" slack="1"/>
<pin id="107" dir="0" index="2" bw="0" slack="2147483647"/>
<pin id="108" dir="1" index="3" bw="38" slack="0"/>
</pin_list>
<bind>
<opcode="load(27) store(28) " fcode="store"/>
<opset="shift_reg_p1_load/5 store_ln34/8 "/>
</bind>
</comp>

<comp id="110" class="1004" name="shift_reg_p0_addr_1_gep_fu_110">
<pin_list>
<pin id="111" dir="0" index="0" bw="38" slack="0"/>
<pin id="112" dir="0" index="1" bw="1" slack="0"/>
<pin id="113" dir="0" index="2" bw="7" slack="0"/>
<pin id="114" dir="1" index="3" bw="4" slack="0"/>
</pin_list>
<bind>
<opcode="getelementptr(29) " fcode="getelementptr"/>
<opset="shift_reg_p0_addr_1/8 "/>
</bind>
</comp>

<comp id="117" class="1004" name="shift_reg_p1_addr_1_gep_fu_117">
<pin_list>
<pin id="118" dir="0" index="0" bw="38" slack="0"/>
<pin id="119" dir="0" index="1" bw="1" slack="0"/>
<pin id="120" dir="0" index="2" bw="7" slack="0"/>
<pin id="121" dir="1" index="3" bw="4" slack="0"/>
</pin_list>
<bind>
<opcode="getelementptr(29) " fcode="getelementptr"/>
<opset="shift_reg_p1_addr_1/8 "/>
</bind>
</comp>

<comp id="126" class="1005" name="d_assign_reg_126">
<pin_list>
<pin id="127" dir="0" index="0" bw="18" slack="1"/>
<pin id="128" dir="1" index="1" bw="18" slack="1"/>
</pin_list>
<bind>
<opset="d_assign (phireg) "/>
</bind>
</comp>

<comp id="129" class="1004" name="d_assign_phi_fu_129">
<pin_list>
<pin id="130" dir="0" index="0" bw="18" slack="1"/>
<pin id="131" dir="0" index="1" bw="0" slack="2147483647"/>
<pin id="132" dir="0" index="2" bw="18" slack="1"/>
<pin id="133" dir="0" index="3" bw="0" slack="2147483647"/>
<pin id="134" dir="1" index="4" bw="18" slack="1"/>
</pin_list>
<bind>
<opcode="phi(47) " fcode="phi"/>
<opset="d_assign/2 "/>
</bind>
</comp>

<comp id="136" class="1004" name="i_2_load_load_fu_136">
<pin_list>
<pin id="137" dir="0" index="0" bw="6" slack="0"/>
<pin id="138" dir="1" index="1" bw="6" slack="0"/>
</pin_list>
<bind>
<opcode="load(27) " fcode="load"/>
<opset="i_2_load/1 "/>
</bind>
</comp>

<comp id="140" class="1004" name="icmp_ln23_fu_140">
<pin_list>
<pin id="141" dir="0" index="0" bw="6" slack="0"/>
<pin id="142" dir="0" index="1" bw="1" slack="0"/>
<pin id="143" dir="1" index="2" bw="1" slack="5"/>
</pin_list>
<bind>
<opcode="icmp(45) " fcode="icmp"/>
<opset="icmp_ln23/1 "/>
</bind>
</comp>

<comp id="146" class="1004" name="in_1_load_load_fu_146">
<pin_list>
<pin id="147" dir="0" index="0" bw="18" slack="0"/>
<pin id="148" dir="1" index="1" bw="18" slack="1"/>
</pin_list>
<bind>
<opcode="load(27) " fcode="load"/>
<opset="in_1_load/1 "/>
</bind>
</comp>

<comp id="150" class="1004" name="store_ln24_store_fu_150">
<pin_list>
<pin id="151" dir="0" index="0" bw="18" slack="0"/>
<pin id="152" dir="0" index="1" bw="18" slack="0"/>
<pin id="153" dir="1" index="2" bw="0" slack="2147483647"/>
</pin_list>
<bind>
<opcode="store(28) " fcode="store"/>
<opset="store_ln24/1 "/>
</bind>
</comp>

<comp id="156" class="1004" name="zext_ln30_fu_156">
<pin_list>
<pin id="157" dir="0" index="0" bw="6" slack="0"/>
<pin id="158" dir="1" index="1" bw="64" slack="0"/>
</pin_list>
<bind>
<opcode="zext(34) " fcode="zext"/>
<opset="zext_ln30/1 "/>
</bind>
</comp>

<comp id="162" class="1004" name="sext_ln46_fu_162">
<pin_list>
<pin id="163" dir="0" index="0" bw="18" slack="1"/>
<pin id="164" dir="1" index="1" bw="36" slack="0"/>
</pin_list>
<bind>
<opcode="sext(35) " fcode="sext"/>
<opset="sext_ln46/3 "/>
</bind>
</comp>

<comp id="165" class="1004" name="sext_ln46_1_fu_165">
<pin_list>
<pin id="166" dir="0" index="0" bw="18" slack="1"/>
<pin id="167" dir="1" index="1" bw="36" slack="0"/>
</pin_list>
<bind>
<opcode="sext(35) " fcode="sext"/>
<opset="sext_ln46_1/3 "/>
</bind>
</comp>

<comp id="169" class="1004" name="inc_fu_169">
<pin_list>
<pin id="170" dir="0" index="0" bw="1" slack="0"/>
<pin id="171" dir="0" index="1" bw="6" slack="3"/>
<pin id="172" dir="1" index="2" bw="6" slack="1"/>
</pin_list>
<bind>
<opcode="add(8) " fcode="add"/>
<opset="inc/4 "/>
</bind>
</comp>

<comp id="174" class="1004" name="p_Val2_s_load_fu_174">
<pin_list>
<pin id="175" dir="0" index="0" bw="6" slack="0"/>
<pin id="176" dir="1" index="1" bw="6" slack="0"/>
</pin_list>
<bind>
<opcode="load(27) " fcode="load"/>
<opset="p_Val2_s/5 "/>
</bind>
</comp>

<comp id="178" class="1004" name="ch_4_fu_178">
<pin_list>
<pin id="179" dir="0" index="0" bw="1" slack="0"/>
<pin id="180" dir="0" index="1" bw="6" slack="0"/>
<pin id="181" dir="0" index="2" bw="3" slack="0"/>
<pin id="182" dir="1" index="3" bw="1" slack="0"/>
</pin_list>
<bind>
<opcode="bitselect(1000) " fcode="bitselect"/>
<opset="ch_4/5 "/>
</bind>
</comp>

<comp id="186" class="1004" name="icmp_ln30_fu_186">
<pin_list>
<pin id="187" dir="0" index="0" bw="6" slack="4"/>
<pin id="188" dir="0" index="1" bw="4" slack="0"/>
<pin id="189" dir="1" index="2" bw="1" slack="1"/>
</pin_list>
<bind>
<opcode="icmp(45) " fcode="icmp"/>
<opset="icmp_ln30/5 "/>
</bind>
</comp>

<comp id="191" class="1004" name="tmp_3_fu_191">
<pin_list>
<pin id="192" dir="0" index="0" bw="7" slack="0"/>
<pin id="193" dir="0" index="1" bw="6" slack="1"/>
<pin id="194" dir="0" index="2" bw="1" slack="0"/>
<pin id="195" dir="1" index="3" bw="7" slack="0"/>
</pin_list>
<bind>
<opcode="bitconcatenate(1004) " fcode="bitconcatenate"/>
<opset="tmp_3/5 "/>
</bind>
</comp>

<comp id="198" class="1004" name="zext_ln30_1_fu_198">
<pin_list>
<pin id="199" dir="0" index="0" bw="7" slack="0"/>
<pin id="200" dir="1" index="1" bw="64" slack="0"/>
</pin_list>
<bind>
<opcode="zext(34) " fcode="zext"/>
<opset="zext_ln30_1/5 "/>
</bind>
</comp>

<comp id="204" class="1004" name="sext_ln46_2_fu_204">
<pin_list>
<pin id="205" dir="0" index="0" bw="18" slack="3"/>
<pin id="206" dir="1" index="1" bw="35" slack="0"/>
</pin_list>
<bind>
<opcode="sext(35) " fcode="sext"/>
<opset="sext_ln46_2/5 "/>
</bind>
</comp>

<comp id="208" class="1004" name="shl_ln_fu_208">
<pin_list>
<pin id="209" dir="0" index="0" bw="35" slack="0"/>
<pin id="210" dir="0" index="1" bw="18" slack="3"/>
<pin id="211" dir="0" index="2" bw="1" slack="0"/>
<pin id="212" dir="1" index="3" bw="35" slack="0"/>
</pin_list>
<bind>
<opcode="bitconcatenate(1004) " fcode="bitconcatenate"/>
<opset="shl_ln/5 "/>
</bind>
</comp>

<comp id="216" class="1004" name="sub_ln46_fu_216">
<pin_list>
<pin id="217" dir="0" index="0" bw="35" slack="0"/>
<pin id="218" dir="0" index="1" bw="18" slack="0"/>
<pin id="219" dir="1" index="2" bw="35" slack="1"/>
</pin_list>
<bind>
<opcode="sub(10) " fcode="sub"/>
<opset="sub_ln46/5 "/>
</bind>
</comp>

<comp id="222" class="1004" name="init_2_load_load_fu_222">
<pin_list>
<pin id="223" dir="0" index="0" bw="1" slack="0"/>
<pin id="224" dir="1" index="1" bw="1" slack="0"/>
</pin_list>
<bind>
<opcode="load(27) " fcode="load"/>
<opset="init_2_load/6 "/>
</bind>
</comp>

<comp id="226" class="1004" name="or_ln30_fu_226">
<pin_list>
<pin id="227" dir="0" index="0" bw="1" slack="0"/>
<pin id="228" dir="0" index="1" bw="1" slack="1"/>
<pin id="229" dir="1" index="2" bw="1" slack="0"/>
</pin_list>
<bind>
<opcode="or(24) " fcode="or"/>
<opset="or_ln30/6 "/>
</bind>
</comp>

<comp id="231" class="1004" name="select_ln30_fu_231">
<pin_list>
<pin id="232" dir="0" index="0" bw="1" slack="0"/>
<pin id="233" dir="0" index="1" bw="1" slack="0"/>
<pin id="234" dir="0" index="2" bw="38" slack="0"/>
<pin id="235" dir="1" index="3" bw="38" slack="0"/>
</pin_list>
<bind>
<opcode="select(49) " fcode="select"/>
<opset="select_ln30/6 "/>
</bind>
</comp>

<comp id="239" class="1004" name="trunc_ln30_fu_239">
<pin_list>
<pin id="240" dir="0" index="0" bw="38" slack="0"/>
<pin id="241" dir="1" index="1" bw="35" slack="1"/>
</pin_list>
<bind>
<opcode="trunc(33) " fcode="trunc"/>
<opset="trunc_ln30/6 "/>
</bind>
</comp>

<comp id="243" class="1004" name="trunc_ln30_1_fu_243">
<pin_list>
<pin id="244" dir="0" index="0" bw="36" slack="0"/>
<pin id="245" dir="1" index="1" bw="35" slack="1"/>
</pin_list>
<bind>
<opcode="trunc(33) " fcode="trunc"/>
<opset="trunc_ln30_1/6 "/>
</bind>
</comp>

<comp id="246" class="1004" name="select_ln30_1_fu_246">
<pin_list>
<pin id="247" dir="0" index="0" bw="1" slack="0"/>
<pin id="248" dir="0" index="1" bw="1" slack="0"/>
<pin id="249" dir="0" index="2" bw="38" slack="0"/>
<pin id="250" dir="1" index="3" bw="38" slack="0"/>
</pin_list>
<bind>
<opcode="select(49) " fcode="select"/>
<opset="select_ln30_1/6 "/>
</bind>
</comp>

<comp id="254" class="1004" name="m_1_fu_254">
<pin_list>
<pin id="255" dir="0" index="0" bw="1" slack="4"/>
<pin id="256" dir="0" index="1" bw="35" slack="1"/>
<pin id="257" dir="0" index="2" bw="1" slack="0"/>
<pin id="258" dir="1" index="3" bw="35" slack="1"/>
</pin_list>
<bind>
<opcode="select(49) " fcode="select"/>
<opset="m_1/6 "/>
</bind>
</comp>

<comp id="260" class="1004" name="trunc_ln31_fu_260">
<pin_list>
<pin id="261" dir="0" index="0" bw="38" slack="0"/>
<pin id="262" dir="1" index="1" bw="35" slack="1"/>
</pin_list>
<bind>
<opcode="trunc(33) " fcode="trunc"/>
<opset="trunc_ln31/6 "/>
</bind>
</comp>

<comp id="264" class="1004" name="sext_ln47_fu_264">
<pin_list>
<pin id="265" dir="0" index="0" bw="36" slack="1"/>
<pin id="266" dir="1" index="1" bw="38" slack="0"/>
</pin_list>
<bind>
<opcode="sext(35) " fcode="sext"/>
<opset="sext_ln47/7 "/>
</bind>
</comp>

<comp id="267" class="1004" name="acc0_fu_267">
<pin_list>
<pin id="268" dir="0" index="0" bw="36" slack="0"/>
<pin id="269" dir="0" index="1" bw="38" slack="1"/>
<pin id="270" dir="1" index="2" bw="38" slack="1"/>
</pin_list>
<bind>
<opcode="add(8) " fcode="add"/>
<opset="acc0/7 "/>
</bind>
</comp>

<comp id="272" class="1004" name="sext_ln47_1_fu_272">
<pin_list>
<pin id="273" dir="0" index="0" bw="35" slack="1"/>
<pin id="274" dir="1" index="1" bw="38" slack="0"/>
</pin_list>
<bind>
<opcode="sext(35) " fcode="sext"/>
<opset="sext_ln47_1/7 "/>
</bind>
</comp>

<comp id="275" class="1004" name="acc1_fu_275">
<pin_list>
<pin id="276" dir="0" index="0" bw="35" slack="0"/>
<pin id="277" dir="0" index="1" bw="38" slack="1"/>
<pin id="278" dir="1" index="2" bw="38" slack="1"/>
</pin_list>
<bind>
<opcode="add(8) " fcode="add"/>
<opset="acc1/7 "/>
</bind>
</comp>

<comp id="280" class="1004" name="add_ln36_fu_280">
<pin_list>
<pin id="281" dir="0" index="0" bw="35" slack="1"/>
<pin id="282" dir="0" index="1" bw="35" slack="1"/>
<pin id="283" dir="1" index="2" bw="35" slack="0"/>
</pin_list>
<bind>
<opcode="add(8) " fcode="add"/>
<opset="add_ln36/7 "/>
</bind>
</comp>

<comp id="284" class="1004" name="add_ln36_1_fu_284">
<pin_list>
<pin id="285" dir="0" index="0" bw="35" slack="1"/>
<pin id="286" dir="0" index="1" bw="35" slack="1"/>
<pin id="287" dir="1" index="2" bw="35" slack="0"/>
</pin_list>
<bind>
<opcode="add(8) " fcode="add"/>
<opset="add_ln36_1/7 "/>
</bind>
</comp>

<comp id="288" class="1004" name="tmp_4_fu_288">
<pin_list>
<pin id="289" dir="0" index="0" bw="18" slack="0"/>
<pin id="290" dir="0" index="1" bw="35" slack="0"/>
<pin id="291" dir="0" index="2" bw="6" slack="0"/>
<pin id="292" dir="0" index="3" bw="7" slack="0"/>
<pin id="293" dir="1" index="4" bw="18" slack="1"/>
</pin_list>
<bind>
<opcode="partselect(1002) " fcode="partselect"/>
<opset="tmp_4/7 "/>
</bind>
</comp>

<comp id="298" class="1004" name="tmp_5_fu_298">
<pin_list>
<pin id="299" dir="0" index="0" bw="18" slack="0"/>
<pin id="300" dir="0" index="1" bw="35" slack="0"/>
<pin id="301" dir="0" index="2" bw="6" slack="0"/>
<pin id="302" dir="0" index="3" bw="7" slack="0"/>
<pin id="303" dir="1" index="4" bw="18" slack="1"/>
</pin_list>
<bind>
<opcode="partselect(1002) " fcode="partselect"/>
<opset="tmp_5/7 "/>
</bind>
</comp>

<comp id="308" class="1004" name="tmp_fu_308">
<pin_list>
<pin id="309" dir="0" index="0" bw="7" slack="0"/>
<pin id="310" dir="0" index="1" bw="6" slack="7"/>
<pin id="311" dir="0" index="2" bw="1" slack="3"/>
<pin id="312" dir="1" index="3" bw="7" slack="0"/>
</pin_list>
<bind>
<opcode="bitconcatenate(1004) " fcode="bitconcatenate"/>
<opset="tmp/8 "/>
</bind>
</comp>

<comp id="314" class="1004" name="zext_ln33_fu_314">
<pin_list>
<pin id="315" dir="0" index="0" bw="7" slack="0"/>
<pin id="316" dir="1" index="1" bw="64" slack="0"/>
</pin_list>
<bind>
<opcode="zext(34) " fcode="zext"/>
<opset="zext_ln33/8 "/>
</bind>
</comp>

<comp id="320" class="1004" name="select_ln36_fu_320">
<pin_list>
<pin id="321" dir="0" index="0" bw="1" slack="7"/>
<pin id="322" dir="0" index="1" bw="18" slack="1"/>
<pin id="323" dir="0" index="2" bw="18" slack="1"/>
<pin id="324" dir="1" index="3" bw="18" slack="2147483647"/>
</pin_list>
<bind>
<opcode="select(49) " fcode="select"/>
<opset="select_ln36/8 "/>
</bind>
</comp>

<comp id="325" class="1004" name="icmp_ln37_fu_325">
<pin_list>
<pin id="326" dir="0" index="0" bw="6" slack="3"/>
<pin id="327" dir="0" index="1" bw="5" slack="0"/>
<pin id="328" dir="1" index="2" bw="1" slack="0"/>
</pin_list>
<bind>
<opcode="icmp(45) " fcode="icmp"/>
<opset="icmp_ln37/8 "/>
</bind>
</comp>

<comp id="330" class="1004" name="and_ln37_fu_330">
<pin_list>
<pin id="331" dir="0" index="0" bw="1" slack="3"/>
<pin id="332" dir="0" index="1" bw="1" slack="0"/>
<pin id="333" dir="1" index="2" bw="1" slack="2147483647"/>
</pin_list>
<bind>
<opcode="and(23) " fcode="and"/>
<opset="and_ln37/8 "/>
</bind>
</comp>

<comp id="335" class="1004" name="store_ln38_store_fu_335">
<pin_list>
<pin id="336" dir="0" index="0" bw="1" slack="0"/>
<pin id="337" dir="0" index="1" bw="1" slack="0"/>
<pin id="338" dir="1" index="2" bw="0" slack="2147483647"/>
</pin_list>
<bind>
<opcode="store(28) " fcode="store"/>
<opset="store_ln38/8 "/>
</bind>
</comp>

<comp id="341" class="1004" name="add_ln40_fu_341">
<pin_list>
<pin id="342" dir="0" index="0" bw="6" slack="3"/>
<pin id="343" dir="0" index="1" bw="1" slack="0"/>
<pin id="344" dir="1" index="2" bw="6" slack="0"/>
</pin_list>
<bind>
<opcode="add(8) " fcode="add"/>
<opset="add_ln40/8 "/>
</bind>
</comp>

<comp id="346" class="1004" name="select_ln40_fu_346">
<pin_list>
<pin id="347" dir="0" index="0" bw="1" slack="0"/>
<pin id="348" dir="0" index="1" bw="1" slack="0"/>
<pin id="349" dir="0" index="2" bw="6" slack="0"/>
<pin id="350" dir="1" index="3" bw="6" slack="0"/>
</pin_list>
<bind>
<opcode="select(49) " fcode="select"/>
<opset="select_ln40/8 "/>
</bind>
</comp>

<comp id="354" class="1004" name="store_ln40_store_fu_354">
<pin_list>
<pin id="355" dir="0" index="0" bw="6" slack="0"/>
<pin id="356" dir="0" index="1" bw="6" slack="0"/>
<pin id="357" dir="1" index="2" bw="0" slack="2147483647"/>
</pin_list>
<bind>
<opcode="store(28) " fcode="store"/>
<opset="store_ln40/8 "/>
</bind>
</comp>

<comp id="360" class="1004" name="inc_2_fu_360">
<pin_list>
<pin id="361" dir="0" index="0" bw="1" slack="3"/>
<pin id="362" dir="0" index="1" bw="1" slack="0"/>
<pin id="363" dir="0" index="2" bw="6" slack="4"/>
<pin id="364" dir="1" index="3" bw="6" slack="0"/>
</pin_list>
<bind>
<opcode="select(49) " fcode="select"/>
<opset="inc_2/8 "/>
</bind>
</comp>

<comp id="366" class="1004" name="store_ln42_store_fu_366">
<pin_list>
<pin id="367" dir="0" index="0" bw="6" slack="0"/>
<pin id="368" dir="0" index="1" bw="6" slack="0"/>
<pin id="369" dir="1" index="2" bw="0" slack="2147483647"/>
</pin_list>
<bind>
<opcode="store(28) " fcode="store"/>
<opset="store_ln42/8 "/>
</bind>
</comp>

<comp id="372" class="1007" name="grp_fu_372">
<pin_list>
<pin id="373" dir="0" index="0" bw="18" slack="0"/>
<pin id="374" dir="0" index="1" bw="18" slack="0"/>
<pin id="375" dir="1" index="2" bw="36" slack="0"/>
</pin_list>
<bind>
<opcode="mul(12) " fcode="mul"/>
<opset="m/3 "/>
</bind>
</comp>

<comp id="379" class="1005" name="x_read_reg_379">
<pin_list>
<pin id="380" dir="0" index="0" bw="18" slack="1"/>
<pin id="381" dir="1" index="1" bw="18" slack="1"/>
</pin_list>
<bind>
<opset="x_read "/>
</bind>
</comp>

<comp id="384" class="1005" name="i_2_load_reg_384">
<pin_list>
<pin id="385" dir="0" index="0" bw="6" slack="3"/>
<pin id="386" dir="1" index="1" bw="6" slack="3"/>
</pin_list>
<bind>
<opset="i_2_load "/>
</bind>
</comp>

<comp id="391" class="1005" name="icmp_ln23_reg_391">
<pin_list>
<pin id="392" dir="0" index="0" bw="1" slack="5"/>
<pin id="393" dir="1" index="1" bw="1" slack="7"/>
</pin_list>
<bind>
<opset="icmp_ln23 "/>
</bind>
</comp>

<comp id="396" class="1005" name="in_1_load_reg_396">
<pin_list>
<pin id="397" dir="0" index="0" bw="18" slack="1"/>
<pin id="398" dir="1" index="1" bw="18" slack="1"/>
</pin_list>
<bind>
<opset="in_1_load "/>
</bind>
</comp>

<comp id="401" class="1005" name="c_5_0_addr_reg_401">
<pin_list>
<pin id="402" dir="0" index="0" bw="3" slack="1"/>
<pin id="403" dir="1" index="1" bw="3" slack="1"/>
</pin_list>
<bind>
<opset="c_5_0_addr "/>
</bind>
</comp>

<comp id="406" class="1005" name="c_5_1_addr_reg_406">
<pin_list>
<pin id="407" dir="0" index="0" bw="3" slack="1"/>
<pin id="408" dir="1" index="1" bw="3" slack="1"/>
</pin_list>
<bind>
<opset="c_5_1_addr "/>
</bind>
</comp>

<comp id="411" class="1005" name="c_5_0_load_reg_411">
<pin_list>
<pin id="412" dir="0" index="0" bw="18" slack="1"/>
<pin id="413" dir="1" index="1" bw="18" slack="1"/>
</pin_list>
<bind>
<opset="c_5_0_load "/>
</bind>
</comp>

<comp id="416" class="1005" name="c_5_1_load_reg_416">
<pin_list>
<pin id="417" dir="0" index="0" bw="1" slack="3"/>
<pin id="418" dir="1" index="1" bw="1" slack="4"/>
</pin_list>
<bind>
<opset="c_5_1_load "/>
</bind>
</comp>

<comp id="421" class="1005" name="sext_ln46_reg_421">
<pin_list>
<pin id="422" dir="0" index="0" bw="36" slack="1"/>
<pin id="423" dir="1" index="1" bw="36" slack="1"/>
</pin_list>
<bind>
<opset="sext_ln46 "/>
</bind>
</comp>

<comp id="426" class="1005" name="sext_ln46_1_reg_426">
<pin_list>
<pin id="427" dir="0" index="0" bw="36" slack="1"/>
<pin id="428" dir="1" index="1" bw="36" slack="1"/>
</pin_list>
<bind>
<opset="sext_ln46_1 "/>
</bind>
</comp>

<comp id="431" class="1005" name="inc_reg_431">
<pin_list>
<pin id="432" dir="0" index="0" bw="6" slack="1"/>
<pin id="433" dir="1" index="1" bw="6" slack="1"/>
</pin_list>
<bind>
<opset="inc "/>
</bind>
</comp>

<comp id="437" class="1005" name="p_Val2_s_reg_437">
<pin_list>
<pin id="438" dir="0" index="0" bw="6" slack="3"/>
<pin id="439" dir="1" index="1" bw="6" slack="3"/>
</pin_list>
<bind>
<opset="p_Val2_s "/>
</bind>
</comp>

<comp id="443" class="1005" name="ch_4_reg_443">
<pin_list>
<pin id="444" dir="0" index="0" bw="1" slack="3"/>
<pin id="445" dir="1" index="1" bw="1" slack="3"/>
</pin_list>
<bind>
<opset="ch_4 "/>
</bind>
</comp>

<comp id="448" class="1005" name="icmp_ln30_reg_448">
<pin_list>
<pin id="449" dir="0" index="0" bw="1" slack="1"/>
<pin id="450" dir="1" index="1" bw="1" slack="1"/>
</pin_list>
<bind>
<opset="icmp_ln30 "/>
</bind>
</comp>

<comp id="455" class="1005" name="shift_reg_p0_addr_reg_455">
<pin_list>
<pin id="456" dir="0" index="0" bw="4" slack="1"/>
<pin id="457" dir="1" index="1" bw="4" slack="1"/>
</pin_list>
<bind>
<opset="shift_reg_p0_addr "/>
</bind>
</comp>

<comp id="460" class="1005" name="shift_reg_p1_addr_reg_460">
<pin_list>
<pin id="461" dir="0" index="0" bw="4" slack="1"/>
<pin id="462" dir="1" index="1" bw="4" slack="1"/>
</pin_list>
<bind>
<opset="shift_reg_p1_addr "/>
</bind>
</comp>

<comp id="465" class="1005" name="sub_ln46_reg_465">
<pin_list>
<pin id="466" dir="0" index="0" bw="35" slack="1"/>
<pin id="467" dir="1" index="1" bw="35" slack="1"/>
</pin_list>
<bind>
<opset="sub_ln46 "/>
</bind>
</comp>

<comp id="470" class="1005" name="select_ln30_reg_470">
<pin_list>
<pin id="471" dir="0" index="0" bw="38" slack="1"/>
<pin id="472" dir="1" index="1" bw="38" slack="1"/>
</pin_list>
<bind>
<opset="select_ln30 "/>
</bind>
</comp>

<comp id="475" class="1005" name="m_reg_475">
<pin_list>
<pin id="476" dir="0" index="0" bw="36" slack="1"/>
<pin id="477" dir="1" index="1" bw="36" slack="1"/>
</pin_list>
<bind>
<opset="m "/>
</bind>
</comp>

<comp id="480" class="1005" name="trunc_ln30_reg_480">
<pin_list>
<pin id="481" dir="0" index="0" bw="35" slack="1"/>
<pin id="482" dir="1" index="1" bw="35" slack="1"/>
</pin_list>
<bind>
<opset="trunc_ln30 "/>
</bind>
</comp>

<comp id="485" class="1005" name="trunc_ln30_1_reg_485">
<pin_list>
<pin id="486" dir="0" index="0" bw="35" slack="1"/>
<pin id="487" dir="1" index="1" bw="35" slack="1"/>
</pin_list>
<bind>
<opset="trunc_ln30_1 "/>
</bind>
</comp>

<comp id="490" class="1005" name="select_ln30_1_reg_490">
<pin_list>
<pin id="491" dir="0" index="0" bw="38" slack="1"/>
<pin id="492" dir="1" index="1" bw="38" slack="1"/>
</pin_list>
<bind>
<opset="select_ln30_1 "/>
</bind>
</comp>

<comp id="495" class="1005" name="m_1_reg_495">
<pin_list>
<pin id="496" dir="0" index="0" bw="35" slack="1"/>
<pin id="497" dir="1" index="1" bw="35" slack="1"/>
</pin_list>
<bind>
<opset="m_1 "/>
</bind>
</comp>

<comp id="501" class="1005" name="trunc_ln31_reg_501">
<pin_list>
<pin id="502" dir="0" index="0" bw="35" slack="1"/>
<pin id="503" dir="1" index="1" bw="35" slack="1"/>
</pin_list>
<bind>
<opset="trunc_ln31 "/>
</bind>
</comp>

<comp id="506" class="1005" name="acc0_reg_506">
<pin_list>
<pin id="507" dir="0" index="0" bw="38" slack="1"/>
<pin id="508" dir="1" index="1" bw="38" slack="1"/>
</pin_list>
<bind>
<opset="acc0 "/>
</bind>
</comp>

<comp id="511" class="1005" name="acc1_reg_511">
<pin_list>
<pin id="512" dir="0" index="0" bw="38" slack="1"/>
<pin id="513" dir="1" index="1" bw="38" slack="1"/>
</pin_list>
<bind>
<opset="acc1 "/>
</bind>
</comp>

<comp id="516" class="1005" name="tmp_4_reg_516">
<pin_list>
<pin id="517" dir="0" index="0" bw="18" slack="1"/>
<pin id="518" dir="1" index="1" bw="18" slack="1"/>
</pin_list>
<bind>
<opset="tmp_4 "/>
</bind>
</comp>

<comp id="521" class="1005" name="tmp_5_reg_521">
<pin_list>
<pin id="522" dir="0" index="0" bw="18" slack="1"/>
<pin id="523" dir="1" index="1" bw="18" slack="1"/>
</pin_list>
<bind>
<opset="tmp_5 "/>
</bind>
</comp>

</comp_list>

<net_list>
<net id="56"><net_src comp="18" pin="0"/><net_sink comp="52" pin=0"/></net>

<net id="57"><net_src comp="0" pin="0"/><net_sink comp="52" pin=1"/></net>

<net id="63"><net_src comp="8" pin="0"/><net_sink comp="58" pin=0"/></net>

<net id="64"><net_src comp="22" pin="0"/><net_sink comp="58" pin=1"/></net>

<net id="70"><net_src comp="58" pin="3"/><net_sink comp="65" pin=0"/></net>

<net id="76"><net_src comp="14" pin="0"/><net_sink comp="71" pin=0"/></net>

<net id="77"><net_src comp="22" pin="0"/><net_sink comp="71" pin=1"/></net>

<net id="83"><net_src comp="71" pin="3"/><net_sink comp="78" pin=0"/></net>

<net id="89"><net_src comp="12" pin="0"/><net_sink comp="84" pin=0"/></net>

<net id="90"><net_src comp="22" pin="0"/><net_sink comp="84" pin=1"/></net>

<net id="96"><net_src comp="16" pin="0"/><net_sink comp="91" pin=0"/></net>

<net id="97"><net_src comp="22" pin="0"/><net_sink comp="91" pin=1"/></net>

<net id="103"><net_src comp="84" pin="3"/><net_sink comp="98" pin=0"/></net>

<net id="109"><net_src comp="91" pin="3"/><net_sink comp="104" pin=0"/></net>

<net id="115"><net_src comp="12" pin="0"/><net_sink comp="110" pin=0"/></net>

<net id="116"><net_src comp="22" pin="0"/><net_sink comp="110" pin=1"/></net>

<net id="122"><net_src comp="16" pin="0"/><net_sink comp="117" pin=0"/></net>

<net id="123"><net_src comp="22" pin="0"/><net_sink comp="117" pin=1"/></net>

<net id="124"><net_src comp="110" pin="3"/><net_sink comp="98" pin=0"/></net>

<net id="125"><net_src comp="117" pin="3"/><net_sink comp="104" pin=0"/></net>

<net id="135"><net_src comp="129" pin="4"/><net_sink comp="126" pin=0"/></net>

<net id="139"><net_src comp="2" pin="0"/><net_sink comp="136" pin=0"/></net>

<net id="144"><net_src comp="136" pin="1"/><net_sink comp="140" pin=0"/></net>

<net id="145"><net_src comp="20" pin="0"/><net_sink comp="140" pin=1"/></net>

<net id="149"><net_src comp="4" pin="0"/><net_sink comp="146" pin=0"/></net>

<net id="154"><net_src comp="52" pin="2"/><net_sink comp="150" pin=0"/></net>

<net id="155"><net_src comp="4" pin="0"/><net_sink comp="150" pin=1"/></net>

<net id="159"><net_src comp="136" pin="1"/><net_sink comp="156" pin=0"/></net>

<net id="160"><net_src comp="156" pin="1"/><net_sink comp="58" pin=2"/></net>

<net id="161"><net_src comp="156" pin="1"/><net_sink comp="71" pin=2"/></net>

<net id="168"><net_src comp="126" pin="1"/><net_sink comp="165" pin=0"/></net>

<net id="173"><net_src comp="24" pin="0"/><net_sink comp="169" pin=0"/></net>

<net id="177"><net_src comp="6" pin="0"/><net_sink comp="174" pin=0"/></net>

<net id="183"><net_src comp="26" pin="0"/><net_sink comp="178" pin=0"/></net>

<net id="184"><net_src comp="174" pin="1"/><net_sink comp="178" pin=1"/></net>

<net id="185"><net_src comp="28" pin="0"/><net_sink comp="178" pin=2"/></net>

<net id="190"><net_src comp="30" pin="0"/><net_sink comp="186" pin=1"/></net>

<net id="196"><net_src comp="32" pin="0"/><net_sink comp="191" pin=0"/></net>

<net id="197"><net_src comp="178" pin="3"/><net_sink comp="191" pin=2"/></net>

<net id="201"><net_src comp="191" pin="3"/><net_sink comp="198" pin=0"/></net>

<net id="202"><net_src comp="198" pin="1"/><net_sink comp="84" pin=2"/></net>

<net id="203"><net_src comp="198" pin="1"/><net_sink comp="91" pin=2"/></net>

<net id="207"><net_src comp="126" pin="1"/><net_sink comp="204" pin=0"/></net>

<net id="213"><net_src comp="34" pin="0"/><net_sink comp="208" pin=0"/></net>

<net id="214"><net_src comp="126" pin="1"/><net_sink comp="208" pin=1"/></net>

<net id="215"><net_src comp="36" pin="0"/><net_sink comp="208" pin=2"/></net>

<net id="220"><net_src comp="208" pin="3"/><net_sink comp="216" pin=0"/></net>

<net id="221"><net_src comp="204" pin="1"/><net_sink comp="216" pin=1"/></net>

<net id="225"><net_src comp="10" pin="0"/><net_sink comp="222" pin=0"/></net>

<net id="230"><net_src comp="222" pin="1"/><net_sink comp="226" pin=0"/></net>

<net id="236"><net_src comp="226" pin="2"/><net_sink comp="231" pin=0"/></net>

<net id="237"><net_src comp="38" pin="0"/><net_sink comp="231" pin=1"/></net>

<net id="238"><net_src comp="98" pin="3"/><net_sink comp="231" pin=2"/></net>

<net id="242"><net_src comp="231" pin="3"/><net_sink comp="239" pin=0"/></net>

<net id="251"><net_src comp="226" pin="2"/><net_sink comp="246" pin=0"/></net>

<net id="252"><net_src comp="38" pin="0"/><net_sink comp="246" pin=1"/></net>

<net id="253"><net_src comp="104" pin="3"/><net_sink comp="246" pin=2"/></net>

<net id="259"><net_src comp="40" pin="0"/><net_sink comp="254" pin=2"/></net>

<net id="263"><net_src comp="246" pin="3"/><net_sink comp="260" pin=0"/></net>

<net id="271"><net_src comp="264" pin="1"/><net_sink comp="267" pin=0"/></net>

<net id="279"><net_src comp="272" pin="1"/><net_sink comp="275" pin=0"/></net>

<net id="294"><net_src comp="42" pin="0"/><net_sink comp="288" pin=0"/></net>

<net id="295"><net_src comp="280" pin="2"/><net_sink comp="288" pin=1"/></net>

<net id="296"><net_src comp="44" pin="0"/><net_sink comp="288" pin=2"/></net>

<net id="297"><net_src comp="46" pin="0"/><net_sink comp="288" pin=3"/></net>

<net id="304"><net_src comp="42" pin="0"/><net_sink comp="298" pin=0"/></net>

<net id="305"><net_src comp="284" pin="2"/><net_sink comp="298" pin=1"/></net>

<net id="306"><net_src comp="44" pin="0"/><net_sink comp="298" pin=2"/></net>

<net id="307"><net_src comp="46" pin="0"/><net_sink comp="298" pin=3"/></net>

<net id="313"><net_src comp="32" pin="0"/><net_sink comp="308" pin=0"/></net>

<net id="317"><net_src comp="308" pin="3"/><net_sink comp="314" pin=0"/></net>

<net id="318"><net_src comp="314" pin="1"/><net_sink comp="110" pin=2"/></net>

<net id="319"><net_src comp="314" pin="1"/><net_sink comp="117" pin=2"/></net>

<net id="329"><net_src comp="48" pin="0"/><net_sink comp="325" pin=1"/></net>

<net id="334"><net_src comp="325" pin="2"/><net_sink comp="330" pin=1"/></net>

<net id="339"><net_src comp="50" pin="0"/><net_sink comp="335" pin=0"/></net>

<net id="340"><net_src comp="10" pin="0"/><net_sink comp="335" pin=1"/></net>

<net id="345"><net_src comp="24" pin="0"/><net_sink comp="341" pin=1"/></net>

<net id="351"><net_src comp="325" pin="2"/><net_sink comp="346" pin=0"/></net>

<net id="352"><net_src comp="20" pin="0"/><net_sink comp="346" pin=1"/></net>

<net id="353"><net_src comp="341" pin="2"/><net_sink comp="346" pin=2"/></net>

<net id="358"><net_src comp="346" pin="3"/><net_sink comp="354" pin=0"/></net>

<net id="359"><net_src comp="6" pin="0"/><net_sink comp="354" pin=1"/></net>

<net id="365"><net_src comp="20" pin="0"/><net_sink comp="360" pin=1"/></net>

<net id="370"><net_src comp="360" pin="3"/><net_sink comp="366" pin=0"/></net>

<net id="371"><net_src comp="2" pin="0"/><net_sink comp="366" pin=1"/></net>

<net id="376"><net_src comp="162" pin="1"/><net_sink comp="372" pin=0"/></net>

<net id="377"><net_src comp="165" pin="1"/><net_sink comp="372" pin=1"/></net>

<net id="378"><net_src comp="372" pin="2"/><net_sink comp="243" pin=0"/></net>

<net id="382"><net_src comp="52" pin="2"/><net_sink comp="379" pin=0"/></net>

<net id="383"><net_src comp="379" pin="1"/><net_sink comp="129" pin=0"/></net>

<net id="387"><net_src comp="136" pin="1"/><net_sink comp="384" pin=0"/></net>

<net id="388"><net_src comp="384" pin="1"/><net_sink comp="169" pin=1"/></net>

<net id="389"><net_src comp="384" pin="1"/><net_sink comp="186" pin=0"/></net>

<net id="390"><net_src comp="384" pin="1"/><net_sink comp="308" pin=1"/></net>

<net id="394"><net_src comp="140" pin="2"/><net_sink comp="391" pin=0"/></net>

<net id="395"><net_src comp="391" pin="1"/><net_sink comp="320" pin=0"/></net>

<net id="399"><net_src comp="146" pin="1"/><net_sink comp="396" pin=0"/></net>

<net id="400"><net_src comp="396" pin="1"/><net_sink comp="129" pin=2"/></net>

<net id="404"><net_src comp="58" pin="3"/><net_sink comp="401" pin=0"/></net>

<net id="405"><net_src comp="401" pin="1"/><net_sink comp="65" pin=0"/></net>

<net id="409"><net_src comp="71" pin="3"/><net_sink comp="406" pin=0"/></net>

<net id="410"><net_src comp="406" pin="1"/><net_sink comp="78" pin=0"/></net>

<net id="414"><net_src comp="65" pin="3"/><net_sink comp="411" pin=0"/></net>

<net id="415"><net_src comp="411" pin="1"/><net_sink comp="162" pin=0"/></net>

<net id="419"><net_src comp="78" pin="3"/><net_sink comp="416" pin=0"/></net>

<net id="420"><net_src comp="416" pin="1"/><net_sink comp="254" pin=0"/></net>

<net id="424"><net_src comp="162" pin="1"/><net_sink comp="421" pin=0"/></net>

<net id="425"><net_src comp="421" pin="1"/><net_sink comp="372" pin=0"/></net>

<net id="429"><net_src comp="165" pin="1"/><net_sink comp="426" pin=0"/></net>

<net id="430"><net_src comp="426" pin="1"/><net_sink comp="372" pin=1"/></net>

<net id="434"><net_src comp="169" pin="2"/><net_sink comp="431" pin=0"/></net>

<net id="435"><net_src comp="431" pin="1"/><net_sink comp="191" pin=1"/></net>

<net id="436"><net_src comp="431" pin="1"/><net_sink comp="360" pin=2"/></net>

<net id="440"><net_src comp="174" pin="1"/><net_sink comp="437" pin=0"/></net>

<net id="441"><net_src comp="437" pin="1"/><net_sink comp="325" pin=0"/></net>

<net id="442"><net_src comp="437" pin="1"/><net_sink comp="341" pin=0"/></net>

<net id="446"><net_src comp="178" pin="3"/><net_sink comp="443" pin=0"/></net>

<net id="447"><net_src comp="443" pin="1"/><net_sink comp="308" pin=2"/></net>

<net id="451"><net_src comp="186" pin="2"/><net_sink comp="448" pin=0"/></net>

<net id="452"><net_src comp="448" pin="1"/><net_sink comp="226" pin=1"/></net>

<net id="453"><net_src comp="448" pin="1"/><net_sink comp="330" pin=0"/></net>

<net id="454"><net_src comp="448" pin="1"/><net_sink comp="360" pin=0"/></net>

<net id="458"><net_src comp="84" pin="3"/><net_sink comp="455" pin=0"/></net>

<net id="459"><net_src comp="455" pin="1"/><net_sink comp="98" pin=0"/></net>

<net id="463"><net_src comp="91" pin="3"/><net_sink comp="460" pin=0"/></net>

<net id="464"><net_src comp="460" pin="1"/><net_sink comp="104" pin=0"/></net>

<net id="468"><net_src comp="216" pin="2"/><net_sink comp="465" pin=0"/></net>

<net id="469"><net_src comp="465" pin="1"/><net_sink comp="254" pin=1"/></net>

<net id="473"><net_src comp="231" pin="3"/><net_sink comp="470" pin=0"/></net>

<net id="474"><net_src comp="470" pin="1"/><net_sink comp="267" pin=1"/></net>

<net id="478"><net_src comp="372" pin="2"/><net_sink comp="475" pin=0"/></net>

<net id="479"><net_src comp="475" pin="1"/><net_sink comp="264" pin=0"/></net>

<net id="483"><net_src comp="239" pin="1"/><net_sink comp="480" pin=0"/></net>

<net id="484"><net_src comp="480" pin="1"/><net_sink comp="280" pin=0"/></net>

<net id="488"><net_src comp="243" pin="1"/><net_sink comp="485" pin=0"/></net>

<net id="489"><net_src comp="485" pin="1"/><net_sink comp="280" pin=1"/></net>

<net id="493"><net_src comp="246" pin="3"/><net_sink comp="490" pin=0"/></net>

<net id="494"><net_src comp="490" pin="1"/><net_sink comp="275" pin=1"/></net>

<net id="498"><net_src comp="254" pin="3"/><net_sink comp="495" pin=0"/></net>

<net id="499"><net_src comp="495" pin="1"/><net_sink comp="272" pin=0"/></net>

<net id="500"><net_src comp="495" pin="1"/><net_sink comp="284" pin=1"/></net>

<net id="504"><net_src comp="260" pin="1"/><net_sink comp="501" pin=0"/></net>

<net id="505"><net_src comp="501" pin="1"/><net_sink comp="284" pin=0"/></net>

<net id="509"><net_src comp="267" pin="2"/><net_sink comp="506" pin=0"/></net>

<net id="510"><net_src comp="506" pin="1"/><net_sink comp="98" pin=1"/></net>

<net id="514"><net_src comp="275" pin="2"/><net_sink comp="511" pin=0"/></net>

<net id="515"><net_src comp="511" pin="1"/><net_sink comp="104" pin=1"/></net>

<net id="519"><net_src comp="288" pin="4"/><net_sink comp="516" pin=0"/></net>

<net id="520"><net_src comp="516" pin="1"/><net_sink comp="320" pin=1"/></net>

<net id="524"><net_src comp="298" pin="4"/><net_sink comp="521" pin=0"/></net>

<net id="525"><net_src comp="521" pin="1"/><net_sink comp="320" pin=2"/></net>

</net_list>

</model> 
---------------- Datapath Model END ------------------

* FSMD analyzer results:
  - Output states:
	Port: i_2 | {8 }
	Port: in_1 | {1 }
	Port: j | {8 }
	Port: init_2 | {8 }
	Port: shift_reg_p0 | {8 }
	Port: shift_reg_p1 | {8 }
 - Input state : 
	Port: imf3 : x | {1 }
	Port: imf3 : i_2 | {1 }
	Port: imf3 : in_1 | {1 }
	Port: imf3 : j | {5 }
	Port: imf3 : c_5_0 | {1 2 }
	Port: imf3 : init_2 | {6 }
	Port: imf3 : shift_reg_p0 | {5 6 }
	Port: imf3 : c_5_1 | {1 2 }
	Port: imf3 : shift_reg_p1 | {5 6 }
  - Chain level:
	State 1
		icmp_ln23 : 1
		br_ln23 : 2
		zext_ln30 : 1
		c_5_0_addr : 2
		c_5_0_load : 3
		c_5_1_addr : 2
		c_5_1_load : 3
	State 2
	State 3
		m : 1
	State 4
	State 5
		ch_4 : 1
		tmp_3 : 2
		zext_ln30_1 : 3
		shift_reg_p0_addr : 4
		shift_reg_p1_addr : 4
		shift_reg_p0_load : 5
		shift_reg_p1_load : 5
		sub_ln46 : 1
	State 6
		or_ln30 : 1
		select_ln30 : 1
		trunc_ln30 : 2
		trunc_ln30_1 : 1
		select_ln30_1 : 1
		trunc_ln31 : 2
	State 7
		acc0 : 1
		acc1 : 1
		tmp_4 : 1
		tmp_5 : 1
	State 8
		zext_ln33 : 1
		shift_reg_p0_addr_1 : 2
		shift_reg_p1_addr_1 : 2
		store_ln33 : 3
		store_ln34 : 3
		and_ln37 : 1
		br_ln37 : 1
		select_ln40 : 1
		store_ln40 : 2
		store_ln42 : 1
		ret_ln43 : 1


============================================================
+ Verbose Summary: Datapath Resource usage 
============================================================

* Functional unit list:
|----------|----------------------|---------|---------|---------|
| Operation|    Functional Unit   |  DSP48E |    FF   |   LUT   |
|----------|----------------------|---------|---------|---------|
|          |      inc_fu_169      |    0    |    0    |    15   |
|          |      acc0_fu_267     |    0    |    0    |    45   |
|    add   |      acc1_fu_275     |    0    |    0    |    45   |
|          |    add_ln36_fu_280   |    0    |    0    |    42   |
|          |   add_ln36_1_fu_284  |    0    |    0    |    42   |
|          |    add_ln40_fu_341   |    0    |    0    |    15   |
|----------|----------------------|---------|---------|---------|
|          |  select_ln30_fu_231  |    0    |    0    |    38   |
|          | select_ln30_1_fu_246 |    0    |    0    |    38   |
|  select  |      m_1_fu_254      |    0    |    0    |    35   |
|          |  select_ln36_fu_320  |    0    |    0    |    18   |
|          |  select_ln40_fu_346  |    0    |    0    |    6    |
|          |     inc_2_fu_360     |    0    |    0    |    6    |
|----------|----------------------|---------|---------|---------|
|    sub   |    sub_ln46_fu_216   |    0    |    0    |    42   |
|----------|----------------------|---------|---------|---------|
|          |   icmp_ln23_fu_140   |    0    |    0    |    11   |
|   icmp   |   icmp_ln30_fu_186   |    0    |    0    |    11   |
|          |   icmp_ln37_fu_325   |    0    |    0    |    11   |
|----------|----------------------|---------|---------|---------|
|    or    |    or_ln30_fu_226    |    0    |    0    |    6    |
|----------|----------------------|---------|---------|---------|
|    and   |    and_ln37_fu_330   |    0    |    0    |    6    |
|----------|----------------------|---------|---------|---------|
|    mul   |      grp_fu_372      |    1    |    0    |    0    |
|----------|----------------------|---------|---------|---------|
|   read   |   x_read_read_fu_52  |    0    |    0    |    0    |
|----------|----------------------|---------|---------|---------|
|          |   zext_ln30_fu_156   |    0    |    0    |    0    |
|   zext   |  zext_ln30_1_fu_198  |    0    |    0    |    0    |
|          |   zext_ln33_fu_314   |    0    |    0    |    0    |
|----------|----------------------|---------|---------|---------|
|          |   sext_ln46_fu_162   |    0    |    0    |    0    |
|          |  sext_ln46_1_fu_165  |    0    |    0    |    0    |
|   sext   |  sext_ln46_2_fu_204  |    0    |    0    |    0    |
|          |   sext_ln47_fu_264   |    0    |    0    |    0    |
|          |  sext_ln47_1_fu_272  |    0    |    0    |    0    |
|----------|----------------------|---------|---------|---------|
| bitselect|      ch_4_fu_178     |    0    |    0    |    0    |
|----------|----------------------|---------|---------|---------|
|          |     tmp_3_fu_191     |    0    |    0    |    0    |
|bitconcatenate|     shl_ln_fu_208    |    0    |    0    |    0    |
|          |      tmp_fu_308      |    0    |    0    |    0    |
|----------|----------------------|---------|---------|---------|
|          |   trunc_ln30_fu_239  |    0    |    0    |    0    |
|   trunc  |  trunc_ln30_1_fu_243 |    0    |    0    |    0    |
|          |   trunc_ln31_fu_260  |    0    |    0    |    0    |
|----------|----------------------|---------|---------|---------|
|partselect|     tmp_4_fu_288     |    0    |    0    |    0    |
|          |     tmp_5_fu_298     |    0    |    0    |    0    |
|----------|----------------------|---------|---------|---------|
|   Total  |                      |    1    |    0    |   432   |
|----------|----------------------|---------|---------|---------|

Memories:
N/A

* Register list:
+-------------------------+--------+
|                         |   FF   |
+-------------------------+--------+
|       acc0_reg_506      |   38   |
|       acc1_reg_511      |   38   |
|    c_5_0_addr_reg_401   |    3   |
|    c_5_0_load_reg_411   |   18   |
|    c_5_1_addr_reg_406   |    3   |
|    c_5_1_load_reg_416   |    1   |
|       ch_4_reg_443      |    1   |
|     d_assign_reg_126    |   18   |
|     i_2_load_reg_384    |    6   |
|    icmp_ln23_reg_391    |    1   |
|    icmp_ln30_reg_448    |    1   |
|    in_1_load_reg_396    |   18   |
|       inc_reg_431       |    6   |
|       m_1_reg_495       |   35   |
|        m_reg_475        |   36   |
|     p_Val2_s_reg_437    |    6   |
|  select_ln30_1_reg_490  |   38   |
|   select_ln30_reg_470   |   38   |
|   sext_ln46_1_reg_426   |   36   |
|    sext_ln46_reg_421    |   36   |
|shift_reg_p0_addr_reg_455|    4   |
|shift_reg_p1_addr_reg_460|    4   |
|     sub_ln46_reg_465    |   35   |
|      tmp_4_reg_516      |   18   |
|      tmp_5_reg_521      |   18   |
|   trunc_ln30_1_reg_485  |   35   |
|    trunc_ln30_reg_480   |   35   |
|    trunc_ln31_reg_501   |   35   |
|      x_read_reg_379     |   18   |
+-------------------------+--------+
|          Total          |   579  |
+-------------------------+--------+

* Multiplexer (MUX) list: 
|-------------------|------|------|------|--------||---------||---------|
|        Comp       |  Pin | Size |  BW  | S x BW ||  Delay  ||   LUT   |
|-------------------|------|------|------|--------||---------||---------|
|  grp_access_fu_65 |  p0  |   2  |   3  |    6   ||    9    |
|  grp_access_fu_78 |  p0  |   2  |   3  |    6   ||    9    |
|  grp_access_fu_98 |  p0  |   3  |   4  |   12   ||    15   |
| grp_access_fu_104 |  p0  |   3  |   4  |   12   ||    15   |
|     grp_fu_372    |  p0  |   2  |  18  |   36   ||    9    |
|     grp_fu_372    |  p1  |   2  |  18  |   36   ||    9    |
|-------------------|------|------|------|--------||---------||---------|
|       Total       |      |      |      |   108  ||  6.503  ||    66   |
|-------------------|------|------|------|--------||---------||---------|



* Summary:
+-----------+--------+--------+--------+--------+
|           | DSP48E |  Delay |   FF   |   LUT  |
+-----------+--------+--------+--------+--------+
|  Function |    1   |    -   |    0   |   432  |
|   Memory  |    -   |    -   |    -   |    -   |
|Multiplexer|    -   |    6   |    -   |   66   |
|  Register |    -   |    -   |   579  |    -   |
+-----------+--------+--------+--------+--------+
|   Total   |    1   |    6   |   579  |   498  |
+-----------+--------+--------+--------+--------+
