

================================================================
== Vivado HLS Report for 'mixer'
================================================================
* Date:           Tue Feb 11 19:48:23 2020

* Version:        2019.2 (Build 2704478 on Wed Nov 06 22:10:23 MST 2019)
* Project:        duc_prj
* Solution:       solution1
* Product family: kintex7
* Target device:  xc7k160t-fbg484-1


================================================================
== Performance Estimates
================================================================
+ Timing: 
    * Summary: 
    +--------+---------+----------+------------+
    |  Clock |  Target | Estimated| Uncertainty|
    +--------+---------+----------+------------+
    |ap_clk  | 2.71 ns | 2.710 ns |   0.34 ns  |
    +--------+---------+----------+------------+

+ Latency: 
    * Summary: 
    +---------+---------+----------+-----------+-----+-----+---------+
    |  Latency (cycles) |  Latency (absolute)  |  Interval | Pipeline|
    |   min   |   max   |    min   |    max    | min | max |   Type  |
    +---------+---------+----------+-----------+-----+-----+---------+
    |        1|        9| 2.710 ns | 24.390 ns |    1|    9|   none  |
    +---------+---------+----------+-----------+-----+-----+---------+

    + Detail: 
        * Instance: 
        N/A

        * Loop: 
        N/A

============================================================
+ Verbose Summary: Synthesis Manager
============================================================
InlineROM: 1
ExposeGlobal: 0
============================================================
+ Verbose Summary: CDFG Model
============================================================
IsTopModel: 0
ResetActiveHigh: 1
IsCombinational: 0
IsDatapathOnly: 0
HasWiredReturn: 1
HasMFsm: 0
HasVarLatency: 1
IsPipeline: 0
IsRtlPipelined: 0
IsInstanceOverlapped: 0
IsDontTouch: 0
HasImplIP: 0
IsGatedGlobalClock: 0


============================================================
+ Verbose Summary: Schedule
============================================================
* Number of FSM states : 10
* Pipeline : 0
* Dataflow Pipeline: 0

* FSM state transitions: 
1 --> 2 10 
2 --> 3 
3 --> 4 
4 --> 5 
5 --> 6 
6 --> 7 
7 --> 8 
8 --> 9 
9 --> 10 
10 --> 

* FSM state operations: 

State 1 <SV = 0> <Delay = 2.03>
ST_1 : Operation 11 [1/1] (0.00ns)   --->   "%Din_read = call i18 @_ssdm_op_Read.ap_auto.i18(i18 %Din) nounwind" [mixer.c:22]   --->   Operation 11 'read' 'Din_read' <Predicate = true> <Delay = 0.00>
ST_1 : Operation 12 [1/1] (0.00ns)   --->   "%freq_read = call i16 @_ssdm_op_Read.ap_auto.i16(i16 %freq) nounwind" [mixer.c:22]   --->   Operation 12 'read' 'freq_read' <Predicate = true> <Delay = 0.00>
ST_1 : Operation 13 [1/1] (0.00ns)   --->   "%i_1_load = load i3* @i_1, align 1" [mixer.c:37]   --->   Operation 13 'load' 'i_1_load' <Predicate = true> <Delay = 0.00>
ST_1 : Operation 14 [1/1] (1.16ns)   --->   "%inc = add i3 %i_1_load, 1" [mixer.c:37]   --->   Operation 14 'add' 'inc' <Predicate = true> <Delay = 1.16> <Core = "AddSub">   --->   Core 14 'AddSub' <Latency = 0> <II = 1> <Delay = 1.32> <FuncUnit> <Opcode : 'add' 'sub'> <InPorts = 2> <OutPorts = 1>
ST_1 : Operation 15 [1/1] (0.00ns)   --->   "%tmp_3 = call i2 @_ssdm_op_PartSelect.i2.i3.i32.i32(i3 %i_1_load, i32 1, i32 2)" [mixer.c:38]   --->   Operation 15 'partselect' 'tmp_3' <Predicate = true> <Delay = 0.00>
ST_1 : Operation 16 [1/1] (0.64ns)   --->   "%valid_in = icmp eq i2 %tmp_3, 0" [mixer.c:38]   --->   Operation 16 'icmp' 'valid_in' <Predicate = true> <Delay = 0.64> <Core = "Cmp">   --->   Core 25 'Cmp' <Latency = 0> <II = 1> <Delay = 0.86> <FuncUnit> <Opcode : 'icmp'> <InPorts = 2> <OutPorts = 1>
ST_1 : Operation 17 [1/1] (0.00ns)   --->   "%init_1_load = load i1* @init_1, align 1" [mixer.c:39]   --->   Operation 17 'load' 'init_1_load' <Predicate = true> <Delay = 0.00>
ST_1 : Operation 18 [1/1] (0.54ns)   --->   "%freq_dds = select i1 %init_1_load, i16 0, i16 %freq_read" [mixer.c:39]   --->   Operation 18 'select' 'freq_dds' <Predicate = true> <Delay = 0.54> <Core = "Sel">   --->   Core 26 'Sel' <Latency = 0> <II = 1> <Delay = 0.65> <FuncUnit> <Opcode : 'select'> <InPorts = 3> <OutPorts = 1>
ST_1 : Operation 19 [1/1] (0.00ns)   --->   "%ch_1_load = load i1* @ch_1, align 1" [mixer.c:45]   --->   Operation 19 'load' 'ch_1_load' <Predicate = true> <Delay = 0.00>
ST_1 : Operation 20 [1/1] (0.61ns)   --->   "%and_ln45 = and i1 %ch_1_load, %valid_in" [mixer.c:45]   --->   Operation 20 'and' 'and_ln45' <Predicate = true> <Delay = 0.61> <Core = "LogicGate">   --->   Core 27 'LogicGate' <Latency = 0> <II = 1> <Delay = 0.61> <FuncUnit> <Opcode : 'and' 'or' 'xor'> <InPorts = 2> <OutPorts = 1>
ST_1 : Operation 21 [1/1] (0.00ns)   --->   "%index_load = load i4* @index, align 1" [mixer.c:46]   --->   Operation 21 'load' 'index_load' <Predicate = true> <Delay = 0.00>
ST_1 : Operation 22 [1/1] (0.00ns)   --->   "br i1 %and_ln45, label %1, label %2" [mixer.c:45]   --->   Operation 22 'br' <Predicate = true> <Delay = 0.00>
ST_1 : Operation 23 [1/1] (0.00ns)   --->   "br i1 %valid_in, label %3, label %._crit_edge" [mixer.c:48]   --->   Operation 23 'br' <Predicate = (!and_ln45)> <Delay = 0.00>
ST_1 : Operation 24 [1/1] (0.00ns)   --->   "%acc_load = load i16* @acc, align 2" [dds.c:12->mixer.c:49]   --->   Operation 24 'load' 'acc_load' <Predicate = (!and_ln45 & valid_in)> <Delay = 0.00>
ST_1 : Operation 25 [1/1] (1.48ns)   --->   "%add_ln12 = add i16 %acc_load, %freq_dds" [dds.c:12->mixer.c:49]   --->   Operation 25 'add' 'add_ln12' <Predicate = (!and_ln45 & valid_in)> <Delay = 1.48> <Core = "AddSub">   --->   Core 14 'AddSub' <Latency = 0> <II = 1> <Delay = 1.32> <FuncUnit> <Opcode : 'add' 'sub'> <InPorts = 2> <OutPorts = 1>
ST_1 : Operation 26 [1/1] (0.00ns)   --->   "store i16 %add_ln12, i16* @acc, align 2" [dds.c:12->mixer.c:49]   --->   Operation 26 'store' <Predicate = (!and_ln45 & valid_in)> <Delay = 0.00>
ST_1 : Operation 27 [1/1] (0.00ns)   --->   "%phase1 = call i5 @_ssdm_op_PartSelect.i5.i16.i32.i32(i16 %add_ln12, i32 11, i32 15)" [dds.c:24->mixer.c:49]   --->   Operation 27 'partselect' 'phase1' <Predicate = (!and_ln45 & valid_in)> <Delay = 0.00>
ST_1 : Operation 28 [1/1] (0.00ns)   --->   "%zext_ln46 = zext i4 %index_load to i64" [mixer.c:46]   --->   Operation 28 'zext' 'zext_ln46' <Predicate = (and_ln45)> <Delay = 0.00>
ST_1 : Operation 29 [1/1] (0.00ns)   --->   "%DI_cache_addr = getelementptr inbounds [16 x i18]* @DI_cache, i64 0, i64 %zext_ln46" [mixer.c:46]   --->   Operation 29 'getelementptr' 'DI_cache_addr' <Predicate = (and_ln45)> <Delay = 0.00>
ST_1 : Operation 30 [1/1] (1.42ns)   --->   "store i18 %Din_read, i18* %DI_cache_addr, align 4" [mixer.c:46]   --->   Operation 30 'store' <Predicate = (and_ln45)> <Delay = 1.42> <Core = "RAM">   --->   Core 37 'RAM' <Latency = 1> <II = 1> <Delay = 1.42> <Storage> <Opcode : 'load' 'store'> <Ports = 2> <Width = 18> <Depth = 16> <RAM>
ST_1 : Operation 31 [1/1] (0.00ns)   --->   "br label %5" [mixer.c:47]   --->   Operation 31 'br' <Predicate = (and_ln45)> <Delay = 0.00>

State 2 <SV = 1> <Delay = 1.33>
ST_2 : Operation 32 [1/1] (1.33ns)   --->   "%phase2 = sub i5 8, %phase1" [dds.c:32->mixer.c:49]   --->   Operation 32 'sub' 'phase2' <Predicate = true> <Delay = 1.33> <Core = "AddSub">   --->   Core 14 'AddSub' <Latency = 0> <II = 1> <Delay = 1.32> <FuncUnit> <Opcode : 'add' 'sub'> <InPorts = 2> <OutPorts = 1>

State 3 <SV = 2> <Delay = 1.33>
ST_3 : Operation 33 [1/1] (0.00ns)   --->   "%zext_ln26 = zext i5 %phase1 to i64" [dds.c:26->mixer.c:49]   --->   Operation 33 'zext' 'zext_ln26' <Predicate = true> <Delay = 0.00>
ST_3 : Operation 34 [1/1] (0.00ns)   --->   "%dds_table_addr = getelementptr inbounds [32 x i16]* @dds_table, i64 0, i64 %zext_ln26" [dds.c:26->mixer.c:49]   --->   Operation 34 'getelementptr' 'dds_table_addr' <Predicate = true> <Delay = 0.00>
ST_3 : Operation 35 [2/2] (1.33ns)   --->   "%sine = load i16* %dds_table_addr, align 2" [dds.c:26->mixer.c:49]   --->   Operation 35 'load' 'sine' <Predicate = true> <Delay = 1.33> <Core = "ROM_nP">   --->   Core 52 'ROM_nP' <Latency = 1> <II = 1> <Delay = 1.33> <Storage> <Opcode : 'load'> <Ports = 0> <Width = 16> <Depth = 32> <ROM>
ST_3 : Operation 36 [1/1] (0.00ns)   --->   "%zext_ln33 = zext i5 %phase2 to i64" [dds.c:33->mixer.c:49]   --->   Operation 36 'zext' 'zext_ln33' <Predicate = true> <Delay = 0.00>
ST_3 : Operation 37 [1/1] (0.00ns)   --->   "%dds_table_addr_1 = getelementptr inbounds [32 x i16]* @dds_table, i64 0, i64 %zext_ln33" [dds.c:33->mixer.c:49]   --->   Operation 37 'getelementptr' 'dds_table_addr_1' <Predicate = true> <Delay = 0.00>
ST_3 : Operation 38 [2/2] (1.33ns)   --->   "%cosine = load i16* %dds_table_addr_1, align 2" [dds.c:33->mixer.c:49]   --->   Operation 38 'load' 'cosine' <Predicate = true> <Delay = 1.33> <Core = "ROM_nP">   --->   Core 52 'ROM_nP' <Latency = 1> <II = 1> <Delay = 1.33> <Storage> <Opcode : 'load'> <Ports = 0> <Width = 16> <Depth = 32> <ROM>

State 4 <SV = 3> <Delay = 1.33>
ST_4 : Operation 39 [1/2] (1.33ns)   --->   "%sine = load i16* %dds_table_addr, align 2" [dds.c:26->mixer.c:49]   --->   Operation 39 'load' 'sine' <Predicate = true> <Delay = 1.33> <Core = "ROM_nP">   --->   Core 52 'ROM_nP' <Latency = 1> <II = 1> <Delay = 1.33> <Storage> <Opcode : 'load'> <Ports = 0> <Width = 16> <Depth = 32> <ROM>
ST_4 : Operation 40 [1/2] (1.33ns)   --->   "%cosine = load i16* %dds_table_addr_1, align 2" [dds.c:33->mixer.c:49]   --->   Operation 40 'load' 'cosine' <Predicate = true> <Delay = 1.33> <Core = "ROM_nP">   --->   Core 52 'ROM_nP' <Latency = 1> <II = 1> <Delay = 1.33> <Storage> <Opcode : 'load'> <Ports = 0> <Width = 16> <Depth = 32> <ROM>

State 5 <SV = 4> <Delay = 2.71>
ST_5 : Operation 41 [1/1] (0.00ns)   --->   "%zext_ln50 = zext i4 %index_load to i64" [mixer.c:50]   --->   Operation 41 'zext' 'zext_ln50' <Predicate = true> <Delay = 0.00>
ST_5 : Operation 42 [1/1] (0.00ns)   --->   "%DI_cache_addr_1 = getelementptr inbounds [16 x i18]* @DI_cache, i64 0, i64 %zext_ln50" [mixer.c:50]   --->   Operation 42 'getelementptr' 'DI_cache_addr_1' <Predicate = true> <Delay = 0.00>
ST_5 : Operation 43 [2/2] (1.42ns)   --->   "%Din_re = load i18* %DI_cache_addr_1, align 4" [mixer.c:50]   --->   Operation 43 'load' 'Din_re' <Predicate = true> <Delay = 1.42> <Core = "RAM">   --->   Core 37 'RAM' <Latency = 1> <II = 1> <Delay = 1.42> <Storage> <Opcode : 'load' 'store'> <Ports = 2> <Width = 18> <Depth = 16> <RAM>
ST_5 : Operation 44 [1/1] (0.00ns)   --->   "%sext_ln7 = sext i16 %sine to i17" [mixer.c:7->mixer.c:58]   --->   Operation 44 'sext' 'sext_ln7' <Predicate = true> <Delay = 0.00>
ST_5 : Operation 45 [1/1] (0.00ns)   --->   "%sext_ln7_1 = sext i16 %cosine to i17" [mixer.c:7->mixer.c:58]   --->   Operation 45 'sext' 'sext_ln7_1' <Predicate = true> <Delay = 0.00>
ST_5 : Operation 46 [1/1] (1.62ns) (grouped into DSP with root node mul_ln4)   --->   "%tmp_4 = sub i17 %sext_ln7, %sext_ln7_1" [mixer.c:7->mixer.c:58]   --->   Operation 46 'sub' 'tmp_4' <Predicate = true> <Delay = 1.62> <Core = "DSP48">   --->   Core 88 'DSP48' <Latency = 2> <II = 1> <Delay = 2.66> <IPBlock> <Opcode : 'mul' 'add' 'sub' 'select'> <InPorts = 0> <OutPorts = 1> <Sync> <CReg>
ST_5 : Operation 47 [1/1] (0.00ns)   --->   "%sext_ln4 = sext i18 %Din_read to i32" [mixer.c:4->mixer.c:59]   --->   Operation 47 'sext' 'sext_ln4' <Predicate = true> <Delay = 0.00>
ST_5 : Operation 48 [1/1] (0.00ns) (grouped into DSP with root node mul_ln4)   --->   "%sext_ln4_1 = sext i17 %tmp_4 to i32" [mixer.c:4->mixer.c:59]   --->   Operation 48 'sext' 'sext_ln4_1' <Predicate = true> <Delay = 0.00>
ST_5 : Operation 49 [4/4] (1.09ns) (root node of the DSP)   --->   "%mul_ln4 = mul i32 %sext_ln4_1, %sext_ln4" [mixer.c:4->mixer.c:59]   --->   Operation 49 'mul' 'mul_ln4' <Predicate = true> <Delay = 1.09> <Core = "DSP48">   --->   Core 88 'DSP48' <Latency = 2> <II = 1> <Delay = 2.66> <IPBlock> <Opcode : 'mul' 'add' 'sub' 'select'> <InPorts = 0> <OutPorts = 1> <Sync> <CReg>

State 6 <SV = 5> <Delay = 1.42>
ST_6 : Operation 50 [1/2] (1.42ns)   --->   "%Din_re = load i18* %DI_cache_addr_1, align 4" [mixer.c:50]   --->   Operation 50 'load' 'Din_re' <Predicate = true> <Delay = 1.42> <Core = "RAM">   --->   Core 37 'RAM' <Latency = 1> <II = 1> <Delay = 1.42> <Storage> <Opcode : 'load' 'store'> <Ports = 2> <Width = 18> <Depth = 16> <RAM>
ST_6 : Operation 51 [3/4] (1.09ns) (root node of the DSP)   --->   "%mul_ln4 = mul i32 %sext_ln4_1, %sext_ln4" [mixer.c:4->mixer.c:59]   --->   Operation 51 'mul' 'mul_ln4' <Predicate = true> <Delay = 1.09> <Core = "DSP48">   --->   Core 88 'DSP48' <Latency = 2> <II = 1> <Delay = 2.66> <IPBlock> <Opcode : 'mul' 'add' 'sub' 'select'> <InPorts = 0> <OutPorts = 1> <Sync> <CReg>

State 7 <SV = 6> <Delay = 2.71>
ST_7 : Operation 52 [2/4] (1.09ns) (root node of the DSP)   --->   "%mul_ln4 = mul i32 %sext_ln4_1, %sext_ln4" [mixer.c:4->mixer.c:59]   --->   Operation 52 'mul' 'mul_ln4' <Predicate = true> <Delay = 1.09> <Core = "DSP48">   --->   Core 88 'DSP48' <Latency = 2> <II = 1> <Delay = 2.66> <IPBlock> <Opcode : 'mul' 'add' 'sub' 'select'> <InPorts = 0> <OutPorts = 1> <Sync> <CReg>
ST_7 : Operation 53 [1/1] (0.00ns)   --->   "%sext_ln7_2 = sext i18 %Din_re to i19" [mixer.c:7->mixer.c:59]   --->   Operation 53 'sext' 'sext_ln7_2' <Predicate = true> <Delay = 0.00>
ST_7 : Operation 54 [1/1] (0.00ns)   --->   "%sext_ln7_3 = sext i18 %Din_read to i19" [mixer.c:7->mixer.c:59]   --->   Operation 54 'sext' 'sext_ln7_3' <Predicate = true> <Delay = 0.00>
ST_7 : Operation 55 [1/1] (1.62ns) (grouped into DSP with root node add_ln59)   --->   "%tmp = sub i19 %sext_ln7_2, %sext_ln7_3" [mixer.c:7->mixer.c:59]   --->   Operation 55 'sub' 'tmp' <Predicate = true> <Delay = 1.62> <Core = "DSP48">   --->   Core 88 'DSP48' <Latency = 2> <II = 1> <Delay = 2.66> <IPBlock> <Opcode : 'mul' 'add' 'sub' 'select'> <InPorts = 0> <OutPorts = 1> <Sync> <CReg>
ST_7 : Operation 56 [1/1] (0.00ns)   --->   "%sext_ln7_4 = sext i16 %sine to i32" [mac.c:7->mixer.c:8->mixer.c:59]   --->   Operation 56 'sext' 'sext_ln7_4' <Predicate = true> <Delay = 0.00>
ST_7 : Operation 57 [1/1] (0.00ns) (grouped into DSP with root node add_ln59)   --->   "%sext_ln7_5 = sext i19 %tmp to i32" [mac.c:7->mixer.c:8->mixer.c:59]   --->   Operation 57 'sext' 'sext_ln7_5' <Predicate = true> <Delay = 0.00>
ST_7 : Operation 58 [3/3] (1.09ns) (grouped into DSP with root node add_ln59)   --->   "%m = mul i32 %sext_ln7_5, %sext_ln7_4" [mac.c:7->mixer.c:8->mixer.c:59]   --->   Operation 58 'mul' 'm' <Predicate = true> <Delay = 1.09> <Core = "DSP48">   --->   Core 88 'DSP48' <Latency = 2> <II = 1> <Delay = 2.66> <IPBlock> <Opcode : 'mul' 'add' 'sub' 'select'> <InPorts = 0> <OutPorts = 1> <Sync> <CReg>
ST_7 : Operation 59 [1/1] (1.62ns) (grouped into DSP with root node add_ln60)   --->   "%tmp_5 = add i19 %sext_ln7_2, %sext_ln7_3" [mixer.c:16->mixer.c:60]   --->   Operation 59 'add' 'tmp_5' <Predicate = true> <Delay = 1.62> <Core = "DSP48">   --->   Core 88 'DSP48' <Latency = 2> <II = 1> <Delay = 2.66> <IPBlock> <Opcode : 'mul' 'add' 'sub' 'select'> <InPorts = 0> <OutPorts = 1> <Sync> <CReg>
ST_7 : Operation 60 [1/1] (0.00ns)   --->   "%sext_ln18 = sext i16 %cosine to i32" [mixer.c:18->mixer.c:60]   --->   Operation 60 'sext' 'sext_ln18' <Predicate = true> <Delay = 0.00>
ST_7 : Operation 61 [1/1] (0.00ns) (grouped into DSP with root node add_ln60)   --->   "%sext_ln18_1 = sext i19 %tmp_5 to i32" [mixer.c:18->mixer.c:60]   --->   Operation 61 'sext' 'sext_ln18_1' <Predicate = true> <Delay = 0.00>
ST_7 : Operation 62 [3/3] (1.09ns) (grouped into DSP with root node add_ln60)   --->   "%mul_ln18 = mul i32 %sext_ln18_1, %sext_ln18" [mixer.c:18->mixer.c:60]   --->   Operation 62 'mul' 'mul_ln18' <Predicate = true> <Delay = 1.09> <Core = "DSP48">   --->   Core 88 'DSP48' <Latency = 2> <II = 1> <Delay = 2.66> <IPBlock> <Opcode : 'mul' 'add' 'sub' 'select'> <InPorts = 0> <OutPorts = 1> <Sync> <CReg>

State 8 <SV = 7> <Delay = 1.09>
ST_8 : Operation 63 [1/4] (0.00ns) (root node of the DSP)   --->   "%mul_ln4 = mul i32 %sext_ln4_1, %sext_ln4" [mixer.c:4->mixer.c:59]   --->   Operation 63 'mul' 'mul_ln4' <Predicate = true> <Delay = 0.00> <Core = "DSP48">   --->   Core 88 'DSP48' <Latency = 2> <II = 1> <Delay = 2.66> <IPBlock> <Opcode : 'mul' 'add' 'sub' 'select'> <InPorts = 0> <OutPorts = 1> <Sync> <CReg>
ST_8 : Operation 64 [2/3] (1.09ns) (grouped into DSP with root node add_ln59)   --->   "%m = mul i32 %sext_ln7_5, %sext_ln7_4" [mac.c:7->mixer.c:8->mixer.c:59]   --->   Operation 64 'mul' 'm' <Predicate = true> <Delay = 1.09> <Core = "DSP48">   --->   Core 88 'DSP48' <Latency = 2> <II = 1> <Delay = 2.66> <IPBlock> <Opcode : 'mul' 'add' 'sub' 'select'> <InPorts = 0> <OutPorts = 1> <Sync> <CReg>
ST_8 : Operation 65 [2/3] (1.09ns) (grouped into DSP with root node add_ln60)   --->   "%mul_ln18 = mul i32 %sext_ln18_1, %sext_ln18" [mixer.c:18->mixer.c:60]   --->   Operation 65 'mul' 'mul_ln18' <Predicate = true> <Delay = 1.09> <Core = "DSP48">   --->   Core 88 'DSP48' <Latency = 2> <II = 1> <Delay = 2.66> <IPBlock> <Opcode : 'mul' 'add' 'sub' 'select'> <InPorts = 0> <OutPorts = 1> <Sync> <CReg>

State 9 <SV = 8> <Delay = 2.71>
ST_9 : Operation 66 [1/3] (0.00ns) (grouped into DSP with root node add_ln59)   --->   "%m = mul i32 %sext_ln7_5, %sext_ln7_4" [mac.c:7->mixer.c:8->mixer.c:59]   --->   Operation 66 'mul' 'm' <Predicate = true> <Delay = 0.00> <Core = "DSP48">   --->   Core 88 'DSP48' <Latency = 2> <II = 1> <Delay = 2.66> <IPBlock> <Opcode : 'mul' 'add' 'sub' 'select'> <InPorts = 0> <OutPorts = 1> <Sync> <CReg>
ST_9 : Operation 67 [1/1] (2.71ns) (root node of the DSP)   --->   "%add_ln59 = add i32 %m, %mul_ln4" [mixer.c:59]   --->   Operation 67 'add' 'add_ln59' <Predicate = true> <Delay = 2.71> <Core = "DSP48">   --->   Core 88 'DSP48' <Latency = 2> <II = 1> <Delay = 2.66> <IPBlock> <Opcode : 'mul' 'add' 'sub' 'select'> <InPorts = 0> <OutPorts = 1> <Sync> <CReg>
ST_9 : Operation 68 [1/3] (0.00ns) (grouped into DSP with root node add_ln60)   --->   "%mul_ln18 = mul i32 %sext_ln18_1, %sext_ln18" [mixer.c:18->mixer.c:60]   --->   Operation 68 'mul' 'mul_ln18' <Predicate = true> <Delay = 0.00> <Core = "DSP48">   --->   Core 88 'DSP48' <Latency = 2> <II = 1> <Delay = 2.66> <IPBlock> <Opcode : 'mul' 'add' 'sub' 'select'> <InPorts = 0> <OutPorts = 1> <Sync> <CReg>
ST_9 : Operation 69 [1/1] (2.71ns) (root node of the DSP)   --->   "%add_ln60 = add i32 %mul_ln18, %mul_ln4" [mixer.c:60]   --->   Operation 69 'add' 'add_ln60' <Predicate = true> <Delay = 2.71> <Core = "DSP48">   --->   Core 88 'DSP48' <Latency = 2> <II = 1> <Delay = 2.66> <IPBlock> <Opcode : 'mul' 'add' 'sub' 'select'> <InPorts = 0> <OutPorts = 1> <Sync> <CReg>

State 10 <SV = 9> <Delay = 1.51>
ST_10 : Operation 70 [1/1] (0.00ns)   --->   "%trunc_ln = call i18 @_ssdm_op_PartSelect.i18.i32.i32.i32(i32 %add_ln59, i32 14, i32 31)" [mixer.c:59]   --->   Operation 70 'partselect' 'trunc_ln' <Predicate = (!and_ln45 & valid_in)> <Delay = 0.00>
ST_10 : Operation 71 [1/1] (0.00ns)   --->   "call void @_ssdm_op_Write.ap_auto.i18P(i18* %Dout_I, i18 %trunc_ln) nounwind" [mixer.c:59]   --->   Operation 71 'write' <Predicate = (!and_ln45 & valid_in)> <Delay = 0.00>
ST_10 : Operation 72 [1/1] (0.00ns)   --->   "%trunc_ln1 = call i18 @_ssdm_op_PartSelect.i18.i32.i32.i32(i32 %add_ln60, i32 14, i32 31)" [mixer.c:60]   --->   Operation 72 'partselect' 'trunc_ln1' <Predicate = (!and_ln45 & valid_in)> <Delay = 0.00>
ST_10 : Operation 73 [1/1] (0.00ns)   --->   "call void @_ssdm_op_Write.ap_auto.i18P(i18* %Dout_Q, i18 %trunc_ln1) nounwind" [mixer.c:60]   --->   Operation 73 'write' <Predicate = (!and_ln45 & valid_in)> <Delay = 0.00>
ST_10 : Operation 74 [1/1] (1.08ns)   --->   "%icmp_ln62 = icmp eq i4 %index_load, -1" [mixer.c:62]   --->   Operation 74 'icmp' 'icmp_ln62' <Predicate = (!and_ln45 & valid_in)> <Delay = 1.08> <Core = "Cmp">   --->   Core 25 'Cmp' <Latency = 0> <II = 1> <Delay = 0.86> <FuncUnit> <Opcode : 'icmp'> <InPorts = 2> <OutPorts = 1>
ST_10 : Operation 75 [1/1] (0.00ns)   --->   "br i1 %icmp_ln62, label %4, label %._crit_edge2" [mixer.c:62]   --->   Operation 75 'br' <Predicate = (!and_ln45 & valid_in)> <Delay = 0.00>
ST_10 : Operation 76 [1/1] (0.00ns)   --->   "store i1 false, i1* @init_1, align 1" [mixer.c:64]   --->   Operation 76 'store' <Predicate = (!and_ln45 & valid_in & icmp_ln62)> <Delay = 0.00>
ST_10 : Operation 77 [1/1] (0.00ns)   --->   "br label %._crit_edge2" [mixer.c:65]   --->   Operation 77 'br' <Predicate = (!and_ln45 & valid_in & icmp_ln62)> <Delay = 0.00>
ST_10 : Operation 78 [1/1] (0.00ns)   --->   "br label %._crit_edge" [mixer.c:66]   --->   Operation 78 'br' <Predicate = (!and_ln45 & valid_in)> <Delay = 0.00>
ST_10 : Operation 79 [1/1] (0.00ns)   --->   "br label %5"   --->   Operation 79 'br' <Predicate = (!and_ln45)> <Delay = 0.00>
ST_10 : Operation 80 [1/1] (1.08ns)   --->   "%icmp_ln68 = icmp eq i4 %index_load, -1" [mixer.c:68]   --->   Operation 80 'icmp' 'icmp_ln68' <Predicate = true> <Delay = 1.08> <Core = "Cmp">   --->   Core 25 'Cmp' <Latency = 0> <II = 1> <Delay = 0.86> <FuncUnit> <Opcode : 'icmp'> <InPorts = 2> <OutPorts = 1>
ST_10 : Operation 81 [1/1] (0.00ns)   --->   "br i1 %icmp_ln68, label %6, label %._crit_edge3" [mixer.c:68]   --->   Operation 81 'br' <Predicate = true> <Delay = 0.00>
ST_10 : Operation 82 [1/1] (0.61ns)   --->   "%xor_ln68 = xor i1 %ch_1_load, true" [mixer.c:68]   --->   Operation 82 'xor' 'xor_ln68' <Predicate = (icmp_ln68)> <Delay = 0.61> <Core = "LogicGate">   --->   Core 27 'LogicGate' <Latency = 0> <II = 1> <Delay = 0.61> <FuncUnit> <Opcode : 'and' 'or' 'xor'> <InPorts = 2> <OutPorts = 1>
ST_10 : Operation 83 [1/1] (0.00ns)   --->   "store i1 %xor_ln68, i1* @ch_1, align 1" [mixer.c:68]   --->   Operation 83 'store' <Predicate = (icmp_ln68)> <Delay = 0.00>
ST_10 : Operation 84 [1/1] (0.00ns)   --->   "br label %._crit_edge3" [mixer.c:68]   --->   Operation 84 'br' <Predicate = (icmp_ln68)> <Delay = 0.00>
ST_10 : Operation 85 [1/1] (0.00ns)   --->   "br i1 %valid_in, label %7, label %._crit_edge4" [mixer.c:69]   --->   Operation 85 'br' <Predicate = true> <Delay = 0.00>
ST_10 : Operation 86 [1/1] (1.32ns)   --->   "%add_ln69 = add i4 %index_load, 1" [mixer.c:69]   --->   Operation 86 'add' 'add_ln69' <Predicate = (valid_in)> <Delay = 1.32> <Core = "AddSub">   --->   Core 14 'AddSub' <Latency = 0> <II = 1> <Delay = 1.32> <FuncUnit> <Opcode : 'add' 'sub'> <InPorts = 2> <OutPorts = 1>
ST_10 : Operation 87 [1/1] (0.00ns)   --->   "store i4 %add_ln69, i4* @index, align 1" [mixer.c:69]   --->   Operation 87 'store' <Predicate = (valid_in)> <Delay = 0.00>
ST_10 : Operation 88 [1/1] (0.00ns)   --->   "br label %._crit_edge4" [mixer.c:69]   --->   Operation 88 'br' <Predicate = (valid_in)> <Delay = 0.00>
ST_10 : Operation 89 [1/1] (0.86ns)   --->   "%icmp_ln70 = icmp eq i3 %i_1_load, -3" [mixer.c:70]   --->   Operation 89 'icmp' 'icmp_ln70' <Predicate = true> <Delay = 0.86> <Core = "Cmp">   --->   Core 25 'Cmp' <Latency = 0> <II = 1> <Delay = 0.86> <FuncUnit> <Opcode : 'icmp'> <InPorts = 2> <OutPorts = 1>
ST_10 : Operation 90 [1/1] (0.65ns)   --->   "%inc_1 = select i1 %icmp_ln70, i3 0, i3 %inc" [mixer.c:70]   --->   Operation 90 'select' 'inc_1' <Predicate = true> <Delay = 0.65> <Core = "Sel">   --->   Core 26 'Sel' <Latency = 0> <II = 1> <Delay = 0.65> <FuncUnit> <Opcode : 'select'> <InPorts = 3> <OutPorts = 1>
ST_10 : Operation 91 [1/1] (0.00ns)   --->   "store i3 %inc_1, i3* @i_1, align 1" [mixer.c:70]   --->   Operation 91 'store' <Predicate = true> <Delay = 0.00>
ST_10 : Operation 92 [1/1] (0.00ns)   --->   "ret void" [mixer.c:71]   --->   Operation 92 'ret' <Predicate = true> <Delay = 0.00>


============================================================
+ Verbose Summary: Binding
============================================================
STG Binding: 
---------------- STG Properties BEGIN ----------------
- Is combinational: 0
- Is one-state seq: 0
- Is datapath-only: 0
- Is pipelined: 0
- Is top level: 0
Port [ Return ] is wired: 1; IO mode=ap_ctrl_hs:ce=0
Port [ freq]:  wired=1; compound=0; hidden=0; nouse=0; global=0; static=0; extern=0; dir=0; type=0; pingpong=0; private_global=0; IO mode=ap_none:ce=0
Port [ Din]:  wired=1; compound=0; hidden=0; nouse=0; global=0; static=0; extern=0; dir=0; type=0; pingpong=0; private_global=0; IO mode=ap_none:ce=0
Port [ Dout_I]:  wired=1; compound=0; hidden=0; nouse=0; global=0; static=0; extern=0; dir=1; type=0; pingpong=0; private_global=0; IO mode=ap_vld:ce=0
Port [ Dout_Q]:  wired=1; compound=0; hidden=0; nouse=0; global=0; static=0; extern=0; dir=1; type=0; pingpong=0; private_global=0; IO mode=ap_vld:ce=0
Port [ i_1]:  wired=0; compound=0; hidden=1; nouse=0; global=1; static=1; extern=0; dir=2; type=0; pingpong=0; private_global=1; linkage=7; visibility=0; IO mode=ap_ovld:ce=0
Port [ init_1]:  wired=0; compound=0; hidden=1; nouse=0; global=1; static=1; extern=0; dir=2; type=0; pingpong=0; private_global=1; linkage=7; visibility=0; IO mode=ap_ovld:ce=0
Port [ ch_1]:  wired=0; compound=0; hidden=1; nouse=0; global=1; static=1; extern=0; dir=2; type=0; pingpong=0; private_global=1; linkage=7; visibility=0; IO mode=ap_ovld:ce=0
Port [ index]:  wired=0; compound=0; hidden=1; nouse=0; global=1; static=1; extern=0; dir=2; type=0; pingpong=0; private_global=1; linkage=7; visibility=0; IO mode=ap_ovld:ce=0
Port [ DI_cache]:  wired=0; compound=1; hidden=1; nouse=0; global=1; static=1; extern=0; dir=2; type=1; pingpong=0; private_global=1; linkage=7; visibility=0; MemPort=[23]; IO mode=ap_memory:ce=0
Port [ acc]:  wired=0; compound=0; hidden=1; nouse=0; global=1; static=1; extern=0; dir=2; type=0; pingpong=0; private_global=1; linkage=7; visibility=0; IO mode=ap_ovld:ce=0
Port [ dds_table]:  wired=0; compound=1; hidden=1; nouse=0; global=1; static=1; extern=0; dir=0; type=1; pingpong=0; private_global=1; linkage=7; visibility=0; MemPort=[11]; IO mode=ap_memory:ce=0
---------------- STG Properties END ------------------

---------------- Datapath Model BEGIN ----------------

<LifeTime>
<method=bitvector/>
Din_read         (read         ) [ 00111111000]
freq_read        (read         ) [ 00000000000]
i_1_load         (load         ) [ 00111111111]
inc              (add          ) [ 00111111111]
tmp_3            (partselect   ) [ 00000000000]
valid_in         (icmp         ) [ 01111111111]
init_1_load      (load         ) [ 00000000000]
freq_dds         (select       ) [ 00000000000]
ch_1_load        (load         ) [ 00111111111]
and_ln45         (and          ) [ 01111111111]
index_load       (load         ) [ 00111111111]
br_ln45          (br           ) [ 00000000000]
br_ln48          (br           ) [ 00000000000]
acc_load         (load         ) [ 00000000000]
add_ln12         (add          ) [ 00000000000]
store_ln12       (store        ) [ 00000000000]
phase1           (partselect   ) [ 00110000000]
zext_ln46        (zext         ) [ 00000000000]
DI_cache_addr    (getelementptr) [ 00000000000]
store_ln46       (store        ) [ 00000000000]
br_ln47          (br           ) [ 00000000000]
phase2           (sub          ) [ 00010000000]
zext_ln26        (zext         ) [ 00000000000]
dds_table_addr   (getelementptr) [ 00001000000]
zext_ln33        (zext         ) [ 00000000000]
dds_table_addr_1 (getelementptr) [ 00001000000]
sine             (load         ) [ 00000111000]
cosine           (load         ) [ 00000111000]
zext_ln50        (zext         ) [ 00000000000]
DI_cache_addr_1  (getelementptr) [ 00000010000]
sext_ln7         (sext         ) [ 00000000000]
sext_ln7_1       (sext         ) [ 00000000000]
tmp_4            (sub          ) [ 00000000000]
sext_ln4         (sext         ) [ 00000011100]
sext_ln4_1       (sext         ) [ 00000011100]
Din_re           (load         ) [ 00000001000]
sext_ln7_2       (sext         ) [ 00000000000]
sext_ln7_3       (sext         ) [ 00000000000]
tmp              (sub          ) [ 00000000000]
sext_ln7_4       (sext         ) [ 00000000110]
sext_ln7_5       (sext         ) [ 00000000110]
tmp_5            (add          ) [ 00000000000]
sext_ln18        (sext         ) [ 00000000110]
sext_ln18_1      (sext         ) [ 00000000110]
mul_ln4          (mul          ) [ 00000000010]
m                (mul          ) [ 00000000000]
add_ln59         (add          ) [ 00000000001]
mul_ln18         (mul          ) [ 00000000000]
add_ln60         (add          ) [ 00000000001]
trunc_ln         (partselect   ) [ 00000000000]
write_ln59       (write        ) [ 00000000000]
trunc_ln1        (partselect   ) [ 00000000000]
write_ln60       (write        ) [ 00000000000]
icmp_ln62        (icmp         ) [ 00000000001]
br_ln62          (br           ) [ 00000000000]
store_ln64       (store        ) [ 00000000000]
br_ln65          (br           ) [ 00000000000]
br_ln66          (br           ) [ 00000000000]
br_ln0           (br           ) [ 00000000000]
icmp_ln68        (icmp         ) [ 00000000001]
br_ln68          (br           ) [ 00000000000]
xor_ln68         (xor          ) [ 00000000000]
store_ln68       (store        ) [ 00000000000]
br_ln68          (br           ) [ 00000000000]
br_ln69          (br           ) [ 00000000000]
add_ln69         (add          ) [ 00000000000]
store_ln69       (store        ) [ 00000000000]
br_ln69          (br           ) [ 00000000000]
icmp_ln70        (icmp         ) [ 00000000000]
inc_1            (select       ) [ 00000000000]
store_ln70       (store        ) [ 00000000000]
ret_ln71         (ret          ) [ 00000000000]
</LifeTime>

<model>

<comp_list>
<comp id="0" class="1000" name="freq">
<pin_list>
<pin id="1" dir="1" index="0" bw="1" slack="0"/>
</pin_list>
<bind>
<StgValue><ssdm name="freq"/></StgValue>
</bind>
</comp>

<comp id="2" class="1000" name="Din">
<pin_list>
<pin id="3" dir="1" index="0" bw="1" slack="0"/>
</pin_list>
<bind>
<StgValue><ssdm name="Din"/></StgValue>
</bind>
</comp>

<comp id="4" class="1000" name="Dout_I">
<pin_list>
<pin id="5" dir="1" index="0" bw="1" slack="0"/>
</pin_list>
<bind>
<StgValue><ssdm name="Dout_I"/></StgValue>
</bind>
</comp>

<comp id="6" class="1000" name="Dout_Q">
<pin_list>
<pin id="7" dir="1" index="0" bw="1" slack="0"/>
</pin_list>
<bind>
<StgValue><ssdm name="Dout_Q"/></StgValue>
</bind>
</comp>

<comp id="8" class="1000" name="i_1">
<pin_list>
<pin id="9" dir="1" index="0" bw="1" slack="0"/>
</pin_list>
<bind>
<StgValue><ssdm name="i_1"/></StgValue>
</bind>
</comp>

<comp id="10" class="1000" name="init_1">
<pin_list>
<pin id="11" dir="1" index="0" bw="1" slack="0"/>
</pin_list>
<bind>
<StgValue><ssdm name="init_1"/></StgValue>
</bind>
</comp>

<comp id="12" class="1000" name="ch_1">
<pin_list>
<pin id="13" dir="1" index="0" bw="1" slack="0"/>
</pin_list>
<bind>
<StgValue><ssdm name="ch_1"/></StgValue>
</bind>
</comp>

<comp id="14" class="1000" name="index">
<pin_list>
<pin id="15" dir="1" index="0" bw="1" slack="0"/>
</pin_list>
<bind>
<StgValue><ssdm name="index"/></StgValue>
</bind>
</comp>

<comp id="16" class="1000" name="DI_cache">
<pin_list>
<pin id="17" dir="1" index="0" bw="1" slack="0"/>
</pin_list>
<bind>
<StgValue><ssdm name="DI_cache"/><MemPortTyVec>2 3 </MemPortTyVec>
</StgValue>
</bind>
</comp>

<comp id="18" class="1000" name="acc">
<pin_list>
<pin id="19" dir="1" index="0" bw="1" slack="0"/>
</pin_list>
<bind>
<StgValue><ssdm name="acc"/></StgValue>
</bind>
</comp>

<comp id="20" class="1000" name="dds_table">
<pin_list>
<pin id="21" dir="1" index="0" bw="1" slack="0"/>
</pin_list>
<bind>
<StgValue><ssdm name="dds_table"/><MemPortTyVec>1 1 </MemPortTyVec>
</StgValue>
</bind>
</comp>

<comp id="22" class="1001" name="const_22">
<pin_list>
<pin id="23" dir="1" index="0" bw="1" slack="0"/>
</pin_list>
<bind>
<StgValue><ssdm name="_ssdm_op_Read.ap_auto.i18"/></StgValue>
</bind>
</comp>

<comp id="24" class="1001" name="const_24">
<pin_list>
<pin id="25" dir="1" index="0" bw="1" slack="0"/>
</pin_list>
<bind>
<StgValue><ssdm name="_ssdm_op_Read.ap_auto.i16"/></StgValue>
</bind>
</comp>

<comp id="26" class="1001" name="const_26">
<pin_list>
<pin id="27" dir="1" index="0" bw="1" slack="0"/>
</pin_list>
<bind>
<StgValue><ssdm name=""/></StgValue>
</bind>
</comp>

<comp id="28" class="1001" name="const_28">
<pin_list>
<pin id="29" dir="1" index="0" bw="1" slack="0"/>
</pin_list>
<bind>
<StgValue><ssdm name="_ssdm_op_PartSelect.i2.i3.i32.i32"/></StgValue>
</bind>
</comp>

<comp id="30" class="1001" name="const_30">
<pin_list>
<pin id="31" dir="1" index="0" bw="1" slack="0"/>
</pin_list>
<bind>
<StgValue><ssdm name=""/></StgValue>
</bind>
</comp>

<comp id="32" class="1001" name="const_32">
<pin_list>
<pin id="33" dir="1" index="0" bw="1" slack="0"/>
</pin_list>
<bind>
<StgValue><ssdm name=""/></StgValue>
</bind>
</comp>

<comp id="34" class="1001" name="const_34">
<pin_list>
<pin id="35" dir="1" index="0" bw="1" slack="0"/>
</pin_list>
<bind>
<StgValue><ssdm name=""/></StgValue>
</bind>
</comp>

<comp id="36" class="1001" name="const_36">
<pin_list>
<pin id="37" dir="1" index="0" bw="1" slack="0"/>
</pin_list>
<bind>
<StgValue><ssdm name=""/></StgValue>
</bind>
</comp>

<comp id="38" class="1001" name="const_38">
<pin_list>
<pin id="39" dir="1" index="0" bw="1" slack="0"/>
</pin_list>
<bind>
<StgValue><ssdm name="_ssdm_op_PartSelect.i5.i16.i32.i32"/></StgValue>
</bind>
</comp>

<comp id="40" class="1001" name="const_40">
<pin_list>
<pin id="41" dir="1" index="0" bw="1" slack="0"/>
</pin_list>
<bind>
<StgValue><ssdm name=""/></StgValue>
</bind>
</comp>

<comp id="42" class="1001" name="const_42">
<pin_list>
<pin id="43" dir="1" index="0" bw="1" slack="0"/>
</pin_list>
<bind>
<StgValue><ssdm name=""/></StgValue>
</bind>
</comp>

<comp id="44" class="1001" name="const_44">
<pin_list>
<pin id="45" dir="1" index="0" bw="1" slack="0"/>
</pin_list>
<bind>
<StgValue><ssdm name=""/></StgValue>
</bind>
</comp>

<comp id="46" class="1001" name="const_46">
<pin_list>
<pin id="47" dir="1" index="0" bw="1" slack="0"/>
</pin_list>
<bind>
<StgValue><ssdm name=""/></StgValue>
</bind>
</comp>

<comp id="48" class="1001" name="const_48">
<pin_list>
<pin id="49" dir="1" index="0" bw="1" slack="0"/>
</pin_list>
<bind>
<StgValue><ssdm name="_ssdm_op_PartSelect.i18.i32.i32.i32"/></StgValue>
</bind>
</comp>

<comp id="50" class="1001" name="const_50">
<pin_list>
<pin id="51" dir="1" index="0" bw="1" slack="0"/>
</pin_list>
<bind>
<StgValue><ssdm name=""/></StgValue>
</bind>
</comp>

<comp id="52" class="1001" name="const_52">
<pin_list>
<pin id="53" dir="1" index="0" bw="1" slack="0"/>
</pin_list>
<bind>
<StgValue><ssdm name=""/></StgValue>
</bind>
</comp>

<comp id="54" class="1001" name="const_54">
<pin_list>
<pin id="55" dir="1" index="0" bw="1" slack="0"/>
</pin_list>
<bind>
<StgValue><ssdm name="_ssdm_op_Write.ap_auto.i18P"/></StgValue>
</bind>
</comp>

<comp id="56" class="1001" name="const_56">
<pin_list>
<pin id="57" dir="1" index="0" bw="1" slack="0"/>
</pin_list>
<bind>
<StgValue><ssdm name=""/></StgValue>
</bind>
</comp>

<comp id="58" class="1001" name="const_58">
<pin_list>
<pin id="59" dir="1" index="0" bw="1" slack="0"/>
</pin_list>
<bind>
<StgValue><ssdm name=""/></StgValue>
</bind>
</comp>

<comp id="60" class="1001" name="const_60">
<pin_list>
<pin id="61" dir="1" index="0" bw="1" slack="0"/>
</pin_list>
<bind>
<StgValue><ssdm name=""/></StgValue>
</bind>
</comp>

<comp id="62" class="1001" name="const_62">
<pin_list>
<pin id="63" dir="1" index="0" bw="1" slack="0"/>
</pin_list>
<bind>
<StgValue><ssdm name=""/></StgValue>
</bind>
</comp>

<comp id="64" class="1001" name="const_64">
<pin_list>
<pin id="65" dir="1" index="0" bw="1" slack="0"/>
</pin_list>
<bind>
<StgValue><ssdm name=""/></StgValue>
</bind>
</comp>

<comp id="66" class="1001" name="const_66">
<pin_list>
<pin id="67" dir="1" index="0" bw="1" slack="0"/>
</pin_list>
<bind>
<StgValue><ssdm name=""/></StgValue>
</bind>
</comp>

<comp id="68" class="1004" name="Din_read_read_fu_68">
<pin_list>
<pin id="69" dir="0" index="0" bw="18" slack="0"/>
<pin id="70" dir="0" index="1" bw="18" slack="0"/>
<pin id="71" dir="1" index="2" bw="18" slack="0"/>
</pin_list>
<bind>
<opcode="read(1150) " fcode="read"/>
<opset="Din_read/1 "/>
</bind>
</comp>

<comp id="74" class="1004" name="freq_read_read_fu_74">
<pin_list>
<pin id="75" dir="0" index="0" bw="16" slack="0"/>
<pin id="76" dir="0" index="1" bw="16" slack="0"/>
<pin id="77" dir="1" index="2" bw="16" slack="0"/>
</pin_list>
<bind>
<opcode="read(1150) " fcode="read"/>
<opset="freq_read/1 "/>
</bind>
</comp>

<comp id="80" class="1004" name="write_ln59_write_fu_80">
<pin_list>
<pin id="81" dir="0" index="0" bw="0" slack="0"/>
<pin id="82" dir="0" index="1" bw="18" slack="0"/>
<pin id="83" dir="0" index="2" bw="18" slack="0"/>
<pin id="84" dir="1" index="3" bw="0" slack="2147483647"/>
</pin_list>
<bind>
<opcode="write(1151) " fcode="write"/>
<opset="write_ln59/10 "/>
</bind>
</comp>

<comp id="87" class="1004" name="write_ln60_write_fu_87">
<pin_list>
<pin id="88" dir="0" index="0" bw="0" slack="0"/>
<pin id="89" dir="0" index="1" bw="18" slack="0"/>
<pin id="90" dir="0" index="2" bw="18" slack="0"/>
<pin id="91" dir="1" index="3" bw="0" slack="2147483647"/>
</pin_list>
<bind>
<opcode="write(1151) " fcode="write"/>
<opset="write_ln60/10 "/>
</bind>
</comp>

<comp id="94" class="1004" name="DI_cache_addr_gep_fu_94">
<pin_list>
<pin id="95" dir="0" index="0" bw="18" slack="0"/>
<pin id="96" dir="0" index="1" bw="1" slack="0"/>
<pin id="97" dir="0" index="2" bw="4" slack="0"/>
<pin id="98" dir="1" index="3" bw="4" slack="0"/>
</pin_list>
<bind>
<opcode="getelementptr(29) " fcode="getelementptr"/>
<opset="DI_cache_addr/1 "/>
</bind>
</comp>

<comp id="101" class="1004" name="grp_access_fu_101">
<pin_list>
<pin id="102" dir="0" index="0" bw="4" slack="0"/>
<pin id="103" dir="0" index="1" bw="18" slack="0"/>
<pin id="104" dir="0" index="2" bw="0" slack="2147483647"/>
<pin id="105" dir="1" index="3" bw="18" slack="1"/>
</pin_list>
<bind>
<opcode="load(27) store(28) " fcode="load"/>
<opset="store_ln46/1 Din_re/5 "/>
</bind>
</comp>

<comp id="108" class="1004" name="dds_table_addr_gep_fu_108">
<pin_list>
<pin id="109" dir="0" index="0" bw="16" slack="0"/>
<pin id="110" dir="0" index="1" bw="1" slack="0"/>
<pin id="111" dir="0" index="2" bw="5" slack="0"/>
<pin id="112" dir="1" index="3" bw="5" slack="0"/>
</pin_list>
<bind>
<opcode="getelementptr(29) " fcode="getelementptr"/>
<opset="dds_table_addr/3 "/>
</bind>
</comp>

<comp id="115" class="1004" name="grp_access_fu_115">
<pin_list>
<pin id="116" dir="0" index="0" bw="5" slack="0"/>
<pin id="117" dir="0" index="1" bw="16" slack="2147483647"/>
<pin id="118" dir="0" index="2" bw="0" slack="0"/>
<pin id="128" dir="0" index="4" bw="5" slack="2147483647"/>
<pin id="129" dir="0" index="5" bw="16" slack="2147483647"/>
<pin id="130" dir="0" index="6" bw="0" slack="2147483647"/>
<pin id="119" dir="1" index="3" bw="16" slack="1"/>
<pin id="131" dir="1" index="7" bw="16" slack="1"/>
</pin_list>
<bind>
<opcode="load(27) " fcode="load"/>
<opset="sine/3 cosine/3 "/>
</bind>
</comp>

<comp id="121" class="1004" name="dds_table_addr_1_gep_fu_121">
<pin_list>
<pin id="122" dir="0" index="0" bw="16" slack="0"/>
<pin id="123" dir="0" index="1" bw="1" slack="0"/>
<pin id="124" dir="0" index="2" bw="5" slack="0"/>
<pin id="125" dir="1" index="3" bw="5" slack="0"/>
</pin_list>
<bind>
<opcode="getelementptr(29) " fcode="getelementptr"/>
<opset="dds_table_addr_1/3 "/>
</bind>
</comp>

<comp id="133" class="1004" name="DI_cache_addr_1_gep_fu_133">
<pin_list>
<pin id="134" dir="0" index="0" bw="18" slack="0"/>
<pin id="135" dir="0" index="1" bw="1" slack="0"/>
<pin id="136" dir="0" index="2" bw="4" slack="0"/>
<pin id="137" dir="1" index="3" bw="4" slack="0"/>
</pin_list>
<bind>
<opcode="getelementptr(29) " fcode="getelementptr"/>
<opset="DI_cache_addr_1/5 "/>
</bind>
</comp>

<comp id="141" class="1004" name="i_1_load_load_fu_141">
<pin_list>
<pin id="142" dir="0" index="0" bw="3" slack="0"/>
<pin id="143" dir="1" index="1" bw="3" slack="0"/>
</pin_list>
<bind>
<opcode="load(27) " fcode="load"/>
<opset="i_1_load/1 "/>
</bind>
</comp>

<comp id="145" class="1004" name="inc_fu_145">
<pin_list>
<pin id="146" dir="0" index="0" bw="3" slack="0"/>
<pin id="147" dir="0" index="1" bw="1" slack="0"/>
<pin id="148" dir="1" index="2" bw="3" slack="9"/>
</pin_list>
<bind>
<opcode="add(8) " fcode="add"/>
<opset="inc/1 "/>
</bind>
</comp>

<comp id="151" class="1004" name="tmp_3_fu_151">
<pin_list>
<pin id="152" dir="0" index="0" bw="2" slack="0"/>
<pin id="153" dir="0" index="1" bw="3" slack="0"/>
<pin id="154" dir="0" index="2" bw="1" slack="0"/>
<pin id="155" dir="0" index="3" bw="3" slack="0"/>
<pin id="156" dir="1" index="4" bw="2" slack="0"/>
</pin_list>
<bind>
<opcode="partselect(1002) " fcode="partselect"/>
<opset="tmp_3/1 "/>
</bind>
</comp>

<comp id="161" class="1004" name="valid_in_fu_161">
<pin_list>
<pin id="162" dir="0" index="0" bw="2" slack="0"/>
<pin id="163" dir="0" index="1" bw="1" slack="0"/>
<pin id="164" dir="1" index="2" bw="1" slack="0"/>
</pin_list>
<bind>
<opcode="icmp(45) " fcode="icmp"/>
<opset="valid_in/1 "/>
</bind>
</comp>

<comp id="167" class="1004" name="init_1_load_load_fu_167">
<pin_list>
<pin id="168" dir="0" index="0" bw="1" slack="0"/>
<pin id="169" dir="1" index="1" bw="1" slack="0"/>
</pin_list>
<bind>
<opcode="load(27) " fcode="load"/>
<opset="init_1_load/1 "/>
</bind>
</comp>

<comp id="171" class="1004" name="freq_dds_fu_171">
<pin_list>
<pin id="172" dir="0" index="0" bw="1" slack="0"/>
<pin id="173" dir="0" index="1" bw="1" slack="0"/>
<pin id="174" dir="0" index="2" bw="16" slack="0"/>
<pin id="175" dir="1" index="3" bw="16" slack="0"/>
</pin_list>
<bind>
<opcode="select(49) " fcode="select"/>
<opset="freq_dds/1 "/>
</bind>
</comp>

<comp id="179" class="1004" name="ch_1_load_load_fu_179">
<pin_list>
<pin id="180" dir="0" index="0" bw="1" slack="0"/>
<pin id="181" dir="1" index="1" bw="1" slack="0"/>
</pin_list>
<bind>
<opcode="load(27) " fcode="load"/>
<opset="ch_1_load/1 "/>
</bind>
</comp>

<comp id="183" class="1004" name="and_ln45_fu_183">
<pin_list>
<pin id="184" dir="0" index="0" bw="1" slack="0"/>
<pin id="185" dir="0" index="1" bw="1" slack="0"/>
<pin id="186" dir="1" index="2" bw="1" slack="9"/>
</pin_list>
<bind>
<opcode="and(23) " fcode="and"/>
<opset="and_ln45/1 "/>
</bind>
</comp>

<comp id="189" class="1004" name="index_load_load_fu_189">
<pin_list>
<pin id="190" dir="0" index="0" bw="4" slack="0"/>
<pin id="191" dir="1" index="1" bw="4" slack="0"/>
</pin_list>
<bind>
<opcode="load(27) " fcode="load"/>
<opset="index_load/1 "/>
</bind>
</comp>

<comp id="193" class="1004" name="acc_load_load_fu_193">
<pin_list>
<pin id="194" dir="0" index="0" bw="16" slack="0"/>
<pin id="195" dir="1" index="1" bw="16" slack="0"/>
</pin_list>
<bind>
<opcode="load(27) " fcode="load"/>
<opset="acc_load/1 "/>
</bind>
</comp>

<comp id="197" class="1004" name="add_ln12_fu_197">
<pin_list>
<pin id="198" dir="0" index="0" bw="16" slack="0"/>
<pin id="199" dir="0" index="1" bw="16" slack="0"/>
<pin id="200" dir="1" index="2" bw="16" slack="0"/>
</pin_list>
<bind>
<opcode="add(8) " fcode="add"/>
<opset="add_ln12/1 "/>
</bind>
</comp>

<comp id="203" class="1004" name="store_ln12_store_fu_203">
<pin_list>
<pin id="204" dir="0" index="0" bw="16" slack="0"/>
<pin id="205" dir="0" index="1" bw="16" slack="0"/>
<pin id="206" dir="1" index="2" bw="0" slack="2147483647"/>
</pin_list>
<bind>
<opcode="store(28) " fcode="store"/>
<opset="store_ln12/1 "/>
</bind>
</comp>

<comp id="209" class="1004" name="phase1_fu_209">
<pin_list>
<pin id="210" dir="0" index="0" bw="5" slack="0"/>
<pin id="211" dir="0" index="1" bw="16" slack="0"/>
<pin id="212" dir="0" index="2" bw="5" slack="0"/>
<pin id="213" dir="0" index="3" bw="5" slack="0"/>
<pin id="214" dir="1" index="4" bw="5" slack="1"/>
</pin_list>
<bind>
<opcode="partselect(1002) " fcode="partselect"/>
<opset="phase1/1 "/>
</bind>
</comp>

<comp id="219" class="1004" name="zext_ln46_fu_219">
<pin_list>
<pin id="220" dir="0" index="0" bw="4" slack="0"/>
<pin id="221" dir="1" index="1" bw="64" slack="0"/>
</pin_list>
<bind>
<opcode="zext(34) " fcode="zext"/>
<opset="zext_ln46/1 "/>
</bind>
</comp>

<comp id="224" class="1004" name="phase2_fu_224">
<pin_list>
<pin id="225" dir="0" index="0" bw="5" slack="0"/>
<pin id="226" dir="0" index="1" bw="5" slack="1"/>
<pin id="227" dir="1" index="2" bw="5" slack="1"/>
</pin_list>
<bind>
<opcode="sub(10) " fcode="sub"/>
<opset="phase2/2 "/>
</bind>
</comp>

<comp id="229" class="1004" name="zext_ln26_fu_229">
<pin_list>
<pin id="230" dir="0" index="0" bw="5" slack="2"/>
<pin id="231" dir="1" index="1" bw="64" slack="0"/>
</pin_list>
<bind>
<opcode="zext(34) " fcode="zext"/>
<opset="zext_ln26/3 "/>
</bind>
</comp>

<comp id="233" class="1004" name="zext_ln33_fu_233">
<pin_list>
<pin id="234" dir="0" index="0" bw="5" slack="1"/>
<pin id="235" dir="1" index="1" bw="64" slack="0"/>
</pin_list>
<bind>
<opcode="zext(34) " fcode="zext"/>
<opset="zext_ln33/3 "/>
</bind>
</comp>

<comp id="237" class="1004" name="zext_ln50_fu_237">
<pin_list>
<pin id="238" dir="0" index="0" bw="4" slack="4"/>
<pin id="239" dir="1" index="1" bw="64" slack="0"/>
</pin_list>
<bind>
<opcode="zext(34) " fcode="zext"/>
<opset="zext_ln50/5 "/>
</bind>
</comp>

<comp id="241" class="1004" name="sext_ln7_fu_241">
<pin_list>
<pin id="242" dir="0" index="0" bw="16" slack="1"/>
<pin id="243" dir="1" index="1" bw="17" slack="0"/>
</pin_list>
<bind>
<opcode="sext(35) " fcode="sext"/>
<opset="sext_ln7/5 "/>
</bind>
</comp>

<comp id="244" class="1004" name="sext_ln7_1_fu_244">
<pin_list>
<pin id="245" dir="0" index="0" bw="16" slack="1"/>
<pin id="246" dir="1" index="1" bw="17" slack="0"/>
</pin_list>
<bind>
<opcode="sext(35) " fcode="sext"/>
<opset="sext_ln7_1/5 "/>
</bind>
</comp>

<comp id="247" class="1004" name="sext_ln4_fu_247">
<pin_list>
<pin id="248" dir="0" index="0" bw="18" slack="4"/>
<pin id="249" dir="1" index="1" bw="32" slack="0"/>
</pin_list>
<bind>
<opcode="sext(35) " fcode="sext"/>
<opset="sext_ln4/5 "/>
</bind>
</comp>

<comp id="250" class="1004" name="sext_ln7_2_fu_250">
<pin_list>
<pin id="251" dir="0" index="0" bw="18" slack="1"/>
<pin id="252" dir="1" index="1" bw="19" slack="0"/>
</pin_list>
<bind>
<opcode="sext(35) " fcode="sext"/>
<opset="sext_ln7_2/7 "/>
</bind>
</comp>

<comp id="253" class="1004" name="sext_ln7_3_fu_253">
<pin_list>
<pin id="254" dir="0" index="0" bw="18" slack="6"/>
<pin id="255" dir="1" index="1" bw="19" slack="0"/>
</pin_list>
<bind>
<opcode="sext(35) " fcode="sext"/>
<opset="sext_ln7_3/7 "/>
</bind>
</comp>

<comp id="256" class="1004" name="sext_ln7_4_fu_256">
<pin_list>
<pin id="257" dir="0" index="0" bw="16" slack="3"/>
<pin id="258" dir="1" index="1" bw="32" slack="0"/>
</pin_list>
<bind>
<opcode="sext(35) " fcode="sext"/>
<opset="sext_ln7_4/7 "/>
</bind>
</comp>

<comp id="259" class="1004" name="sext_ln18_fu_259">
<pin_list>
<pin id="260" dir="0" index="0" bw="16" slack="3"/>
<pin id="261" dir="1" index="1" bw="32" slack="0"/>
</pin_list>
<bind>
<opcode="sext(35) " fcode="sext"/>
<opset="sext_ln18/7 "/>
</bind>
</comp>

<comp id="262" class="1004" name="trunc_ln_fu_262">
<pin_list>
<pin id="263" dir="0" index="0" bw="18" slack="0"/>
<pin id="264" dir="0" index="1" bw="32" slack="1"/>
<pin id="265" dir="0" index="2" bw="5" slack="0"/>
<pin id="266" dir="0" index="3" bw="6" slack="0"/>
<pin id="267" dir="1" index="4" bw="18" slack="0"/>
</pin_list>
<bind>
<opcode="partselect(1002) " fcode="partselect"/>
<opset="trunc_ln/10 "/>
</bind>
</comp>

<comp id="272" class="1004" name="trunc_ln1_fu_272">
<pin_list>
<pin id="273" dir="0" index="0" bw="18" slack="0"/>
<pin id="274" dir="0" index="1" bw="32" slack="1"/>
<pin id="275" dir="0" index="2" bw="5" slack="0"/>
<pin id="276" dir="0" index="3" bw="6" slack="0"/>
<pin id="277" dir="1" index="4" bw="18" slack="0"/>
</pin_list>
<bind>
<opcode="partselect(1002) " fcode="partselect"/>
<opset="trunc_ln1/10 "/>
</bind>
</comp>

<comp id="282" class="1004" name="icmp_ln62_fu_282">
<pin_list>
<pin id="283" dir="0" index="0" bw="4" slack="9"/>
<pin id="284" dir="0" index="1" bw="1" slack="0"/>
<pin id="285" dir="1" index="2" bw="1" slack="2147483647"/>
</pin_list>
<bind>
<opcode="icmp(45) " fcode="icmp"/>
<opset="icmp_ln62/10 "/>
</bind>
</comp>

<comp id="287" class="1004" name="store_ln64_store_fu_287">
<pin_list>
<pin id="288" dir="0" index="0" bw="1" slack="0"/>
<pin id="289" dir="0" index="1" bw="1" slack="0"/>
<pin id="290" dir="1" index="2" bw="0" slack="2147483647"/>
</pin_list>
<bind>
<opcode="store(28) " fcode="store"/>
<opset="store_ln64/10 "/>
</bind>
</comp>

<comp id="293" class="1004" name="icmp_ln68_fu_293">
<pin_list>
<pin id="294" dir="0" index="0" bw="4" slack="9"/>
<pin id="295" dir="0" index="1" bw="1" slack="0"/>
<pin id="296" dir="1" index="2" bw="1" slack="2147483647"/>
</pin_list>
<bind>
<opcode="icmp(45) " fcode="icmp"/>
<opset="icmp_ln68/10 "/>
</bind>
</comp>

<comp id="298" class="1004" name="xor_ln68_fu_298">
<pin_list>
<pin id="299" dir="0" index="0" bw="1" slack="9"/>
<pin id="300" dir="0" index="1" bw="1" slack="0"/>
<pin id="301" dir="1" index="2" bw="1" slack="0"/>
</pin_list>
<bind>
<opcode="xor(25) " fcode="xor"/>
<opset="xor_ln68/10 "/>
</bind>
</comp>

<comp id="303" class="1004" name="store_ln68_store_fu_303">
<pin_list>
<pin id="304" dir="0" index="0" bw="1" slack="0"/>
<pin id="305" dir="0" index="1" bw="1" slack="0"/>
<pin id="306" dir="1" index="2" bw="0" slack="2147483647"/>
</pin_list>
<bind>
<opcode="store(28) " fcode="store"/>
<opset="store_ln68/10 "/>
</bind>
</comp>

<comp id="309" class="1004" name="add_ln69_fu_309">
<pin_list>
<pin id="310" dir="0" index="0" bw="4" slack="9"/>
<pin id="311" dir="0" index="1" bw="1" slack="0"/>
<pin id="312" dir="1" index="2" bw="4" slack="0"/>
</pin_list>
<bind>
<opcode="add(8) " fcode="add"/>
<opset="add_ln69/10 "/>
</bind>
</comp>

<comp id="314" class="1004" name="store_ln69_store_fu_314">
<pin_list>
<pin id="315" dir="0" index="0" bw="4" slack="0"/>
<pin id="316" dir="0" index="1" bw="4" slack="0"/>
<pin id="317" dir="1" index="2" bw="0" slack="2147483647"/>
</pin_list>
<bind>
<opcode="store(28) " fcode="store"/>
<opset="store_ln69/10 "/>
</bind>
</comp>

<comp id="320" class="1004" name="icmp_ln70_fu_320">
<pin_list>
<pin id="321" dir="0" index="0" bw="3" slack="9"/>
<pin id="322" dir="0" index="1" bw="3" slack="0"/>
<pin id="323" dir="1" index="2" bw="1" slack="0"/>
</pin_list>
<bind>
<opcode="icmp(45) " fcode="icmp"/>
<opset="icmp_ln70/10 "/>
</bind>
</comp>

<comp id="325" class="1004" name="inc_1_fu_325">
<pin_list>
<pin id="326" dir="0" index="0" bw="1" slack="0"/>
<pin id="327" dir="0" index="1" bw="1" slack="0"/>
<pin id="328" dir="0" index="2" bw="3" slack="9"/>
<pin id="329" dir="1" index="3" bw="3" slack="0"/>
</pin_list>
<bind>
<opcode="select(49) " fcode="select"/>
<opset="inc_1/10 "/>
</bind>
</comp>

<comp id="332" class="1004" name="store_ln70_store_fu_332">
<pin_list>
<pin id="333" dir="0" index="0" bw="3" slack="0"/>
<pin id="334" dir="0" index="1" bw="3" slack="0"/>
<pin id="335" dir="1" index="2" bw="0" slack="2147483647"/>
</pin_list>
<bind>
<opcode="store(28) " fcode="store"/>
<opset="store_ln70/10 "/>
</bind>
</comp>

<comp id="338" class="1007" name="grp_fu_338">
<pin_list>
<pin id="339" dir="0" index="0" bw="16" slack="0"/>
<pin id="340" dir="0" index="1" bw="16" slack="0"/>
<pin id="341" dir="0" index="2" bw="18" slack="0"/>
<pin id="342" dir="1" index="3" bw="32" slack="1"/>
</pin_list>
<bind>
<opcode="submul(1171) " fcode="submul"/>
<opset="tmp_4/5 sext_ln4_1/5 mul_ln4/5 "/>
</bind>
</comp>

<comp id="346" class="1007" name="grp_fu_346">
<pin_list>
<pin id="347" dir="0" index="0" bw="18" slack="0"/>
<pin id="348" dir="0" index="1" bw="18" slack="0"/>
<pin id="349" dir="0" index="2" bw="16" slack="0"/>
<pin id="350" dir="0" index="3" bw="32" slack="2147483647"/>
<pin id="351" dir="1" index="4" bw="32" slack="1"/>
</pin_list>
<bind>
<opcode="submuladd(1176) " fcode="submuladd"/>
<opset="tmp/7 sext_ln7_5/7 m/7 add_ln59/9 "/>
</bind>
</comp>

<comp id="355" class="1007" name="grp_fu_355">
<pin_list>
<pin id="356" dir="0" index="0" bw="18" slack="0"/>
<pin id="357" dir="0" index="1" bw="18" slack="0"/>
<pin id="358" dir="0" index="2" bw="16" slack="0"/>
<pin id="359" dir="0" index="3" bw="32" slack="2147483647"/>
<pin id="360" dir="1" index="4" bw="32" slack="1"/>
</pin_list>
<bind>
<opcode="addmuladd(1175) " fcode="addmuladd"/>
<opset="tmp_5/7 sext_ln18_1/7 mul_ln18/7 add_ln60/9 "/>
</bind>
</comp>

<comp id="364" class="1005" name="Din_read_reg_364">
<pin_list>
<pin id="365" dir="0" index="0" bw="18" slack="4"/>
<pin id="366" dir="1" index="1" bw="18" slack="4"/>
</pin_list>
<bind>
<opset="Din_read "/>
</bind>
</comp>

<comp id="370" class="1005" name="i_1_load_reg_370">
<pin_list>
<pin id="371" dir="0" index="0" bw="3" slack="9"/>
<pin id="372" dir="1" index="1" bw="3" slack="9"/>
</pin_list>
<bind>
<opset="i_1_load "/>
</bind>
</comp>

<comp id="375" class="1005" name="inc_reg_375">
<pin_list>
<pin id="376" dir="0" index="0" bw="3" slack="9"/>
<pin id="377" dir="1" index="1" bw="3" slack="9"/>
</pin_list>
<bind>
<opset="inc "/>
</bind>
</comp>

<comp id="380" class="1005" name="valid_in_reg_380">
<pin_list>
<pin id="381" dir="0" index="0" bw="1" slack="9"/>
<pin id="382" dir="1" index="1" bw="1" slack="2147483647"/>
</pin_list>
<bind>
<opset="valid_in "/>
</bind>
</comp>

<comp id="384" class="1005" name="ch_1_load_reg_384">
<pin_list>
<pin id="385" dir="0" index="0" bw="1" slack="9"/>
<pin id="386" dir="1" index="1" bw="1" slack="9"/>
</pin_list>
<bind>
<opset="ch_1_load "/>
</bind>
</comp>

<comp id="389" class="1005" name="and_ln45_reg_389">
<pin_list>
<pin id="390" dir="0" index="0" bw="1" slack="9"/>
<pin id="391" dir="1" index="1" bw="1" slack="2147483647"/>
</pin_list>
<bind>
<opset="and_ln45 "/>
</bind>
</comp>

<comp id="393" class="1005" name="index_load_reg_393">
<pin_list>
<pin id="394" dir="0" index="0" bw="4" slack="4"/>
<pin id="395" dir="1" index="1" bw="4" slack="4"/>
</pin_list>
<bind>
<opset="index_load "/>
</bind>
</comp>

<comp id="401" class="1005" name="phase1_reg_401">
<pin_list>
<pin id="402" dir="0" index="0" bw="5" slack="1"/>
<pin id="403" dir="1" index="1" bw="5" slack="1"/>
</pin_list>
<bind>
<opset="phase1 "/>
</bind>
</comp>

<comp id="407" class="1005" name="phase2_reg_407">
<pin_list>
<pin id="408" dir="0" index="0" bw="5" slack="1"/>
<pin id="409" dir="1" index="1" bw="5" slack="1"/>
</pin_list>
<bind>
<opset="phase2 "/>
</bind>
</comp>

<comp id="412" class="1005" name="dds_table_addr_reg_412">
<pin_list>
<pin id="413" dir="0" index="0" bw="5" slack="1"/>
<pin id="414" dir="1" index="1" bw="5" slack="1"/>
</pin_list>
<bind>
<opset="dds_table_addr "/>
</bind>
</comp>

<comp id="417" class="1005" name="dds_table_addr_1_reg_417">
<pin_list>
<pin id="418" dir="0" index="0" bw="5" slack="1"/>
<pin id="419" dir="1" index="1" bw="5" slack="1"/>
</pin_list>
<bind>
<opset="dds_table_addr_1 "/>
</bind>
</comp>

<comp id="422" class="1005" name="sine_reg_422">
<pin_list>
<pin id="423" dir="0" index="0" bw="16" slack="1"/>
<pin id="424" dir="1" index="1" bw="16" slack="1"/>
</pin_list>
<bind>
<opset="sine "/>
</bind>
</comp>

<comp id="428" class="1005" name="cosine_reg_428">
<pin_list>
<pin id="429" dir="0" index="0" bw="16" slack="1"/>
<pin id="430" dir="1" index="1" bw="16" slack="1"/>
</pin_list>
<bind>
<opset="cosine "/>
</bind>
</comp>

<comp id="434" class="1005" name="DI_cache_addr_1_reg_434">
<pin_list>
<pin id="435" dir="0" index="0" bw="4" slack="1"/>
<pin id="436" dir="1" index="1" bw="4" slack="1"/>
</pin_list>
<bind>
<opset="DI_cache_addr_1 "/>
</bind>
</comp>

<comp id="439" class="1005" name="sext_ln4_reg_439">
<pin_list>
<pin id="440" dir="0" index="0" bw="32" slack="1"/>
<pin id="441" dir="1" index="1" bw="32" slack="1"/>
</pin_list>
<bind>
<opset="sext_ln4 "/>
</bind>
</comp>

<comp id="444" class="1005" name="Din_re_reg_444">
<pin_list>
<pin id="445" dir="0" index="0" bw="18" slack="1"/>
<pin id="446" dir="1" index="1" bw="18" slack="1"/>
</pin_list>
<bind>
<opset="Din_re "/>
</bind>
</comp>

<comp id="449" class="1005" name="sext_ln7_4_reg_449">
<pin_list>
<pin id="450" dir="0" index="0" bw="32" slack="1"/>
<pin id="451" dir="1" index="1" bw="32" slack="1"/>
</pin_list>
<bind>
<opset="sext_ln7_4 "/>
</bind>
</comp>

<comp id="454" class="1005" name="sext_ln18_reg_454">
<pin_list>
<pin id="455" dir="0" index="0" bw="32" slack="1"/>
<pin id="456" dir="1" index="1" bw="32" slack="1"/>
</pin_list>
<bind>
<opset="sext_ln18 "/>
</bind>
</comp>

<comp id="459" class="1005" name="mul_ln4_reg_459">
<pin_list>
<pin id="460" dir="0" index="0" bw="32" slack="1"/>
<pin id="461" dir="1" index="1" bw="32" slack="1"/>
</pin_list>
<bind>
<opset="mul_ln4 "/>
</bind>
</comp>

<comp id="465" class="1005" name="add_ln59_reg_465">
<pin_list>
<pin id="466" dir="0" index="0" bw="32" slack="1"/>
<pin id="467" dir="1" index="1" bw="32" slack="1"/>
</pin_list>
<bind>
<opset="add_ln59 "/>
</bind>
</comp>

<comp id="470" class="1005" name="add_ln60_reg_470">
<pin_list>
<pin id="471" dir="0" index="0" bw="32" slack="1"/>
<pin id="472" dir="1" index="1" bw="32" slack="1"/>
</pin_list>
<bind>
<opset="add_ln60 "/>
</bind>
</comp>

</comp_list>

<net_list>
<net id="72"><net_src comp="22" pin="0"/><net_sink comp="68" pin=0"/></net>

<net id="73"><net_src comp="2" pin="0"/><net_sink comp="68" pin=1"/></net>

<net id="78"><net_src comp="24" pin="0"/><net_sink comp="74" pin=0"/></net>

<net id="79"><net_src comp="0" pin="0"/><net_sink comp="74" pin=1"/></net>

<net id="85"><net_src comp="54" pin="0"/><net_sink comp="80" pin=0"/></net>

<net id="86"><net_src comp="4" pin="0"/><net_sink comp="80" pin=1"/></net>

<net id="92"><net_src comp="54" pin="0"/><net_sink comp="87" pin=0"/></net>

<net id="93"><net_src comp="6" pin="0"/><net_sink comp="87" pin=1"/></net>

<net id="99"><net_src comp="16" pin="0"/><net_sink comp="94" pin=0"/></net>

<net id="100"><net_src comp="44" pin="0"/><net_sink comp="94" pin=1"/></net>

<net id="106"><net_src comp="68" pin="2"/><net_sink comp="101" pin=1"/></net>

<net id="107"><net_src comp="94" pin="3"/><net_sink comp="101" pin=0"/></net>

<net id="113"><net_src comp="20" pin="0"/><net_sink comp="108" pin=0"/></net>

<net id="114"><net_src comp="44" pin="0"/><net_sink comp="108" pin=1"/></net>

<net id="120"><net_src comp="108" pin="3"/><net_sink comp="115" pin=0"/></net>

<net id="126"><net_src comp="20" pin="0"/><net_sink comp="121" pin=0"/></net>

<net id="127"><net_src comp="44" pin="0"/><net_sink comp="121" pin=1"/></net>

<net id="132"><net_src comp="121" pin="3"/><net_sink comp="115" pin=2"/></net>

<net id="138"><net_src comp="16" pin="0"/><net_sink comp="133" pin=0"/></net>

<net id="139"><net_src comp="44" pin="0"/><net_sink comp="133" pin=1"/></net>

<net id="140"><net_src comp="133" pin="3"/><net_sink comp="101" pin=0"/></net>

<net id="144"><net_src comp="8" pin="0"/><net_sink comp="141" pin=0"/></net>

<net id="149"><net_src comp="141" pin="1"/><net_sink comp="145" pin=0"/></net>

<net id="150"><net_src comp="26" pin="0"/><net_sink comp="145" pin=1"/></net>

<net id="157"><net_src comp="28" pin="0"/><net_sink comp="151" pin=0"/></net>

<net id="158"><net_src comp="141" pin="1"/><net_sink comp="151" pin=1"/></net>

<net id="159"><net_src comp="30" pin="0"/><net_sink comp="151" pin=2"/></net>

<net id="160"><net_src comp="32" pin="0"/><net_sink comp="151" pin=3"/></net>

<net id="165"><net_src comp="151" pin="4"/><net_sink comp="161" pin=0"/></net>

<net id="166"><net_src comp="34" pin="0"/><net_sink comp="161" pin=1"/></net>

<net id="170"><net_src comp="10" pin="0"/><net_sink comp="167" pin=0"/></net>

<net id="176"><net_src comp="167" pin="1"/><net_sink comp="171" pin=0"/></net>

<net id="177"><net_src comp="36" pin="0"/><net_sink comp="171" pin=1"/></net>

<net id="178"><net_src comp="74" pin="2"/><net_sink comp="171" pin=2"/></net>

<net id="182"><net_src comp="12" pin="0"/><net_sink comp="179" pin=0"/></net>

<net id="187"><net_src comp="179" pin="1"/><net_sink comp="183" pin=0"/></net>

<net id="188"><net_src comp="161" pin="2"/><net_sink comp="183" pin=1"/></net>

<net id="192"><net_src comp="14" pin="0"/><net_sink comp="189" pin=0"/></net>

<net id="196"><net_src comp="18" pin="0"/><net_sink comp="193" pin=0"/></net>

<net id="201"><net_src comp="193" pin="1"/><net_sink comp="197" pin=0"/></net>

<net id="202"><net_src comp="171" pin="3"/><net_sink comp="197" pin=1"/></net>

<net id="207"><net_src comp="197" pin="2"/><net_sink comp="203" pin=0"/></net>

<net id="208"><net_src comp="18" pin="0"/><net_sink comp="203" pin=1"/></net>

<net id="215"><net_src comp="38" pin="0"/><net_sink comp="209" pin=0"/></net>

<net id="216"><net_src comp="197" pin="2"/><net_sink comp="209" pin=1"/></net>

<net id="217"><net_src comp="40" pin="0"/><net_sink comp="209" pin=2"/></net>

<net id="218"><net_src comp="42" pin="0"/><net_sink comp="209" pin=3"/></net>

<net id="222"><net_src comp="189" pin="1"/><net_sink comp="219" pin=0"/></net>

<net id="223"><net_src comp="219" pin="1"/><net_sink comp="94" pin=2"/></net>

<net id="228"><net_src comp="46" pin="0"/><net_sink comp="224" pin=0"/></net>

<net id="232"><net_src comp="229" pin="1"/><net_sink comp="108" pin=2"/></net>

<net id="236"><net_src comp="233" pin="1"/><net_sink comp="121" pin=2"/></net>

<net id="240"><net_src comp="237" pin="1"/><net_sink comp="133" pin=2"/></net>

<net id="268"><net_src comp="48" pin="0"/><net_sink comp="262" pin=0"/></net>

<net id="269"><net_src comp="50" pin="0"/><net_sink comp="262" pin=2"/></net>

<net id="270"><net_src comp="52" pin="0"/><net_sink comp="262" pin=3"/></net>

<net id="271"><net_src comp="262" pin="4"/><net_sink comp="80" pin=2"/></net>

<net id="278"><net_src comp="48" pin="0"/><net_sink comp="272" pin=0"/></net>

<net id="279"><net_src comp="50" pin="0"/><net_sink comp="272" pin=2"/></net>

<net id="280"><net_src comp="52" pin="0"/><net_sink comp="272" pin=3"/></net>

<net id="281"><net_src comp="272" pin="4"/><net_sink comp="87" pin=2"/></net>

<net id="286"><net_src comp="56" pin="0"/><net_sink comp="282" pin=1"/></net>

<net id="291"><net_src comp="58" pin="0"/><net_sink comp="287" pin=0"/></net>

<net id="292"><net_src comp="10" pin="0"/><net_sink comp="287" pin=1"/></net>

<net id="297"><net_src comp="56" pin="0"/><net_sink comp="293" pin=1"/></net>

<net id="302"><net_src comp="60" pin="0"/><net_sink comp="298" pin=1"/></net>

<net id="307"><net_src comp="298" pin="2"/><net_sink comp="303" pin=0"/></net>

<net id="308"><net_src comp="12" pin="0"/><net_sink comp="303" pin=1"/></net>

<net id="313"><net_src comp="62" pin="0"/><net_sink comp="309" pin=1"/></net>

<net id="318"><net_src comp="309" pin="2"/><net_sink comp="314" pin=0"/></net>

<net id="319"><net_src comp="14" pin="0"/><net_sink comp="314" pin=1"/></net>

<net id="324"><net_src comp="64" pin="0"/><net_sink comp="320" pin=1"/></net>

<net id="330"><net_src comp="320" pin="2"/><net_sink comp="325" pin=0"/></net>

<net id="331"><net_src comp="66" pin="0"/><net_sink comp="325" pin=1"/></net>

<net id="336"><net_src comp="325" pin="3"/><net_sink comp="332" pin=0"/></net>

<net id="337"><net_src comp="8" pin="0"/><net_sink comp="332" pin=1"/></net>

<net id="343"><net_src comp="241" pin="1"/><net_sink comp="338" pin=0"/></net>

<net id="344"><net_src comp="244" pin="1"/><net_sink comp="338" pin=1"/></net>

<net id="345"><net_src comp="247" pin="1"/><net_sink comp="338" pin=2"/></net>

<net id="352"><net_src comp="250" pin="1"/><net_sink comp="346" pin=0"/></net>

<net id="353"><net_src comp="253" pin="1"/><net_sink comp="346" pin=1"/></net>

<net id="354"><net_src comp="256" pin="1"/><net_sink comp="346" pin=2"/></net>

<net id="361"><net_src comp="250" pin="1"/><net_sink comp="355" pin=0"/></net>

<net id="362"><net_src comp="253" pin="1"/><net_sink comp="355" pin=1"/></net>

<net id="363"><net_src comp="259" pin="1"/><net_sink comp="355" pin=2"/></net>

<net id="367"><net_src comp="68" pin="2"/><net_sink comp="364" pin=0"/></net>

<net id="368"><net_src comp="364" pin="1"/><net_sink comp="247" pin=0"/></net>

<net id="369"><net_src comp="364" pin="1"/><net_sink comp="253" pin=0"/></net>

<net id="373"><net_src comp="141" pin="1"/><net_sink comp="370" pin=0"/></net>

<net id="374"><net_src comp="370" pin="1"/><net_sink comp="320" pin=0"/></net>

<net id="378"><net_src comp="145" pin="2"/><net_sink comp="375" pin=0"/></net>

<net id="379"><net_src comp="375" pin="1"/><net_sink comp="325" pin=2"/></net>

<net id="383"><net_src comp="161" pin="2"/><net_sink comp="380" pin=0"/></net>

<net id="387"><net_src comp="179" pin="1"/><net_sink comp="384" pin=0"/></net>

<net id="388"><net_src comp="384" pin="1"/><net_sink comp="298" pin=0"/></net>

<net id="392"><net_src comp="183" pin="2"/><net_sink comp="389" pin=0"/></net>

<net id="396"><net_src comp="189" pin="1"/><net_sink comp="393" pin=0"/></net>

<net id="397"><net_src comp="393" pin="1"/><net_sink comp="237" pin=0"/></net>

<net id="398"><net_src comp="393" pin="1"/><net_sink comp="282" pin=0"/></net>

<net id="399"><net_src comp="393" pin="1"/><net_sink comp="293" pin=0"/></net>

<net id="400"><net_src comp="393" pin="1"/><net_sink comp="309" pin=0"/></net>

<net id="404"><net_src comp="209" pin="4"/><net_sink comp="401" pin=0"/></net>

<net id="405"><net_src comp="401" pin="1"/><net_sink comp="224" pin=1"/></net>

<net id="406"><net_src comp="401" pin="1"/><net_sink comp="229" pin=0"/></net>

<net id="410"><net_src comp="224" pin="2"/><net_sink comp="407" pin=0"/></net>

<net id="411"><net_src comp="407" pin="1"/><net_sink comp="233" pin=0"/></net>

<net id="415"><net_src comp="108" pin="3"/><net_sink comp="412" pin=0"/></net>

<net id="416"><net_src comp="412" pin="1"/><net_sink comp="115" pin=0"/></net>

<net id="420"><net_src comp="121" pin="3"/><net_sink comp="417" pin=0"/></net>

<net id="421"><net_src comp="417" pin="1"/><net_sink comp="115" pin=2"/></net>

<net id="425"><net_src comp="115" pin="3"/><net_sink comp="422" pin=0"/></net>

<net id="426"><net_src comp="422" pin="1"/><net_sink comp="241" pin=0"/></net>

<net id="427"><net_src comp="422" pin="1"/><net_sink comp="256" pin=0"/></net>

<net id="431"><net_src comp="115" pin="7"/><net_sink comp="428" pin=0"/></net>

<net id="432"><net_src comp="428" pin="1"/><net_sink comp="244" pin=0"/></net>

<net id="433"><net_src comp="428" pin="1"/><net_sink comp="259" pin=0"/></net>

<net id="437"><net_src comp="133" pin="3"/><net_sink comp="434" pin=0"/></net>

<net id="438"><net_src comp="434" pin="1"/><net_sink comp="101" pin=0"/></net>

<net id="442"><net_src comp="247" pin="1"/><net_sink comp="439" pin=0"/></net>

<net id="443"><net_src comp="439" pin="1"/><net_sink comp="338" pin=1"/></net>

<net id="447"><net_src comp="101" pin="3"/><net_sink comp="444" pin=0"/></net>

<net id="448"><net_src comp="444" pin="1"/><net_sink comp="250" pin=0"/></net>

<net id="452"><net_src comp="256" pin="1"/><net_sink comp="449" pin=0"/></net>

<net id="453"><net_src comp="449" pin="1"/><net_sink comp="346" pin=1"/></net>

<net id="457"><net_src comp="259" pin="1"/><net_sink comp="454" pin=0"/></net>

<net id="458"><net_src comp="454" pin="1"/><net_sink comp="355" pin=1"/></net>

<net id="462"><net_src comp="338" pin="3"/><net_sink comp="459" pin=0"/></net>

<net id="463"><net_src comp="459" pin="1"/><net_sink comp="346" pin=1"/></net>

<net id="464"><net_src comp="459" pin="1"/><net_sink comp="355" pin=1"/></net>

<net id="468"><net_src comp="346" pin="4"/><net_sink comp="465" pin=0"/></net>

<net id="469"><net_src comp="465" pin="1"/><net_sink comp="262" pin=1"/></net>

<net id="473"><net_src comp="355" pin="4"/><net_sink comp="470" pin=0"/></net>

<net id="474"><net_src comp="470" pin="1"/><net_sink comp="272" pin=1"/></net>

</net_list>

</model> 
---------------- Datapath Model END ------------------

* FSMD analyzer results:
  - Output states:
	Port: Dout_I | {10 }
	Port: Dout_Q | {10 }
	Port: i_1 | {10 }
	Port: init_1 | {10 }
	Port: ch_1 | {10 }
	Port: index | {10 }
	Port: DI_cache | {1 }
	Port: acc | {1 }
 - Input state : 
	Port: mixer : freq | {1 }
	Port: mixer : Din | {1 }
	Port: mixer : i_1 | {1 }
	Port: mixer : init_1 | {1 }
	Port: mixer : ch_1 | {1 }
	Port: mixer : index | {1 }
	Port: mixer : DI_cache | {5 6 }
	Port: mixer : acc | {1 }
	Port: mixer : dds_table | {3 4 }
  - Chain level:
	State 1
		inc : 1
		tmp_3 : 1
		valid_in : 2
		freq_dds : 1
		and_ln45 : 3
		br_ln45 : 3
		br_ln48 : 3
		add_ln12 : 2
		store_ln12 : 3
		phase1 : 3
		zext_ln46 : 1
		DI_cache_addr : 2
		store_ln46 : 3
	State 2
	State 3
		dds_table_addr : 1
		sine : 2
		dds_table_addr_1 : 1
		cosine : 2
	State 4
	State 5
		DI_cache_addr_1 : 1
		Din_re : 2
		tmp_4 : 1
		sext_ln4_1 : 2
		mul_ln4 : 3
	State 6
	State 7
		tmp : 1
		sext_ln7_5 : 2
		m : 3
		tmp_5 : 1
		sext_ln18_1 : 2
		mul_ln18 : 3
	State 8
	State 9
		add_ln59 : 1
		add_ln60 : 1
	State 10
		write_ln59 : 1
		write_ln60 : 1
		br_ln62 : 1
		br_ln68 : 1
		store_ln69 : 1
		inc_1 : 1
		store_ln70 : 2


============================================================
+ Verbose Summary: Datapath Resource usage 
============================================================

* Functional unit list:
|----------|------------------------|---------|---------|---------|
| Operation|     Functional Unit    |  DSP48E |    FF   |   LUT   |
|----------|------------------------|---------|---------|---------|
|          |       inc_fu_145       |    0    |    0    |    12   |
|    add   |     add_ln12_fu_197    |    0    |    0    |    23   |
|          |     add_ln69_fu_309    |    0    |    0    |    13   |
|----------|------------------------|---------|---------|---------|
|          |     valid_in_fu_161    |    0    |    0    |    8    |
|   icmp   |    icmp_ln62_fu_282    |    0    |    0    |    9    |
|          |    icmp_ln68_fu_293    |    0    |    0    |    9    |
|          |    icmp_ln70_fu_320    |    0    |    0    |    9    |
|----------|------------------------|---------|---------|---------|
|  select  |     freq_dds_fu_171    |    0    |    0    |    16   |
|          |      inc_1_fu_325      |    0    |    0    |    3    |
|----------|------------------------|---------|---------|---------|
|    sub   |      phase2_fu_224     |    0    |    0    |    15   |
|----------|------------------------|---------|---------|---------|
|    and   |     and_ln45_fu_183    |    0    |    0    |    6    |
|----------|------------------------|---------|---------|---------|
|    xor   |     xor_ln68_fu_298    |    0    |    0    |    6    |
|----------|------------------------|---------|---------|---------|
|  submul  |       grp_fu_338       |    1    |    0    |    0    |
|----------|------------------------|---------|---------|---------|
| submuladd|       grp_fu_346       |    1    |    0    |    0    |
|----------|------------------------|---------|---------|---------|
| addmuladd|       grp_fu_355       |    1    |    0    |    0    |
|----------|------------------------|---------|---------|---------|
|   read   |   Din_read_read_fu_68  |    0    |    0    |    0    |
|          |  freq_read_read_fu_74  |    0    |    0    |    0    |
|----------|------------------------|---------|---------|---------|
|   write  | write_ln59_write_fu_80 |    0    |    0    |    0    |
|          | write_ln60_write_fu_87 |    0    |    0    |    0    |
|----------|------------------------|---------|---------|---------|
|          |      tmp_3_fu_151      |    0    |    0    |    0    |
|partselect|      phase1_fu_209     |    0    |    0    |    0    |
|          |     trunc_ln_fu_262    |    0    |    0    |    0    |
|          |    trunc_ln1_fu_272    |    0    |    0    |    0    |
|----------|------------------------|---------|---------|---------|
|          |    zext_ln46_fu_219    |    0    |    0    |    0    |
|   zext   |    zext_ln26_fu_229    |    0    |    0    |    0    |
|          |    zext_ln33_fu_233    |    0    |    0    |    0    |
|          |    zext_ln50_fu_237    |    0    |    0    |    0    |
|----------|------------------------|---------|---------|---------|
|          |     sext_ln7_fu_241    |    0    |    0    |    0    |
|          |    sext_ln7_1_fu_244   |    0    |    0    |    0    |
|          |     sext_ln4_fu_247    |    0    |    0    |    0    |
|   sext   |    sext_ln7_2_fu_250   |    0    |    0    |    0    |
|          |    sext_ln7_3_fu_253   |    0    |    0    |    0    |
|          |    sext_ln7_4_fu_256   |    0    |    0    |    0    |
|          |    sext_ln18_fu_259    |    0    |    0    |    0    |
|----------|------------------------|---------|---------|---------|
|   Total  |                        |    3    |    0    |   129   |
|----------|------------------------|---------|---------|---------|

Memories:
N/A

* Register list:
+------------------------+--------+
|                        |   FF   |
+------------------------+--------+
| DI_cache_addr_1_reg_434|    4   |
|     Din_re_reg_444     |   18   |
|    Din_read_reg_364    |   18   |
|    add_ln59_reg_465    |   32   |
|    add_ln60_reg_470    |   32   |
|    and_ln45_reg_389    |    1   |
|    ch_1_load_reg_384   |    1   |
|     cosine_reg_428     |   16   |
|dds_table_addr_1_reg_417|    5   |
| dds_table_addr_reg_412 |    5   |
|    i_1_load_reg_370    |    3   |
|       inc_reg_375      |    3   |
|   index_load_reg_393   |    4   |
|     mul_ln4_reg_459    |   32   |
|     phase1_reg_401     |    5   |
|     phase2_reg_407     |    5   |
|    sext_ln18_reg_454   |   32   |
|    sext_ln4_reg_439    |   32   |
|   sext_ln7_4_reg_449   |   32   |
|      sine_reg_422      |   16   |
|    valid_in_reg_380    |    1   |
+------------------------+--------+
|          Total         |   297  |
+------------------------+--------+

* Multiplexer (MUX) list: 
|-------------------|------|------|------|--------||---------||---------|
|        Comp       |  Pin | Size |  BW  | S x BW ||  Delay  ||   LUT   |
|-------------------|------|------|------|--------||---------||---------|
| grp_access_fu_101 |  p0  |   3  |   4  |   12   ||    15   |
| grp_access_fu_115 |  p0  |   2  |   5  |   10   ||    9    |
| grp_access_fu_115 |  p2  |   2  |   0  |    0   ||    9    |
|     grp_fu_338    |  p1  |   2  |  16  |   32   ||    9    |
|     grp_fu_346    |  p1  |   3  |  18  |   54   ||    15   |
|     grp_fu_355    |  p1  |   3  |  18  |   54   ||    15   |
|-------------------|------|------|------|--------||---------||---------|
|       Total       |      |      |      |   162  ||  6.5715 ||    72   |
|-------------------|------|------|------|--------||---------||---------|



* Summary:
+-----------+--------+--------+--------+--------+
|           | DSP48E |  Delay |   FF   |   LUT  |
+-----------+--------+--------+--------+--------+
|  Function |    3   |    -   |    0   |   129  |
|   Memory  |    -   |    -   |    -   |    -   |
|Multiplexer|    -   |    6   |    -   |   72   |
|  Register |    -   |    -   |   297  |    -   |
+-----------+--------+--------+--------+--------+
|   Total   |    3   |    6   |   297  |   201  |
+-----------+--------+--------+--------+--------+
