

================================================================
== Vivado HLS Report for 'duc'
================================================================
* Date:           Sat Oct  5 07:11:47 2019

* Version:        2019.1.3 (Build 2642998 on Wed Sep 04 10:25:22 MDT 2019)
* Project:        duc_prj
* Solution:       solution1
* Product family: virtexuplus
* Target device:  xcvu9p-flgb2104-1-e


================================================================
== Performance Estimates
================================================================
+ Timing (ns): 
    * Summary: 
    +--------+-------+----------+------------+
    |  Clock | Target| Estimated| Uncertainty|
    +--------+-------+----------+------------+
    |ap_clk  |   2.71|     2.519|        0.34|
    +--------+-------+----------+------------+

+ Latency (clock cycles): 
    * Summary: 
    +-----+-----+-----+-----+---------+
    |  Latency  |  Interval | Pipeline|
    | min | max | min | max |   Type  |
    +-----+-----+-----+-----+---------+
    |   23|   28|   23|   28|   none  |
    +-----+-----+-----+-----+---------+

    + Detail: 
        * Instance: 
        +------------------+-------+-----+-----+-----+-----+---------+
        |                  |       |  Latency  |  Interval | Pipeline|
        |     Instance     | Module| min | max | min | max |   Type  |
        +------------------+-------+-----+-----+-----+-----+---------+
        |grp_imf3_fu_208   |imf3   |    4|    4|    4|    4|   none  |
        |grp_mixer_fu_229  |mixer  |    1|    6|    1|    6|   none  |
        |grp_imf2_fu_253   |imf2   |    4|    4|    4|    4|   none  |
        +------------------+-------+-----+-----+-----+-----+---------+

        * Loop: 
        N/A



================================================================
== Utilization Estimates
================================================================
* Summary: 
+---------------------+---------+-------+---------+---------+-----+
|         Name        | BRAM_18K| DSP48E|    FF   |   LUT   | URAM|
+---------------------+---------+-------+---------+---------+-----+
|DSP                  |        -|      2|        -|        -|    -|
|Expression           |        -|      -|        0|      379|    -|
|FIFO                 |        -|      -|        -|        -|    -|
|Instance             |        0|      5|      992|      984|    0|
|Memory               |        4|      -|       36|       21|    0|
|Multiplexer          |        -|      -|        -|       95|    -|
|Register             |        -|      -|      550|        -|    -|
+---------------------+---------+-------+---------+---------+-----+
|Total                |        4|      7|     1578|     1479|    0|
+---------------------+---------+-------+---------+---------+-----+
|Available SLR        |     1440|   2280|   788160|   394080|  320|
+---------------------+---------+-------+---------+---------+-----+
|Utilization SLR (%)  |    ~0   |   ~0  |    ~0   |    ~0   |    0|
+---------------------+---------+-------+---------+---------+-----+
|Available            |     4320|   6840|  2364480|  1182240|  960|
+---------------------+---------+-------+---------+---------+-----+
|Utilization (%)      |    ~0   |   ~0  |    ~0   |    ~0   |    0|
+---------------------+---------+-------+---------+---------+-----+

+ Detail: 
    * Instance: 
    +------------------+-------+---------+-------+-----+-----+-----+
    |     Instance     | Module| BRAM_18K| DSP48E|  FF | LUT | URAM|
    +------------------+-------+---------+-------+-----+-----+-----+
    |grp_imf2_fu_253   |imf2   |        0|      1|  281|  272|    0|
    |grp_imf3_fu_208   |imf3   |        0|      1|  465|  524|    0|
    |grp_mixer_fu_229  |mixer  |        0|      3|  246|  188|    0|
    +------------------+-------+---------+-------+-----+-----+-----+
    |Total             |       |        0|      5|  992|  984|    0|
    +------------------+-------+---------+-------+-----+-----+-----+

    * DSP48E: 
    +--------------------------+----------------------+-----------+
    |         Instance         |        Module        | Expression|
    +--------------------------+----------------------+-----------+
    |duc_mul_mul_18s_1bkb_U23  |duc_mul_mul_18s_1bkb  |  i0 * i1  |
    |duc_mul_mul_18s_1bkb_U24  |duc_mul_mul_18s_1bkb  |  i0 * i1  |
    +--------------------------+----------------------+-----------+

    * Memory: 
    +-----------------+-------------------+---------+----+----+-----+------+-----+------+-------------+
    |      Memory     |       Module      | BRAM_18K| FF | LUT| URAM| Words| Bits| Banks| W*Bits*Banks|
    +-----------------+-------------------+---------+----+----+-----+------+-----+------+-------------+
    |c_U              |duc_c              |        0|  18|  14|    0|    48|   18|     1|          864|
    |c_2_U            |duc_c_2            |        0|  18|   7|    0|    24|   18|     1|          432|
    |shift_reg_p_U    |duc_shift_reg_p    |        2|   0|   0|    0|    96|   38|     1|         3648|
    |shift_reg_p_2_U  |duc_shift_reg_p_2  |        2|   0|   0|    0|    50|   38|     1|         1900|
    +-----------------+-------------------+---------+----+----+-----+------+-----+------+-------------+
    |Total            |                   |        4|  36|  21|    0|   218|  112|     4|         6844|
    +-----------------+-------------------+---------+----+----+-----+------+-----+------+-------------+

    * FIFO: 
    N/A

    * Expression: 
    +-----------------------+----------+-------+---+----+------------+------------+
    |     Variable Name     | Operation| DSP48E| FF| LUT| Bitwidth P0| Bitwidth P1|
    +-----------------------+----------+-------+---+----+------------+------------+
    |acc_1_fu_382_p2        |     +    |      0|  0|  45|          38|          38|
    |add_ln21_fu_388_p2     |     +    |      0|  0|  42|          35|          35|
    |add_ln27_1_fu_557_p2   |     +    |      0|  0|  42|          35|          35|
    |inc_5_fu_463_p2        |     +    |      0|  0|  15|           1|           5|
    |inc_fu_294_p2          |     +    |      0|  0|  15|           1|           6|
    |sum_fu_551_p2          |     +    |      0|  0|  45|          38|          38|
    |and_ln21_fu_356_p2     |    and   |      0|  0|   2|           1|           1|
    |and_ln28_fu_525_p2     |    and   |      0|  0|   2|           1|           1|
    |icmp_ln18_fu_277_p2    |   icmp   |      0|  0|  11|           6|           1|
    |icmp_ln21_1_fu_339_p2  |   icmp   |      0|  0|  11|           6|           5|
    |icmp_ln21_fu_334_p2    |   icmp   |      0|  0|  11|           6|           6|
    |icmp_ln22_fu_446_p2    |   icmp   |      0|  0|  11|           5|           1|
    |icmp_ln28_1_fu_508_p2  |   icmp   |      0|  0|  11|           5|           4|
    |icmp_ln28_fu_503_p2    |   icmp   |      0|  0|  11|           5|           5|
    |or_ln21_1_fu_362_p2    |    or    |      0|  0|   2|           1|           1|
    |or_ln21_fu_350_p2      |    or    |      0|  0|   2|           1|           1|
    |or_ln28_1_fu_531_p2    |    or    |      0|  0|   2|           1|           1|
    |or_ln28_fu_519_p2      |    or    |      0|  0|   2|           1|           1|
    |inc_4_fu_430_p3        |  select  |      0|  0|   6|           1|           1|
    |inc_6_fu_616_p3        |  select  |      0|  0|   5|           1|           1|
    |select_ln21_fu_368_p3  |  select  |      0|  0|  38|           1|           1|
    |select_ln28_fu_537_p3  |  select  |      0|  0|  38|           1|           1|
    |xor_ln21_fu_344_p2     |    xor   |      0|  0|   2|           1|           2|
    |xor_ln26_fu_410_p2     |    xor   |      0|  0|   2|           1|           2|
    |xor_ln28_fu_513_p2     |    xor   |      0|  0|   2|           1|           2|
    |xor_ln33_fu_583_p2     |    xor   |      0|  0|   2|           1|           1|
    |xor_ln34_fu_594_p2     |    xor   |      0|  0|   2|           1|           2|
    +-----------------------+----------+-------+---+----+------------+------------+
    |Total                  |          |      0|  0| 379|         196|         198|
    +-----------------------+----------+-------+---+----+------------+------------+

    * Multiplexer: 
    +------------------------+----+-----------+-----+-----------+
    |          Name          | LUT| Input Size| Bits| Total Bits|
    +------------------------+----+-----------+-----+-----------+
    |ap_NS_fsm               |  65|         16|    1|         16|
    |shift_reg_p_2_address0  |  15|          3|    6|         18|
    |shift_reg_p_address0    |  15|          3|    7|         21|
    +------------------------+----+-----------+-----+-----------+
    |Total                   |  95|         22|   14|         55|
    +------------------------+----+-----------+-----+-----------+

    * Register: 
    +-------------------------------+----+----+-----+-----------+
    |              Name             | FF | LUT| Bits| Const Bits|
    +-------------------------------+----+----+-----+-----------+
    |acc_1_reg_714                  |  38|   0|   38|          0|
    |add_ln21_reg_719               |  35|   0|   35|          0|
    |add_ln27_1_reg_796             |  35|   0|   35|          0|
    |ap_CS_fsm                      |  15|   0|   15|          0|
    |c_2_load_reg_740               |  18|   0|   18|          0|
    |c_load_reg_663                 |  18|   0|   18|          0|
    |ch                             |   1|   0|    1|          0|
    |ch_3                           |   1|   0|    1|          0|
    |ch_3_load_reg_750              |   1|   0|    1|          0|
    |ch_load_reg_673                |   1|   0|    1|          0|
    |cnt_1                          |   1|   0|    1|          0|
    |grp_imf2_fu_253_ap_start_reg   |   1|   0|    1|          0|
    |grp_imf3_fu_208_ap_start_reg   |   1|   0|    1|          0|
    |grp_mixer_fu_229_ap_start_reg  |   1|   0|    1|          0|
    |i                              |   6|   0|    6|          0|
    |i_4                            |   5|   0|    5|          0|
    |i_4_load_reg_724               |   5|   0|    5|          0|
    |i_load_reg_647                 |   6|   0|    6|          0|
    |icmp_ln21_reg_709              |   1|   0|    1|          0|
    |icmp_ln28_reg_786              |   1|   0|    1|          0|
    |imf1_o_reg_801                 |  18|   0|   18|          0|
    |imf2_o_reg_806                 |  18|   0|   18|          0|
    |imf3_o_reg_811                 |  18|   0|   18|          0|
    |in_3                           |  18|   0|   18|          0|
    |in_r                           |  18|   0|   18|          0|
    |inc_5_reg_745                  |   5|   0|    5|          0|
    |inc_reg_668                    |   6|   0|    6|          0|
    |init                           |   1|   0|    1|          0|
    |init_4                         |   1|   0|    1|          0|
    |m_2_reg_776                    |  36|   0|   36|          0|
    |m_reg_699                      |  36|   0|   36|          0|
    |shift_reg_p_2_load_reg_771     |  38|   0|   38|          0|
    |shift_reg_p_load_reg_694       |  38|   0|   38|          0|
    |sum_reg_791                    |  38|   0|   38|          0|
    |trunc_ln18_reg_704             |  35|   0|   35|          0|
    |trunc_ln27_reg_781             |  35|   0|   35|          0|
    +-------------------------------+----+----+-----+-----------+
    |Total                          | 550|   0|  550|          0|
    +-------------------------------+----+----+-----+-----------+



================================================================
== Interface
================================================================
* Summary: 
+---------------+-----+-----+------------+--------------+--------------+
|   RTL Ports   | Dir | Bits|  Protocol  | Source Object|    C Type    |
+---------------+-----+-----+------------+--------------+--------------+
|ap_clk         |  in |    1| ap_ctrl_hs |      duc     | return value |
|ap_rst         |  in |    1| ap_ctrl_hs |      duc     | return value |
|ap_start       |  in |    1| ap_ctrl_hs |      duc     | return value |
|ap_done        | out |    1| ap_ctrl_hs |      duc     | return value |
|ap_idle        | out |    1| ap_ctrl_hs |      duc     | return value |
|ap_ready       | out |    1| ap_ctrl_hs |      duc     | return value |
|din_i          |  in |   18|   ap_none  |     din_i    |    scalar    |
|freq           |  in |   16|   ap_none  |     freq     |    scalar    |
|dout_i         | out |   18|   ap_vld   |    dout_i    |    pointer   |
|dout_i_ap_vld  | out |    1|   ap_vld   |    dout_i    |    pointer   |
|dout_q         | out |   18|   ap_vld   |    dout_q    |    pointer   |
|dout_q_ap_vld  | out |    1|   ap_vld   |    dout_q    |    pointer   |
+---------------+-----+-----+------------+--------------+--------------+

