

================================================================
== Vivado HLS Report for 'imf2'
================================================================
* Date:           Sat Oct  5 07:11:46 2019

* Version:        2019.1.3 (Build 2642998 on Wed Sep 04 10:25:22 MDT 2019)
* Project:        duc_prj
* Solution:       solution1
* Product family: virtexuplus
* Target device:  xcvu9p-flgb2104-1-e


================================================================
== Performance Estimates
================================================================
+ Timing (ns): 
    * Summary: 
    +--------+-------+----------+------------+
    |  Clock | Target| Estimated| Uncertainty|
    +--------+-------+----------+------------+
    |ap_clk  |   2.71|     2.519|        0.34|
    +--------+-------+----------+------------+

+ Latency (clock cycles): 
    * Summary: 
    +-----+-----+-----+-----+---------+
    |  Latency  |  Interval | Pipeline|
    | min | max | min | max |   Type  |
    +-----+-----+-----+-----+---------+
    |    4|    4|    4|    4|   none  |
    +-----+-----+-----+-----+---------+

    + Detail: 
        * Instance: 
        N/A

        * Loop: 
        N/A



================================================================
== Utilization Estimates
================================================================
* Summary: 
+---------------------+---------+-------+---------+---------+-----+
|         Name        | BRAM_18K| DSP48E|    FF   |   LUT   | URAM|
+---------------------+---------+-------+---------+---------+-----+
|DSP                  |        -|      1|        -|        -|    -|
|Expression           |        -|      -|        0|      195|    -|
|FIFO                 |        -|      -|        -|        -|    -|
|Instance             |        -|      -|        -|        -|    -|
|Memory               |        0|      -|       94|       20|    0|
|Multiplexer          |        -|      -|        -|       57|    -|
|Register             |        -|      -|      187|        -|    -|
+---------------------+---------+-------+---------+---------+-----+
|Total                |        0|      1|      281|      272|    0|
+---------------------+---------+-------+---------+---------+-----+
|Available SLR        |     1440|   2280|   788160|   394080|  320|
+---------------------+---------+-------+---------+---------+-----+
|Utilization SLR (%)  |        0|   ~0  |    ~0   |    ~0   |    0|
+---------------------+---------+-------+---------+---------+-----+
|Available            |     4320|   6840|  2364480|  1182240|  960|
+---------------------+---------+-------+---------+---------+-----+
|Utilization (%)      |        0|   ~0  |    ~0   |    ~0   |    0|
+---------------------+---------+-------+---------+---------+-----+

+ Detail: 
    * Instance: 
    N/A

    * DSP48E: 
    +-------------------------+----------------------+-----------+
    |         Instance        |        Module        | Expression|
    +-------------------------+----------------------+-----------+
    |duc_mul_mul_18s_1bkb_U1  |duc_mul_mul_18s_1bkb  |  i0 * i1  |
    +-------------------------+----------------------+-----------+

    * Memory: 
    +-----------------+--------------------+---------+----+----+-----+------+-----+------+-------------+
    |      Memory     |       Module       | BRAM_18K| FF | LUT| URAM| Words| Bits| Banks| W*Bits*Banks|
    +-----------------+--------------------+---------+----+----+-----+------+-----+------+-------------+
    |c_1_U            |imf2_c_1            |        0|  18|   4|    0|    12|   18|     1|          216|
    |shift_reg_p_1_U  |imf2_shift_reg_p_1  |        0|  76|  16|    0|    26|   38|     1|          988|
    +-----------------+--------------------+---------+----+----+-----+------+-----+------+-------------+
    |Total            |                    |        0|  94|  20|    0|    38|   56|     2|         1204|
    +-----------------+--------------------+---------+----+----+-----+------+-----+------+-------------+

    * FIFO: 
    N/A

    * Expression: 
    +-----------------------+----------+-------+---+----+------------+------------+
    |     Variable Name     | Operation| DSP48E| FF| LUT| Bitwidth P0| Bitwidth P1|
    +-----------------------+----------+-------+---+----+------------+------------+
    |add_ln35_fu_243_p2     |     +    |      0|  0|   9|           2|           1|
    |add_ln37_1_fu_211_p2   |     +    |      0|  0|  42|          35|          35|
    |inc_fu_107_p2          |     +    |      0|  0|  12|           1|           4|
    |shift_reg_p_1_d0       |     +    |      0|  0|  45|          38|          38|
    |and_ln27_fu_178_p2     |    and   |      0|  0|   2|           1|           1|
    |icmp_ln22_fu_90_p2     |   icmp   |      0|  0|   9|           4|           1|
    |icmp_ln27_1_fu_145_p2  |   icmp   |      0|  0|   9|           4|           3|
    |icmp_ln27_fu_140_p2    |   icmp   |      0|  0|   9|           4|           4|
    |icmp_ln31_fu_220_p2    |   icmp   |      0|  0|   8|           2|           2|
    |or_ln27_1_fu_184_p2    |    or    |      0|  0|   2|           1|           1|
    |or_ln27_fu_174_p2      |    or    |      0|  0|   2|           1|           1|
    |inc_3_fu_265_p3        |  select  |      0|  0|   4|           1|           1|
    |select_ln27_fu_190_p3  |  select  |      0|  0|  38|           1|           1|
    |xor_ln27_fu_168_p2     |    xor   |      0|  0|   2|           1|           2|
    |xor_ln33_fu_232_p2     |    xor   |      0|  0|   2|           1|           2|
    +-----------------------+----------+-------+---+----+------------+------------+
    |Total                  |          |      0|  0| 195|          97|          97|
    +-----------------------+----------+-------+---+----+------------+------------+

    * Multiplexer: 
    +------------------------+----+-----------+-----+-----------+
    |          Name          | LUT| Input Size| Bits| Total Bits|
    +------------------------+----+-----------+-----+-----------+
    |ap_NS_fsm               |  33|          6|    1|          6|
    |ap_return               |   9|          2|   18|         36|
    |shift_reg_p_1_address0  |  15|          3|    5|         15|
    +------------------------+----+-----------+-----+-----------+
    |Total                   |  57|         11|   24|         57|
    +------------------------+----+-----------+-----+-----------+

    * Register: 
    +----------------------------+----+----+-----+-----------+
    |            Name            | FF | LUT| Bits| Const Bits|
    +----------------------------+----+----+-----+-----------+
    |ap_CS_fsm                   |   5|   0|    5|          0|
    |ap_return_preg              |  18|   0|   18|          0|
    |c_1_load_reg_300            |  18|   0|   18|          0|
    |ch_2                        |   1|   0|    1|          0|
    |ch_2_load_reg_310           |   1|   0|    1|          0|
    |cnt                         |   2|   0|    2|          0|
    |i_3                         |   4|   0|    4|          0|
    |i_3_load_reg_284            |   4|   0|    4|          0|
    |icmp_ln27_1_reg_342         |   1|   0|    1|          0|
    |icmp_ln27_reg_336           |   1|   0|    1|          0|
    |in_2                        |  18|   0|   18|          0|
    |inc_reg_305                 |   4|   0|    4|          0|
    |init_3                      |   1|   0|    1|          0|
    |m_reg_347                   |  36|   0|   36|          0|
    |shift_reg_p_1_load_reg_331  |  38|   0|   38|          0|
    |trunc_ln37_reg_352          |  35|   0|   35|          0|
    +----------------------------+----+----+-----+-----------+
    |Total                       | 187|   0|  187|          0|
    +----------------------------+----+----+-----+-----------+



================================================================
== Interface
================================================================
* Summary: 
+-----------+-----+-----+------------+--------------+--------------+
| RTL Ports | Dir | Bits|  Protocol  | Source Object|    C Type    |
+-----------+-----+-----+------------+--------------+--------------+
|ap_clk     |  in |    1| ap_ctrl_hs |     imf2     | return value |
|ap_rst     |  in |    1| ap_ctrl_hs |     imf2     | return value |
|ap_start   |  in |    1| ap_ctrl_hs |     imf2     | return value |
|ap_done    | out |    1| ap_ctrl_hs |     imf2     | return value |
|ap_idle    | out |    1| ap_ctrl_hs |     imf2     | return value |
|ap_ready   | out |    1| ap_ctrl_hs |     imf2     | return value |
|ap_return  | out |   18| ap_ctrl_hs |     imf2     | return value |
|x          |  in |   18|   ap_none  |       x      |    scalar    |
+-----------+-----+-----+------------+--------------+--------------+

