

================================================================
== Vivado HLS Report for 'imf3'
================================================================
* Date:           Tue Feb 11 19:58:35 2020

* Version:        2019.2 (Build 2704478 on Wed Nov 06 22:10:23 MST 2019)
* Project:        duc_prj
* Solution:       solution1
* Product family: kintex7
* Target device:  xc7k160t-fbg484-1


================================================================
== Performance Estimates
================================================================
+ Timing: 
    * Summary: 
    +--------+---------+----------+------------+
    |  Clock |  Target | Estimated| Uncertainty|
    +--------+---------+----------+------------+
    |ap_clk  | 2.71 ns | 2.361 ns |   0.34 ns  |
    +--------+---------+----------+------------+

+ Latency: 
    * Summary: 
    +---------+---------+-----------+-----------+-----+-----+---------+
    |  Latency (cycles) |   Latency (absolute)  |  Interval | Pipeline|
    |   min   |   max   |    min    |    max    | min | max |   Type  |
    +---------+---------+-----------+-----------+-----+-----+---------+
    |        7|        7| 18.970 ns | 18.970 ns |    7|    7|   none  |
    +---------+---------+-----------+-----------+-----+-----+---------+

    + Detail: 
        * Instance: 
        N/A

        * Loop: 
        N/A

============================================================
+ Verbose Summary: Synthesis Manager
============================================================
InlineROM: 1
ExposeGlobal: 0
============================================================
+ Verbose Summary: CDFG Model
============================================================
IsTopModel: 0
ResetActiveHigh: 1
IsCombinational: 0
IsDatapathOnly: 0
HasWiredReturn: 1
HasMFsm: 0
HasVarLatency: 1
IsPipeline: 0
IsRtlPipelined: 0
IsInstanceOverlapped: 0
IsDontTouch: 0
HasImplIP: 0
IsGatedGlobalClock: 0


============================================================
+ Verbose Summary: Schedule
============================================================
* Number of FSM states : 8
* Pipeline : 0
* Dataflow Pipeline: 0

* FSM state transitions: 
1 --> 2 
2 --> 3 
3 --> 4 
4 --> 5 
5 --> 6 
6 --> 7 
7 --> 8 
8 --> 

* FSM state operations: 

State 1 <SV = 0> <Delay = 2.21>
ST_1 : Operation 9 [1/1] (0.00ns)   --->   "%x_read = call i18 @_ssdm_op_Read.ap_auto.i18(i18 %x) nounwind" [imf3.c:5]   --->   Operation 9 'read' 'x_read' <Predicate = true> <Delay = 0.00>
ST_1 : Operation 10 [1/1] (0.00ns)   --->   "%i_2_load = load i6* @i_2, align 1" [imf3.c:23]   --->   Operation 10 'load' 'i_2_load' <Predicate = true> <Delay = 0.00>
ST_1 : Operation 11 [1/1] (1.15ns)   --->   "%icmp_ln23 = icmp eq i6 %i_2_load, 0" [imf3.c:23]   --->   Operation 11 'icmp' 'icmp_ln23' <Predicate = true> <Delay = 1.15> <Core = "Cmp">   --->   Core 25 'Cmp' <Latency = 0> <II = 1> <Delay = 1.15> <FuncUnit> <Opcode : 'icmp'> <InPorts = 2> <OutPorts = 1>
ST_1 : Operation 12 [1/1] (0.00ns)   --->   "%in_1_load = load i18* @in_1, align 4" [imf3.c:30]   --->   Operation 12 'load' 'in_1_load' <Predicate = true> <Delay = 0.00>
ST_1 : Operation 13 [1/1] (1.06ns)   --->   "br i1 %icmp_ln23, label %1, label %._crit_edge_ifconv" [imf3.c:23]   --->   Operation 13 'br' <Predicate = true> <Delay = 1.06>
ST_1 : Operation 14 [1/1] (0.00ns)   --->   "store i18 %x_read, i18* @in_1, align 4" [imf3.c:24]   --->   Operation 14 'store' <Predicate = (icmp_ln23)> <Delay = 0.00>
ST_1 : Operation 15 [1/1] (1.06ns)   --->   "br label %._crit_edge_ifconv" [imf3.c:25]   --->   Operation 15 'br' <Predicate = (icmp_ln23)> <Delay = 1.06>
ST_1 : Operation 16 [1/1] (0.00ns)   --->   "%zext_ln30 = zext i6 %i_2_load to i64" [imf3.c:30]   --->   Operation 16 'zext' 'zext_ln30' <Predicate = true> <Delay = 0.00>
ST_1 : Operation 17 [1/1] (0.00ns)   --->   "%c_5_0_addr = getelementptr [6 x i18]* @c_5_0, i64 0, i64 %zext_ln30" [imf3.c:30]   --->   Operation 17 'getelementptr' 'c_5_0_addr' <Predicate = true> <Delay = 0.00>
ST_1 : Operation 18 [2/2] (1.33ns)   --->   "%c_5_0_load = load i18* %c_5_0_addr, align 8" [imf3.c:30]   --->   Operation 18 'load' 'c_5_0_load' <Predicate = true> <Delay = 1.33> <Core = "ROM_nP">   --->   Core 52 'ROM_nP' <Latency = 1> <II = 1> <Delay = 1.33> <Storage> <Opcode : 'load'> <Ports = 0> <Width = 1> <Depth = 6> <ROM>
ST_1 : Operation 19 [1/1] (0.00ns)   --->   "%c_5_1_addr = getelementptr [6 x i1]* @c_5_1, i64 0, i64 %zext_ln30" [imf3.c:31]   --->   Operation 19 'getelementptr' 'c_5_1_addr' <Predicate = true> <Delay = 0.00>
ST_1 : Operation 20 [2/2] (1.33ns)   --->   "%c_5_1_load = load i1* %c_5_1_addr, align 1" [imf3.c:31]   --->   Operation 20 'load' 'c_5_1_load' <Predicate = true> <Delay = 1.33> <Core = "ROM_nP">   --->   Core 52 'ROM_nP' <Latency = 1> <II = 1> <Delay = 1.33> <Storage> <Opcode : 'load'> <Ports = 0> <Width = 1> <Depth = 6> <ROM>

State 2 <SV = 1> <Delay = 1.33>
ST_2 : Operation 21 [1/1] (0.00ns)   --->   "%d_assign = phi i18 [ %x_read, %1 ], [ %in_1_load, %0 ]" [imf3.c:5]   --->   Operation 21 'phi' 'd_assign' <Predicate = true> <Delay = 0.00>
ST_2 : Operation 22 [1/2] (1.33ns)   --->   "%c_5_0_load = load i18* %c_5_0_addr, align 8" [imf3.c:30]   --->   Operation 22 'load' 'c_5_0_load' <Predicate = true> <Delay = 1.33> <Core = "ROM_nP">   --->   Core 52 'ROM_nP' <Latency = 1> <II = 1> <Delay = 1.33> <Storage> <Opcode : 'load'> <Ports = 0> <Width = 1> <Depth = 6> <ROM>
ST_2 : Operation 23 [1/2] (1.33ns)   --->   "%c_5_1_load = load i1* %c_5_1_addr, align 1" [imf3.c:31]   --->   Operation 23 'load' 'c_5_1_load' <Predicate = true> <Delay = 1.33> <Core = "ROM_nP">   --->   Core 52 'ROM_nP' <Latency = 1> <II = 1> <Delay = 1.33> <Storage> <Opcode : 'load'> <Ports = 0> <Width = 1> <Depth = 6> <ROM>

State 3 <SV = 2> <Delay = 1.82>
ST_3 : Operation 24 [1/1] (0.00ns)   --->   "%sext_ln46 = sext i18 %c_5_0_load to i36" [mac.c:46->imf3.c:30]   --->   Operation 24 'sext' 'sext_ln46' <Predicate = true> <Delay = 0.00>
ST_3 : Operation 25 [1/1] (0.00ns)   --->   "%sext_ln46_1 = sext i18 %d_assign to i36" [mac.c:46->imf3.c:30]   --->   Operation 25 'sext' 'sext_ln46_1' <Predicate = true> <Delay = 0.00>
ST_3 : Operation 26 [4/4] (1.82ns) (root node of the DSP)   --->   "%m = mul nsw i36 %sext_ln46, %sext_ln46_1" [mac.c:46->imf3.c:30]   --->   Operation 26 'mul' 'm' <Predicate = true> <Delay = 1.82> <Core = "DSP48">   --->   Core 88 'DSP48' <Latency = 3> <II = 1> <Delay = 1.82> <IPBlock> <Opcode : 'mul' 'add' 'sub' 'select'> <InPorts = 0> <OutPorts = 1> <Sync> <CReg>

State 4 <SV = 3> <Delay = 1.82>
ST_4 : Operation 27 [1/1] (1.35ns)   --->   "%inc = add i6 1, %i_2_load" [imf3.c:26]   --->   Operation 27 'add' 'inc' <Predicate = true> <Delay = 1.35> <Core = "AddSub">   --->   Core 14 'AddSub' <Latency = 0> <II = 1> <Delay = 1.35> <FuncUnit> <Opcode : 'add' 'sub'> <InPorts = 2> <OutPorts = 1>
ST_4 : Operation 28 [3/4] (1.82ns) (root node of the DSP)   --->   "%m = mul nsw i36 %sext_ln46, %sext_ln46_1" [mac.c:46->imf3.c:30]   --->   Operation 28 'mul' 'm' <Predicate = true> <Delay = 1.82> <Core = "DSP48">   --->   Core 88 'DSP48' <Latency = 3> <II = 1> <Delay = 1.82> <IPBlock> <Opcode : 'mul' 'add' 'sub' 'select'> <InPorts = 0> <OutPorts = 1> <Sync> <CReg>

State 5 <SV = 4> <Delay = 1.82>
ST_5 : Operation 29 [1/1] (0.00ns)   --->   "%p_Val2_s = load i6* @j, align 1" [imf3.c:28]   --->   Operation 29 'load' 'p_Val2_s' <Predicate = true> <Delay = 0.00>
ST_5 : Operation 30 [1/1] (0.00ns)   --->   "%ch_4 = call i1 @_ssdm_op_BitSelect.i1.i6.i32(i6 %p_Val2_s, i32 3)" [imf3.c:28]   --->   Operation 30 'bitselect' 'ch_4' <Predicate = true> <Delay = 0.00>
ST_5 : Operation 31 [1/1] (1.15ns)   --->   "%icmp_ln30 = icmp eq i6 %i_2_load, 5" [imf3.c:30]   --->   Operation 31 'icmp' 'icmp_ln30' <Predicate = true> <Delay = 1.15> <Core = "Cmp">   --->   Core 25 'Cmp' <Latency = 0> <II = 1> <Delay = 1.15> <FuncUnit> <Opcode : 'icmp'> <InPorts = 2> <OutPorts = 1>
ST_5 : Operation 32 [1/1] (0.00ns)   --->   "%tmp_3 = call i7 @_ssdm_op_BitConcatenate.i7.i6.i1(i6 %inc, i1 %ch_4)" [imf3.c:30]   --->   Operation 32 'bitconcatenate' 'tmp_3' <Predicate = true> <Delay = 0.00>
ST_5 : Operation 33 [1/1] (0.00ns)   --->   "%zext_ln30_1 = zext i7 %tmp_3 to i64" [imf3.c:30]   --->   Operation 33 'zext' 'zext_ln30_1' <Predicate = true> <Delay = 0.00>
ST_5 : Operation 34 [1/1] (0.00ns)   --->   "%shift_reg_p0_addr = getelementptr [12 x i38]* @shift_reg_p0, i64 0, i64 %zext_ln30_1" [imf3.c:30]   --->   Operation 34 'getelementptr' 'shift_reg_p0_addr' <Predicate = true> <Delay = 0.00>
ST_5 : Operation 35 [1/1] (0.00ns)   --->   "%shift_reg_p1_addr = getelementptr [12 x i38]* @shift_reg_p1, i64 0, i64 %zext_ln30_1" [imf3.c:31]   --->   Operation 35 'getelementptr' 'shift_reg_p1_addr' <Predicate = true> <Delay = 0.00>
ST_5 : Operation 36 [2/2] (1.42ns)   --->   "%shift_reg_p0_load = load i38* %shift_reg_p0_addr, align 8" [imf3.c:30]   --->   Operation 36 'load' 'shift_reg_p0_load' <Predicate = true> <Delay = 1.42> <Core = "RAM">   --->   Core 37 'RAM' <Latency = 1> <II = 1> <Delay = 1.42> <Storage> <Opcode : 'load' 'store'> <Ports = 2> <Width = 38> <Depth = 12> <RAM>
ST_5 : Operation 37 [1/1] (0.00ns)   --->   "%sext_ln46_2 = sext i18 %d_assign to i35" [mac.c:46->imf3.c:30]   --->   Operation 37 'sext' 'sext_ln46_2' <Predicate = (c_5_1_load)> <Delay = 0.00>
ST_5 : Operation 38 [2/4] (1.82ns) (root node of the DSP)   --->   "%m = mul nsw i36 %sext_ln46, %sext_ln46_1" [mac.c:46->imf3.c:30]   --->   Operation 38 'mul' 'm' <Predicate = true> <Delay = 1.82> <Core = "DSP48">   --->   Core 88 'DSP48' <Latency = 3> <II = 1> <Delay = 1.82> <IPBlock> <Opcode : 'mul' 'add' 'sub' 'select'> <InPorts = 0> <OutPorts = 1> <Sync> <CReg>
ST_5 : Operation 39 [2/2] (1.42ns)   --->   "%shift_reg_p1_load = load i38* %shift_reg_p1_addr, align 8" [imf3.c:31]   --->   Operation 39 'load' 'shift_reg_p1_load' <Predicate = true> <Delay = 1.42> <Core = "RAM">   --->   Core 37 'RAM' <Latency = 1> <II = 1> <Delay = 1.42> <Storage> <Opcode : 'load' 'store'> <Ports = 2> <Width = 38> <Depth = 12> <RAM>
ST_5 : Operation 40 [1/1] (0.00ns)   --->   "%shl_ln = call i35 @_ssdm_op_BitConcatenate.i35.i18.i17(i18 %d_assign, i17 0)" [mac.c:46->imf3.c:31]   --->   Operation 40 'bitconcatenate' 'shl_ln' <Predicate = (c_5_1_load)> <Delay = 0.00>
ST_5 : Operation 41 [1/1] (1.74ns)   --->   "%sub_ln46 = sub i35 %shl_ln, %sext_ln46_2" [mac.c:46->imf3.c:31]   --->   Operation 41 'sub' 'sub_ln46' <Predicate = (c_5_1_load)> <Delay = 1.74> <Core = "AddSub">   --->   Core 14 'AddSub' <Latency = 0> <II = 1> <Delay = 1.35> <FuncUnit> <Opcode : 'add' 'sub'> <InPorts = 2> <OutPorts = 1>

State 6 <SV = 5> <Delay = 2.36>
ST_6 : Operation 42 [1/1] (0.00ns)   --->   "%init_2_load = load i1* @init_2, align 1" [imf3.c:30]   --->   Operation 42 'load' 'init_2_load' <Predicate = true> <Delay = 0.00>
ST_6 : Operation 43 [1/1] (0.61ns)   --->   "%or_ln30 = or i1 %init_2_load, %icmp_ln30" [imf3.c:30]   --->   Operation 43 'or' 'or_ln30' <Predicate = true> <Delay = 0.61> <Core = "LogicGate">   --->   Core 27 'LogicGate' <Latency = 0> <II = 1> <Delay = 0.61> <FuncUnit> <Opcode : 'and' 'or' 'xor'> <InPorts = 2> <OutPorts = 1>
ST_6 : Operation 44 [1/2] (1.42ns)   --->   "%shift_reg_p0_load = load i38* %shift_reg_p0_addr, align 8" [imf3.c:30]   --->   Operation 44 'load' 'shift_reg_p0_load' <Predicate = true> <Delay = 1.42> <Core = "RAM">   --->   Core 37 'RAM' <Latency = 1> <II = 1> <Delay = 1.42> <Storage> <Opcode : 'load' 'store'> <Ports = 2> <Width = 38> <Depth = 12> <RAM>
ST_6 : Operation 45 [1/1] (0.93ns)   --->   "%select_ln30 = select i1 %or_ln30, i38 0, i38 %shift_reg_p0_load" [imf3.c:30]   --->   Operation 45 'select' 'select_ln30' <Predicate = true> <Delay = 0.93> <Core = "Sel">   --->   Core 26 'Sel' <Latency = 0> <II = 1> <Delay = 0.65> <FuncUnit> <Opcode : 'select'> <InPorts = 3> <OutPorts = 1>
ST_6 : Operation 46 [1/4] (0.00ns) (root node of the DSP)   --->   "%m = mul nsw i36 %sext_ln46, %sext_ln46_1" [mac.c:46->imf3.c:30]   --->   Operation 46 'mul' 'm' <Predicate = true> <Delay = 0.00> <Core = "DSP48">   --->   Core 88 'DSP48' <Latency = 3> <II = 1> <Delay = 1.82> <IPBlock> <Opcode : 'mul' 'add' 'sub' 'select'> <InPorts = 0> <OutPorts = 1> <Sync> <CReg>
ST_6 : Operation 47 [1/1] (0.00ns)   --->   "%trunc_ln30 = trunc i38 %select_ln30 to i35" [imf3.c:30]   --->   Operation 47 'trunc' 'trunc_ln30' <Predicate = (icmp_ln23)> <Delay = 0.00>
ST_6 : Operation 48 [1/1] (0.00ns)   --->   "%trunc_ln30_1 = trunc i36 %m to i35" [imf3.c:30]   --->   Operation 48 'trunc' 'trunc_ln30_1' <Predicate = (icmp_ln23)> <Delay = 0.00>
ST_6 : Operation 49 [1/2] (1.42ns)   --->   "%shift_reg_p1_load = load i38* %shift_reg_p1_addr, align 8" [imf3.c:31]   --->   Operation 49 'load' 'shift_reg_p1_load' <Predicate = true> <Delay = 1.42> <Core = "RAM">   --->   Core 37 'RAM' <Latency = 1> <II = 1> <Delay = 1.42> <Storage> <Opcode : 'load' 'store'> <Ports = 2> <Width = 38> <Depth = 12> <RAM>
ST_6 : Operation 50 [1/1] (0.93ns)   --->   "%select_ln30_1 = select i1 %or_ln30, i38 0, i38 %shift_reg_p1_load" [imf3.c:30]   --->   Operation 50 'select' 'select_ln30_1' <Predicate = true> <Delay = 0.93> <Core = "Sel">   --->   Core 26 'Sel' <Latency = 0> <II = 1> <Delay = 0.65> <FuncUnit> <Opcode : 'select'> <InPorts = 3> <OutPorts = 1>
ST_6 : Operation 51 [1/1] (0.78ns)   --->   "%m_1 = select i1 %c_5_1_load, i35 %sub_ln46, i35 0" [mac.c:46->imf3.c:31]   --->   Operation 51 'select' 'm_1' <Predicate = true> <Delay = 0.78> <Core = "Sel">   --->   Core 26 'Sel' <Latency = 0> <II = 1> <Delay = 0.65> <FuncUnit> <Opcode : 'select'> <InPorts = 3> <OutPorts = 1>
ST_6 : Operation 52 [1/1] (0.00ns)   --->   "%trunc_ln31 = trunc i38 %select_ln30_1 to i35" [imf3.c:31]   --->   Operation 52 'trunc' 'trunc_ln31' <Predicate = (!icmp_ln23)> <Delay = 0.00>

State 7 <SV = 6> <Delay = 1.74>
ST_7 : Operation 53 [1/1] (0.00ns)   --->   "%sext_ln47 = sext i36 %m to i38" [mac.c:47->imf3.c:30]   --->   Operation 53 'sext' 'sext_ln47' <Predicate = true> <Delay = 0.00>
ST_7 : Operation 54 [1/1] (1.71ns)   --->   "%acc0 = add i38 %sext_ln47, %select_ln30" [imf3.c:30]   --->   Operation 54 'add' 'acc0' <Predicate = true> <Delay = 1.71> <Core = "AddSub">   --->   Core 14 'AddSub' <Latency = 0> <II = 1> <Delay = 1.35> <FuncUnit> <Opcode : 'add' 'sub'> <InPorts = 2> <OutPorts = 1>
ST_7 : Operation 55 [1/1] (0.00ns)   --->   "%sext_ln47_1 = sext i35 %m_1 to i38" [mac.c:47->imf3.c:31]   --->   Operation 55 'sext' 'sext_ln47_1' <Predicate = true> <Delay = 0.00>
ST_7 : Operation 56 [1/1] (1.71ns)   --->   "%acc1 = add i38 %sext_ln47_1, %select_ln30_1" [imf3.c:31]   --->   Operation 56 'add' 'acc1' <Predicate = true> <Delay = 1.71> <Core = "AddSub">   --->   Core 14 'AddSub' <Latency = 0> <II = 1> <Delay = 1.35> <FuncUnit> <Opcode : 'add' 'sub'> <InPorts = 2> <OutPorts = 1>
ST_7 : Operation 57 [1/1] (1.74ns)   --->   "%add_ln36 = add i35 %trunc_ln30, %trunc_ln30_1" [imf3.c:36]   --->   Operation 57 'add' 'add_ln36' <Predicate = (icmp_ln23)> <Delay = 1.74> <Core = "AddSub">   --->   Core 14 'AddSub' <Latency = 0> <II = 1> <Delay = 1.35> <FuncUnit> <Opcode : 'add' 'sub'> <InPorts = 2> <OutPorts = 1>
ST_7 : Operation 58 [1/1] (1.74ns)   --->   "%add_ln36_1 = add i35 %trunc_ln31, %m_1" [imf3.c:36]   --->   Operation 58 'add' 'add_ln36_1' <Predicate = (!icmp_ln23)> <Delay = 1.74> <Core = "AddSub">   --->   Core 14 'AddSub' <Latency = 0> <II = 1> <Delay = 1.35> <FuncUnit> <Opcode : 'add' 'sub'> <InPorts = 2> <OutPorts = 1>
ST_7 : Operation 59 [1/1] (0.00ns)   --->   "%tmp_4 = call i18 @_ssdm_op_PartSelect.i18.i35.i32.i32(i35 %add_ln36, i32 17, i32 34)" [imf3.c:36]   --->   Operation 59 'partselect' 'tmp_4' <Predicate = (icmp_ln23)> <Delay = 0.00>
ST_7 : Operation 60 [1/1] (0.00ns)   --->   "%tmp_5 = call i18 @_ssdm_op_PartSelect.i18.i35.i32.i32(i35 %add_ln36_1, i32 17, i32 34)" [imf3.c:36]   --->   Operation 60 'partselect' 'tmp_5' <Predicate = (!icmp_ln23)> <Delay = 0.00>

State 8 <SV = 7> <Delay = 2.01>
ST_8 : Operation 61 [1/1] (0.00ns)   --->   "%tmp = call i7 @_ssdm_op_BitConcatenate.i7.i6.i1(i6 %i_2_load, i1 %ch_4)" [imf3.c:33]   --->   Operation 61 'bitconcatenate' 'tmp' <Predicate = true> <Delay = 0.00>
ST_8 : Operation 62 [1/1] (0.00ns)   --->   "%zext_ln33 = zext i7 %tmp to i64" [imf3.c:33]   --->   Operation 62 'zext' 'zext_ln33' <Predicate = true> <Delay = 0.00>
ST_8 : Operation 63 [1/1] (0.00ns)   --->   "%shift_reg_p0_addr_1 = getelementptr [12 x i38]* @shift_reg_p0, i64 0, i64 %zext_ln33" [imf3.c:33]   --->   Operation 63 'getelementptr' 'shift_reg_p0_addr_1' <Predicate = true> <Delay = 0.00>
ST_8 : Operation 64 [1/1] (0.00ns)   --->   "%shift_reg_p1_addr_1 = getelementptr [12 x i38]* @shift_reg_p1, i64 0, i64 %zext_ln33" [imf3.c:34]   --->   Operation 64 'getelementptr' 'shift_reg_p1_addr_1' <Predicate = true> <Delay = 0.00>
ST_8 : Operation 65 [1/1] (1.42ns)   --->   "store i38 %acc0, i38* %shift_reg_p0_addr_1, align 8" [imf3.c:33]   --->   Operation 65 'store' <Predicate = true> <Delay = 1.42> <Core = "RAM">   --->   Core 37 'RAM' <Latency = 1> <II = 1> <Delay = 1.42> <Storage> <Opcode : 'load' 'store'> <Ports = 2> <Width = 38> <Depth = 12> <RAM>
ST_8 : Operation 66 [1/1] (1.42ns)   --->   "store i38 %acc1, i38* %shift_reg_p1_addr_1, align 8" [imf3.c:34]   --->   Operation 66 'store' <Predicate = true> <Delay = 1.42> <Core = "RAM">   --->   Core 37 'RAM' <Latency = 1> <II = 1> <Delay = 1.42> <Storage> <Opcode : 'load' 'store'> <Ports = 2> <Width = 38> <Depth = 12> <RAM>
ST_8 : Operation 67 [1/1] (0.73ns)   --->   "%select_ln36 = select i1 %icmp_ln23, i18 %tmp_4, i18 %tmp_5" [imf3.c:36]   --->   Operation 67 'select' 'select_ln36' <Predicate = true> <Delay = 0.73> <Core = "Sel">   --->   Core 26 'Sel' <Latency = 0> <II = 1> <Delay = 0.65> <FuncUnit> <Opcode : 'select'> <InPorts = 3> <OutPorts = 1>
ST_8 : Operation 68 [1/1] (1.15ns)   --->   "%icmp_ln37 = icmp eq i6 %p_Val2_s, 15" [imf3.c:37]   --->   Operation 68 'icmp' 'icmp_ln37' <Predicate = true> <Delay = 1.15> <Core = "Cmp">   --->   Core 25 'Cmp' <Latency = 0> <II = 1> <Delay = 1.15> <FuncUnit> <Opcode : 'icmp'> <InPorts = 2> <OutPorts = 1>
ST_8 : Operation 69 [1/1] (0.61ns)   --->   "%and_ln37 = and i1 %icmp_ln30, %icmp_ln37" [imf3.c:37]   --->   Operation 69 'and' 'and_ln37' <Predicate = true> <Delay = 0.61> <Core = "LogicGate">   --->   Core 27 'LogicGate' <Latency = 0> <II = 1> <Delay = 0.61> <FuncUnit> <Opcode : 'and' 'or' 'xor'> <InPorts = 2> <OutPorts = 1>
ST_8 : Operation 70 [1/1] (0.00ns)   --->   "br i1 %and_ln37, label %2, label %._crit_edge8" [imf3.c:37]   --->   Operation 70 'br' <Predicate = true> <Delay = 0.00>
ST_8 : Operation 71 [1/1] (0.00ns)   --->   "store i1 false, i1* @init_2, align 1" [imf3.c:38]   --->   Operation 71 'store' <Predicate = (and_ln37)> <Delay = 0.00>
ST_8 : Operation 72 [1/1] (0.00ns)   --->   "br label %._crit_edge8" [imf3.c:38]   --->   Operation 72 'br' <Predicate = (and_ln37)> <Delay = 0.00>
ST_8 : Operation 73 [1/1] (0.00ns)   --->   "br i1 %icmp_ln30, label %._crit_edge10, label %._crit_edge9" [imf3.c:39]   --->   Operation 73 'br' <Predicate = true> <Delay = 0.00>
ST_8 : Operation 74 [1/1] (1.35ns)   --->   "%add_ln40 = add i6 %p_Val2_s, 1" [imf3.c:40]   --->   Operation 74 'add' 'add_ln40' <Predicate = (icmp_ln30)> <Delay = 1.35> <Core = "AddSub">   --->   Core 14 'AddSub' <Latency = 0> <II = 1> <Delay = 1.35> <FuncUnit> <Opcode : 'add' 'sub'> <InPorts = 2> <OutPorts = 1>
ST_8 : Operation 75 [1/1] (0.65ns)   --->   "%select_ln40 = select i1 %icmp_ln37, i6 0, i6 %add_ln40" [imf3.c:40]   --->   Operation 75 'select' 'select_ln40' <Predicate = (icmp_ln30)> <Delay = 0.65> <Core = "Sel">   --->   Core 26 'Sel' <Latency = 0> <II = 1> <Delay = 0.65> <FuncUnit> <Opcode : 'select'> <InPorts = 3> <OutPorts = 1>
ST_8 : Operation 76 [1/1] (0.00ns)   --->   "store i6 %select_ln40, i6* @j, align 1" [imf3.c:40]   --->   Operation 76 'store' <Predicate = (icmp_ln30)> <Delay = 0.00>
ST_8 : Operation 77 [1/1] (0.00ns)   --->   "br label %._crit_edge9" [imf3.c:40]   --->   Operation 77 'br' <Predicate = (icmp_ln30)> <Delay = 0.00>
ST_8 : Operation 78 [1/1] (0.65ns)   --->   "%inc_2 = select i1 %icmp_ln30, i6 0, i6 %inc" [imf3.c:42]   --->   Operation 78 'select' 'inc_2' <Predicate = true> <Delay = 0.65> <Core = "Sel">   --->   Core 26 'Sel' <Latency = 0> <II = 1> <Delay = 0.65> <FuncUnit> <Opcode : 'select'> <InPorts = 3> <OutPorts = 1>
ST_8 : Operation 79 [1/1] (0.00ns)   --->   "store i6 %inc_2, i6* @i_2, align 1" [imf3.c:42]   --->   Operation 79 'store' <Predicate = true> <Delay = 0.00>
ST_8 : Operation 80 [1/1] (0.00ns)   --->   "ret i18 %select_ln36" [imf3.c:43]   --->   Operation 80 'ret' <Predicate = true> <Delay = 0.00>


============================================================
+ Verbose Summary: Timing violations
============================================================
Target clock period: 2.71ns, clock uncertainty: 0.339ns.

 <State 1>: 2.21ns
The critical path consists of the following:
	'load' operation ('i_2_load', imf3.c:23) on static variable 'i_2' [17]  (0 ns)
	'icmp' operation ('icmp_ln23', imf3.c:23) [18]  (1.15 ns)
	multiplexor before 'phi' operation ('d', imf3.c:5) with incoming values : ('x', imf3.c:5) ('in_1_load', imf3.c:30) [25]  (1.06 ns)

 <State 2>: 1.33ns
The critical path consists of the following:
	'load' operation ('c', imf3.c:30) on array 'c_5_0' [31]  (1.33 ns)

 <State 3>: 1.82ns
The critical path consists of the following:
	'mul' operation of DSP[48] ('m', mac.c:46->imf3.c:30) [48]  (1.82 ns)

 <State 4>: 1.82ns
The critical path consists of the following:
	'mul' operation of DSP[48] ('m', mac.c:46->imf3.c:30) [48]  (1.82 ns)

 <State 5>: 1.82ns
The critical path consists of the following:
	'mul' operation of DSP[48] ('m', mac.c:46->imf3.c:30) [48]  (1.82 ns)

 <State 6>: 2.36ns
The critical path consists of the following:
	'load' operation ('shift_reg_p0_load', imf3.c:30) on array 'shift_reg_p0' [43]  (1.43 ns)
	'select' operation ('select_ln30', imf3.c:30) [44]  (0.935 ns)

 <State 7>: 1.75ns
The critical path consists of the following:
	'add' operation ('add_ln36', imf3.c:36) [65]  (1.75 ns)

 <State 8>: 2.01ns
The critical path consists of the following:
	'add' operation ('add_ln40', imf3.c:40) [79]  (1.36 ns)
	'select' operation ('select_ln40', imf3.c:40) [80]  (0.656 ns)


============================================================
+ Verbose Summary: Binding
============================================================
N/A
* FSMD analyzer results:
  - Output states:
 - Input state : 
  - Chain level:
	State 1
	State 2
	State 3
	State 4
	State 5
	State 6
	State 7
	State 8


============================================================
+ Verbose Summary: Datapath Resource usage 
============================================================
N/A
