#-----------------------------------------------------------
# xsim v2019.2 (64-bit)
# SW Build 2708876 on Wed Nov  6 21:40:23 MST 2019
# IP Build 2700528 on Thu Nov  7 00:09:20 MST 2019
# Start of session at: Tue Apr  6 15:14:16 2021
# Process ID: 10200
# Current directory: D:/Repo/hls/labA/Shift_Register/solution1/sim/verilog
# Command line: xsim.exe -mode tcl -source {xsim.dir/shift_reg/xsim_script.tcl}
# Log file: D:/Repo/hls/labA/Shift_Register/solution1/sim/verilog/xsim.log
# Journal file: D:/Repo/hls/labA/Shift_Register/solution1/sim/verilog\xsim.jou
#-----------------------------------------------------------
source xsim.dir/shift_reg/xsim_script.tcl
# xsim {shift_reg} -autoloadwcfg -tclbatch {shift_reg.tcl}
Vivado Simulator 2019.2
Time resolution is 1 ps
source shift_reg.tcl
## log_wave -r /
WARNING: [Simtcl 6-197] One or more HDL objects could not be logged because of object type or size limitations.  To see details please rerun the command with -verbose (-v).
## set designtopgroup [add_wave_group "Design Top Signals"]
## set coutputgroup [add_wave_group "C Outputs" -into $designtopgroup]
## set dout1_group [add_wave_group dout1(wire) -into $coutputgroup]
## add_wave /apatb_shift_reg_top/AESL_inst_shift_reg/dout1_3_ap_vld -into $dout1_group -color #ffff00 -radix hex
## add_wave /apatb_shift_reg_top/AESL_inst_shift_reg/dout1_3 -into $dout1_group -radix hex
## add_wave /apatb_shift_reg_top/AESL_inst_shift_reg/dout1_2_ap_vld -into $dout1_group -color #ffff00 -radix hex
## add_wave /apatb_shift_reg_top/AESL_inst_shift_reg/dout1_2 -into $dout1_group -radix hex
## add_wave /apatb_shift_reg_top/AESL_inst_shift_reg/dout1_1_ap_vld -into $dout1_group -color #ffff00 -radix hex
## add_wave /apatb_shift_reg_top/AESL_inst_shift_reg/dout1_1 -into $dout1_group -radix hex
## add_wave /apatb_shift_reg_top/AESL_inst_shift_reg/dout1_0_ap_vld -into $dout1_group -color #ffff00 -radix hex
## add_wave /apatb_shift_reg_top/AESL_inst_shift_reg/dout1_0 -into $dout1_group -radix hex
## set dout0_group [add_wave_group dout0(wire) -into $coutputgroup]
## add_wave /apatb_shift_reg_top/AESL_inst_shift_reg/dout0_11_ap_vld -into $dout0_group -color #ffff00 -radix hex
## add_wave /apatb_shift_reg_top/AESL_inst_shift_reg/dout0_11 -into $dout0_group -radix hex
## add_wave /apatb_shift_reg_top/AESL_inst_shift_reg/dout0_10_ap_vld -into $dout0_group -color #ffff00 -radix hex
## add_wave /apatb_shift_reg_top/AESL_inst_shift_reg/dout0_10 -into $dout0_group -radix hex
## add_wave /apatb_shift_reg_top/AESL_inst_shift_reg/dout0_9_ap_vld -into $dout0_group -color #ffff00 -radix hex
## add_wave /apatb_shift_reg_top/AESL_inst_shift_reg/dout0_9 -into $dout0_group -radix hex
## add_wave /apatb_shift_reg_top/AESL_inst_shift_reg/dout0_8_ap_vld -into $dout0_group -color #ffff00 -radix hex
## add_wave /apatb_shift_reg_top/AESL_inst_shift_reg/dout0_8 -into $dout0_group -radix hex
## add_wave /apatb_shift_reg_top/AESL_inst_shift_reg/dout0_7_ap_vld -into $dout0_group -color #ffff00 -radix hex
## add_wave /apatb_shift_reg_top/AESL_inst_shift_reg/dout0_7 -into $dout0_group -radix hex
## add_wave /apatb_shift_reg_top/AESL_inst_shift_reg/dout0_6_ap_vld -into $dout0_group -color #ffff00 -radix hex
## add_wave /apatb_shift_reg_top/AESL_inst_shift_reg/dout0_6 -into $dout0_group -radix hex
## add_wave /apatb_shift_reg_top/AESL_inst_shift_reg/dout0_5_ap_vld -into $dout0_group -color #ffff00 -radix hex
## add_wave /apatb_shift_reg_top/AESL_inst_shift_reg/dout0_5 -into $dout0_group -radix hex
## add_wave /apatb_shift_reg_top/AESL_inst_shift_reg/dout0_4_ap_vld -into $dout0_group -color #ffff00 -radix hex
## add_wave /apatb_shift_reg_top/AESL_inst_shift_reg/dout0_4 -into $dout0_group -radix hex
## add_wave /apatb_shift_reg_top/AESL_inst_shift_reg/dout0_3_ap_vld -into $dout0_group -color #ffff00 -radix hex
## add_wave /apatb_shift_reg_top/AESL_inst_shift_reg/dout0_3 -into $dout0_group -radix hex
## add_wave /apatb_shift_reg_top/AESL_inst_shift_reg/dout0_2_ap_vld -into $dout0_group -color #ffff00 -radix hex
## add_wave /apatb_shift_reg_top/AESL_inst_shift_reg/dout0_2 -into $dout0_group -radix hex
## add_wave /apatb_shift_reg_top/AESL_inst_shift_reg/dout0_1_ap_vld -into $dout0_group -color #ffff00 -radix hex
## add_wave /apatb_shift_reg_top/AESL_inst_shift_reg/dout0_1 -into $dout0_group -radix hex
## add_wave /apatb_shift_reg_top/AESL_inst_shift_reg/dout0_0_ap_vld -into $dout0_group -color #ffff00 -radix hex
## add_wave /apatb_shift_reg_top/AESL_inst_shift_reg/dout0_0 -into $dout0_group -radix hex
## set cinputgroup [add_wave_group "C Inputs" -into $designtopgroup]
## set select_group [add_wave_group select(wire) -into $cinputgroup]
## add_wave /apatb_shift_reg_top/AESL_inst_shift_reg/select_V -into $select_group -radix hex
## set en_group [add_wave_group en(wire) -into $cinputgroup]
## add_wave /apatb_shift_reg_top/AESL_inst_shift_reg/en -into $en_group -radix hex
## set load_group [add_wave_group load(wire) -into $cinputgroup]
## add_wave /apatb_shift_reg_top/AESL_inst_shift_reg/load -into $load_group -radix hex
## set srst_group [add_wave_group srst(wire) -into $cinputgroup]
## add_wave /apatb_shift_reg_top/AESL_inst_shift_reg/srst -into $srst_group -radix hex
## set load_data_group [add_wave_group load_data(wire) -into $cinputgroup]
## add_wave /apatb_shift_reg_top/AESL_inst_shift_reg/load_data_11 -into $load_data_group -radix hex
## add_wave /apatb_shift_reg_top/AESL_inst_shift_reg/load_data_10 -into $load_data_group -radix hex
## add_wave /apatb_shift_reg_top/AESL_inst_shift_reg/load_data_9 -into $load_data_group -radix hex
## add_wave /apatb_shift_reg_top/AESL_inst_shift_reg/load_data_8 -into $load_data_group -radix hex
## add_wave /apatb_shift_reg_top/AESL_inst_shift_reg/load_data_7 -into $load_data_group -radix hex
## add_wave /apatb_shift_reg_top/AESL_inst_shift_reg/load_data_6 -into $load_data_group -radix hex
## add_wave /apatb_shift_reg_top/AESL_inst_shift_reg/load_data_5 -into $load_data_group -radix hex
## add_wave /apatb_shift_reg_top/AESL_inst_shift_reg/load_data_4 -into $load_data_group -radix hex
## add_wave /apatb_shift_reg_top/AESL_inst_shift_reg/load_data_3 -into $load_data_group -radix hex
## add_wave /apatb_shift_reg_top/AESL_inst_shift_reg/load_data_2 -into $load_data_group -radix hex
## add_wave /apatb_shift_reg_top/AESL_inst_shift_reg/load_data_1 -into $load_data_group -radix hex
## add_wave /apatb_shift_reg_top/AESL_inst_shift_reg/load_data_0 -into $load_data_group -radix hex
## set din1_group [add_wave_group din1(wire) -into $cinputgroup]
## add_wave /apatb_shift_reg_top/AESL_inst_shift_reg/din1 -into $din1_group -radix hex
## set din0_group [add_wave_group din0(wire) -into $cinputgroup]
## add_wave /apatb_shift_reg_top/AESL_inst_shift_reg/din0 -into $din0_group -radix hex
## set blocksiggroup [add_wave_group "Block-level IO Handshake" -into $designtopgroup]
## add_wave /apatb_shift_reg_top/AESL_inst_shift_reg/ap_start -into $blocksiggroup
## add_wave /apatb_shift_reg_top/AESL_inst_shift_reg/ap_done -into $blocksiggroup
## add_wave /apatb_shift_reg_top/AESL_inst_shift_reg/ap_idle -into $blocksiggroup
## add_wave /apatb_shift_reg_top/AESL_inst_shift_reg/ap_ready -into $blocksiggroup
## set resetgroup [add_wave_group "Reset" -into $designtopgroup]
## add_wave /apatb_shift_reg_top/AESL_inst_shift_reg/ap_rst -into $resetgroup
## set clockgroup [add_wave_group "Clock" -into $designtopgroup]
## add_wave /apatb_shift_reg_top/AESL_inst_shift_reg/ap_clk -into $clockgroup
## set testbenchgroup [add_wave_group "Test Bench Signals"]
## set tbinternalsiggroup [add_wave_group "Internal Signals" -into $testbenchgroup]
## set tb_simstatus_group [add_wave_group "Simulation Status" -into $tbinternalsiggroup]
## set tb_portdepth_group [add_wave_group "Port Depth" -into $tbinternalsiggroup]
## add_wave /apatb_shift_reg_top/AUTOTB_TRANSACTION_NUM -into $tb_simstatus_group -radix hex
## add_wave /apatb_shift_reg_top/ready_cnt -into $tb_simstatus_group -radix hex
## add_wave /apatb_shift_reg_top/done_cnt -into $tb_simstatus_group -radix hex
## add_wave /apatb_shift_reg_top/LENGTH_din0 -into $tb_portdepth_group -radix hex
## add_wave /apatb_shift_reg_top/LENGTH_din1 -into $tb_portdepth_group -radix hex
## add_wave /apatb_shift_reg_top/LENGTH_load_data_0 -into $tb_portdepth_group -radix hex
## add_wave /apatb_shift_reg_top/LENGTH_load_data_1 -into $tb_portdepth_group -radix hex
## add_wave /apatb_shift_reg_top/LENGTH_load_data_2 -into $tb_portdepth_group -radix hex
## add_wave /apatb_shift_reg_top/LENGTH_load_data_3 -into $tb_portdepth_group -radix hex
## add_wave /apatb_shift_reg_top/LENGTH_load_data_4 -into $tb_portdepth_group -radix hex
## add_wave /apatb_shift_reg_top/LENGTH_load_data_5 -into $tb_portdepth_group -radix hex
## add_wave /apatb_shift_reg_top/LENGTH_load_data_6 -into $tb_portdepth_group -radix hex
## add_wave /apatb_shift_reg_top/LENGTH_load_data_7 -into $tb_portdepth_group -radix hex
## add_wave /apatb_shift_reg_top/LENGTH_load_data_8 -into $tb_portdepth_group -radix hex
## add_wave /apatb_shift_reg_top/LENGTH_load_data_9 -into $tb_portdepth_group -radix hex
## add_wave /apatb_shift_reg_top/LENGTH_load_data_10 -into $tb_portdepth_group -radix hex
## add_wave /apatb_shift_reg_top/LENGTH_load_data_11 -into $tb_portdepth_group -radix hex
## add_wave /apatb_shift_reg_top/LENGTH_dout0_0 -into $tb_portdepth_group -radix hex
## add_wave /apatb_shift_reg_top/LENGTH_dout0_1 -into $tb_portdepth_group -radix hex
## add_wave /apatb_shift_reg_top/LENGTH_dout0_2 -into $tb_portdepth_group -radix hex
## add_wave /apatb_shift_reg_top/LENGTH_dout0_3 -into $tb_portdepth_group -radix hex
## add_wave /apatb_shift_reg_top/LENGTH_dout0_4 -into $tb_portdepth_group -radix hex
## add_wave /apatb_shift_reg_top/LENGTH_dout0_5 -into $tb_portdepth_group -radix hex
## add_wave /apatb_shift_reg_top/LENGTH_dout0_6 -into $tb_portdepth_group -radix hex
## add_wave /apatb_shift_reg_top/LENGTH_dout0_7 -into $tb_portdepth_group -radix hex
## add_wave /apatb_shift_reg_top/LENGTH_dout0_8 -into $tb_portdepth_group -radix hex
## add_wave /apatb_shift_reg_top/LENGTH_dout0_9 -into $tb_portdepth_group -radix hex
## add_wave /apatb_shift_reg_top/LENGTH_dout0_10 -into $tb_portdepth_group -radix hex
## add_wave /apatb_shift_reg_top/LENGTH_dout0_11 -into $tb_portdepth_group -radix hex
## add_wave /apatb_shift_reg_top/LENGTH_dout1_0 -into $tb_portdepth_group -radix hex
## add_wave /apatb_shift_reg_top/LENGTH_dout1_1 -into $tb_portdepth_group -radix hex
## add_wave /apatb_shift_reg_top/LENGTH_dout1_2 -into $tb_portdepth_group -radix hex
## add_wave /apatb_shift_reg_top/LENGTH_dout1_3 -into $tb_portdepth_group -radix hex
## add_wave /apatb_shift_reg_top/LENGTH_srst -into $tb_portdepth_group -radix hex
## add_wave /apatb_shift_reg_top/LENGTH_load -into $tb_portdepth_group -radix hex
## add_wave /apatb_shift_reg_top/LENGTH_en -into $tb_portdepth_group -radix hex
## add_wave /apatb_shift_reg_top/LENGTH_select_V -into $tb_portdepth_group -radix hex
## set tbcoutputgroup [add_wave_group "C Outputs" -into $testbenchgroup]
## set tb_dout1_group [add_wave_group dout1(wire) -into $tbcoutputgroup]
## add_wave /apatb_shift_reg_top/dout1_3_ap_vld -into $tb_dout1_group -color #ffff00 -radix hex
## add_wave /apatb_shift_reg_top/dout1_3 -into $tb_dout1_group -radix hex
## add_wave /apatb_shift_reg_top/dout1_2_ap_vld -into $tb_dout1_group -color #ffff00 -radix hex
## add_wave /apatb_shift_reg_top/dout1_2 -into $tb_dout1_group -radix hex
## add_wave /apatb_shift_reg_top/dout1_1_ap_vld -into $tb_dout1_group -color #ffff00 -radix hex
## add_wave /apatb_shift_reg_top/dout1_1 -into $tb_dout1_group -radix hex
## add_wave /apatb_shift_reg_top/dout1_0_ap_vld -into $tb_dout1_group -color #ffff00 -radix hex
## add_wave /apatb_shift_reg_top/dout1_0 -into $tb_dout1_group -radix hex
## set tb_dout0_group [add_wave_group dout0(wire) -into $tbcoutputgroup]
## add_wave /apatb_shift_reg_top/dout0_11_ap_vld -into $tb_dout0_group -color #ffff00 -radix hex
## add_wave /apatb_shift_reg_top/dout0_11 -into $tb_dout0_group -radix hex
## add_wave /apatb_shift_reg_top/dout0_10_ap_vld -into $tb_dout0_group -color #ffff00 -radix hex
## add_wave /apatb_shift_reg_top/dout0_10 -into $tb_dout0_group -radix hex
## add_wave /apatb_shift_reg_top/dout0_9_ap_vld -into $tb_dout0_group -color #ffff00 -radix hex
## add_wave /apatb_shift_reg_top/dout0_9 -into $tb_dout0_group -radix hex
## add_wave /apatb_shift_reg_top/dout0_8_ap_vld -into $tb_dout0_group -color #ffff00 -radix hex
## add_wave /apatb_shift_reg_top/dout0_8 -into $tb_dout0_group -radix hex
## add_wave /apatb_shift_reg_top/dout0_7_ap_vld -into $tb_dout0_group -color #ffff00 -radix hex
## add_wave /apatb_shift_reg_top/dout0_7 -into $tb_dout0_group -radix hex
## add_wave /apatb_shift_reg_top/dout0_6_ap_vld -into $tb_dout0_group -color #ffff00 -radix hex
## add_wave /apatb_shift_reg_top/dout0_6 -into $tb_dout0_group -radix hex
## add_wave /apatb_shift_reg_top/dout0_5_ap_vld -into $tb_dout0_group -color #ffff00 -radix hex
## add_wave /apatb_shift_reg_top/dout0_5 -into $tb_dout0_group -radix hex
## add_wave /apatb_shift_reg_top/dout0_4_ap_vld -into $tb_dout0_group -color #ffff00 -radix hex
## add_wave /apatb_shift_reg_top/dout0_4 -into $tb_dout0_group -radix hex
## add_wave /apatb_shift_reg_top/dout0_3_ap_vld -into $tb_dout0_group -color #ffff00 -radix hex
## add_wave /apatb_shift_reg_top/dout0_3 -into $tb_dout0_group -radix hex
## add_wave /apatb_shift_reg_top/dout0_2_ap_vld -into $tb_dout0_group -color #ffff00 -radix hex
## add_wave /apatb_shift_reg_top/dout0_2 -into $tb_dout0_group -radix hex
## add_wave /apatb_shift_reg_top/dout0_1_ap_vld -into $tb_dout0_group -color #ffff00 -radix hex
## add_wave /apatb_shift_reg_top/dout0_1 -into $tb_dout0_group -radix hex
## add_wave /apatb_shift_reg_top/dout0_0_ap_vld -into $tb_dout0_group -color #ffff00 -radix hex
## add_wave /apatb_shift_reg_top/dout0_0 -into $tb_dout0_group -radix hex
## set tbcinputgroup [add_wave_group "C Inputs" -into $testbenchgroup]
## set tb_select_group [add_wave_group select(wire) -into $tbcinputgroup]
## add_wave /apatb_shift_reg_top/select_V -into $tb_select_group -radix hex
## set tb_en_group [add_wave_group en(wire) -into $tbcinputgroup]
## add_wave /apatb_shift_reg_top/en -into $tb_en_group -radix hex
## set tb_load_group [add_wave_group load(wire) -into $tbcinputgroup]
## add_wave /apatb_shift_reg_top/load -into $tb_load_group -radix hex
## set tb_srst_group [add_wave_group srst(wire) -into $tbcinputgroup]
## add_wave /apatb_shift_reg_top/srst -into $tb_srst_group -radix hex
## set tb_load_data_group [add_wave_group load_data(wire) -into $tbcinputgroup]
## add_wave /apatb_shift_reg_top/load_data_11 -into $tb_load_data_group -radix hex
## add_wave /apatb_shift_reg_top/load_data_10 -into $tb_load_data_group -radix hex
## add_wave /apatb_shift_reg_top/load_data_9 -into $tb_load_data_group -radix hex
## add_wave /apatb_shift_reg_top/load_data_8 -into $tb_load_data_group -radix hex
## add_wave /apatb_shift_reg_top/load_data_7 -into $tb_load_data_group -radix hex
## add_wave /apatb_shift_reg_top/load_data_6 -into $tb_load_data_group -radix hex
## add_wave /apatb_shift_reg_top/load_data_5 -into $tb_load_data_group -radix hex
## add_wave /apatb_shift_reg_top/load_data_4 -into $tb_load_data_group -radix hex
## add_wave /apatb_shift_reg_top/load_data_3 -into $tb_load_data_group -radix hex
## add_wave /apatb_shift_reg_top/load_data_2 -into $tb_load_data_group -radix hex
## add_wave /apatb_shift_reg_top/load_data_1 -into $tb_load_data_group -radix hex
## add_wave /apatb_shift_reg_top/load_data_0 -into $tb_load_data_group -radix hex
## set tb_din1_group [add_wave_group din1(wire) -into $tbcinputgroup]
## add_wave /apatb_shift_reg_top/din1 -into $tb_din1_group -radix hex
## set tb_din0_group [add_wave_group din0(wire) -into $tbcinputgroup]
## add_wave /apatb_shift_reg_top/din0 -into $tb_din0_group -radix hex
## save_wave_config shift_reg.wcfg
## run all
////////////////////////////////////////////////////////////////////////////////////
// Inter-Transaction Progress: Completed Transaction / Total Transaction
// Intra-Transaction Progress: Measured Latency / Latency Estimation * 100%
//
// RTL Simulation : "Inter-Transaction Progress" ["Intra-Transaction Progress"] @ "Simulation Time"
////////////////////////////////////////////////////////////////////////////////////
// RTL Simulation : 0 / 616 [0.00%] @ "125000"
// RTL Simulation : 1 / 616 [100.00%] @ "155000"
// RTL Simulation : 2 / 616 [100.00%] @ "175000"
// RTL Simulation : 3 / 616 [100.00%] @ "195000"
// RTL Simulation : 4 / 616 [100.00%] @ "215000"
// RTL Simulation : 5 / 616 [100.00%] @ "235000"
// RTL Simulation : 6 / 616 [100.00%] @ "255000"
// RTL Simulation : 7 / 616 [100.00%] @ "275000"
// RTL Simulation : 8 / 616 [100.00%] @ "295000"
// RTL Simulation : 9 / 616 [100.00%] @ "315000"
// RTL Simulation : 10 / 616 [100.00%] @ "335000"
// RTL Simulation : 11 / 616 [100.00%] @ "355000"
// RTL Simulation : 12 / 616 [100.00%] @ "375000"
// RTL Simulation : 13 / 616 [100.00%] @ "395000"
// RTL Simulation : 14 / 616 [100.00%] @ "415000"
// RTL Simulation : 15 / 616 [100.00%] @ "435000"
// RTL Simulation : 16 / 616 [100.00%] @ "455000"
// RTL Simulation : 17 / 616 [100.00%] @ "475000"
// RTL Simulation : 18 / 616 [100.00%] @ "495000"
// RTL Simulation : 19 / 616 [100.00%] @ "515000"
// RTL Simulation : 20 / 616 [100.00%] @ "535000"
// RTL Simulation : 21 / 616 [100.00%] @ "555000"
// RTL Simulation : 22 / 616 [100.00%] @ "575000"
// RTL Simulation : 23 / 616 [100.00%] @ "595000"
// RTL Simulation : 24 / 616 [100.00%] @ "615000"
// RTL Simulation : 25 / 616 [100.00%] @ "635000"
// RTL Simulation : 26 / 616 [100.00%] @ "655000"
// RTL Simulation : 27 / 616 [100.00%] @ "675000"
// RTL Simulation : 28 / 616 [100.00%] @ "695000"
// RTL Simulation : 29 / 616 [100.00%] @ "715000"
// RTL Simulation : 30 / 616 [100.00%] @ "735000"
// RTL Simulation : 31 / 616 [100.00%] @ "755000"
// RTL Simulation : 32 / 616 [100.00%] @ "775000"
// RTL Simulation : 33 / 616 [100.00%] @ "795000"
// RTL Simulation : 34 / 616 [100.00%] @ "815000"
// RTL Simulation : 35 / 616 [100.00%] @ "835000"
// RTL Simulation : 36 / 616 [100.00%] @ "855000"
// RTL Simulation : 37 / 616 [100.00%] @ "875000"
// RTL Simulation : 38 / 616 [100.00%] @ "895000"
// RTL Simulation : 39 / 616 [100.00%] @ "915000"
// RTL Simulation : 40 / 616 [100.00%] @ "935000"
// RTL Simulation : 41 / 616 [100.00%] @ "955000"
// RTL Simulation : 42 / 616 [100.00%] @ "975000"
// RTL Simulation : 43 / 616 [100.00%] @ "995000"
// RTL Simulation : 44 / 616 [100.00%] @ "1015000"
// RTL Simulation : 45 / 616 [100.00%] @ "1035000"
// RTL Simulation : 46 / 616 [100.00%] @ "1055000"
// RTL Simulation : 47 / 616 [100.00%] @ "1075000"
// RTL Simulation : 48 / 616 [100.00%] @ "1095000"
// RTL Simulation : 49 / 616 [100.00%] @ "1115000"
// RTL Simulation : 50 / 616 [100.00%] @ "1135000"
// RTL Simulation : 51 / 616 [100.00%] @ "1155000"
// RTL Simulation : 52 / 616 [100.00%] @ "1175000"
// RTL Simulation : 53 / 616 [100.00%] @ "1195000"
// RTL Simulation : 54 / 616 [100.00%] @ "1215000"
// RTL Simulation : 55 / 616 [100.00%] @ "1235000"
// RTL Simulation : 56 / 616 [100.00%] @ "1255000"
// RTL Simulation : 57 / 616 [100.00%] @ "1275000"
// RTL Simulation : 58 / 616 [100.00%] @ "1295000"
// RTL Simulation : 59 / 616 [100.00%] @ "1315000"
// RTL Simulation : 60 / 616 [100.00%] @ "1335000"
// RTL Simulation : 61 / 616 [100.00%] @ "1355000"
// RTL Simulation : 62 / 616 [100.00%] @ "1375000"
// RTL Simulation : 63 / 616 [100.00%] @ "1395000"
// RTL Simulation : 64 / 616 [100.00%] @ "1415000"
// RTL Simulation : 65 / 616 [100.00%] @ "1435000"
// RTL Simulation : 66 / 616 [100.00%] @ "1455000"
// RTL Simulation : 67 / 616 [100.00%] @ "1475000"
// RTL Simulation : 68 / 616 [100.00%] @ "1495000"
// RTL Simulation : 69 / 616 [100.00%] @ "1515000"
// RTL Simulation : 70 / 616 [100.00%] @ "1535000"
// RTL Simulation : 71 / 616 [100.00%] @ "1555000"
// RTL Simulation : 72 / 616 [100.00%] @ "1575000"
// RTL Simulation : 73 / 616 [100.00%] @ "1595000"
// RTL Simulation : 74 / 616 [100.00%] @ "1615000"
// RTL Simulation : 75 / 616 [100.00%] @ "1635000"
// RTL Simulation : 76 / 616 [100.00%] @ "1655000"
// RTL Simulation : 77 / 616 [100.00%] @ "1675000"
// RTL Simulation : 78 / 616 [100.00%] @ "1695000"
// RTL Simulation : 79 / 616 [100.00%] @ "1715000"
// RTL Simulation : 80 / 616 [100.00%] @ "1735000"
// RTL Simulation : 81 / 616 [100.00%] @ "1755000"
// RTL Simulation : 82 / 616 [100.00%] @ "1775000"
// RTL Simulation : 83 / 616 [100.00%] @ "1795000"
// RTL Simulation : 84 / 616 [100.00%] @ "1815000"
// RTL Simulation : 85 / 616 [100.00%] @ "1835000"
// RTL Simulation : 86 / 616 [100.00%] @ "1855000"
// RTL Simulation : 87 / 616 [100.00%] @ "1875000"
// RTL Simulation : 88 / 616 [100.00%] @ "1895000"
// RTL Simulation : 89 / 616 [100.00%] @ "1915000"
// RTL Simulation : 90 / 616 [100.00%] @ "1935000"
// RTL Simulation : 91 / 616 [100.00%] @ "1955000"
// RTL Simulation : 92 / 616 [100.00%] @ "1975000"
// RTL Simulation : 93 / 616 [100.00%] @ "1995000"
// RTL Simulation : 94 / 616 [100.00%] @ "2015000"
// RTL Simulation : 95 / 616 [100.00%] @ "2035000"
// RTL Simulation : 96 / 616 [100.00%] @ "2055000"
// RTL Simulation : 97 / 616 [100.00%] @ "2075000"
// RTL Simulation : 98 / 616 [100.00%] @ "2095000"
// RTL Simulation : 99 / 616 [100.00%] @ "2115000"
// RTL Simulation : 100 / 616 [100.00%] @ "2135000"
// RTL Simulation : 101 / 616 [100.00%] @ "2155000"
// RTL Simulation : 102 / 616 [100.00%] @ "2175000"
// RTL Simulation : 103 / 616 [100.00%] @ "2195000"
// RTL Simulation : 104 / 616 [100.00%] @ "2225000"
// RTL Simulation : 105 / 616 [100.00%] @ "2255000"
// RTL Simulation : 106 / 616 [100.00%] @ "2285000"
// RTL Simulation : 107 / 616 [100.00%] @ "2315000"
// RTL Simulation : 108 / 616 [100.00%] @ "2345000"
// RTL Simulation : 109 / 616 [100.00%] @ "2375000"
// RTL Simulation : 110 / 616 [100.00%] @ "2405000"
// RTL Simulation : 111 / 616 [100.00%] @ "2435000"
// RTL Simulation : 112 / 616 [100.00%] @ "2465000"
// RTL Simulation : 113 / 616 [100.00%] @ "2495000"
// RTL Simulation : 114 / 616 [100.00%] @ "2525000"
// RTL Simulation : 115 / 616 [100.00%] @ "2555000"
// RTL Simulation : 116 / 616 [100.00%] @ "2585000"
// RTL Simulation : 117 / 616 [100.00%] @ "2615000"
// RTL Simulation : 118 / 616 [100.00%] @ "2645000"
// RTL Simulation : 119 / 616 [100.00%] @ "2675000"
// RTL Simulation : 120 / 616 [100.00%] @ "2705000"
// RTL Simulation : 121 / 616 [100.00%] @ "2735000"
// RTL Simulation : 122 / 616 [100.00%] @ "2765000"
// RTL Simulation : 123 / 616 [100.00%] @ "2795000"
// RTL Simulation : 124 / 616 [100.00%] @ "2825000"
// RTL Simulation : 125 / 616 [100.00%] @ "2855000"
// RTL Simulation : 126 / 616 [100.00%] @ "2885000"
// RTL Simulation : 127 / 616 [100.00%] @ "2915000"
// RTL Simulation : 128 / 616 [100.00%] @ "2945000"
// RTL Simulation : 129 / 616 [100.00%] @ "2975000"
// RTL Simulation : 130 / 616 [100.00%] @ "3005000"
// RTL Simulation : 131 / 616 [100.00%] @ "3035000"
// RTL Simulation : 132 / 616 [100.00%] @ "3065000"
// RTL Simulation : 133 / 616 [100.00%] @ "3095000"
// RTL Simulation : 134 / 616 [100.00%] @ "3125000"
// RTL Simulation : 135 / 616 [100.00%] @ "3155000"
// RTL Simulation : 136 / 616 [100.00%] @ "3185000"
// RTL Simulation : 137 / 616 [100.00%] @ "3215000"
// RTL Simulation : 138 / 616 [100.00%] @ "3245000"
// RTL Simulation : 139 / 616 [100.00%] @ "3275000"
// RTL Simulation : 140 / 616 [100.00%] @ "3305000"
// RTL Simulation : 141 / 616 [100.00%] @ "3335000"
// RTL Simulation : 142 / 616 [100.00%] @ "3365000"
// RTL Simulation : 143 / 616 [100.00%] @ "3395000"
// RTL Simulation : 144 / 616 [100.00%] @ "3425000"
// RTL Simulation : 145 / 616 [100.00%] @ "3455000"
// RTL Simulation : 146 / 616 [100.00%] @ "3485000"
// RTL Simulation : 147 / 616 [100.00%] @ "3515000"
// RTL Simulation : 148 / 616 [100.00%] @ "3545000"
// RTL Simulation : 149 / 616 [100.00%] @ "3575000"
// RTL Simulation : 150 / 616 [100.00%] @ "3605000"
// RTL Simulation : 151 / 616 [100.00%] @ "3635000"
// RTL Simulation : 152 / 616 [100.00%] @ "3665000"
// RTL Simulation : 153 / 616 [100.00%] @ "3695000"
// RTL Simulation : 154 / 616 [100.00%] @ "3725000"
// RTL Simulation : 155 / 616 [100.00%] @ "3755000"
// RTL Simulation : 156 / 616 [100.00%] @ "3785000"
// RTL Simulation : 157 / 616 [100.00%] @ "3815000"
// RTL Simulation : 158 / 616 [100.00%] @ "3845000"
// RTL Simulation : 159 / 616 [100.00%] @ "3875000"
// RTL Simulation : 160 / 616 [100.00%] @ "3905000"
// RTL Simulation : 161 / 616 [100.00%] @ "3935000"
// RTL Simulation : 162 / 616 [100.00%] @ "3965000"
// RTL Simulation : 163 / 616 [100.00%] @ "3995000"
// RTL Simulation : 164 / 616 [100.00%] @ "4025000"
// RTL Simulation : 165 / 616 [100.00%] @ "4055000"
// RTL Simulation : 166 / 616 [100.00%] @ "4085000"
// RTL Simulation : 167 / 616 [100.00%] @ "4115000"
// RTL Simulation : 168 / 616 [100.00%] @ "4145000"
// RTL Simulation : 169 / 616 [100.00%] @ "4175000"
// RTL Simulation : 170 / 616 [100.00%] @ "4205000"
// RTL Simulation : 171 / 616 [100.00%] @ "4235000"
// RTL Simulation : 172 / 616 [100.00%] @ "4265000"
// RTL Simulation : 173 / 616 [100.00%] @ "4295000"
// RTL Simulation : 174 / 616 [100.00%] @ "4325000"
// RTL Simulation : 175 / 616 [100.00%] @ "4355000"
// RTL Simulation : 176 / 616 [100.00%] @ "4385000"
// RTL Simulation : 177 / 616 [100.00%] @ "4415000"
// RTL Simulation : 178 / 616 [100.00%] @ "4445000"
// RTL Simulation : 179 / 616 [100.00%] @ "4475000"
// RTL Simulation : 180 / 616 [100.00%] @ "4505000"
// RTL Simulation : 181 / 616 [100.00%] @ "4535000"
// RTL Simulation : 182 / 616 [100.00%] @ "4565000"
// RTL Simulation : 183 / 616 [100.00%] @ "4595000"
// RTL Simulation : 184 / 616 [100.00%] @ "4625000"
// RTL Simulation : 185 / 616 [100.00%] @ "4655000"
// RTL Simulation : 186 / 616 [100.00%] @ "4685000"
// RTL Simulation : 187 / 616 [100.00%] @ "4715000"
// RTL Simulation : 188 / 616 [100.00%] @ "4745000"
// RTL Simulation : 189 / 616 [100.00%] @ "4775000"
// RTL Simulation : 190 / 616 [100.00%] @ "4805000"
// RTL Simulation : 191 / 616 [100.00%] @ "4835000"
// RTL Simulation : 192 / 616 [100.00%] @ "4865000"
// RTL Simulation : 193 / 616 [100.00%] @ "4895000"
// RTL Simulation : 194 / 616 [100.00%] @ "4925000"
// RTL Simulation : 195 / 616 [100.00%] @ "4955000"
// RTL Simulation : 196 / 616 [100.00%] @ "4985000"
// RTL Simulation : 197 / 616 [100.00%] @ "5015000"
// RTL Simulation : 198 / 616 [100.00%] @ "5045000"
// RTL Simulation : 199 / 616 [100.00%] @ "5075000"
// RTL Simulation : 200 / 616 [100.00%] @ "5105000"
// RTL Simulation : 201 / 616 [100.00%] @ "5135000"
// RTL Simulation : 202 / 616 [100.00%] @ "5165000"
// RTL Simulation : 203 / 616 [100.00%] @ "5195000"
// RTL Simulation : 204 / 616 [100.00%] @ "5225000"
// RTL Simulation : 205 / 616 [100.00%] @ "5255000"
// RTL Simulation : 206 / 616 [100.00%] @ "5285000"
// RTL Simulation : 207 / 616 [100.00%] @ "5305000"
// RTL Simulation : 208 / 616 [100.00%] @ "5325000"
// RTL Simulation : 209 / 616 [100.00%] @ "5345000"
// RTL Simulation : 210 / 616 [100.00%] @ "5365000"
// RTL Simulation : 211 / 616 [100.00%] @ "5385000"
// RTL Simulation : 212 / 616 [100.00%] @ "5405000"
// RTL Simulation : 213 / 616 [100.00%] @ "5425000"
// RTL Simulation : 214 / 616 [100.00%] @ "5445000"
// RTL Simulation : 215 / 616 [100.00%] @ "5465000"
// RTL Simulation : 216 / 616 [100.00%] @ "5485000"
// RTL Simulation : 217 / 616 [100.00%] @ "5505000"
// RTL Simulation : 218 / 616 [100.00%] @ "5525000"
// RTL Simulation : 219 / 616 [100.00%] @ "5545000"
// RTL Simulation : 220 / 616 [100.00%] @ "5565000"
// RTL Simulation : 221 / 616 [100.00%] @ "5585000"
// RTL Simulation : 222 / 616 [100.00%] @ "5605000"
// RTL Simulation : 223 / 616 [100.00%] @ "5625000"
// RTL Simulation : 224 / 616 [100.00%] @ "5645000"
// RTL Simulation : 225 / 616 [100.00%] @ "5665000"
// RTL Simulation : 226 / 616 [100.00%] @ "5685000"
// RTL Simulation : 227 / 616 [100.00%] @ "5705000"
// RTL Simulation : 228 / 616 [100.00%] @ "5725000"
// RTL Simulation : 229 / 616 [100.00%] @ "5745000"
// RTL Simulation : 230 / 616 [100.00%] @ "5765000"
// RTL Simulation : 231 / 616 [100.00%] @ "5785000"
// RTL Simulation : 232 / 616 [100.00%] @ "5805000"
// RTL Simulation : 233 / 616 [100.00%] @ "5825000"
// RTL Simulation : 234 / 616 [100.00%] @ "5845000"
// RTL Simulation : 235 / 616 [100.00%] @ "5865000"
// RTL Simulation : 236 / 616 [100.00%] @ "5885000"
// RTL Simulation : 237 / 616 [100.00%] @ "5905000"
// RTL Simulation : 238 / 616 [100.00%] @ "5925000"
// RTL Simulation : 239 / 616 [100.00%] @ "5945000"
// RTL Simulation : 240 / 616 [100.00%] @ "5965000"
// RTL Simulation : 241 / 616 [100.00%] @ "5985000"
// RTL Simulation : 242 / 616 [100.00%] @ "6005000"
// RTL Simulation : 243 / 616 [100.00%] @ "6025000"
// RTL Simulation : 244 / 616 [100.00%] @ "6045000"
// RTL Simulation : 245 / 616 [100.00%] @ "6065000"
// RTL Simulation : 246 / 616 [100.00%] @ "6085000"
// RTL Simulation : 247 / 616 [100.00%] @ "6105000"
// RTL Simulation : 248 / 616 [100.00%] @ "6125000"
// RTL Simulation : 249 / 616 [100.00%] @ "6145000"
// RTL Simulation : 250 / 616 [100.00%] @ "6165000"
// RTL Simulation : 251 / 616 [100.00%] @ "6185000"
// RTL Simulation : 252 / 616 [100.00%] @ "6205000"
// RTL Simulation : 253 / 616 [100.00%] @ "6225000"
// RTL Simulation : 254 / 616 [100.00%] @ "6245000"
// RTL Simulation : 255 / 616 [100.00%] @ "6265000"
// RTL Simulation : 256 / 616 [100.00%] @ "6285000"
// RTL Simulation : 257 / 616 [100.00%] @ "6305000"
// RTL Simulation : 258 / 616 [100.00%] @ "6325000"
// RTL Simulation : 259 / 616 [100.00%] @ "6345000"
// RTL Simulation : 260 / 616 [100.00%] @ "6365000"
// RTL Simulation : 261 / 616 [100.00%] @ "6385000"
// RTL Simulation : 262 / 616 [100.00%] @ "6405000"
// RTL Simulation : 263 / 616 [100.00%] @ "6425000"
// RTL Simulation : 264 / 616 [100.00%] @ "6445000"
// RTL Simulation : 265 / 616 [100.00%] @ "6465000"
// RTL Simulation : 266 / 616 [100.00%] @ "6485000"
// RTL Simulation : 267 / 616 [100.00%] @ "6505000"
// RTL Simulation : 268 / 616 [100.00%] @ "6525000"
// RTL Simulation : 269 / 616 [100.00%] @ "6545000"
// RTL Simulation : 270 / 616 [100.00%] @ "6565000"
// RTL Simulation : 271 / 616 [100.00%] @ "6585000"
// RTL Simulation : 272 / 616 [100.00%] @ "6605000"
// RTL Simulation : 273 / 616 [100.00%] @ "6625000"
// RTL Simulation : 274 / 616 [100.00%] @ "6645000"
// RTL Simulation : 275 / 616 [100.00%] @ "6665000"
// RTL Simulation : 276 / 616 [100.00%] @ "6685000"
// RTL Simulation : 277 / 616 [100.00%] @ "6705000"
// RTL Simulation : 278 / 616 [100.00%] @ "6725000"
// RTL Simulation : 279 / 616 [100.00%] @ "6745000"
// RTL Simulation : 280 / 616 [100.00%] @ "6765000"
// RTL Simulation : 281 / 616 [100.00%] @ "6785000"
// RTL Simulation : 282 / 616 [100.00%] @ "6805000"
// RTL Simulation : 283 / 616 [100.00%] @ "6825000"
// RTL Simulation : 284 / 616 [100.00%] @ "6845000"
// RTL Simulation : 285 / 616 [100.00%] @ "6865000"
// RTL Simulation : 286 / 616 [100.00%] @ "6885000"
// RTL Simulation : 287 / 616 [100.00%] @ "6905000"
// RTL Simulation : 288 / 616 [100.00%] @ "6925000"
// RTL Simulation : 289 / 616 [100.00%] @ "6945000"
// RTL Simulation : 290 / 616 [100.00%] @ "6965000"
// RTL Simulation : 291 / 616 [100.00%] @ "6985000"
// RTL Simulation : 292 / 616 [100.00%] @ "7005000"
// RTL Simulation : 293 / 616 [100.00%] @ "7025000"
// RTL Simulation : 294 / 616 [100.00%] @ "7045000"
// RTL Simulation : 295 / 616 [100.00%] @ "7065000"
// RTL Simulation : 296 / 616 [100.00%] @ "7085000"
// RTL Simulation : 297 / 616 [100.00%] @ "7105000"
// RTL Simulation : 298 / 616 [100.00%] @ "7125000"
// RTL Simulation : 299 / 616 [100.00%] @ "7145000"
// RTL Simulation : 300 / 616 [100.00%] @ "7165000"
// RTL Simulation : 301 / 616 [100.00%] @ "7185000"
// RTL Simulation : 302 / 616 [100.00%] @ "7205000"
// RTL Simulation : 303 / 616 [100.00%] @ "7225000"
// RTL Simulation : 304 / 616 [100.00%] @ "7245000"
// RTL Simulation : 305 / 616 [100.00%] @ "7265000"
// RTL Simulation : 306 / 616 [100.00%] @ "7285000"
// RTL Simulation : 307 / 616 [100.00%] @ "7305000"
// RTL Simulation : 308 / 616 [100.00%] @ "7325000"
// RTL Simulation : 309 / 616 [100.00%] @ "7345000"
// RTL Simulation : 310 / 616 [100.00%] @ "7365000"
// RTL Simulation : 311 / 616 [100.00%] @ "7385000"
// RTL Simulation : 312 / 616 [100.00%] @ "7405000"
// RTL Simulation : 313 / 616 [100.00%] @ "7425000"
// RTL Simulation : 314 / 616 [100.00%] @ "7445000"
// RTL Simulation : 315 / 616 [100.00%] @ "7465000"
// RTL Simulation : 316 / 616 [100.00%] @ "7485000"
// RTL Simulation : 317 / 616 [100.00%] @ "7505000"
// RTL Simulation : 318 / 616 [100.00%] @ "7525000"
// RTL Simulation : 319 / 616 [100.00%] @ "7545000"
// RTL Simulation : 320 / 616 [100.00%] @ "7565000"
// RTL Simulation : 321 / 616 [100.00%] @ "7585000"
// RTL Simulation : 322 / 616 [100.00%] @ "7605000"
// RTL Simulation : 323 / 616 [100.00%] @ "7625000"
// RTL Simulation : 324 / 616 [100.00%] @ "7645000"
// RTL Simulation : 325 / 616 [100.00%] @ "7665000"
// RTL Simulation : 326 / 616 [100.00%] @ "7685000"
// RTL Simulation : 327 / 616 [100.00%] @ "7705000"
// RTL Simulation : 328 / 616 [100.00%] @ "7725000"
// RTL Simulation : 329 / 616 [100.00%] @ "7745000"
// RTL Simulation : 330 / 616 [100.00%] @ "7765000"
// RTL Simulation : 331 / 616 [100.00%] @ "7785000"
// RTL Simulation : 332 / 616 [100.00%] @ "7805000"
// RTL Simulation : 333 / 616 [100.00%] @ "7825000"
// RTL Simulation : 334 / 616 [100.00%] @ "7845000"
// RTL Simulation : 335 / 616 [100.00%] @ "7865000"
// RTL Simulation : 336 / 616 [100.00%] @ "7885000"
// RTL Simulation : 337 / 616 [100.00%] @ "7905000"
// RTL Simulation : 338 / 616 [100.00%] @ "7925000"
// RTL Simulation : 339 / 616 [100.00%] @ "7945000"
// RTL Simulation : 340 / 616 [100.00%] @ "7965000"
// RTL Simulation : 341 / 616 [100.00%] @ "7985000"
// RTL Simulation : 342 / 616 [100.00%] @ "8005000"
// RTL Simulation : 343 / 616 [100.00%] @ "8025000"
// RTL Simulation : 344 / 616 [100.00%] @ "8045000"
// RTL Simulation : 345 / 616 [100.00%] @ "8065000"
// RTL Simulation : 346 / 616 [100.00%] @ "8085000"
// RTL Simulation : 347 / 616 [100.00%] @ "8105000"
// RTL Simulation : 348 / 616 [100.00%] @ "8125000"
// RTL Simulation : 349 / 616 [100.00%] @ "8145000"
// RTL Simulation : 350 / 616 [100.00%] @ "8165000"
// RTL Simulation : 351 / 616 [100.00%] @ "8185000"
// RTL Simulation : 352 / 616 [100.00%] @ "8205000"
// RTL Simulation : 353 / 616 [100.00%] @ "8225000"
// RTL Simulation : 354 / 616 [100.00%] @ "8245000"
// RTL Simulation : 355 / 616 [100.00%] @ "8265000"
// RTL Simulation : 356 / 616 [100.00%] @ "8285000"
// RTL Simulation : 357 / 616 [100.00%] @ "8305000"
// RTL Simulation : 358 / 616 [100.00%] @ "8325000"
// RTL Simulation : 359 / 616 [100.00%] @ "8345000"
// RTL Simulation : 360 / 616 [100.00%] @ "8365000"
// RTL Simulation : 361 / 616 [100.00%] @ "8385000"
// RTL Simulation : 362 / 616 [100.00%] @ "8405000"
// RTL Simulation : 363 / 616 [100.00%] @ "8425000"
// RTL Simulation : 364 / 616 [100.00%] @ "8445000"
// RTL Simulation : 365 / 616 [100.00%] @ "8465000"
// RTL Simulation : 366 / 616 [100.00%] @ "8485000"
// RTL Simulation : 367 / 616 [100.00%] @ "8505000"
// RTL Simulation : 368 / 616 [100.00%] @ "8525000"
// RTL Simulation : 369 / 616 [100.00%] @ "8545000"
// RTL Simulation : 370 / 616 [100.00%] @ "8565000"
// RTL Simulation : 371 / 616 [100.00%] @ "8585000"
// RTL Simulation : 372 / 616 [100.00%] @ "8605000"
// RTL Simulation : 373 / 616 [100.00%] @ "8625000"
// RTL Simulation : 374 / 616 [100.00%] @ "8645000"
// RTL Simulation : 375 / 616 [100.00%] @ "8665000"
// RTL Simulation : 376 / 616 [100.00%] @ "8685000"
// RTL Simulation : 377 / 616 [100.00%] @ "8705000"
// RTL Simulation : 378 / 616 [100.00%] @ "8725000"
// RTL Simulation : 379 / 616 [100.00%] @ "8745000"
// RTL Simulation : 380 / 616 [100.00%] @ "8765000"
// RTL Simulation : 381 / 616 [100.00%] @ "8785000"
// RTL Simulation : 382 / 616 [100.00%] @ "8805000"
// RTL Simulation : 383 / 616 [100.00%] @ "8825000"
// RTL Simulation : 384 / 616 [100.00%] @ "8845000"
// RTL Simulation : 385 / 616 [100.00%] @ "8865000"
// RTL Simulation : 386 / 616 [100.00%] @ "8885000"
// RTL Simulation : 387 / 616 [100.00%] @ "8905000"
// RTL Simulation : 388 / 616 [100.00%] @ "8925000"
// RTL Simulation : 389 / 616 [100.00%] @ "8945000"
// RTL Simulation : 390 / 616 [100.00%] @ "8965000"
// RTL Simulation : 391 / 616 [100.00%] @ "8985000"
// RTL Simulation : 392 / 616 [100.00%] @ "9005000"
// RTL Simulation : 393 / 616 [100.00%] @ "9025000"
// RTL Simulation : 394 / 616 [100.00%] @ "9045000"
// RTL Simulation : 395 / 616 [100.00%] @ "9065000"
// RTL Simulation : 396 / 616 [100.00%] @ "9085000"
// RTL Simulation : 397 / 616 [100.00%] @ "9105000"
// RTL Simulation : 398 / 616 [100.00%] @ "9125000"
// RTL Simulation : 399 / 616 [100.00%] @ "9145000"
// RTL Simulation : 400 / 616 [100.00%] @ "9165000"
// RTL Simulation : 401 / 616 [100.00%] @ "9185000"
// RTL Simulation : 402 / 616 [100.00%] @ "9205000"
// RTL Simulation : 403 / 616 [100.00%] @ "9225000"
// RTL Simulation : 404 / 616 [100.00%] @ "9245000"
// RTL Simulation : 405 / 616 [100.00%] @ "9265000"
// RTL Simulation : 406 / 616 [100.00%] @ "9285000"
// RTL Simulation : 407 / 616 [100.00%] @ "9305000"
// RTL Simulation : 408 / 616 [100.00%] @ "9325000"
// RTL Simulation : 409 / 616 [100.00%] @ "9345000"
// RTL Simulation : 410 / 616 [100.00%] @ "9365000"
// RTL Simulation : 411 / 616 [100.00%] @ "9385000"
// RTL Simulation : 412 / 616 [100.00%] @ "9405000"
// RTL Simulation : 413 / 616 [100.00%] @ "9525000"
// RTL Simulation : 414 / 616 [100.00%] @ "9645000"
// RTL Simulation : 415 / 616 [100.00%] @ "9765000"
// RTL Simulation : 416 / 616 [100.00%] @ "9885000"
// RTL Simulation : 417 / 616 [100.00%] @ "10005000"
// RTL Simulation : 418 / 616 [100.00%] @ "10125000"
// RTL Simulation : 419 / 616 [100.00%] @ "10245000"
// RTL Simulation : 420 / 616 [100.00%] @ "10365000"
// RTL Simulation : 421 / 616 [100.00%] @ "10485000"
// RTL Simulation : 422 / 616 [100.00%] @ "10605000"
// RTL Simulation : 423 / 616 [100.00%] @ "10725000"
// RTL Simulation : 424 / 616 [100.00%] @ "10845000"
// RTL Simulation : 425 / 616 [100.00%] @ "10965000"
// RTL Simulation : 426 / 616 [100.00%] @ "11085000"
// RTL Simulation : 427 / 616 [100.00%] @ "11205000"
// RTL Simulation : 428 / 616 [100.00%] @ "11325000"
// RTL Simulation : 429 / 616 [100.00%] @ "11445000"
// RTL Simulation : 430 / 616 [100.00%] @ "11565000"
// RTL Simulation : 431 / 616 [100.00%] @ "11685000"
// RTL Simulation : 432 / 616 [100.00%] @ "11805000"
// RTL Simulation : 433 / 616 [100.00%] @ "11925000"
// RTL Simulation : 434 / 616 [100.00%] @ "12045000"
// RTL Simulation : 435 / 616 [100.00%] @ "12165000"
// RTL Simulation : 436 / 616 [100.00%] @ "12285000"
// RTL Simulation : 437 / 616 [100.00%] @ "12405000"
// RTL Simulation : 438 / 616 [100.00%] @ "12525000"
// RTL Simulation : 439 / 616 [100.00%] @ "12645000"
// RTL Simulation : 440 / 616 [100.00%] @ "12765000"
// RTL Simulation : 441 / 616 [100.00%] @ "12885000"
// RTL Simulation : 442 / 616 [100.00%] @ "13005000"
// RTL Simulation : 443 / 616 [100.00%] @ "13125000"
// RTL Simulation : 444 / 616 [100.00%] @ "13245000"
// RTL Simulation : 445 / 616 [100.00%] @ "13365000"
// RTL Simulation : 446 / 616 [100.00%] @ "13485000"
// RTL Simulation : 447 / 616 [100.00%] @ "13605000"
// RTL Simulation : 448 / 616 [100.00%] @ "13725000"
// RTL Simulation : 449 / 616 [100.00%] @ "13845000"
// RTL Simulation : 450 / 616 [100.00%] @ "13965000"
// RTL Simulation : 451 / 616 [100.00%] @ "14085000"
// RTL Simulation : 452 / 616 [100.00%] @ "14205000"
// RTL Simulation : 453 / 616 [100.00%] @ "14325000"
// RTL Simulation : 454 / 616 [100.00%] @ "14445000"
// RTL Simulation : 455 / 616 [100.00%] @ "14565000"
// RTL Simulation : 456 / 616 [100.00%] @ "14685000"
// RTL Simulation : 457 / 616 [100.00%] @ "14805000"
// RTL Simulation : 458 / 616 [100.00%] @ "14925000"
// RTL Simulation : 459 / 616 [100.00%] @ "15045000"
// RTL Simulation : 460 / 616 [100.00%] @ "15165000"
// RTL Simulation : 461 / 616 [100.00%] @ "15285000"
// RTL Simulation : 462 / 616 [100.00%] @ "15405000"
// RTL Simulation : 463 / 616 [100.00%] @ "15525000"
// RTL Simulation : 464 / 616 [100.00%] @ "15645000"
// RTL Simulation : 465 / 616 [100.00%] @ "15765000"
// RTL Simulation : 466 / 616 [100.00%] @ "15885000"
// RTL Simulation : 467 / 616 [100.00%] @ "16005000"
// RTL Simulation : 468 / 616 [100.00%] @ "16125000"
// RTL Simulation : 469 / 616 [100.00%] @ "16245000"
// RTL Simulation : 470 / 616 [100.00%] @ "16365000"
// RTL Simulation : 471 / 616 [100.00%] @ "16485000"
// RTL Simulation : 472 / 616 [100.00%] @ "16605000"
// RTL Simulation : 473 / 616 [100.00%] @ "16725000"
// RTL Simulation : 474 / 616 [100.00%] @ "16845000"
// RTL Simulation : 475 / 616 [100.00%] @ "16965000"
// RTL Simulation : 476 / 616 [100.00%] @ "17085000"
// RTL Simulation : 477 / 616 [100.00%] @ "17205000"
// RTL Simulation : 478 / 616 [100.00%] @ "17325000"
// RTL Simulation : 479 / 616 [100.00%] @ "17445000"
// RTL Simulation : 480 / 616 [100.00%] @ "17565000"
// RTL Simulation : 481 / 616 [100.00%] @ "17685000"
// RTL Simulation : 482 / 616 [100.00%] @ "17805000"
// RTL Simulation : 483 / 616 [100.00%] @ "17925000"
// RTL Simulation : 484 / 616 [100.00%] @ "18045000"
// RTL Simulation : 485 / 616 [100.00%] @ "18165000"
// RTL Simulation : 486 / 616 [100.00%] @ "18285000"
// RTL Simulation : 487 / 616 [100.00%] @ "18405000"
// RTL Simulation : 488 / 616 [100.00%] @ "18525000"
// RTL Simulation : 489 / 616 [100.00%] @ "18645000"
// RTL Simulation : 490 / 616 [100.00%] @ "18765000"
// RTL Simulation : 491 / 616 [100.00%] @ "18885000"
// RTL Simulation : 492 / 616 [100.00%] @ "19005000"
// RTL Simulation : 493 / 616 [100.00%] @ "19125000"
// RTL Simulation : 494 / 616 [100.00%] @ "19245000"
// RTL Simulation : 495 / 616 [100.00%] @ "19365000"
// RTL Simulation : 496 / 616 [100.00%] @ "19485000"
// RTL Simulation : 497 / 616 [100.00%] @ "19605000"
// RTL Simulation : 498 / 616 [100.00%] @ "19725000"
// RTL Simulation : 499 / 616 [100.00%] @ "19845000"
// RTL Simulation : 500 / 616 [100.00%] @ "19965000"
// RTL Simulation : 501 / 616 [100.00%] @ "20085000"
// RTL Simulation : 502 / 616 [100.00%] @ "20205000"
// RTL Simulation : 503 / 616 [100.00%] @ "20325000"
// RTL Simulation : 504 / 616 [100.00%] @ "20445000"
// RTL Simulation : 505 / 616 [100.00%] @ "20565000"
// RTL Simulation : 506 / 616 [100.00%] @ "20685000"
// RTL Simulation : 507 / 616 [100.00%] @ "20805000"
// RTL Simulation : 508 / 616 [100.00%] @ "20925000"
// RTL Simulation : 509 / 616 [100.00%] @ "21045000"
// RTL Simulation : 510 / 616 [100.00%] @ "21165000"
// RTL Simulation : 511 / 616 [100.00%] @ "21285000"
// RTL Simulation : 512 / 616 [100.00%] @ "21405000"
// RTL Simulation : 513 / 616 [100.00%] @ "21525000"
// RTL Simulation : 514 / 616 [100.00%] @ "21645000"
// RTL Simulation : 515 / 616 [100.00%] @ "21765000"
// RTL Simulation : 516 / 616 [100.00%] @ "21785000"
// RTL Simulation : 517 / 616 [100.00%] @ "21805000"
// RTL Simulation : 518 / 616 [100.00%] @ "21825000"
// RTL Simulation : 519 / 616 [100.00%] @ "21845000"
// RTL Simulation : 520 / 616 [100.00%] @ "21865000"
// RTL Simulation : 521 / 616 [100.00%] @ "21885000"
// RTL Simulation : 522 / 616 [100.00%] @ "21905000"
// RTL Simulation : 523 / 616 [100.00%] @ "21925000"
// RTL Simulation : 524 / 616 [100.00%] @ "21945000"
// RTL Simulation : 525 / 616 [100.00%] @ "21965000"
// RTL Simulation : 526 / 616 [100.00%] @ "21985000"
// RTL Simulation : 527 / 616 [100.00%] @ "22005000"
// RTL Simulation : 528 / 616 [100.00%] @ "22025000"
// RTL Simulation : 529 / 616 [100.00%] @ "22045000"
// RTL Simulation : 530 / 616 [100.00%] @ "22065000"
// RTL Simulation : 531 / 616 [100.00%] @ "22085000"
// RTL Simulation : 532 / 616 [100.00%] @ "22105000"
// RTL Simulation : 533 / 616 [100.00%] @ "22125000"
// RTL Simulation : 534 / 616 [100.00%] @ "22145000"
// RTL Simulation : 535 / 616 [100.00%] @ "22165000"
// RTL Simulation : 536 / 616 [100.00%] @ "22185000"
// RTL Simulation : 537 / 616 [100.00%] @ "22205000"
// RTL Simulation : 538 / 616 [100.00%] @ "22225000"
// RTL Simulation : 539 / 616 [100.00%] @ "22245000"
// RTL Simulation : 540 / 616 [100.00%] @ "22265000"
// RTL Simulation : 541 / 616 [100.00%] @ "22285000"
// RTL Simulation : 542 / 616 [100.00%] @ "22305000"
// RTL Simulation : 543 / 616 [100.00%] @ "22325000"
// RTL Simulation : 544 / 616 [100.00%] @ "22345000"
// RTL Simulation : 545 / 616 [100.00%] @ "22365000"
// RTL Simulation : 546 / 616 [100.00%] @ "22385000"
// RTL Simulation : 547 / 616 [100.00%] @ "22405000"
// RTL Simulation : 548 / 616 [100.00%] @ "22425000"
// RTL Simulation : 549 / 616 [100.00%] @ "22445000"
// RTL Simulation : 550 / 616 [100.00%] @ "22465000"
// RTL Simulation : 551 / 616 [100.00%] @ "22485000"
// RTL Simulation : 552 / 616 [100.00%] @ "22505000"
// RTL Simulation : 553 / 616 [100.00%] @ "22525000"
// RTL Simulation : 554 / 616 [100.00%] @ "22545000"
// RTL Simulation : 555 / 616 [100.00%] @ "22565000"
// RTL Simulation : 556 / 616 [100.00%] @ "22585000"
// RTL Simulation : 557 / 616 [100.00%] @ "22605000"
// RTL Simulation : 558 / 616 [100.00%] @ "22625000"
// RTL Simulation : 559 / 616 [100.00%] @ "22645000"
// RTL Simulation : 560 / 616 [100.00%] @ "22665000"
// RTL Simulation : 561 / 616 [100.00%] @ "22685000"
// RTL Simulation : 562 / 616 [100.00%] @ "22705000"
// RTL Simulation : 563 / 616 [100.00%] @ "22725000"
// RTL Simulation : 564 / 616 [100.00%] @ "22745000"
// RTL Simulation : 565 / 616 [100.00%] @ "22765000"
// RTL Simulation : 566 / 616 [100.00%] @ "22785000"
// RTL Simulation : 567 / 616 [100.00%] @ "22805000"
// RTL Simulation : 568 / 616 [100.00%] @ "22825000"
// RTL Simulation : 569 / 616 [100.00%] @ "22845000"
// RTL Simulation : 570 / 616 [100.00%] @ "22865000"
// RTL Simulation : 571 / 616 [100.00%] @ "22885000"
// RTL Simulation : 572 / 616 [100.00%] @ "22905000"
// RTL Simulation : 573 / 616 [100.00%] @ "22925000"
// RTL Simulation : 574 / 616 [100.00%] @ "22945000"
// RTL Simulation : 575 / 616 [100.00%] @ "22965000"
// RTL Simulation : 576 / 616 [100.00%] @ "22985000"
// RTL Simulation : 577 / 616 [100.00%] @ "23005000"
// RTL Simulation : 578 / 616 [100.00%] @ "23025000"
// RTL Simulation : 579 / 616 [100.00%] @ "23045000"
// RTL Simulation : 580 / 616 [100.00%] @ "23065000"
// RTL Simulation : 581 / 616 [100.00%] @ "23085000"
// RTL Simulation : 582 / 616 [100.00%] @ "23105000"
// RTL Simulation : 583 / 616 [100.00%] @ "23125000"
// RTL Simulation : 584 / 616 [100.00%] @ "23145000"
// RTL Simulation : 585 / 616 [100.00%] @ "23165000"
// RTL Simulation : 586 / 616 [100.00%] @ "23185000"
// RTL Simulation : 587 / 616 [100.00%] @ "23205000"
// RTL Simulation : 588 / 616 [100.00%] @ "23225000"
// RTL Simulation : 589 / 616 [100.00%] @ "23245000"
// RTL Simulation : 590 / 616 [100.00%] @ "23265000"
// RTL Simulation : 591 / 616 [100.00%] @ "23285000"
// RTL Simulation : 592 / 616 [100.00%] @ "23305000"
// RTL Simulation : 593 / 616 [100.00%] @ "23325000"
// RTL Simulation : 594 / 616 [100.00%] @ "23345000"
// RTL Simulation : 595 / 616 [100.00%] @ "23365000"
// RTL Simulation : 596 / 616 [100.00%] @ "23385000"
// RTL Simulation : 597 / 616 [100.00%] @ "23405000"
// RTL Simulation : 598 / 616 [100.00%] @ "23425000"
// RTL Simulation : 599 / 616 [100.00%] @ "23445000"
// RTL Simulation : 600 / 616 [100.00%] @ "23465000"
// RTL Simulation : 601 / 616 [100.00%] @ "23485000"
// RTL Simulation : 602 / 616 [100.00%] @ "23505000"
// RTL Simulation : 603 / 616 [100.00%] @ "23525000"
// RTL Simulation : 604 / 616 [100.00%] @ "23545000"
// RTL Simulation : 605 / 616 [100.00%] @ "23565000"
// RTL Simulation : 606 / 616 [100.00%] @ "23585000"
// RTL Simulation : 607 / 616 [100.00%] @ "23605000"
// RTL Simulation : 608 / 616 [100.00%] @ "23625000"
// RTL Simulation : 609 / 616 [100.00%] @ "23645000"
// RTL Simulation : 610 / 616 [100.00%] @ "23665000"
// RTL Simulation : 611 / 616 [100.00%] @ "23685000"
// RTL Simulation : 612 / 616 [100.00%] @ "23705000"
// RTL Simulation : 613 / 616 [100.00%] @ "23725000"
// RTL Simulation : 614 / 616 [100.00%] @ "23745000"
// RTL Simulation : 615 / 616 [100.00%] @ "23765000"
// RTL Simulation : 616 / 616 [100.00%] @ "23785000"
////////////////////////////////////////////////////////////////////////////////////
$finish called at time : 23825 ns : File "D:/Repo/hls/labA/Shift_Register/solution1/sim/verilog/shift_reg.autotb.v" Line 2216
## quit
INFO: [Common 17-206] Exiting xsim at Tue Apr  6 15:14:19 2021...
