==============================================================
Vivado(TM) HLS - High-Level Synthesis from C, C++ and SystemC v2019.1.3 (64-bit)
Copyright 1986-2019 Xilinx, Inc. All Rights Reserved.
==============================================================
INFO: [SYN 201-201] Setting up clock 'default' with a period of 10ns.
INFO: [HLS 200-10] Setting target device to 'xcvu9p-flgb2104-1-e'
INFO: [SCHED 204-61] Option 'relax_ii_for_timing' is enabled, will increase II to preserve clock frequency constraints.
INFO: [HLS 200-10] Analyzing design file 'fir.c' ... 
INFO: [HLS 200-111] Finished Linking Time (s): cpu = 00:00:07 ; elapsed = 00:00:21 . Memory (MB): peak = 186.910 ; gain = 93.082
INFO: [HLS 200-111] Finished Checking Pragmas Time (s): cpu = 00:00:07 ; elapsed = 00:00:21 . Memory (MB): peak = 186.910 ; gain = 93.082
INFO: [HLS 200-10] Starting code transformations ...
INFO: [HLS 200-111] Finished Standard Transforms Time (s): cpu = 00:00:07 ; elapsed = 00:00:22 . Memory (MB): peak = 186.910 ; gain = 93.082
INFO: [HLS 200-10] Checking synthesizability ...
INFO: [HLS 200-111] Finished Checking Synthesizability Time (s): cpu = 00:00:07 ; elapsed = 00:00:22 . Memory (MB): peak = 186.910 ; gain = 93.082
INFO: [HLS 200-111] Finished Pre-synthesis Time (s): cpu = 00:00:07 ; elapsed = 00:00:23 . Memory (MB): peak = 186.910 ; gain = 93.082
INFO: [HLS 200-111] Finished Architecture Synthesis Time (s): cpu = 00:00:07 ; elapsed = 00:00:23 . Memory (MB): peak = 186.910 ; gain = 93.082
INFO: [HLS 200-10] Starting hardware synthesis ...
INFO: [HLS 200-10] Synthesizing 'fir' ...
INFO: [HLS 200-10] ----------------------------------------------------------------
INFO: [HLS 200-42] -- Implementing module 'fir' 
INFO: [HLS 200-10] ----------------------------------------------------------------
INFO: [SCHED 204-11] Starting scheduling ...
INFO: [SCHED 204-11] Finished scheduling.
INFO: [HLS 200-111]  Elapsed time: 22.814 seconds; current allocated memory: 101.086 MB.
INFO: [HLS 200-434] Only 0 loops out of a total 1 loops have been pipelined in this design.
INFO: [BIND 205-100] Starting micro-architecture generation ...
INFO: [BIND 205-101] Performing variable lifetime analysis.
INFO: [BIND 205-101] Exploring resource sharing.
INFO: [BIND 205-101] Binding ...
INFO: [BIND 205-100] Finished micro-architecture generation.
INFO: [HLS 200-111]  Elapsed time: 0.098 seconds; current allocated memory: 101.381 MB.
INFO: [HLS 200-10] ----------------------------------------------------------------
INFO: [HLS 200-10] -- Generating RTL for module 'fir' 
INFO: [HLS 200-10] ----------------------------------------------------------------
INFO: [RTGEN 206-500] Setting interface mode on port 'fir/y' to 'ap_vld'.
INFO: [RTGEN 206-500] Setting interface mode on port 'fir/c' to 'ap_memory'.
INFO: [RTGEN 206-500] Setting interface mode on port 'fir/x' to 'ap_vld'.
INFO: [RTGEN 206-500] Setting interface mode on function 'fir' to 'ap_ctrl_hs'.
INFO: [RTGEN 206-100] Finished creating RTL model for 'fir'.
INFO: [HLS 200-111]  Elapsed time: 0.119 seconds; current allocated memory: 101.652 MB.
INFO: [RTMG 210-278] Implementing memory 'fir_shift_reg_ram (RAM)' using distributed RAMs with power-on initialization.
INFO: [HLS 200-111] Finished generating all RTL models Time (s): cpu = 00:00:08 ; elapsed = 00:00:24 . Memory (MB): peak = 186.910 ; gain = 93.082
INFO: [VHDL 208-304] Generating VHDL RTL for fir.
INFO: [VLOG 209-307] Generating Verilog RTL for fir.
INFO: [HLS 200-112] Total elapsed time: 24.486 seconds; peak allocated memory: 101.652 MB.
