INFO: [COSIM-47] Using XSIM for RTL simulation.
INFO: [COSIM-14] Instrumenting C test bench ...
WARNING: [COSIM-369] AXI_master port 'pn32HPInput' has a depth of '600'. Insufficient depth may result in simulation mismatch or freeze.
WARNING: [COSIM-369] AXI_master port 'pn32HPOutput' has a depth of '600'. Insufficient depth may result in simulation mismatch or freeze.
   Build using "C:/Xilinx/Vivado/2019.2/tps/win64/msys64/mingw64/bin/g++"
   Compiling apatb_fir_n11_maxi.cpp
   Compiling FIR.cpp_pre.cpp.tb.cpp
   Compiling FIRTester.cpp_pre.cpp.tb.cpp
   Generating cosim.tv.exe
INFO: [COSIM-302] Starting C TB testing ... 
INFO: [COSIM-333] Generating C post check test bench ...
INFO: [COSIM-12] Generating RTL test bench ...
INFO: [COSIM-1] *** C/RTL co-simulation file generation completed. ***
INFO: [COSIM-323] Starting verilog simulation. 
INFO: [COSIM-15] Starting XSIM ...
INFO: [COSIM-316] Starting C post checking ...
>> Start test!
>> Comparing against output data...
Comparing files .\out.dat and ..\..\..\OUT_GOLD.DAT
FC: no differences encountered

>> Test passed!
------------------------

D:\Vivado\lab2_hls\solution1\sim\verilog>set PATH= 

D:\Vivado\lab2_hls\solution1\sim\verilog>call C:/Xilinx/Vivado/2019.2/bin/xelab xil_defaultlib.apatb_fir_n11_maxi_top glbl -prj fir_n11_maxi.prj -L smartconnect_v1_0 -L axi_protocol_checker_v1_1_12 -L axi_protocol_checker_v1_1_13 -L axis_protocol_checker_v1_1_11 -L axis_protocol_checker_v1_1_12 -L xil_defaultlib -L unisims_ver -L xpm --initfile "C:/Xilinx/Vivado/2019.2/data/xsim/ip/xsim_ip.ini" --lib "ieee_proposed=./ieee_proposed" -s fir_n11_maxi -debug wave 
INFO: [XSIM 43-3496] Using init file passed via -initfile option "C:/Xilinx/Vivado/2019.2/data/xsim/ip/xsim_ip.ini".
Vivado Simulator 2019.2
Copyright 1986-1999, 2001-2019 Xilinx, Inc. All Rights Reserved.
Running: C:/Xilinx/Vivado/2019.2/bin/unwrapped/win64.o/xelab.exe xil_defaultlib.apatb_fir_n11_maxi_top glbl -prj fir_n11_maxi.prj -L smartconnect_v1_0 -L axi_protocol_checker_v1_1_12 -L axi_protocol_checker_v1_1_13 -L axis_protocol_checker_v1_1_11 -L axis_protocol_checker_v1_1_12 -L xil_defaultlib -L unisims_ver -L xpm --initfile C:/Xilinx/Vivado/2019.2/data/xsim/ip/xsim_ip.ini --lib ieee_proposed=./ieee_proposed -s fir_n11_maxi -debug wave 
Multi-threading is on. Using 4 slave threads.
INFO: [VRFC 10-2263] Analyzing SystemVerilog file "D:/Vivado/lab2_hls/solution1/sim/verilog/glbl.v" into library work
INFO: [VRFC 10-311] analyzing module glbl
INFO: [VRFC 10-2263] Analyzing SystemVerilog file "D:/Vivado/lab2_hls/solution1/sim/verilog/AESL_axi_master_gmem.v" into library xil_defaultlib
INFO: [VRFC 10-311] analyzing module AESL_axi_master_gmem
INFO: [VRFC 10-2263] Analyzing SystemVerilog file "D:/Vivado/lab2_hls/solution1/sim/verilog/AESL_axi_slave_AXILiteS.v" into library xil_defaultlib
INFO: [VRFC 10-311] analyzing module AESL_axi_slave_AXILiteS
INFO: [VRFC 10-2263] Analyzing SystemVerilog file "D:/Vivado/lab2_hls/solution1/sim/verilog/fir_n11_maxi.autotb.v" into library xil_defaultlib
INFO: [VRFC 10-311] analyzing module apatb_fir_n11_maxi_top
INFO: [VRFC 10-2263] Analyzing SystemVerilog file "D:/Vivado/lab2_hls/solution1/sim/verilog/fir_n11_maxi.v" into library xil_defaultlib
INFO: [VRFC 10-311] analyzing module fir_n11_maxi
INFO: [VRFC 10-2263] Analyzing SystemVerilog file "D:/Vivado/lab2_hls/solution1/sim/verilog/fir_n11_maxi_AXILiteS_s_axi.v" into library xil_defaultlib
INFO: [VRFC 10-311] analyzing module fir_n11_maxi_AXILiteS_s_axi
INFO: [VRFC 10-311] analyzing module fir_n11_maxi_AXILiteS_s_axi_ram
INFO: [VRFC 10-2263] Analyzing SystemVerilog file "D:/Vivado/lab2_hls/solution1/sim/verilog/fir_n11_maxi_gmem_m_axi.v" into library xil_defaultlib
INFO: [VRFC 10-311] analyzing module fir_n11_maxi_gmem_m_axi
INFO: [VRFC 10-311] analyzing module fir_n11_maxi_gmem_m_axi_reg_slice
INFO: [VRFC 10-311] analyzing module fir_n11_maxi_gmem_m_axi_fifo
INFO: [VRFC 10-311] analyzing module fir_n11_maxi_gmem_m_axi_buffer
INFO: [VRFC 10-311] analyzing module fir_n11_maxi_gmem_m_axi_decoder
INFO: [VRFC 10-311] analyzing module fir_n11_maxi_gmem_m_axi_throttl
INFO: [VRFC 10-311] analyzing module fir_n11_maxi_gmem_m_axi_read
INFO: [VRFC 10-311] analyzing module fir_n11_maxi_gmem_m_axi_write
INFO: [VRFC 10-2263] Analyzing SystemVerilog file "D:/Vivado/lab2_hls/solution1/sim/verilog/fir_n11_maxi_mul_bkb.v" into library xil_defaultlib
INFO: [VRFC 10-311] analyzing module fir_n11_maxi_mul_bkb_MulnS_0
INFO: [VRFC 10-311] analyzing module fir_n11_maxi_mul_bkb
Starting static elaboration
Pass Through NonSizing Optimizer
Completed static elaboration
Starting simulation data flow analysis
Completed simulation data flow analysis
Time Resolution for simulation is 1ps
Compiling module xil_defaultlib.fir_n11_maxi_AXILiteS_s_axi_ram(...
Compiling module xil_defaultlib.fir_n11_maxi_AXILiteS_s_axi
Compiling module xil_defaultlib.fir_n11_maxi_gmem_m_axi_throttl_...
Compiling module xil_defaultlib.fir_n11_maxi_gmem_m_axi_reg_slic...
Compiling module xil_defaultlib.fir_n11_maxi_gmem_m_axi_fifo(DAT...
Compiling module xil_defaultlib.fir_n11_maxi_gmem_m_axi_buffer(D...
Compiling module xil_defaultlib.fir_n11_maxi_gmem_m_axi_fifo(DEP...
Compiling module xil_defaultlib.fir_n11_maxi_gmem_m_axi_fifo(DAT...
Compiling module xil_defaultlib.fir_n11_maxi_gmem_m_axi_fifo(DAT...
Compiling module xil_defaultlib.fir_n11_maxi_gmem_m_axi_write(NU...
Compiling module xil_defaultlib.fir_n11_maxi_gmem_m_axi_buffer(D...
Compiling module xil_defaultlib.fir_n11_maxi_gmem_m_axi_reg_slic...
Compiling module xil_defaultlib.fir_n11_maxi_gmem_m_axi_read(NUM...
Compiling module xil_defaultlib.fir_n11_maxi_gmem_m_axi(NUM_READ...
Compiling module xil_defaultlib.fir_n11_maxi_mul_bkb_MulnS_0
Compiling module xil_defaultlib.fir_n11_maxi_mul_bkb(ID=1,NUM_ST...
Compiling module xil_defaultlib.fir_n11_maxi
Compiling module xil_defaultlib.AESL_axi_master_gmem
Compiling module xil_defaultlib.AESL_axi_slave_AXILiteS
Compiling module xil_defaultlib.apatb_fir_n11_maxi_top
Compiling module work.glbl
Built simulation snapshot fir_n11_maxi

****** Webtalk v2019.2 (64-bit)
  **** SW Build 2708876 on Wed Nov  6 21:40:23 MST 2019
  **** IP Build 2700528 on Thu Nov  7 00:09:20 MST 2019
    ** Copyright 1986-2019 Xilinx, Inc. All Rights Reserved.

source D:/Vivado/lab2_hls/solution1/sim/verilog/xsim.dir/fir_n11_maxi/webtalk/xsim_webtalk.tcl -notrace
INFO: [Common 17-186] 'D:/Vivado/lab2_hls/solution1/sim/verilog/xsim.dir/fir_n11_maxi/webtalk/usage_statistics_ext_xsim.xml' has been successfully sent to Xilinx on Sun Mar  7 01:04:01 2021. For additional details about this file, please refer to the WebTalk help file at C:/Xilinx/Vivado/2019.2/doc/webtalk_introduction.html.
INFO: [Common 17-206] Exiting Webtalk at Sun Mar  7 01:04:01 2021...

****** xsim v2019.2 (64-bit)
  **** SW Build 2708876 on Wed Nov  6 21:40:23 MST 2019
  **** IP Build 2700528 on Thu Nov  7 00:09:20 MST 2019
    ** Copyright 1986-2019 Xilinx, Inc. All Rights Reserved.

source xsim.dir/fir_n11_maxi/xsim_script.tcl
# xsim {fir_n11_maxi} -autoloadwcfg -tclbatch {fir_n11_maxi.tcl}
Vivado Simulator 2019.2
Time resolution is 1 ps
source fir_n11_maxi.tcl
## log_wave -r /
WARNING: [Simtcl 6-197] One or more HDL objects could not be logged because of object type or size limitations.  To see details please rerun the command with -verbose (-v).
## set designtopgroup [add_wave_group "Design Top Signals"]
## set cinoutgroup [add_wave_group "C InOuts" -into $designtopgroup]
## set pn32HPInput__pn32HPOutput_group [add_wave_group pn32HPInput__pn32HPOutput(axi_master) -into $cinoutgroup]
## set rdata_group [add_wave_group "Read Channel" -into $pn32HPInput__pn32HPOutput_group]
## set wdata_group [add_wave_group "Write Channel" -into $pn32HPInput__pn32HPOutput_group]
## set ctrl_group [add_wave_group "Handshakes" -into $pn32HPInput__pn32HPOutput_group]
## add_wave /apatb_fir_n11_maxi_top/AESL_inst_fir_n11_maxi/m_axi_gmem_BUSER -into $wdata_group -radix hex
## add_wave /apatb_fir_n11_maxi_top/AESL_inst_fir_n11_maxi/m_axi_gmem_BID -into $wdata_group -radix hex
## add_wave /apatb_fir_n11_maxi_top/AESL_inst_fir_n11_maxi/m_axi_gmem_BRESP -into $wdata_group -radix hex
## add_wave /apatb_fir_n11_maxi_top/AESL_inst_fir_n11_maxi/m_axi_gmem_BREADY -into $ctrl_group -color #ffff00 -radix hex
## add_wave /apatb_fir_n11_maxi_top/AESL_inst_fir_n11_maxi/m_axi_gmem_BVALID -into $ctrl_group -color #ffff00 -radix hex
## add_wave /apatb_fir_n11_maxi_top/AESL_inst_fir_n11_maxi/m_axi_gmem_RRESP -into $rdata_group -radix hex
## add_wave /apatb_fir_n11_maxi_top/AESL_inst_fir_n11_maxi/m_axi_gmem_RUSER -into $rdata_group -radix hex
## add_wave /apatb_fir_n11_maxi_top/AESL_inst_fir_n11_maxi/m_axi_gmem_RID -into $rdata_group -radix hex
## add_wave /apatb_fir_n11_maxi_top/AESL_inst_fir_n11_maxi/m_axi_gmem_RLAST -into $ctrl_group -color #ffff00 -radix hex
## add_wave /apatb_fir_n11_maxi_top/AESL_inst_fir_n11_maxi/m_axi_gmem_RDATA -into $rdata_group -radix hex
## add_wave /apatb_fir_n11_maxi_top/AESL_inst_fir_n11_maxi/m_axi_gmem_RREADY -into $ctrl_group -color #ffff00 -radix hex
## add_wave /apatb_fir_n11_maxi_top/AESL_inst_fir_n11_maxi/m_axi_gmem_RVALID -into $ctrl_group -color #ffff00 -radix hex
## add_wave /apatb_fir_n11_maxi_top/AESL_inst_fir_n11_maxi/m_axi_gmem_ARUSER -into $rdata_group -radix hex
## add_wave /apatb_fir_n11_maxi_top/AESL_inst_fir_n11_maxi/m_axi_gmem_ARREGION -into $rdata_group -radix hex
## add_wave /apatb_fir_n11_maxi_top/AESL_inst_fir_n11_maxi/m_axi_gmem_ARQOS -into $rdata_group -radix hex
## add_wave /apatb_fir_n11_maxi_top/AESL_inst_fir_n11_maxi/m_axi_gmem_ARPROT -into $rdata_group -radix hex
## add_wave /apatb_fir_n11_maxi_top/AESL_inst_fir_n11_maxi/m_axi_gmem_ARCACHE -into $rdata_group -radix hex
## add_wave /apatb_fir_n11_maxi_top/AESL_inst_fir_n11_maxi/m_axi_gmem_ARLOCK -into $rdata_group -radix hex
## add_wave /apatb_fir_n11_maxi_top/AESL_inst_fir_n11_maxi/m_axi_gmem_ARBURST -into $rdata_group -radix hex
## add_wave /apatb_fir_n11_maxi_top/AESL_inst_fir_n11_maxi/m_axi_gmem_ARSIZE -into $rdata_group -radix hex
## add_wave /apatb_fir_n11_maxi_top/AESL_inst_fir_n11_maxi/m_axi_gmem_ARLEN -into $rdata_group -radix hex
## add_wave /apatb_fir_n11_maxi_top/AESL_inst_fir_n11_maxi/m_axi_gmem_ARID -into $rdata_group -radix hex
## add_wave /apatb_fir_n11_maxi_top/AESL_inst_fir_n11_maxi/m_axi_gmem_ARADDR -into $rdata_group -radix hex
## add_wave /apatb_fir_n11_maxi_top/AESL_inst_fir_n11_maxi/m_axi_gmem_ARREADY -into $ctrl_group -color #ffff00 -radix hex
## add_wave /apatb_fir_n11_maxi_top/AESL_inst_fir_n11_maxi/m_axi_gmem_ARVALID -into $ctrl_group -color #ffff00 -radix hex
## add_wave /apatb_fir_n11_maxi_top/AESL_inst_fir_n11_maxi/m_axi_gmem_WUSER -into $wdata_group -radix hex
## add_wave /apatb_fir_n11_maxi_top/AESL_inst_fir_n11_maxi/m_axi_gmem_WID -into $wdata_group -radix hex
## add_wave /apatb_fir_n11_maxi_top/AESL_inst_fir_n11_maxi/m_axi_gmem_WLAST -into $ctrl_group -color #ffff00 -radix hex
## add_wave /apatb_fir_n11_maxi_top/AESL_inst_fir_n11_maxi/m_axi_gmem_WSTRB -into $wdata_group -radix hex
## add_wave /apatb_fir_n11_maxi_top/AESL_inst_fir_n11_maxi/m_axi_gmem_WDATA -into $wdata_group -radix hex
## add_wave /apatb_fir_n11_maxi_top/AESL_inst_fir_n11_maxi/m_axi_gmem_WREADY -into $ctrl_group -color #ffff00 -radix hex
## add_wave /apatb_fir_n11_maxi_top/AESL_inst_fir_n11_maxi/m_axi_gmem_WVALID -into $ctrl_group -color #ffff00 -radix hex
## add_wave /apatb_fir_n11_maxi_top/AESL_inst_fir_n11_maxi/m_axi_gmem_AWUSER -into $wdata_group -radix hex
## add_wave /apatb_fir_n11_maxi_top/AESL_inst_fir_n11_maxi/m_axi_gmem_AWREGION -into $wdata_group -radix hex
## add_wave /apatb_fir_n11_maxi_top/AESL_inst_fir_n11_maxi/m_axi_gmem_AWQOS -into $wdata_group -radix hex
## add_wave /apatb_fir_n11_maxi_top/AESL_inst_fir_n11_maxi/m_axi_gmem_AWPROT -into $wdata_group -radix hex
## add_wave /apatb_fir_n11_maxi_top/AESL_inst_fir_n11_maxi/m_axi_gmem_AWCACHE -into $wdata_group -radix hex
## add_wave /apatb_fir_n11_maxi_top/AESL_inst_fir_n11_maxi/m_axi_gmem_AWLOCK -into $wdata_group -radix hex
## add_wave /apatb_fir_n11_maxi_top/AESL_inst_fir_n11_maxi/m_axi_gmem_AWBURST -into $wdata_group -radix hex
## add_wave /apatb_fir_n11_maxi_top/AESL_inst_fir_n11_maxi/m_axi_gmem_AWSIZE -into $wdata_group -radix hex
## add_wave /apatb_fir_n11_maxi_top/AESL_inst_fir_n11_maxi/m_axi_gmem_AWLEN -into $wdata_group -radix hex
## add_wave /apatb_fir_n11_maxi_top/AESL_inst_fir_n11_maxi/m_axi_gmem_AWID -into $wdata_group -radix hex
## add_wave /apatb_fir_n11_maxi_top/AESL_inst_fir_n11_maxi/m_axi_gmem_AWADDR -into $wdata_group -radix hex
## add_wave /apatb_fir_n11_maxi_top/AESL_inst_fir_n11_maxi/m_axi_gmem_AWREADY -into $ctrl_group -color #ffff00 -radix hex
## add_wave /apatb_fir_n11_maxi_top/AESL_inst_fir_n11_maxi/m_axi_gmem_AWVALID -into $ctrl_group -color #ffff00 -radix hex
## set pn32HPInput__pn32HPOutput__an32Coef__regXferLeng__return_group [add_wave_group pn32HPInput__pn32HPOutput__an32Coef__regXferLeng__return(axi_slave) -into $cinoutgroup]
## add_wave /apatb_fir_n11_maxi_top/AESL_inst_fir_n11_maxi/interrupt -into $pn32HPInput__pn32HPOutput__an32Coef__regXferLeng__return_group -color #ffff00 -radix hex
## add_wave /apatb_fir_n11_maxi_top/AESL_inst_fir_n11_maxi/s_axi_AXILiteS_BRESP -into $pn32HPInput__pn32HPOutput__an32Coef__regXferLeng__return_group -radix hex
## add_wave /apatb_fir_n11_maxi_top/AESL_inst_fir_n11_maxi/s_axi_AXILiteS_BREADY -into $pn32HPInput__pn32HPOutput__an32Coef__regXferLeng__return_group -color #ffff00 -radix hex
## add_wave /apatb_fir_n11_maxi_top/AESL_inst_fir_n11_maxi/s_axi_AXILiteS_BVALID -into $pn32HPInput__pn32HPOutput__an32Coef__regXferLeng__return_group -color #ffff00 -radix hex
## add_wave /apatb_fir_n11_maxi_top/AESL_inst_fir_n11_maxi/s_axi_AXILiteS_RRESP -into $pn32HPInput__pn32HPOutput__an32Coef__regXferLeng__return_group -radix hex
## add_wave /apatb_fir_n11_maxi_top/AESL_inst_fir_n11_maxi/s_axi_AXILiteS_RDATA -into $pn32HPInput__pn32HPOutput__an32Coef__regXferLeng__return_group -radix hex
## add_wave /apatb_fir_n11_maxi_top/AESL_inst_fir_n11_maxi/s_axi_AXILiteS_RREADY -into $pn32HPInput__pn32HPOutput__an32Coef__regXferLeng__return_group -color #ffff00 -radix hex
## add_wave /apatb_fir_n11_maxi_top/AESL_inst_fir_n11_maxi/s_axi_AXILiteS_RVALID -into $pn32HPInput__pn32HPOutput__an32Coef__regXferLeng__return_group -color #ffff00 -radix hex
## add_wave /apatb_fir_n11_maxi_top/AESL_inst_fir_n11_maxi/s_axi_AXILiteS_ARREADY -into $pn32HPInput__pn32HPOutput__an32Coef__regXferLeng__return_group -color #ffff00 -radix hex
## add_wave /apatb_fir_n11_maxi_top/AESL_inst_fir_n11_maxi/s_axi_AXILiteS_ARVALID -into $pn32HPInput__pn32HPOutput__an32Coef__regXferLeng__return_group -color #ffff00 -radix hex
## add_wave /apatb_fir_n11_maxi_top/AESL_inst_fir_n11_maxi/s_axi_AXILiteS_ARADDR -into $pn32HPInput__pn32HPOutput__an32Coef__regXferLeng__return_group -radix hex
## add_wave /apatb_fir_n11_maxi_top/AESL_inst_fir_n11_maxi/s_axi_AXILiteS_WSTRB -into $pn32HPInput__pn32HPOutput__an32Coef__regXferLeng__return_group -radix hex
## add_wave /apatb_fir_n11_maxi_top/AESL_inst_fir_n11_maxi/s_axi_AXILiteS_WDATA -into $pn32HPInput__pn32HPOutput__an32Coef__regXferLeng__return_group -radix hex
## add_wave /apatb_fir_n11_maxi_top/AESL_inst_fir_n11_maxi/s_axi_AXILiteS_WREADY -into $pn32HPInput__pn32HPOutput__an32Coef__regXferLeng__return_group -color #ffff00 -radix hex
## add_wave /apatb_fir_n11_maxi_top/AESL_inst_fir_n11_maxi/s_axi_AXILiteS_WVALID -into $pn32HPInput__pn32HPOutput__an32Coef__regXferLeng__return_group -color #ffff00 -radix hex
## add_wave /apatb_fir_n11_maxi_top/AESL_inst_fir_n11_maxi/s_axi_AXILiteS_AWREADY -into $pn32HPInput__pn32HPOutput__an32Coef__regXferLeng__return_group -color #ffff00 -radix hex
## add_wave /apatb_fir_n11_maxi_top/AESL_inst_fir_n11_maxi/s_axi_AXILiteS_AWVALID -into $pn32HPInput__pn32HPOutput__an32Coef__regXferLeng__return_group -color #ffff00 -radix hex
## add_wave /apatb_fir_n11_maxi_top/AESL_inst_fir_n11_maxi/s_axi_AXILiteS_AWADDR -into $pn32HPInput__pn32HPOutput__an32Coef__regXferLeng__return_group -radix hex
## set blocksiggroup [add_wave_group "Block-level IO Handshake(internal)" -into $designtopgroup]
## add_wave /apatb_fir_n11_maxi_top/AESL_inst_fir_n11_maxi/ap_done -into $blocksiggroup
## add_wave /apatb_fir_n11_maxi_top/AESL_inst_fir_n11_maxi/ap_idle -into $blocksiggroup
## add_wave /apatb_fir_n11_maxi_top/AESL_inst_fir_n11_maxi/ap_ready -into $blocksiggroup
## add_wave /apatb_fir_n11_maxi_top/AESL_inst_fir_n11_maxi/ap_start -into $blocksiggroup
## set resetgroup [add_wave_group "Reset" -into $designtopgroup]
## add_wave /apatb_fir_n11_maxi_top/AESL_inst_fir_n11_maxi/ap_rst_n -into $resetgroup
## set clockgroup [add_wave_group "Clock" -into $designtopgroup]
## add_wave /apatb_fir_n11_maxi_top/AESL_inst_fir_n11_maxi/ap_clk -into $clockgroup
## set testbenchgroup [add_wave_group "Test Bench Signals"]
## set tbinternalsiggroup [add_wave_group "Internal Signals" -into $testbenchgroup]
## set tb_simstatus_group [add_wave_group "Simulation Status" -into $tbinternalsiggroup]
## set tb_portdepth_group [add_wave_group "Port Depth" -into $tbinternalsiggroup]
## add_wave /apatb_fir_n11_maxi_top/AUTOTB_TRANSACTION_NUM -into $tb_simstatus_group -radix hex
## add_wave /apatb_fir_n11_maxi_top/ready_cnt -into $tb_simstatus_group -radix hex
## add_wave /apatb_fir_n11_maxi_top/done_cnt -into $tb_simstatus_group -radix hex
## add_wave /apatb_fir_n11_maxi_top/LENGTH_gmem -into $tb_portdepth_group -radix hex
## add_wave /apatb_fir_n11_maxi_top/LENGTH_pn32HPInput -into $tb_portdepth_group -radix hex
## add_wave /apatb_fir_n11_maxi_top/LENGTH_pn32HPOutput -into $tb_portdepth_group -radix hex
## add_wave /apatb_fir_n11_maxi_top/LENGTH_an32Coef -into $tb_portdepth_group -radix hex
## add_wave /apatb_fir_n11_maxi_top/LENGTH_regXferLeng_V -into $tb_portdepth_group -radix hex
## set tbcinoutgroup [add_wave_group "C InOuts" -into $testbenchgroup]
## set tb_pn32HPInput__pn32HPOutput_group [add_wave_group pn32HPInput__pn32HPOutput(axi_master) -into $tbcinoutgroup]
## set rdata_group [add_wave_group "Read Channel" -into $tb_pn32HPInput__pn32HPOutput_group]
## set wdata_group [add_wave_group "Write Channel" -into $tb_pn32HPInput__pn32HPOutput_group]
## set ctrl_group [add_wave_group "Handshakes" -into $tb_pn32HPInput__pn32HPOutput_group]
## add_wave /apatb_fir_n11_maxi_top/gmem_BUSER -into $wdata_group -radix hex
## add_wave /apatb_fir_n11_maxi_top/gmem_BID -into $wdata_group -radix hex
## add_wave /apatb_fir_n11_maxi_top/gmem_BRESP -into $wdata_group -radix hex
## add_wave /apatb_fir_n11_maxi_top/gmem_BREADY -into $ctrl_group -color #ffff00 -radix hex
## add_wave /apatb_fir_n11_maxi_top/gmem_BVALID -into $ctrl_group -color #ffff00 -radix hex
## add_wave /apatb_fir_n11_maxi_top/gmem_RRESP -into $rdata_group -radix hex
## add_wave /apatb_fir_n11_maxi_top/gmem_RUSER -into $rdata_group -radix hex
## add_wave /apatb_fir_n11_maxi_top/gmem_RID -into $rdata_group -radix hex
## add_wave /apatb_fir_n11_maxi_top/gmem_RLAST -into $ctrl_group -color #ffff00 -radix hex
## add_wave /apatb_fir_n11_maxi_top/gmem_RDATA -into $rdata_group -radix hex
## add_wave /apatb_fir_n11_maxi_top/gmem_RREADY -into $ctrl_group -color #ffff00 -radix hex
## add_wave /apatb_fir_n11_maxi_top/gmem_RVALID -into $ctrl_group -color #ffff00 -radix hex
## add_wave /apatb_fir_n11_maxi_top/gmem_ARUSER -into $rdata_group -radix hex
## add_wave /apatb_fir_n11_maxi_top/gmem_ARREGION -into $rdata_group -radix hex
## add_wave /apatb_fir_n11_maxi_top/gmem_ARQOS -into $rdata_group -radix hex
## add_wave /apatb_fir_n11_maxi_top/gmem_ARPROT -into $rdata_group -radix hex
## add_wave /apatb_fir_n11_maxi_top/gmem_ARCACHE -into $rdata_group -radix hex
## add_wave /apatb_fir_n11_maxi_top/gmem_ARLOCK -into $rdata_group -radix hex
## add_wave /apatb_fir_n11_maxi_top/gmem_ARBURST -into $rdata_group -radix hex
## add_wave /apatb_fir_n11_maxi_top/gmem_ARSIZE -into $rdata_group -radix hex
## add_wave /apatb_fir_n11_maxi_top/gmem_ARLEN -into $rdata_group -radix hex
## add_wave /apatb_fir_n11_maxi_top/gmem_ARID -into $rdata_group -radix hex
## add_wave /apatb_fir_n11_maxi_top/gmem_ARADDR -into $rdata_group -radix hex
## add_wave /apatb_fir_n11_maxi_top/gmem_ARREADY -into $ctrl_group -color #ffff00 -radix hex
## add_wave /apatb_fir_n11_maxi_top/gmem_ARVALID -into $ctrl_group -color #ffff00 -radix hex
## add_wave /apatb_fir_n11_maxi_top/gmem_WUSER -into $wdata_group -radix hex
## add_wave /apatb_fir_n11_maxi_top/gmem_WID -into $wdata_group -radix hex
## add_wave /apatb_fir_n11_maxi_top/gmem_WLAST -into $ctrl_group -color #ffff00 -radix hex
## add_wave /apatb_fir_n11_maxi_top/gmem_WSTRB -into $wdata_group -radix hex
## add_wave /apatb_fir_n11_maxi_top/gmem_WDATA -into $wdata_group -radix hex
## add_wave /apatb_fir_n11_maxi_top/gmem_WREADY -into $ctrl_group -color #ffff00 -radix hex
## add_wave /apatb_fir_n11_maxi_top/gmem_WVALID -into $ctrl_group -color #ffff00 -radix hex
## add_wave /apatb_fir_n11_maxi_top/gmem_AWUSER -into $wdata_group -radix hex
## add_wave /apatb_fir_n11_maxi_top/gmem_AWREGION -into $wdata_group -radix hex
## add_wave /apatb_fir_n11_maxi_top/gmem_AWQOS -into $wdata_group -radix hex
## add_wave /apatb_fir_n11_maxi_top/gmem_AWPROT -into $wdata_group -radix hex
## add_wave /apatb_fir_n11_maxi_top/gmem_AWCACHE -into $wdata_group -radix hex
## add_wave /apatb_fir_n11_maxi_top/gmem_AWLOCK -into $wdata_group -radix hex
## add_wave /apatb_fir_n11_maxi_top/gmem_AWBURST -into $wdata_group -radix hex
## add_wave /apatb_fir_n11_maxi_top/gmem_AWSIZE -into $wdata_group -radix hex
## add_wave /apatb_fir_n11_maxi_top/gmem_AWLEN -into $wdata_group -radix hex
## add_wave /apatb_fir_n11_maxi_top/gmem_AWID -into $wdata_group -radix hex
## add_wave /apatb_fir_n11_maxi_top/gmem_AWADDR -into $wdata_group -radix hex
## add_wave /apatb_fir_n11_maxi_top/gmem_AWREADY -into $ctrl_group -color #ffff00 -radix hex
## add_wave /apatb_fir_n11_maxi_top/gmem_AWVALID -into $ctrl_group -color #ffff00 -radix hex
## set tb_pn32HPInput__pn32HPOutput__an32Coef__regXferLeng__return_group [add_wave_group pn32HPInput__pn32HPOutput__an32Coef__regXferLeng__return(axi_slave) -into $tbcinoutgroup]
## add_wave /apatb_fir_n11_maxi_top/AXILiteS_INTERRUPT -into $tb_pn32HPInput__pn32HPOutput__an32Coef__regXferLeng__return_group -color #ffff00 -radix hex
## add_wave /apatb_fir_n11_maxi_top/AXILiteS_BRESP -into $tb_pn32HPInput__pn32HPOutput__an32Coef__regXferLeng__return_group -radix hex
## add_wave /apatb_fir_n11_maxi_top/AXILiteS_BREADY -into $tb_pn32HPInput__pn32HPOutput__an32Coef__regXferLeng__return_group -color #ffff00 -radix hex
## add_wave /apatb_fir_n11_maxi_top/AXILiteS_BVALID -into $tb_pn32HPInput__pn32HPOutput__an32Coef__regXferLeng__return_group -color #ffff00 -radix hex
## add_wave /apatb_fir_n11_maxi_top/AXILiteS_RRESP -into $tb_pn32HPInput__pn32HPOutput__an32Coef__regXferLeng__return_group -radix hex
## add_wave /apatb_fir_n11_maxi_top/AXILiteS_RDATA -into $tb_pn32HPInput__pn32HPOutput__an32Coef__regXferLeng__return_group -radix hex
## add_wave /apatb_fir_n11_maxi_top/AXILiteS_RREADY -into $tb_pn32HPInput__pn32HPOutput__an32Coef__regXferLeng__return_group -color #ffff00 -radix hex
## add_wave /apatb_fir_n11_maxi_top/AXILiteS_RVALID -into $tb_pn32HPInput__pn32HPOutput__an32Coef__regXferLeng__return_group -color #ffff00 -radix hex
## add_wave /apatb_fir_n11_maxi_top/AXILiteS_ARREADY -into $tb_pn32HPInput__pn32HPOutput__an32Coef__regXferLeng__return_group -color #ffff00 -radix hex
## add_wave /apatb_fir_n11_maxi_top/AXILiteS_ARVALID -into $tb_pn32HPInput__pn32HPOutput__an32Coef__regXferLeng__return_group -color #ffff00 -radix hex
## add_wave /apatb_fir_n11_maxi_top/AXILiteS_ARADDR -into $tb_pn32HPInput__pn32HPOutput__an32Coef__regXferLeng__return_group -radix hex
## add_wave /apatb_fir_n11_maxi_top/AXILiteS_WSTRB -into $tb_pn32HPInput__pn32HPOutput__an32Coef__regXferLeng__return_group -radix hex
## add_wave /apatb_fir_n11_maxi_top/AXILiteS_WDATA -into $tb_pn32HPInput__pn32HPOutput__an32Coef__regXferLeng__return_group -radix hex
## add_wave /apatb_fir_n11_maxi_top/AXILiteS_WREADY -into $tb_pn32HPInput__pn32HPOutput__an32Coef__regXferLeng__return_group -color #ffff00 -radix hex
## add_wave /apatb_fir_n11_maxi_top/AXILiteS_WVALID -into $tb_pn32HPInput__pn32HPOutput__an32Coef__regXferLeng__return_group -color #ffff00 -radix hex
## add_wave /apatb_fir_n11_maxi_top/AXILiteS_AWREADY -into $tb_pn32HPInput__pn32HPOutput__an32Coef__regXferLeng__return_group -color #ffff00 -radix hex
## add_wave /apatb_fir_n11_maxi_top/AXILiteS_AWVALID -into $tb_pn32HPInput__pn32HPOutput__an32Coef__regXferLeng__return_group -color #ffff00 -radix hex
## add_wave /apatb_fir_n11_maxi_top/AXILiteS_AWADDR -into $tb_pn32HPInput__pn32HPOutput__an32Coef__regXferLeng__return_group -radix hex
## save_wave_config fir_n11_maxi.wcfg
## run all
////////////////////////////////////////////////////////////////////////////////////
// Inter-Transaction Progress: Completed Transaction / Total Transaction
// Intra-Transaction Progress: Measured Latency / Latency Estimation * 100%
//
// RTL Simulation : "Inter-Transaction Progress" ["Intra-Transaction Progress"] @ "Simulation Time"
////////////////////////////////////////////////////////////////////////////////////
// RTL Simulation : 0 / 1 [n/a] @ "113000"
// RTL Simulation : 1 / 1 [n/a] @ "34298000"
////////////////////////////////////////////////////////////////////////////////////
$finish called at time : 34317500 ps : File "D:/Vivado/lab2_hls/solution1/sim/verilog/fir_n11_maxi.autotb.v" Line 444
## quit
INFO: [Common 17-206] Exiting xsim at Sun Mar  7 01:04:08 2021...
>> Start test!
>> Comparing against output data...
Comparing files .\out.dat and ..\..\..\OUT_GOLD.DAT
FC: no differences encountered

>> Test passed!
------------------------
INFO: [COSIM-1000] *** C/RTL co-simulation finished: PASS ***
INFO: [COSIM-211] II is measurable only when transaction number is greater than 1 in RTL simulation. Otherwise, they will be marked as all NA. If user wants to calculate them, please make sure there are at least 2 transactions in RTL simulation.
