

================================================================
== Vivado HLS Report for 'window_fn_top'
================================================================
* Date:           Wed Oct  2 10:28:25 2019

* Version:        2019.1.3 (Build 2642998 on Wed Sep 04 10:25:22 MDT 2019)
* Project:        window_fn_prj
* Solution:       solution1
* Product family: virtexuplus
* Target device:  xcvu9p-flgb2104-1-e


================================================================
== Performance Estimates
================================================================
+ Timing (ns): 
    * Summary: 
    +--------+-------+----------+------------+
    |  Clock | Target| Estimated| Uncertainty|
    +--------+-------+----------+------------+
    |ap_clk  |   5.00|     4.084|        0.63|
    +--------+-------+----------+------------+

+ Latency (clock cycles): 
    * Summary: 
    +-----+-----+-----+-----+---------+
    |  Latency  |  Interval | Pipeline|
    | min | max | min | max |   Type  |
    +-----+-----+-----+-----+---------+
    |  161|  161|  161|  161|   none  |
    +-----+-----+-----+-----+---------+

    + Detail: 
        * Instance: 
        N/A

        * Loop: 
        +--------------+-----+-----+----------+-----------+-----------+------+----------+
        |              |  Latency  | Iteration|  Initiation Interval  | Trip |          |
        |   Loop Name  | min | max |  Latency |  achieved |   target  | Count| Pipelined|
        +--------------+-----+-----+----------+-----------+-----------+------+----------+
        |- winfn_loop  |  160|  160|         5|          -|          -|    32|    no    |
        +--------------+-----+-----+----------+-----------+-----------+------+----------+



================================================================
== Utilization Estimates
================================================================
* Summary: 
+---------------------+---------+-------+---------+---------+-----+
|         Name        | BRAM_18K| DSP48E|    FF   |   LUT   | URAM|
+---------------------+---------+-------+---------+---------+-----+
|DSP                  |        -|      -|        -|        -|    -|
|Expression           |        -|      -|        0|       26|    -|
|FIFO                 |        -|      -|        -|        -|    -|
|Instance             |        -|      3|      143|       78|    -|
|Memory               |        1|      -|        0|        0|    -|
|Multiplexer          |        -|      -|        -|       47|    -|
|Register             |        -|      -|       24|        -|    -|
+---------------------+---------+-------+---------+---------+-----+
|Total                |        1|      3|      167|      151|    0|
+---------------------+---------+-------+---------+---------+-----+
|Available SLR        |     1440|   2280|   788160|   394080|  320|
+---------------------+---------+-------+---------+---------+-----+
|Utilization SLR (%)  |    ~0   |   ~0  |    ~0   |    ~0   |    0|
+---------------------+---------+-------+---------+---------+-----+
|Available            |     4320|   6840|  2364480|  1182240|  960|
+---------------------+---------+-------+---------+---------+-----+
|Utilization (%)      |    ~0   |   ~0  |    ~0   |    ~0   |    0|
+---------------------+---------+-------+---------+---------+-----+

+ Detail: 
    * Instance: 
    +-------------------------+----------------------+---------+-------+-----+----+-----+
    |         Instance        |        Module        | BRAM_18K| DSP48E|  FF | LUT| URAM|
    +-------------------------+----------------------+---------+-------+-----+----+-----+
    |window_fn_top_fmucud_U1  |window_fn_top_fmucud  |        0|      3|  143|  78|    0|
    +-------------------------+----------------------+---------+-------+-----+----+-----+
    |Total                    |                      |        0|      3|  143|  78|    0|
    +-------------------------+----------------------+---------+-------+-----+----+-----+

    * DSP48E: 
    N/A

    * Memory: 
    +--------------+----------------------+---------+---+----+-----+------+-----+------+-------------+
    |    Memory    |        Module        | BRAM_18K| FF| LUT| URAM| Words| Bits| Banks| W*Bits*Banks|
    +--------------+----------------------+---------+---+----+-----+------+-----+------+-------------+
    |coeff_tab1_U  |window_fn_top_coebkb  |        1|  0|   0|    0|    32|   32|     1|         1024|
    +--------------+----------------------+---------+---+----+-----+------+-----+------+-------------+
    |Total         |                      |        1|  0|   0|    0|    32|   32|     1|         1024|
    +--------------+----------------------+---------+---+----+-----+------+-----+------+-------------+

    * FIFO: 
    N/A

    * Expression: 
    +---------------------+----------+-------+---+----+------------+------------+
    |    Variable Name    | Operation| DSP48E| FF| LUT| Bitwidth P0| Bitwidth P1|
    +---------------------+----------+-------+---+----+------------+------------+
    |i_fu_91_p2           |     +    |      0|  0|  15|           6|           1|
    |icmp_ln129_fu_85_p2  |   icmp   |      0|  0|  11|           6|           7|
    +---------------------+----------+-------+---+----+------------+------------+
    |Total                |          |      0|  0|  26|          12|           8|
    +---------------------+----------+-------+---+----+------------+------------+

    * Multiplexer: 
    +--------------+----+-----------+-----+-----------+
    |     Name     | LUT| Input Size| Bits| Total Bits|
    +--------------+----+-----------+-----+-----------+
    |ap_NS_fsm     |  38|          7|    1|          7|
    |i_0_i_reg_67  |   9|          2|    6|         12|
    +--------------+----+-----------+-----+-----------+
    |Total         |  47|          9|    7|         19|
    +--------------+----+-----------+-----+-----------+

    * Register: 
    +--------------------+---+----+-----+-----------+
    |        Name        | FF| LUT| Bits| Const Bits|
    +--------------------+---+----+-----+-----------+
    |ap_CS_fsm           |  6|   0|    6|          0|
    |i_0_i_reg_67        |  6|   0|    6|          0|
    |i_reg_106           |  6|   0|    6|          0|
    |zext_ln131_reg_111  |  6|   0|   64|         58|
    +--------------------+---+----+-----+-----------+
    |Total               | 24|   0|   82|         58|
    +--------------------+---+----+-----+-----------+



================================================================
== Interface
================================================================
* Summary: 
+------------------+-----+-----+------------+---------------+--------------+
|     RTL Ports    | Dir | Bits|  Protocol  | Source Object |    C Type    |
+------------------+-----+-----+------------+---------------+--------------+
|ap_clk            |  in |    1| ap_ctrl_hs | window_fn_top | return value |
|ap_rst            |  in |    1| ap_ctrl_hs | window_fn_top | return value |
|ap_start          |  in |    1| ap_ctrl_hs | window_fn_top | return value |
|ap_done           | out |    1| ap_ctrl_hs | window_fn_top | return value |
|ap_idle           | out |    1| ap_ctrl_hs | window_fn_top | return value |
|ap_ready          | out |    1| ap_ctrl_hs | window_fn_top | return value |
|outdata_address0  | out |    5|  ap_memory |    outdata    |     array    |
|outdata_ce0       | out |    1|  ap_memory |    outdata    |     array    |
|outdata_we0       | out |    1|  ap_memory |    outdata    |     array    |
|outdata_d0        | out |   32|  ap_memory |    outdata    |     array    |
|indata_address0   | out |    5|  ap_memory |     indata    |     array    |
|indata_ce0        | out |    1|  ap_memory |     indata    |     array    |
|indata_q0         |  in |   32|  ap_memory |     indata    |     array    |
+------------------+-----+-----+------------+---------------+--------------+

