Vivado Simulator 2019.2
Copyright 1986-1999, 2001-2019 Xilinx, Inc. All Rights Reserved.
Running: C:/Xilinx/Vivado/2019.2/bin/unwrapped/win64.o/xelab.exe -wto 6fe55614c2f44a2e989f78e7e8dc80aa --incr --debug typical --relax --mt 2 -L xil_defaultlib -L xilinx_vip -L unisims_ver -L secureip --snapshot design_1_wrapper_func_impl xil_defaultlib.design_1_wrapper xil_defaultlib.glbl -log elaborate.log 
Using 2 slave threads.
Starting static elaboration
Pass Through NonSizing Optimizer
Completed static elaboration
Starting simulation data flow analysis
Completed simulation data flow analysis
Time Resolution for simulation is 1ps
Compiling module unisims_ver.PULLUP
Compiling module unisims_ver.LUT6
Compiling module unisims_ver.FDSE_default
Compiling module unisims_ver.FDRE_default
Compiling module unisims_ver.LUT4
Compiling module unisims_ver.x_lut1_mux2
Compiling module unisims_ver.LUT1
Compiling module unisims_ver.LUT5
Compiling module unisims_ver.x_lut3_mux8
Compiling module unisims_ver.LUT3
Compiling module unisims_ver.x_lut2_mux4
Compiling module unisims_ver.LUT2
Compiling module xil_defaultlib.design_1_multip_2num_0_0_multip_...
Compiling module unisims_ver.DSP48E1(ACASCREG=2,ALUMODEREG=0,...
Compiling module unisims_ver.DSP48E1(ACASCREG=2,ALUMODEREG=0,...
Compiling module xil_defaultlib.design_1_multip_2num_0_0_multip_...
Compiling module xil_defaultlib.design_1_multip_2num_0_0_multip_...
Compiling module xil_defaultlib.design_1_multip_2num_0_0_multip_...
Compiling module xil_defaultlib.design_1_multip_2num_0_0
Compiling module unisims_ver.BIBUF
Compiling module unisims_ver.PS7
Compiling module unisims_ver.BUFG
Compiling module xil_defaultlib.design_1_processing_system7_0_0_...
Compiling module xil_defaultlib.design_1_processing_system7_0_0
Compiling module xil_defaultlib.design_1_auto_pc_0_axi_protocol_...
Compiling module unisims_ver.CARRY4
Compiling module xil_defaultlib.design_1_auto_pc_0_axi_protocol_...
Compiling module xil_defaultlib.design_1_auto_pc_0_axi_protocol_...
Compiling module xil_defaultlib.design_1_auto_pc_0_axi_protocol_...
Compiling module xil_defaultlib.design_1_auto_pc_0_axi_protocol_...
Compiling module unisims_ver.SRLC32E_default
Compiling module xil_defaultlib.design_1_auto_pc_0_axi_protocol_...
Compiling module xil_defaultlib.design_1_auto_pc_0_axi_protocol_...
Compiling module xil_defaultlib.design_1_auto_pc_0_axi_protocol_...
Compiling module unisims_ver.FDRE(INIT=1'b1)
Compiling module xil_defaultlib.design_1_auto_pc_0_axi_register_...
Compiling module xil_defaultlib.design_1_auto_pc_0_axi_register_...
Compiling module xil_defaultlib.design_1_auto_pc_0_axi_register_...
Compiling module unisims_ver.GND
Compiling module xil_defaultlib.design_1_auto_pc_0_axi_register_...
Compiling module xil_defaultlib.design_1_auto_pc_0_axi_register_...
Compiling module xil_defaultlib.design_1_auto_pc_0_axi_protocol_...
Compiling module xil_defaultlib.design_1_auto_pc_0_axi_protocol_...
Compiling module xil_defaultlib.design_1_auto_pc_0_axi_protocol_...
Compiling module xil_defaultlib.design_1_auto_pc_0_axi_protocol_...
Compiling module xil_defaultlib.design_1_auto_pc_0_axi_protocol_...
Compiling module unisims_ver.SRL16E_default
Compiling module xil_defaultlib.design_1_auto_pc_0_axi_protocol_...
Compiling module xil_defaultlib.design_1_auto_pc_0_axi_protocol_...
Compiling module xil_defaultlib.design_1_auto_pc_0_axi_protocol_...
Compiling module xil_defaultlib.design_1_auto_pc_0_axi_protocol_...
Compiling module xil_defaultlib.design_1_auto_pc_0_axi_protocol_...
Compiling module xil_defaultlib.design_1_auto_pc_0
Compiling module xil_defaultlib.s00_couplers_imp_UYSKKA
Compiling module xil_defaultlib.design_1_ps7_0_axi_periph_0
Compiling module xil_defaultlib.design_1_rst_ps7_0_200M_0_cdc_sy...
Compiling module xil_defaultlib.design_1_rst_ps7_0_200M_0_cdc_sy...
Compiling module xil_defaultlib.design_1_rst_ps7_0_200M_0_lpf
Compiling module xil_defaultlib.design_1_rst_ps7_0_200M_0_upcnt_...
Compiling module unisims_ver.FDSE(INIT=1'b0)
Compiling module xil_defaultlib.design_1_rst_ps7_0_200M_0_sequen...
Compiling module xil_defaultlib.design_1_rst_ps7_0_200M_0_proc_s...
Compiling module xil_defaultlib.design_1_rst_ps7_0_200M_0
Compiling module xil_defaultlib.design_1
Compiling module xil_defaultlib.design_1_wrapper
Compiling module xil_defaultlib.glbl
Built simulation snapshot design_1_wrapper_func_impl
