==============================================================
Vivado(TM) HLS - High-Level Synthesis from C, C++ and SystemC v2019.1.3 (64-bit)
Copyright 1986-2019 Xilinx, Inc. All Rights Reserved.
==============================================================
INFO: [HLS 200-10] Setting target device to 'xcvu9p-flgb2104-1-e'
INFO: [SYN 201-201] Setting up clock 'default' with a period of 10ns.
INFO: [SIM 211-2] *************** CSIM start ***************
INFO: [SIM 211-4] CSIM will launch GCC as the compiler.
INFO: [SIM 211-1] CSim done with 0 errors.
INFO: [SIM 211-3] *************** CSIM finish ***************
INFO: [SCHED 204-61] Option 'relax_ii_for_timing' is enabled, will increase II to preserve clock frequency constraints.
INFO: [HLS 200-10] Analyzing design file 'fir.c' ... 
INFO: [HLS 200-111] Finished Linking Time (s): cpu = 00:00:06 ; elapsed = 00:00:51 . Memory (MB): peak = 166.434 ; gain = 72.543
INFO: [HLS 200-111] Finished Checking Pragmas Time (s): cpu = 00:00:06 ; elapsed = 00:00:51 . Memory (MB): peak = 166.434 ; gain = 72.543
INFO: [HLS 200-10] Starting code transformations ...
INFO: [HLS 200-111] Finished Standard Transforms Time (s): cpu = 00:00:06 ; elapsed = 00:00:52 . Memory (MB): peak = 166.434 ; gain = 72.543
INFO: [HLS 200-10] Checking synthesizability ...
INFO: [HLS 200-111] Finished Checking Synthesizability Time (s): cpu = 00:00:06 ; elapsed = 00:00:52 . Memory (MB): peak = 166.434 ; gain = 72.543
INFO: [HLS 200-111] Finished Pre-synthesis Time (s): cpu = 00:00:07 ; elapsed = 00:00:52 . Memory (MB): peak = 166.434 ; gain = 72.543
INFO: [HLS 200-111] Finished Architecture Synthesis Time (s): cpu = 00:00:07 ; elapsed = 00:00:52 . Memory (MB): peak = 166.434 ; gain = 72.543
INFO: [HLS 200-10] Starting hardware synthesis ...
INFO: [HLS 200-10] Synthesizing 'fir' ...
INFO: [HLS 200-10] ----------------------------------------------------------------
INFO: [HLS 200-42] -- Implementing module 'fir' 
INFO: [HLS 200-10] ----------------------------------------------------------------
INFO: [SCHED 204-11] Starting scheduling ...
INFO: [SCHED 204-11] Finished scheduling.
INFO: [HLS 200-111]  Elapsed time: 52.624 seconds; current allocated memory: 101.244 MB.
INFO: [HLS 200-434] Only 0 loops out of a total 1 loops have been pipelined in this design.
INFO: [BIND 205-100] Starting micro-architecture generation ...
INFO: [BIND 205-101] Performing variable lifetime analysis.
INFO: [BIND 205-101] Exploring resource sharing.
INFO: [BIND 205-101] Binding ...
INFO: [BIND 205-100] Finished micro-architecture generation.
INFO: [HLS 200-111]  Elapsed time: 0.087 seconds; current allocated memory: 101.509 MB.
INFO: [HLS 200-10] ----------------------------------------------------------------
INFO: [HLS 200-10] -- Generating RTL for module 'fir' 
INFO: [HLS 200-10] ----------------------------------------------------------------
INFO: [RTGEN 206-500] Setting interface mode on port 'fir/y' to 'ap_vld'.
INFO: [RTGEN 206-500] Setting interface mode on port 'fir/c' to 'ap_memory'.
INFO: [RTGEN 206-500] Setting interface mode on port 'fir/x' to 'ap_none'.
INFO: [RTGEN 206-500] Setting interface mode on function 'fir' to 'ap_ctrl_hs'.
INFO: [RTGEN 206-100] Finished creating RTL model for 'fir'.
INFO: [HLS 200-111]  Elapsed time: 0.115 seconds; current allocated memory: 101.775 MB.
INFO: [RTMG 210-278] Implementing memory 'fir_shift_reg_ram (RAM)' using distributed RAMs with power-on initialization.
INFO: [HLS 200-111] Finished generating all RTL models Time (s): cpu = 00:00:08 ; elapsed = 00:00:54 . Memory (MB): peak = 179.152 ; gain = 85.262
INFO: [VHDL 208-304] Generating VHDL RTL for fir.
INFO: [VLOG 209-307] Generating Verilog RTL for fir.
INFO: [COSIM 212-47] Using XSIM for RTL simulation.
INFO: [COSIM 212-14] Instrumenting C test bench ...
INFO: [COSIM 212-302] Starting C TB testing ... 
INFO: [COSIM 212-333] Generating C post check test bench ...
INFO: [COSIM 212-12] Generating RTL test bench ...
INFO: [COSIM 212-1] *** C/RTL co-simulation file generation completed. ***
INFO: [COSIM 212-323] Starting verilog simulation. 
INFO: [COSIM 212-15] Starting XSIM ...
ERROR: [COSIM 212-303] Aborting co-simulation: RTL simulation failed.  
ERROR: [COSIM 212-344] Rtl simulation failed.
ERROR: [COSIM 212-4] *** C/RTL co-simulation finished: FAIL ***
INFO: [HLS 200-112] Total elapsed time: 102.767 seconds; peak allocated memory: 101.775 MB.
INFO: [Common 17-206] Exiting vivado_hls at Wed Oct  2 06:46:11 2019...
==============================================================
Vivado(TM) HLS - High-Level Synthesis from C, C++ and SystemC v2019.1.3 (64-bit)
Copyright 1986-2019 Xilinx, Inc. All Rights Reserved.
==============================================================
INFO: [SYN 201-201] Setting up clock 'default' with a period of 10ns.
INFO: [HLS 200-10] Setting target device to 'xcvu9p-flgb2104-1-e'
INFO: [SCHED 204-61] Option 'relax_ii_for_timing' is enabled, will increase II to preserve clock frequency constraints.
INFO: [HLS 200-10] Analyzing design file 'fir.c' ... 
INFO: [HLS 200-111] Finished Linking Time (s): cpu = 00:00:07 ; elapsed = 00:00:21 . Memory (MB): peak = 187.535 ; gain = 93.773
INFO: [HLS 200-111] Finished Checking Pragmas Time (s): cpu = 00:00:07 ; elapsed = 00:00:21 . Memory (MB): peak = 187.535 ; gain = 93.773
INFO: [HLS 200-10] Starting code transformations ...
INFO: [HLS 200-111] Finished Standard Transforms Time (s): cpu = 00:00:07 ; elapsed = 00:00:22 . Memory (MB): peak = 187.535 ; gain = 93.773
INFO: [HLS 200-10] Checking synthesizability ...
INFO: [HLS 200-111] Finished Checking Synthesizability Time (s): cpu = 00:00:07 ; elapsed = 00:00:22 . Memory (MB): peak = 187.535 ; gain = 93.773
INFO: [HLS 200-111] Finished Pre-synthesis Time (s): cpu = 00:00:07 ; elapsed = 00:00:22 . Memory (MB): peak = 187.535 ; gain = 93.773
INFO: [HLS 200-111] Finished Architecture Synthesis Time (s): cpu = 00:00:07 ; elapsed = 00:00:22 . Memory (MB): peak = 187.535 ; gain = 93.773
INFO: [HLS 200-10] Starting hardware synthesis ...
INFO: [HLS 200-10] Synthesizing 'fir' ...
INFO: [HLS 200-10] ----------------------------------------------------------------
INFO: [HLS 200-42] -- Implementing module 'fir' 
INFO: [HLS 200-10] ----------------------------------------------------------------
INFO: [SCHED 204-11] Starting scheduling ...
INFO: [SCHED 204-11] Finished scheduling.
INFO: [HLS 200-111]  Elapsed time: 22.596 seconds; current allocated memory: 101.103 MB.
INFO: [HLS 200-434] Only 0 loops out of a total 1 loops have been pipelined in this design.
INFO: [BIND 205-100] Starting micro-architecture generation ...
INFO: [BIND 205-101] Performing variable lifetime analysis.
INFO: [BIND 205-101] Exploring resource sharing.
INFO: [BIND 205-101] Binding ...
INFO: [BIND 205-100] Finished micro-architecture generation.
INFO: [HLS 200-111]  Elapsed time: 0.089 seconds; current allocated memory: 101.398 MB.
INFO: [HLS 200-10] ----------------------------------------------------------------
INFO: [HLS 200-10] -- Generating RTL for module 'fir' 
INFO: [HLS 200-10] ----------------------------------------------------------------
INFO: [RTGEN 206-500] Setting interface mode on port 'fir/y' to 'ap_vld'.
INFO: [RTGEN 206-500] Setting interface mode on port 'fir/c' to 'ap_memory'.
INFO: [RTGEN 206-500] Setting interface mode on port 'fir/x' to 'ap_vld'.
INFO: [RTGEN 206-500] Setting interface mode on function 'fir' to 'ap_ctrl_hs'.
INFO: [RTGEN 206-100] Finished creating RTL model for 'fir'.
INFO: [HLS 200-111]  Elapsed time: 0.109 seconds; current allocated memory: 101.669 MB.
INFO: [RTMG 210-278] Implementing memory 'fir_shift_reg_ram (RAM)' using distributed RAMs with power-on initialization.
INFO: [HLS 200-111] Finished generating all RTL models Time (s): cpu = 00:00:08 ; elapsed = 00:00:24 . Memory (MB): peak = 187.535 ; gain = 93.773
INFO: [VHDL 208-304] Generating VHDL RTL for fir.
INFO: [VLOG 209-307] Generating Verilog RTL for fir.
INFO: [HLS 200-112] Total elapsed time: 24.192 seconds; peak allocated memory: 101.669 MB.
==============================================================
Vivado(TM) HLS - High-Level Synthesis from C, C++ and SystemC v2019.1.3 (64-bit)
Copyright 1986-2019 Xilinx, Inc. All Rights Reserved.
==============================================================
INFO: [HLS 200-10] Setting target device to 'xcvu9p-flgb2104-1-e'
INFO: [SYN 201-201] Setting up clock 'default' with a period of 10ns.
INFO: [SIM 211-2] *************** CSIM start ***************
INFO: [SIM 211-4] CSIM will launch GCC as the compiler.
INFO: [SIM 211-1] CSim done with 0 errors.
INFO: [SIM 211-3] *************** CSIM finish ***************
INFO: [SCHED 204-61] Option 'relax_ii_for_timing' is enabled, will increase II to preserve clock frequency constraints.
INFO: [HLS 200-10] Analyzing design file 'fir.c' ... 
INFO: [HLS 200-111] Finished Linking Time (s): cpu = 00:00:10 ; elapsed = 00:01:34 . Memory (MB): peak = 166.676 ; gain = 72.918
INFO: [HLS 200-111] Finished Checking Pragmas Time (s): cpu = 00:00:10 ; elapsed = 00:01:34 . Memory (MB): peak = 166.676 ; gain = 72.918
INFO: [HLS 200-10] Starting code transformations ...
INFO: [HLS 200-111] Finished Standard Transforms Time (s): cpu = 00:00:10 ; elapsed = 00:01:35 . Memory (MB): peak = 166.676 ; gain = 72.918
INFO: [HLS 200-10] Checking synthesizability ...
INFO: [HLS 200-111] Finished Checking Synthesizability Time (s): cpu = 00:00:10 ; elapsed = 00:01:35 . Memory (MB): peak = 166.676 ; gain = 72.918
INFO: [HLS 200-111] Finished Pre-synthesis Time (s): cpu = 00:00:10 ; elapsed = 00:01:35 . Memory (MB): peak = 166.676 ; gain = 72.918
INFO: [HLS 200-111] Finished Architecture Synthesis Time (s): cpu = 00:00:10 ; elapsed = 00:01:36 . Memory (MB): peak = 166.676 ; gain = 72.918
INFO: [HLS 200-10] Starting hardware synthesis ...
INFO: [HLS 200-10] Synthesizing 'fir' ...
INFO: [HLS 200-10] ----------------------------------------------------------------
INFO: [HLS 200-42] -- Implementing module 'fir' 
INFO: [HLS 200-10] ----------------------------------------------------------------
INFO: [SCHED 204-11] Starting scheduling ...
INFO: [SCHED 204-11] Finished scheduling.
INFO: [HLS 200-111]  Elapsed time: 95.779 seconds; current allocated memory: 101.536 MB.
INFO: [HLS 200-434] Only 0 loops out of a total 1 loops have been pipelined in this design.
INFO: [BIND 205-100] Starting micro-architecture generation ...
INFO: [BIND 205-101] Performing variable lifetime analysis.
INFO: [BIND 205-101] Exploring resource sharing.
INFO: [BIND 205-101] Binding ...
INFO: [BIND 205-100] Finished micro-architecture generation.
INFO: [HLS 200-111]  Elapsed time: 0.151 seconds; current allocated memory: 101.831 MB.
INFO: [HLS 200-10] ----------------------------------------------------------------
INFO: [HLS 200-10] -- Generating RTL for module 'fir' 
INFO: [HLS 200-10] ----------------------------------------------------------------
INFO: [RTGEN 206-500] Setting interface mode on port 'fir/y' to 'ap_vld'.
INFO: [RTGEN 206-500] Setting interface mode on port 'fir/c' to 'ap_memory'.
INFO: [RTGEN 206-500] Setting interface mode on port 'fir/x' to 'ap_vld'.
INFO: [RTGEN 206-500] Setting interface mode on function 'fir' to 'ap_ctrl_hs'.
INFO: [RTGEN 206-100] Finished creating RTL model for 'fir'.
INFO: [HLS 200-111]  Elapsed time: 0.186 seconds; current allocated memory: 102.070 MB.
INFO: [RTMG 210-278] Implementing memory 'fir_shift_reg_ram (RAM)' using distributed RAMs with power-on initialization.
INFO: [HLS 200-111] Finished generating all RTL models Time (s): cpu = 00:00:12 ; elapsed = 00:01:39 . Memory (MB): peak = 177.961 ; gain = 84.203
INFO: [VHDL 208-304] Generating VHDL RTL for fir.
INFO: [VLOG 209-307] Generating Verilog RTL for fir.
INFO: [COSIM 212-47] Using XSIM for RTL simulation.
INFO: [COSIM 212-14] Instrumenting C test bench ...
INFO: [COSIM 212-302] Starting C TB testing ... 
INFO: [COSIM 212-333] Generating C post check test bench ...
INFO: [COSIM 212-12] Generating RTL test bench ...
INFO: [COSIM 212-1] *** C/RTL co-simulation file generation completed. ***
INFO: [COSIM 212-323] Starting verilog simulation. 
INFO: [COSIM 212-15] Starting XSIM ...
ERROR: [COSIM 212-303] Aborting co-simulation: RTL simulation failed.  
ERROR: [COSIM 212-344] Rtl simulation failed.
ERROR: [COSIM 212-4] *** C/RTL co-simulation finished: FAIL ***
INFO: [HLS 200-112] Total elapsed time: 179.536 seconds; peak allocated memory: 102.070 MB.
INFO: [Common 17-206] Exiting vivado_hls at Fri Oct  4 11:52:49 2019...
==============================================================
Vivado(TM) HLS - High-Level Synthesis from C, C++ and SystemC v2019.1.3 (64-bit)
Copyright 1986-2019 Xilinx, Inc. All Rights Reserved.
==============================================================
INFO: [HLS 200-10] Setting target device to 'xcvu9p-flgb2104-1-e'
INFO: [SYN 201-201] Setting up clock 'default' with a period of 10ns.
INFO: [SIM 211-2] *************** CSIM start ***************
INFO: [SIM 211-4] CSIM will launch GCC as the compiler.
INFO: [SIM 211-1] CSim done with 0 errors.
INFO: [SIM 211-3] *************** CSIM finish ***************
INFO: [SCHED 204-61] Option 'relax_ii_for_timing' is enabled, will increase II to preserve clock frequency constraints.
INFO: [HLS 200-10] Analyzing design file 'fir.c' ... 
INFO: [HLS 200-111] Finished Linking Time (s): cpu = 00:00:06 ; elapsed = 00:00:53 . Memory (MB): peak = 166.496 ; gain = 72.617
INFO: [HLS 200-111] Finished Checking Pragmas Time (s): cpu = 00:00:06 ; elapsed = 00:00:53 . Memory (MB): peak = 166.496 ; gain = 72.617
INFO: [HLS 200-10] Starting code transformations ...
INFO: [HLS 200-111] Finished Standard Transforms Time (s): cpu = 00:00:06 ; elapsed = 00:00:54 . Memory (MB): peak = 166.496 ; gain = 72.617
INFO: [HLS 200-10] Checking synthesizability ...
INFO: [HLS 200-111] Finished Checking Synthesizability Time (s): cpu = 00:00:06 ; elapsed = 00:00:54 . Memory (MB): peak = 166.496 ; gain = 72.617
INFO: [HLS 200-111] Finished Pre-synthesis Time (s): cpu = 00:00:07 ; elapsed = 00:00:54 . Memory (MB): peak = 166.496 ; gain = 72.617
INFO: [HLS 200-111] Finished Architecture Synthesis Time (s): cpu = 00:00:07 ; elapsed = 00:00:54 . Memory (MB): peak = 166.496 ; gain = 72.617
INFO: [HLS 200-10] Starting hardware synthesis ...
INFO: [HLS 200-10] Synthesizing 'fir' ...
INFO: [HLS 200-10] ----------------------------------------------------------------
INFO: [HLS 200-42] -- Implementing module 'fir' 
INFO: [HLS 200-10] ----------------------------------------------------------------
INFO: [SCHED 204-11] Starting scheduling ...
INFO: [SCHED 204-11] Finished scheduling.
INFO: [HLS 200-111]  Elapsed time: 54.435 seconds; current allocated memory: 101.557 MB.
INFO: [HLS 200-434] Only 0 loops out of a total 1 loops have been pipelined in this design.
INFO: [BIND 205-100] Starting micro-architecture generation ...
INFO: [BIND 205-101] Performing variable lifetime analysis.
INFO: [BIND 205-101] Exploring resource sharing.
INFO: [BIND 205-101] Binding ...
INFO: [BIND 205-100] Finished micro-architecture generation.
INFO: [HLS 200-111]  Elapsed time: 0.073 seconds; current allocated memory: 101.836 MB.
INFO: [HLS 200-10] ----------------------------------------------------------------
INFO: [HLS 200-10] -- Generating RTL for module 'fir' 
INFO: [HLS 200-10] ----------------------------------------------------------------
INFO: [RTGEN 206-500] Setting interface mode on port 'fir/y' to 'ap_vld'.
INFO: [RTGEN 206-500] Setting interface mode on port 'fir/c' to 'ap_memory'.
INFO: [RTGEN 206-500] Setting interface mode on port 'fir/x' to 'ap_vld'.
INFO: [RTGEN 206-500] Setting interface mode on function 'fir' to 'ap_ctrl_hs'.
INFO: [RTGEN 206-100] Finished creating RTL model for 'fir'.
INFO: [HLS 200-111]  Elapsed time: 0.091 seconds; current allocated memory: 102.107 MB.
INFO: [RTMG 210-278] Implementing memory 'fir_shift_reg_ram (RAM)' using distributed RAMs with power-on initialization.
INFO: [HLS 200-111] Finished generating all RTL models Time (s): cpu = 00:00:07 ; elapsed = 00:00:56 . Memory (MB): peak = 179.133 ; gain = 85.254
INFO: [VHDL 208-304] Generating VHDL RTL for fir.
INFO: [VLOG 209-307] Generating Verilog RTL for fir.
INFO: [COSIM 212-47] Using XSIM for RTL simulation.
INFO: [COSIM 212-14] Instrumenting C test bench ...
INFO: [COSIM 212-302] Starting C TB testing ... 
INFO: [COSIM 212-333] Generating C post check test bench ...
INFO: [COSIM 212-12] Generating RTL test bench ...
INFO: [COSIM 212-1] *** C/RTL co-simulation file generation completed. ***
INFO: [COSIM 212-323] Starting verilog simulation. 
INFO: [COSIM 212-15] Starting XSIM ...
INFO: [COSIM 212-316] Starting C post checking ...
INFO: [COSIM 212-1000] *** C/RTL co-simulation finished: PASS ***
INFO: [IMPL 213-8] Exporting RTL as a Vivado IP.
INFO: [HLS 200-112] Total elapsed time: 139.672 seconds; peak allocated memory: 102.288 MB.
INFO: [Common 17-206] Exiting vivado_hls at Fri Oct  4 16:32:05 2019...
