                             latency        interval
transaction       0:               1               2
transaction       1:               1               2
transaction       2:               1               2
transaction       3:               1               2
transaction       4:               1               2
transaction       5:               1               2
transaction       6:               1               2
transaction       7:               1               2
transaction       8:               1               2
transaction       9:               1               2
transaction      10:               1               2
transaction      11:               1               2
transaction      12:               1               2
transaction      13:               1               2
transaction      14:               1               2
transaction      15:               1               2
transaction      16:               1               2
transaction      17:               1               2
transaction      18:               1               2
transaction      19:               1               2
transaction      20:               1               2
transaction      21:               1               2
transaction      22:               1               2
transaction      23:               1               2
transaction      24:               1               2
transaction      25:               1               2
transaction      26:               1               2
transaction      27:               1               2
transaction      28:               1               2
transaction      29:               1               2
transaction      30:               1               2
transaction      31:               1               2
transaction      32:               1               2
transaction      33:               1               2
transaction      34:               1               2
transaction      35:               1               2
transaction      36:               1               2
transaction      37:               1               2
transaction      38:               1               2
transaction      39:               1               2
transaction      40:               1               2
transaction      41:               1               2
transaction      42:               1               2
transaction      43:               1               2
transaction      44:               1               2
transaction      45:               1               2
transaction      46:               1               2
transaction      47:               1               2
transaction      48:               1               2
transaction      49:               1               2
transaction      50:               1               2
transaction      51:               1               2
transaction      52:               1               2
transaction      53:               1               2
transaction      54:               1               2
transaction      55:               1               2
transaction      56:               1               2
transaction      57:               1               2
transaction      58:               1               2
transaction      59:               1               2
transaction      60:               1               2
transaction      61:               1               2
transaction      62:               1               2
transaction      63:               1               2
transaction      64:               1               2
transaction      65:               1               2
transaction      66:               1               2
transaction      67:               1               2
transaction      68:               1               2
transaction      69:               1               2
transaction      70:               1               2
transaction      71:               1               2
transaction      72:               1               2
transaction      73:               1               2
transaction      74:               1               2
transaction      75:               1               2
transaction      76:               1               2
transaction      77:               1               2
transaction      78:               1               2
transaction      79:               1               2
transaction      80:               1               2
transaction      81:               1               2
transaction      82:               1               2
transaction      83:               1               2
transaction      84:               1               2
transaction      85:               1               2
transaction      86:               1               2
transaction      87:               1               2
transaction      88:               1               2
transaction      89:               1               2
transaction      90:               1               2
transaction      91:               1               2
transaction      92:               1               2
transaction      93:               1               2
transaction      94:               1               2
transaction      95:               1               2
transaction      96:               1               2
transaction      97:               1               2
transaction      98:               1               2
transaction      99:               1               2
transaction     100:               1               2
transaction     101:               1               2
transaction     102:               1               2
transaction     103:               2               3
transaction     104:               2               3
transaction     105:               2               3
transaction     106:               2               3
transaction     107:               2               3
transaction     108:               2               3
transaction     109:               2               3
transaction     110:               2               3
transaction     111:               2               3
transaction     112:               2               3
transaction     113:               2               3
transaction     114:               2               3
transaction     115:               2               3
transaction     116:               2               3
transaction     117:               2               3
transaction     118:               2               3
transaction     119:               2               3
transaction     120:               2               3
transaction     121:               2               3
transaction     122:               2               3
transaction     123:               2               3
transaction     124:               2               3
transaction     125:               2               3
transaction     126:               2               3
transaction     127:               2               3
transaction     128:               2               3
transaction     129:               2               3
transaction     130:               2               3
transaction     131:               2               3
transaction     132:               2               3
transaction     133:               2               3
transaction     134:               2               3
transaction     135:               2               3
transaction     136:               2               3
transaction     137:               2               3
transaction     138:               2               3
transaction     139:               2               3
transaction     140:               2               3
transaction     141:               2               3
transaction     142:               2               3
transaction     143:               2               3
transaction     144:               2               3
transaction     145:               2               3
transaction     146:               2               3
transaction     147:               2               3
transaction     148:               2               3
transaction     149:               2               3
transaction     150:               2               3
transaction     151:               2               3
transaction     152:               2               3
transaction     153:               2               3
transaction     154:               2               3
transaction     155:               2               3
transaction     156:               2               3
transaction     157:               2               3
transaction     158:               2               3
transaction     159:               2               3
transaction     160:               2               3
transaction     161:               2               3
transaction     162:               2               3
transaction     163:               2               3
transaction     164:               2               3
transaction     165:               2               3
transaction     166:               2               3
transaction     167:               2               3
transaction     168:               2               3
transaction     169:               2               3
transaction     170:               2               3
transaction     171:               2               3
transaction     172:               2               3
transaction     173:               2               3
transaction     174:               2               3
transaction     175:               2               3
transaction     176:               2               3
transaction     177:               2               3
transaction     178:               2               3
transaction     179:               2               3
transaction     180:               2               3
transaction     181:               2               3
transaction     182:               2               3
transaction     183:               2               3
transaction     184:               2               3
transaction     185:               2               3
transaction     186:               2               3
transaction     187:               2               3
transaction     188:               2               3
transaction     189:               2               3
transaction     190:               2               3
transaction     191:               2               3
transaction     192:               2               3
transaction     193:               2               3
transaction     194:               2               3
transaction     195:               2               3
transaction     196:               2               3
transaction     197:               2               3
transaction     198:               2               3
transaction     199:               2               3
transaction     200:               2               3
transaction     201:               2               3
transaction     202:               2               3
transaction     203:               2               3
transaction     204:               2               3
transaction     205:               2               3
transaction     206:               1               2
transaction     207:               1               2
transaction     208:               1               2
transaction     209:               1               2
transaction     210:               1               2
transaction     211:               1               2
transaction     212:               1               2
transaction     213:               1               2
transaction     214:               1               2
transaction     215:               1               2
transaction     216:               1               2
transaction     217:               1               2
transaction     218:               1               2
transaction     219:               1               2
transaction     220:               1               2
transaction     221:               1               2
transaction     222:               1               2
transaction     223:               1               2
transaction     224:               1               2
transaction     225:               1               2
transaction     226:               1               2
transaction     227:               1               2
transaction     228:               1               2
transaction     229:               1               2
transaction     230:               1               2
transaction     231:               1               2
transaction     232:               1               2
transaction     233:               1               2
transaction     234:               1               2
transaction     235:               1               2
transaction     236:               1               2
transaction     237:               1               2
transaction     238:               1               2
transaction     239:               1               2
transaction     240:               1               2
transaction     241:               1               2
transaction     242:               1               2
transaction     243:               1               2
transaction     244:               1               2
transaction     245:               1               2
transaction     246:               1               2
transaction     247:               1               2
transaction     248:               1               2
transaction     249:               1               2
transaction     250:               1               2
transaction     251:               1               2
transaction     252:               1               2
transaction     253:               1               2
transaction     254:               1               2
transaction     255:               1               2
transaction     256:               1               2
transaction     257:               1               2
transaction     258:               1               2
transaction     259:               1               2
transaction     260:               1               2
transaction     261:               1               2
transaction     262:               1               2
transaction     263:               1               2
transaction     264:               1               2
transaction     265:               1               2
transaction     266:               1               2
transaction     267:               1               2
transaction     268:               1               2
transaction     269:               1               2
transaction     270:               1               2
transaction     271:               1               2
transaction     272:               1               2
transaction     273:               1               2
transaction     274:               1               2
transaction     275:               1               2
transaction     276:               1               2
transaction     277:               1               2
transaction     278:               1               2
transaction     279:               1               2
transaction     280:               1               2
transaction     281:               1               2
transaction     282:               1               2
transaction     283:               1               2
transaction     284:               1               2
transaction     285:               1               2
transaction     286:               1               2
transaction     287:               1               2
transaction     288:               1               2
transaction     289:               1               2
transaction     290:               1               2
transaction     291:               1               2
transaction     292:               1               2
transaction     293:               1               2
transaction     294:               1               2
transaction     295:               1               2
transaction     296:               1               2
transaction     297:               1               2
transaction     298:               1               2
transaction     299:               1               2
transaction     300:               1               2
transaction     301:               1               2
transaction     302:               1               2
transaction     303:               1               2
transaction     304:               1               2
transaction     305:               1               2
transaction     306:               1               2
transaction     307:               1               2
transaction     308:               1               2
transaction     309:               1               2
transaction     310:               1               2
transaction     311:               1               2
transaction     312:               1               2
transaction     313:               1               2
transaction     314:               1               2
transaction     315:               1               2
transaction     316:               1               2
transaction     317:               1               2
transaction     318:               1               2
transaction     319:               1               2
transaction     320:               1               2
transaction     321:               1               2
transaction     322:               1               2
transaction     323:               1               2
transaction     324:               1               2
transaction     325:               1               2
transaction     326:               1               2
transaction     327:               1               2
transaction     328:               1               2
transaction     329:               1               2
transaction     330:               1               2
transaction     331:               1               2
transaction     332:               1               2
transaction     333:               1               2
transaction     334:               1               2
transaction     335:               1               2
transaction     336:               1               2
transaction     337:               1               2
transaction     338:               1               2
transaction     339:               1               2
transaction     340:               1               2
transaction     341:               1               2
transaction     342:               1               2
transaction     343:               1               2
transaction     344:               1               2
transaction     345:               1               2
transaction     346:               1               2
transaction     347:               1               2
transaction     348:               1               2
transaction     349:               1               2
transaction     350:               1               2
transaction     351:               1               2
transaction     352:               1               2
transaction     353:               1               2
transaction     354:               1               2
transaction     355:               1               2
transaction     356:               1               2
transaction     357:               1               2
transaction     358:               1               2
transaction     359:               1               2
transaction     360:               1               2
transaction     361:               1               2
transaction     362:               1               2
transaction     363:               1               2
transaction     364:               1               2
transaction     365:               1               2
transaction     366:               1               2
transaction     367:               1               2
transaction     368:               1               2
transaction     369:               1               2
transaction     370:               1               2
transaction     371:               1               2
transaction     372:               1               2
transaction     373:               1               2
transaction     374:               1               2
transaction     375:               1               2
transaction     376:               1               2
transaction     377:               1               2
transaction     378:               1               2
transaction     379:               1               2
transaction     380:               1               2
transaction     381:               1               2
transaction     382:               1               2
transaction     383:               1               2
transaction     384:               1               2
transaction     385:               1               2
transaction     386:               1               2
transaction     387:               1               2
transaction     388:               1               2
transaction     389:               1               2
transaction     390:               1               2
transaction     391:               1               2
transaction     392:               1               2
transaction     393:               1               2
transaction     394:               1               2
transaction     395:               1               2
transaction     396:               1               2
transaction     397:               1               2
transaction     398:               1               2
transaction     399:               1               2
transaction     400:               1               2
transaction     401:               1               2
transaction     402:               1               2
transaction     403:               1               2
transaction     404:               1               2
transaction     405:               1               2
transaction     406:               1               2
transaction     407:               1               2
transaction     408:               1               2
transaction     409:               1               2
transaction     410:               1               2
transaction     411:               1               2
transaction     412:              12              13
transaction     413:              12              13
transaction     414:              12              13
transaction     415:              12              13
transaction     416:              12              13
transaction     417:              12              13
transaction     418:              12              13
transaction     419:              12              13
transaction     420:              12              13
transaction     421:              12              13
transaction     422:              12              13
transaction     423:              12              13
transaction     424:              12              13
transaction     425:              12              13
transaction     426:              12              13
transaction     427:              12              13
transaction     428:              12              13
transaction     429:              12              13
transaction     430:              12              13
transaction     431:              12              13
transaction     432:              12              13
transaction     433:              12              13
transaction     434:              12              13
transaction     435:              12              13
transaction     436:              12              13
transaction     437:              12              13
transaction     438:              12              13
transaction     439:              12              13
transaction     440:              12              13
transaction     441:              12              13
transaction     442:              12              13
transaction     443:              12              13
transaction     444:              12              13
transaction     445:              12              13
transaction     446:              12              13
transaction     447:              12              13
transaction     448:              12              13
transaction     449:              12              13
transaction     450:              12              13
transaction     451:              12              13
transaction     452:              12              13
transaction     453:              12              13
transaction     454:              12              13
transaction     455:              12              13
transaction     456:              12              13
transaction     457:              12              13
transaction     458:              12              13
transaction     459:              12              13
transaction     460:              12              13
transaction     461:              12              13
transaction     462:              12              13
transaction     463:              12              13
transaction     464:              12              13
transaction     465:              12              13
transaction     466:              12              13
transaction     467:              12              13
transaction     468:              12              13
transaction     469:              12              13
transaction     470:              12              13
transaction     471:              12              13
transaction     472:              12              13
transaction     473:              12              13
transaction     474:              12              13
transaction     475:              12              13
transaction     476:              12              13
transaction     477:              12              13
transaction     478:              12              13
transaction     479:              12              13
transaction     480:              12              13
transaction     481:              12              13
transaction     482:              12              13
transaction     483:              12              13
transaction     484:              12              13
transaction     485:              12              13
transaction     486:              12              13
transaction     487:              12              13
transaction     488:              12              13
transaction     489:              12              13
transaction     490:              12              13
transaction     491:              12              13
transaction     492:              12              13
transaction     493:              12              13
transaction     494:              12              13
transaction     495:              12              13
transaction     496:              12              13
transaction     497:              12              13
transaction     498:              12              13
transaction     499:              12              13
transaction     500:              12              13
transaction     501:              12              13
transaction     502:              12              13
transaction     503:              12              13
transaction     504:              12              13
transaction     505:              12              13
transaction     506:              12              13
transaction     507:              12              13
transaction     508:              12              13
transaction     509:              12              13
transaction     510:              12              13
transaction     511:              12              13
transaction     512:              12              13
transaction     513:              12              13
transaction     514:              12              13
transaction     515:              12              13
transaction     516:              12              13
transaction     517:              12              13
transaction     518:              12              13
transaction     519:              12              13
transaction     520:              12              13
transaction     521:              12              13
transaction     522:              12              13
transaction     523:              12              13
transaction     524:              12              13
transaction     525:              12              13
transaction     526:              12              13
transaction     527:              12              13
transaction     528:              12              13
transaction     529:              12              13
transaction     530:              12              13
transaction     531:              12              13
transaction     532:              12              13
transaction     533:              12              13
transaction     534:              12              13
transaction     535:              12              13
transaction     536:              12              13
transaction     537:              12              13
transaction     538:              12              13
transaction     539:              12              13
transaction     540:              12              13
transaction     541:              12              13
transaction     542:              12              13
transaction     543:              12              13
transaction     544:              12              13
transaction     545:              12              13
transaction     546:              12              13
transaction     547:              12              13
transaction     548:              12              13
transaction     549:              12              13
transaction     550:              12              13
transaction     551:              12              13
transaction     552:              12              13
transaction     553:              12              13
transaction     554:              12              13
transaction     555:              12              13
transaction     556:              12              13
transaction     557:              12              13
transaction     558:              12              13
transaction     559:              12              13
transaction     560:              12              13
transaction     561:              12              13
transaction     562:              12              13
transaction     563:              12              13
transaction     564:              12              13
transaction     565:              12              13
transaction     566:              12              13
transaction     567:              12              13
transaction     568:              12              13
transaction     569:              12              13
transaction     570:              12              13
transaction     571:              12              13
transaction     572:              12              13
transaction     573:              12              13
transaction     574:              12              13
transaction     575:              12              13
transaction     576:              12              13
transaction     577:              12              13
transaction     578:              12              13
transaction     579:              12              13
transaction     580:              12              13
transaction     581:              12              13
transaction     582:              12              13
transaction     583:              12              13
transaction     584:              12              13
transaction     585:              12              13
transaction     586:              12              13
transaction     587:              12              13
transaction     588:              12              13
transaction     589:              12              13
transaction     590:              12              13
transaction     591:              12              13
transaction     592:              12              13
transaction     593:              12              13
transaction     594:              12              13
transaction     595:              12              13
transaction     596:              12              13
transaction     597:              12              13
transaction     598:              12              13
transaction     599:              12              13
transaction     600:              12              13
transaction     601:              12              13
transaction     602:              12              13
transaction     603:              12              13
transaction     604:              12              13
transaction     605:              12              13
transaction     606:              12              13
transaction     607:              12              13
transaction     608:              12              13
transaction     609:              12              13
transaction     610:              12              13
transaction     611:              12              13
transaction     612:              12              13
transaction     613:              12              13
transaction     614:              12              13
transaction     615:              12              13
transaction     616:              12              13
transaction     617:              12              13
transaction     618:               1               2
transaction     619:               1               2
transaction     620:               1               2
transaction     621:               1               2
transaction     622:               1               2
transaction     623:               1               2
transaction     624:               1               2
transaction     625:               1               2
transaction     626:               1               2
transaction     627:               1               2
transaction     628:               1               2
transaction     629:               1               2
transaction     630:               1               2
transaction     631:               1               2
transaction     632:               1               2
transaction     633:               1               2
transaction     634:               1               2
transaction     635:               1               2
transaction     636:               1               2
transaction     637:               1               2
transaction     638:               1               2
transaction     639:               1               2
transaction     640:               1               2
transaction     641:               1               2
transaction     642:               1               2
transaction     643:               1               2
transaction     644:               1               2
transaction     645:               1               2
transaction     646:               1               2
transaction     647:               1               2
transaction     648:               1               2
transaction     649:               1               2
transaction     650:               1               2
transaction     651:               1               2
transaction     652:               1               2
transaction     653:               1               2
transaction     654:               1               2
transaction     655:               1               2
transaction     656:               1               2
transaction     657:               1               2
transaction     658:               1               2
transaction     659:               1               2
transaction     660:               1               2
transaction     661:               1               2
transaction     662:               1               2
transaction     663:               1               2
transaction     664:               1               2
transaction     665:               1               2
transaction     666:               1               2
transaction     667:               1               2
transaction     668:               1               2
transaction     669:               1               2
transaction     670:               1               2
transaction     671:               1               2
transaction     672:               1               2
transaction     673:               1               2
transaction     674:               1               2
transaction     675:               1               2
transaction     676:               1               2
transaction     677:               1               2
transaction     678:               1               2
transaction     679:               1               2
transaction     680:               1               2
transaction     681:               1               2
transaction     682:               1               2
transaction     683:               1               2
transaction     684:               1               2
transaction     685:               1               2
transaction     686:               1               2
transaction     687:               1               2
transaction     688:               1               2
transaction     689:               1               2
transaction     690:               1               2
transaction     691:               1               2
transaction     692:               1               2
transaction     693:               1               2
transaction     694:               1               2
transaction     695:               1               2
transaction     696:               1               2
transaction     697:               1               2
transaction     698:               1               2
transaction     699:               1               2
transaction     700:               1               2
transaction     701:               1               2
transaction     702:               1               2
transaction     703:               1               2
transaction     704:               1               2
transaction     705:               1               2
transaction     706:               1               2
transaction     707:               1               2
transaction     708:               1               2
transaction     709:               1               2
transaction     710:               1               2
transaction     711:               1               2
transaction     712:               1               2
transaction     713:               1               2
transaction     714:               1               2
transaction     715:               1               2
transaction     716:               1               2
transaction     717:               1               2
transaction     718:               1               x
