INFO: [SIM 2] *************** CSIM start ***************
INFO: [SIM 4] CSIM will launch GCC as the compiler.
   Compiling(apcc) ../../../../hls_macc_test.c in debug mode
INFO: [HLS 200-10] Running 'C:/Xilinx/Vivado/2019.1/bin/unwrapped/win64.o/apcc.exe'
INFO: [HLS 200-10] For user 'JiinLai' on host 'jiinlai-w10' (Windows NT_amd64 version 6.2) on Sat Oct 12 12:41:22 +0800 2019
INFO: [HLS 200-10] In directory 'C:/wrk/ETH_ToE_Github/ug871-design-files/Using_IP_with_Zynq/lab1/hls_macc/vhls_prj/solution1/csim/build'
../../../../hls_macc_test.c:55:1: warning: control reaches end of non-void function [-Wreturn-type]
}
^
1 warning generated.
../../../../hls_macc_test.c:55:1: warning: control reaches end of non-void function [-Wreturn-type]
}
^
1 warning generated.
INFO: [APCC 202-3] Tmp directory is C:/tmp/apcc_db_JiinLai/56081058673158
INFO: [APCC 202-1] APCC is done.
   Compiling(apcc) ../../../../hls_macc.c in debug mode
INFO: [HLS 200-10] Running 'C:/Xilinx/Vivado/2019.1/bin/unwrapped/win64.o/apcc.exe'
INFO: [HLS 200-10] For user 'JiinLai' on host 'jiinlai-w10' (Windows NT_amd64 version 6.2) on Sat Oct 12 12:41:35 +0800 2019
INFO: [HLS 200-10] In directory 'C:/wrk/ETH_ToE_Github/ug871-design-files/Using_IP_with_Zynq/lab1/hls_macc/vhls_prj/solution1/csim/build'
INFO: [APCC 202-3] Tmp directory is C:/tmp/apcc_db_JiinLai/155801072281583
INFO: [APCC 202-1] APCC is done.
   Generating csim.exe

*** 32 Tests Passed ***

INFO: [SIM 1] CSim done with 0 errors.
INFO: [SIM 3] *************** CSIM finish ***************
