INFO: [HLS 200-10] Running 'C:/Xilinx/Vivado/2019.1/bin/unwrapped/win64.o/vivado_hls.exe'
INFO: [HLS 200-10] For user 'JiinLai' on host 'jiinlai-w10' (Windows NT_amd64 version 6.2) on Wed Oct 02 09:54:27 +0800 2019
INFO: [HLS 200-10] In directory 'C:/wrk/ETH_ToE_Github/ug871-design-files/Interface_Synthesis/lab4'
Sourcing Tcl script 'C:/wrk/ETH_ToE_Github/ug871-design-files/Interface_Synthesis/lab4/axi_interfaces_prj/solution2/export.tcl'
INFO: [HLS 200-10] Opening project 'C:/wrk/ETH_ToE_Github/ug871-design-files/Interface_Synthesis/lab4/axi_interfaces_prj'.
INFO: [HLS 200-10] Opening solution 'C:/wrk/ETH_ToE_Github/ug871-design-files/Interface_Synthesis/lab4/axi_interfaces_prj/solution2'.
INFO: [SYN 201-201] Setting up clock 'default' with a period of 4ns.
INFO: [HLS 200-10] Setting target device to 'xcvu9p-flgb2104-1-e'
INFO: [IMPL 213-8] Exporting RTL as a Vivado IP.

****** Vivado v2019.1.3 (64-bit)
  **** SW Build 2644227 on Wed Sep  4 09:45:24 MDT 2019
  **** IP Build 2633630 on Wed Sep  4 12:30:14 MDT 2019
    ** Copyright 1986-2019 Xilinx, Inc. All Rights Reserved.

couldn't load library "librdi_tcltasks.dll": A function specified in the import table could not be resolved by the system.  Windows is not telling which one, I'm sorry.
Could not load library 'librdi_tcltasks' needed by 'core', please check installation.
    while executing
"error "$result\nCould not load library '$library' needed by '$feature', please check installation.""
    (procedure "rdi::load_library" line 4)
    invoked from within
"rdi::load_library core librdi_tcltasks"
    (file "C:/Xilinx/Vivado/2019.1\lib\scripts\rdi\features\core\core.tcl" line 5)
ERROR: [Common 17-217] Failed to load feature 'core'.
INFO: [Common 17-206] Exiting Vivado at Wed Oct  2 09:54:33 2019...
ERROR: [IMPL 213-28] Failed to generate IP.
command 'ap_source' returned error code
    while executing
"source C:/wrk/ETH_ToE_Github/ug871-design-files/Interface_Synthesis/lab4/axi_interfaces_prj/solution2/export.tcl"
    invoked from within
"hls::main C:/wrk/ETH_ToE_Github/ug871-design-files/Interface_Synthesis/lab4/axi_interfaces_prj/solution2/export.tcl"
    ("uplevel" body line 1)
    invoked from within
"uplevel 1 hls::main {*}$args"
    (procedure "hls_proc" line 5)
    invoked from within
"hls_proc $argv"
