

================================================================
== Vivado HLS Report for 'fir'
================================================================
* Date:           Tue Oct  1 22:10:07 2019

* Version:        2019.1.3 (Build 2642998 on Wed Sep 04 10:25:22 MDT 2019)
* Project:        fir_prj
* Solution:       solution1
* Product family: virtexuplus
* Target device:  xcu200-fsgd2104-2-e


================================================================
== Performance Estimates
================================================================
+ Timing (ns): 
    * Summary: 
    +--------+-------+----------+------------+
    |  Clock | Target| Estimated| Uncertainty|
    +--------+-------+----------+------------+
    |ap_clk  |  10.00|     4.433|        1.25|
    +--------+-------+----------+------------+

+ Latency (clock cycles): 
    * Summary: 
    +-----+-----+-----+-----+---------+
    |  Latency  |  Interval | Pipeline|
    | min | max | min | max |   Type  |
    +-----+-----+-----+-----+---------+
    |   34|   34|   34|   34|   none  |
    +-----+-----+-----+-----+---------+

    + Detail: 
        * Instance: 
        N/A

        * Loop: 
        +--------------------+-----+-----+----------+-----------+-----------+------+----------+
        |                    |  Latency  | Iteration|  Initiation Interval  | Trip |          |
        |      Loop Name     | min | max |  Latency |  achieved |   target  | Count| Pipelined|
        +--------------------+-----+-----+----------+-----------+-----------+------+----------+
        |- Shift_Accum_Loop  |   33|   33|         3|          -|          -|    11|    no    |
        +--------------------+-----+-----+----------+-----------+-----------+------+----------+

============================================================
+ Verbose Summary: Synthesis Manager
============================================================
InlineROM: 1
ExposeGlobal: 0
============================================================
+ Verbose Summary: CDFG Model
============================================================
IsTopModel: 1
ResetActiveHigh: 1
IsCombinational: 0
IsDatapathOnly: 0
HasWiredReturn: 1
HasMFsm: 0
HasVarLatency: 1
IsPipeline: 0
IsRtlPipelined: 0
IsInstanceOverlapped: 0
IsDontTouch: 0
HasImplIP: 0
IsGatedGlobalClock: 0


============================================================
+ Verbose Summary: Schedule
============================================================
* Number of FSM states : 4
* Pipeline : 0
* Dataflow Pipeline: 0

* FSM state transitions: 
1 --> 2 
2 --> 3 
3 --> 4 
4 --> 2 

* FSM state operations: 

State 1 <SV = 0> <Delay = 0.60>
ST_1 : Operation 5 [1/1] (0.00ns)   --->   "call void (...)* @_ssdm_op_SpecBitsMap(i32* %y) nounwind, !map !7"   --->   Operation 5 'specbitsmap' <Predicate = true> <Delay = 0.00>
ST_1 : Operation 6 [1/1] (0.00ns)   --->   "call void (...)* @_ssdm_op_SpecBitsMap([11 x i32]* %c) nounwind, !map !13"   --->   Operation 6 'specbitsmap' <Predicate = true> <Delay = 0.00>
ST_1 : Operation 7 [1/1] (0.00ns)   --->   "call void (...)* @_ssdm_op_SpecBitsMap(i32 %x) nounwind, !map !19"   --->   Operation 7 'specbitsmap' <Predicate = true> <Delay = 0.00>
ST_1 : Operation 8 [1/1] (0.00ns)   --->   "call void (...)* @_ssdm_op_SpecTopModule([4 x i8]* @fir_str) nounwind"   --->   Operation 8 'spectopmodule' <Predicate = true> <Delay = 0.00>
ST_1 : Operation 9 [1/1] (0.00ns)   --->   "%x_read = call i32 @_ssdm_op_Read.ap_auto.i32(i32 %x) nounwind" [fir.c:49]   --->   Operation 9 'read' 'x_read' <Predicate = true> <Delay = 0.00>
ST_1 : Operation 10 [1/1] (0.60ns)   --->   "br label %1" [fir.c:60]   --->   Operation 10 'br' <Predicate = true> <Delay = 0.60>

State 2 <SV = 1> <Delay = 0.93>
ST_2 : Operation 11 [1/1] (0.00ns)   --->   "%acc_0 = phi i32 [ 0, %0 ], [ %acc, %5 ]"   --->   Operation 11 'phi' 'acc_0' <Predicate = true> <Delay = 0.00>
ST_2 : Operation 12 [1/1] (0.00ns)   --->   "%i_0 = phi i5 [ 10, %0 ], [ %i, %5 ]"   --->   Operation 12 'phi' 'i_0' <Predicate = true> <Delay = 0.00>
ST_2 : Operation 13 [1/1] (0.00ns)   --->   "%sext_ln60 = sext i5 %i_0 to i32" [fir.c:60]   --->   Operation 13 'sext' 'sext_ln60' <Predicate = true> <Delay = 0.00>
ST_2 : Operation 14 [1/1] (0.00ns)   --->   "%tmp = call i1 @_ssdm_op_BitSelect.i1.i5.i32(i5 %i_0, i32 4)" [fir.c:60]   --->   Operation 14 'bitselect' 'tmp' <Predicate = true> <Delay = 0.00>
ST_2 : Operation 15 [1/1] (0.00ns)   --->   "%empty = call i32 (...)* @_ssdm_op_SpecLoopTripCount(i64 11, i64 11, i64 11) nounwind"   --->   Operation 15 'speclooptripcount' 'empty' <Predicate = true> <Delay = 0.00>
ST_2 : Operation 16 [1/1] (0.00ns)   --->   "br i1 %tmp, label %6, label %2" [fir.c:60]   --->   Operation 16 'br' <Predicate = true> <Delay = 0.00>
ST_2 : Operation 17 [1/1] (0.00ns)   --->   "call void (...)* @_ssdm_op_SpecLoopName([17 x i8]* @p_str) nounwind" [fir.c:60]   --->   Operation 17 'specloopname' <Predicate = (!tmp)> <Delay = 0.00>
ST_2 : Operation 18 [1/1] (0.63ns)   --->   "%icmp_ln61 = icmp eq i5 %i_0, 0" [fir.c:61]   --->   Operation 18 'icmp' 'icmp_ln61' <Predicate = (!tmp)> <Delay = 0.63> <Core = "Cmp">   --->   Core 25 'Cmp' <Latency = 0> <II = 1> <Delay = 0.63> <FuncUnit> <Opcode : 'icmp'> <InPorts = 2> <OutPorts = 1>
ST_2 : Operation 19 [1/1] (0.00ns)   --->   "br i1 %icmp_ln61, label %3, label %4" [fir.c:61]   --->   Operation 19 'br' <Predicate = (!tmp)> <Delay = 0.00>
ST_2 : Operation 20 [1/1] (0.34ns)   --->   "%add_ln65 = add i5 %i_0, -1" [fir.c:65]   --->   Operation 20 'add' 'add_ln65' <Predicate = (!tmp & !icmp_ln61)> <Delay = 0.34> <Core = "AddSub">   --->   Core 14 'AddSub' <Latency = 0> <II = 1> <Delay = 0.34> <FuncUnit> <Opcode : 'add' 'sub'> <InPorts = 2> <OutPorts = 1>
ST_2 : Operation 21 [1/1] (0.00ns)   --->   "%zext_ln65 = zext i5 %add_ln65 to i64" [fir.c:65]   --->   Operation 21 'zext' 'zext_ln65' <Predicate = (!tmp & !icmp_ln61)> <Delay = 0.00>
ST_2 : Operation 22 [1/1] (0.00ns)   --->   "%shift_reg_addr = getelementptr inbounds [11 x i32]* @shift_reg, i64 0, i64 %zext_ln65" [fir.c:65]   --->   Operation 22 'getelementptr' 'shift_reg_addr' <Predicate = (!tmp & !icmp_ln61)> <Delay = 0.00>
ST_2 : Operation 23 [2/2] (0.59ns)   --->   "%data = load i32* %shift_reg_addr, align 4" [fir.c:65]   --->   Operation 23 'load' 'data' <Predicate = (!tmp & !icmp_ln61)> <Delay = 0.59> <Core = "RAM">   --->   Core 37 'RAM' <Latency = 1> <II = 1> <Delay = 0.59> <Storage> <Opcode : 'load' 'store'> <Ports = 2> <Width = 32> <Depth = 11> <RAM>
ST_2 : Operation 24 [1/1] (0.59ns)   --->   "store i32 %x_read, i32* getelementptr inbounds ([11 x i32]* @shift_reg, i64 0, i64 0), align 16" [fir.c:62]   --->   Operation 24 'store' <Predicate = (!tmp & icmp_ln61)> <Delay = 0.59> <Core = "RAM">   --->   Core 37 'RAM' <Latency = 1> <II = 1> <Delay = 0.59> <Storage> <Opcode : 'load' 'store'> <Ports = 2> <Width = 32> <Depth = 11> <RAM>
ST_2 : Operation 25 [1/1] (0.60ns)   --->   "br label %5" [fir.c:64]   --->   Operation 25 'br' <Predicate = (!tmp & icmp_ln61)> <Delay = 0.60>
ST_2 : Operation 26 [1/1] (0.00ns)   --->   "call void @_ssdm_op_Write.ap_auto.i32P(i32* %y, i32 %acc_0) nounwind" [fir.c:70]   --->   Operation 26 'write' <Predicate = (tmp)> <Delay = 0.00>
ST_2 : Operation 27 [1/1] (0.00ns)   --->   "ret void" [fir.c:71]   --->   Operation 27 'ret' <Predicate = (tmp)> <Delay = 0.00>

State 3 <SV = 2> <Delay = 1.18>
ST_3 : Operation 28 [1/2] (0.59ns)   --->   "%data = load i32* %shift_reg_addr, align 4" [fir.c:65]   --->   Operation 28 'load' 'data' <Predicate = (!icmp_ln61)> <Delay = 0.59> <Core = "RAM">   --->   Core 37 'RAM' <Latency = 1> <II = 1> <Delay = 0.59> <Storage> <Opcode : 'load' 'store'> <Ports = 2> <Width = 32> <Depth = 11> <RAM>
ST_3 : Operation 29 [1/1] (0.00ns)   --->   "%zext_ln65_1 = zext i32 %sext_ln60 to i64" [fir.c:65]   --->   Operation 29 'zext' 'zext_ln65_1' <Predicate = (!icmp_ln61)> <Delay = 0.00>
ST_3 : Operation 30 [1/1] (0.00ns)   --->   "%shift_reg_addr_1 = getelementptr inbounds [11 x i32]* @shift_reg, i64 0, i64 %zext_ln65_1" [fir.c:65]   --->   Operation 30 'getelementptr' 'shift_reg_addr_1' <Predicate = (!icmp_ln61)> <Delay = 0.00>
ST_3 : Operation 31 [1/1] (0.59ns)   --->   "store i32 %data, i32* %shift_reg_addr_1, align 4" [fir.c:65]   --->   Operation 31 'store' <Predicate = (!icmp_ln61)> <Delay = 0.59> <Core = "RAM">   --->   Core 37 'RAM' <Latency = 1> <II = 1> <Delay = 0.59> <Storage> <Opcode : 'load' 'store'> <Ports = 2> <Width = 32> <Depth = 11> <RAM>
ST_3 : Operation 32 [1/1] (0.60ns)   --->   "br label %5"   --->   Operation 32 'br' <Predicate = (!icmp_ln61)> <Delay = 0.60>
ST_3 : Operation 33 [1/1] (0.00ns)   --->   "%zext_ln68 = zext i32 %sext_ln60 to i64" [fir.c:68]   --->   Operation 33 'zext' 'zext_ln68' <Predicate = true> <Delay = 0.00>
ST_3 : Operation 34 [1/1] (0.00ns)   --->   "%c_addr = getelementptr [11 x i32]* %c, i64 0, i64 %zext_ln68" [fir.c:68]   --->   Operation 34 'getelementptr' 'c_addr' <Predicate = true> <Delay = 0.00>
ST_3 : Operation 35 [2/2] (0.59ns)   --->   "%c_load = load i32* %c_addr, align 4" [fir.c:68]   --->   Operation 35 'load' 'c_load' <Predicate = true> <Delay = 0.59> <Core = "RAM">   --->   Core 37 'RAM' <Latency = 1> <II = 1> <Delay = 0.59> <Storage> <Opcode : 'load' 'store'> <Ports = 2> <Width = 32> <Depth = 11> <RAM>
ST_3 : Operation 36 [1/1] (0.34ns)   --->   "%i = add i5 %i_0, -1" [fir.c:60]   --->   Operation 36 'add' 'i' <Predicate = true> <Delay = 0.34> <Core = "AddSub">   --->   Core 14 'AddSub' <Latency = 0> <II = 1> <Delay = 0.34> <FuncUnit> <Opcode : 'add' 'sub'> <InPorts = 2> <OutPorts = 1>

State 4 <SV = 3> <Delay = 4.43>
ST_4 : Operation 37 [1/1] (0.00ns)   --->   "%data_0 = phi i32 [ %x_read, %3 ], [ %data, %4 ]"   --->   Operation 37 'phi' 'data_0' <Predicate = true> <Delay = 0.00>
ST_4 : Operation 38 [1/2] (0.59ns)   --->   "%c_load = load i32* %c_addr, align 4" [fir.c:68]   --->   Operation 38 'load' 'c_load' <Predicate = true> <Delay = 0.59> <Core = "RAM">   --->   Core 37 'RAM' <Latency = 1> <II = 1> <Delay = 0.59> <Storage> <Opcode : 'load' 'store'> <Ports = 2> <Width = 32> <Depth = 11> <RAM>
ST_4 : Operation 39 [1/1] (3.17ns)   --->   "%mul_ln68 = mul nsw i32 %c_load, %data_0" [fir.c:68]   --->   Operation 39 'mul' 'mul_ln68' <Predicate = true> <Delay = 3.17> <Core = "Mul">   --->   Core 16 'Mul' <Latency = 0> <II = 1> <Delay = 3.17> <FuncUnit> <Opcode : 'mul'> <InPorts = 2> <OutPorts = 1>
ST_4 : Operation 40 [1/1] (0.66ns)   --->   "%acc = add nsw i32 %mul_ln68, %acc_0" [fir.c:68]   --->   Operation 40 'add' 'acc' <Predicate = true> <Delay = 0.66> <Core = "AddSub">   --->   Core 14 'AddSub' <Latency = 0> <II = 1> <Delay = 0.34> <FuncUnit> <Opcode : 'add' 'sub'> <InPorts = 2> <OutPorts = 1>
ST_4 : Operation 41 [1/1] (0.00ns)   --->   "br label %1" [fir.c:60]   --->   Operation 41 'br' <Predicate = true> <Delay = 0.00>


============================================================
+ Verbose Summary: Timing violations
============================================================
Target clock period: 10ns, clock uncertainty: 1.25ns.

 <State 1>: 0.603ns
The critical path consists of the following:
	multiplexor before 'phi' operation ('acc') with incoming values : ('acc', fir.c:68) [12]  (0.603 ns)

 <State 2>: 0.935ns
The critical path consists of the following:
	'phi' operation ('i') with incoming values : ('i', fir.c:60) [13]  (0 ns)
	'add' operation ('add_ln65', fir.c:65) [23]  (0.341 ns)
	'getelementptr' operation ('shift_reg_addr', fir.c:65) [25]  (0 ns)
	'load' operation ('data', fir.c:65) on array 'shift_reg' [26]  (0.594 ns)

 <State 3>: 1.19ns
The critical path consists of the following:
	'load' operation ('data', fir.c:65) on array 'shift_reg' [26]  (0.594 ns)
	'store' operation ('store_ln65', fir.c:65) of variable 'data', fir.c:65 on array 'shift_reg' [29]  (0.594 ns)

 <State 4>: 4.43ns
The critical path consists of the following:
	'load' operation ('c_load', fir.c:68) on array 'c' [38]  (0.594 ns)
	'mul' operation ('mul_ln68', fir.c:68) [39]  (3.17 ns)
	'add' operation ('acc', fir.c:68) [40]  (0.669 ns)


============================================================
+ Verbose Summary: Binding
============================================================
N/A
* FSMD analyzer results:
  - Output states:
 - Input state : 
  - Chain level:
	State 1
	State 2
	State 3
	State 4


============================================================
+ Verbose Summary: Datapath Resource usage 
============================================================
N/A
