INFO: [XSIM 43-3496] Using init file passed via -initfile option "C:/Xilinx/Vivado/2019.2/data/xsim/ip/xsim_ip.ini".
Vivado Simulator 2019.2
Copyright 1986-1999, 2001-2019 Xilinx, Inc. All Rights Reserved.
Running: C:/Xilinx/Vivado/2019.2/bin/unwrapped/win64.o/xelab.exe xil_defaultlib.apatb_multip_2num_top glbl -prj multip_2num.prj -L smartconnect_v1_0 -L axi_protocol_checker_v1_1_12 -L axi_protocol_checker_v1_1_13 -L axis_protocol_checker_v1_1_11 -L axis_protocol_checker_v1_1_12 -L xil_defaultlib -L unisims_ver -L xpm --initfile C:/Xilinx/Vivado/2019.2/data/xsim/ip/xsim_ip.ini --lib ieee_proposed=./ieee_proposed -s multip_2num -debug wave 
Multi-threading is on. Using 4 slave threads.
INFO: [VRFC 10-2263] Analyzing SystemVerilog file "D:/Vivado/hls_lab1/solution1/sim/verilog/glbl.v" into library work
INFO: [VRFC 10-311] analyzing module glbl
INFO: [VRFC 10-2263] Analyzing SystemVerilog file "D:/Vivado/hls_lab1/solution1/sim/verilog/multip_2num.autotb.v" into library xil_defaultlib
INFO: [VRFC 10-311] analyzing module apatb_multip_2num_top
INFO: [VRFC 10-2263] Analyzing SystemVerilog file "D:/Vivado/hls_lab1/solution1/sim/verilog/multip_2num.v" into library xil_defaultlib
INFO: [VRFC 10-311] analyzing module multip_2num
INFO: [VRFC 10-2263] Analyzing SystemVerilog file "D:/Vivado/hls_lab1/solution1/sim/verilog/multip_2num_mul_3bkb.v" into library xil_defaultlib
INFO: [VRFC 10-311] analyzing module multip_2num_mul_3bkb_MulnS_0
INFO: [VRFC 10-311] analyzing module multip_2num_mul_3bkb
Starting static elaboration
Pass Through NonSizing Optimizer
Completed static elaboration
Starting simulation data flow analysis
Completed simulation data flow analysis
Time Resolution for simulation is 1ps
Compiling module xil_defaultlib.multip_2num_mul_3bkb_MulnS_0
Compiling module xil_defaultlib.multip_2num_mul_3bkb(ID=1,NUM_ST...
Compiling module xil_defaultlib.multip_2num
Compiling module xil_defaultlib.apatb_multip_2num_top
Compiling module work.glbl
Built simulation snapshot multip_2num
