

================================================================
== Vivado HLS Report for 'matrixmul'
================================================================
* Date:           Sat Oct 12 15:37:21 2019

* Version:        2019.1.3 (Build 2642998 on Wed Sep 04 10:25:22 MDT 2019)
* Project:        matrixmul_prj
* Solution:       solution4
* Product family: virtexuplus
* Target device:  xcvu9p-flgb2104-1-e


================================================================
== Performance Estimates
================================================================
+ Timing (ns): 
    * Summary: 
    +--------+-------+----------+------------+
    |  Clock | Target| Estimated| Uncertainty|
    +--------+-------+----------+------------+
    |ap_clk  |  13.33|     7.566|        1.67|
    +--------+-------+----------+------------+

+ Latency (clock cycles): 
    * Summary: 
    +-----+-----+-----+-----+---------+
    |  Latency  |  Interval | Pipeline|
    | min | max | min | max |   Type  |
    +-----+-----+-----+-----+---------+
    |   11|   11|   11|   11|   none  |
    +-----+-----+-----+-----+---------+

    + Detail: 
        * Instance: 
        N/A

        * Loop: 
        +-----------+-----+-----+----------+-----------+-----------+------+----------+
        |           |  Latency  | Iteration|  Initiation Interval  | Trip |          |
        | Loop Name | min | max |  Latency |  achieved |   target  | Count| Pipelined|
        +-----------+-----+-----+----------+-----------+-----------+------+----------+
        |- Row_Col  |    9|    9|         2|          1|          1|     9|    yes   |
        +-----------+-----+-----+----------+-----------+-----------+------+----------+

============================================================
+ Verbose Summary: Synthesis Manager
============================================================
InlineROM: 1
ExposeGlobal: 0
============================================================
+ Verbose Summary: CDFG Model
============================================================
IsTopModel: 1
ResetActiveHigh: 1
IsCombinational: 0
IsDatapathOnly: 0
HasWiredReturn: 1
HasMFsm: 0
HasVarLatency: 1
IsPipeline: 0
IsRtlPipelined: 0
IsInstanceOverlapped: 0
IsDontTouch: 0
HasImplIP: 0
IsGatedGlobalClock: 0

+ Individual pipeline summary: 
  * Pipeline-0: initiation interval (II) = 1, depth = 2


============================================================
+ Verbose Summary: Schedule
============================================================
* Number of FSM states : 4
* Pipeline : 1
  Pipeline-0 : II = 1, D = 2, States = { 2 3 }
* Dataflow Pipeline: 0

* FSM state transitions: 
1 --> 2 
2 --> 4 3 
3 --> 2 
4 --> 

* FSM state operations: 

State 1 <SV = 0> <Delay = 0.73>
ST_1 : Operation 5 [1/1] (0.00ns)   --->   "call void (...)* @_ssdm_op_SpecBitsMap([3 x i24]* %b), !map !7"   --->   Operation 5 'specbitsmap' <Predicate = true> <Delay = 0.00>
ST_1 : Operation 6 [1/1] (0.00ns)   --->   "call void (...)* @_ssdm_op_SpecBitsMap([3 x i24]* %a), !map !24"   --->   Operation 6 'specbitsmap' <Predicate = true> <Delay = 0.00>
ST_1 : Operation 7 [1/1] (0.00ns)   --->   "call void (...)* @_ssdm_op_SpecBitsMap([9 x i16]* %res), !map !37"   --->   Operation 7 'specbitsmap' <Predicate = true> <Delay = 0.00>
ST_1 : Operation 8 [1/1] (0.00ns)   --->   "call void (...)* @_ssdm_op_SpecTopModule([10 x i8]* @matrixmul_str) nounwind"   --->   Operation 8 'spectopmodule' <Predicate = true> <Delay = 0.00>
ST_1 : Operation 9 [1/1] (0.73ns)   --->   "br label %1" [matrixmul.cpp:54]   --->   Operation 9 'br' <Predicate = true> <Delay = 0.73>

State 2 <SV = 1> <Delay = 1.69>
ST_2 : Operation 10 [1/1] (0.00ns)   --->   "%indvar_flatten = phi i4 [ 0, %0 ], [ %add_ln54, %Col ]" [matrixmul.cpp:54]   --->   Operation 10 'phi' 'indvar_flatten' <Predicate = true> <Delay = 0.00>
ST_2 : Operation 11 [1/1] (0.00ns)   --->   "%i_0 = phi i2 [ 0, %0 ], [ %select_ln57_1, %Col ]" [matrixmul.cpp:57]   --->   Operation 11 'phi' 'i_0' <Predicate = true> <Delay = 0.00>
ST_2 : Operation 12 [1/1] (0.00ns)   --->   "%j_0 = phi i2 [ 0, %0 ], [ %j, %Col ]"   --->   Operation 12 'phi' 'j_0' <Predicate = true> <Delay = 0.00>
ST_2 : Operation 13 [1/1] (0.72ns)   --->   "%icmp_ln54 = icmp eq i4 %indvar_flatten, -7" [matrixmul.cpp:54]   --->   Operation 13 'icmp' 'icmp_ln54' <Predicate = true> <Delay = 0.72> <Core = "Cmp">   --->   Core 25 'Cmp' <Latency = 0> <II = 1> <Delay = 0.39> <FuncUnit> <Opcode : 'icmp'> <InPorts = 2> <OutPorts = 1>
ST_2 : Operation 14 [1/1] (0.80ns)   --->   "%add_ln54 = add i4 %indvar_flatten, 1" [matrixmul.cpp:54]   --->   Operation 14 'add' 'add_ln54' <Predicate = true> <Delay = 0.80> <Core = "AddSub">   --->   Core 14 'AddSub' <Latency = 0> <II = 1> <Delay = 0.62> <FuncUnit> <Opcode : 'add' 'sub'> <InPorts = 2> <OutPorts = 1>
ST_2 : Operation 15 [1/1] (0.00ns)   --->   "br i1 %icmp_ln54, label %2, label %Col" [matrixmul.cpp:54]   --->   Operation 15 'br' <Predicate = true> <Delay = 0.00>
ST_2 : Operation 16 [1/1] (0.62ns)   --->   "%i = add i2 1, %i_0" [matrixmul.cpp:54]   --->   Operation 16 'add' 'i' <Predicate = (!icmp_ln54)> <Delay = 0.62> <Core = "AddSub">   --->   Core 14 'AddSub' <Latency = 0> <II = 1> <Delay = 0.62> <FuncUnit> <Opcode : 'add' 'sub'> <InPorts = 2> <OutPorts = 1>
ST_2 : Operation 17 [1/1] (0.39ns)   --->   "%icmp_ln56 = icmp eq i2 %j_0, -1" [matrixmul.cpp:56]   --->   Operation 17 'icmp' 'icmp_ln56' <Predicate = (!icmp_ln54)> <Delay = 0.39> <Core = "Cmp">   --->   Core 25 'Cmp' <Latency = 0> <II = 1> <Delay = 0.39> <FuncUnit> <Opcode : 'icmp'> <InPorts = 2> <OutPorts = 1>
ST_2 : Operation 18 [1/1] (0.34ns)   --->   "%select_ln57 = select i1 %icmp_ln56, i2 0, i2 %j_0" [matrixmul.cpp:57]   --->   Operation 18 'select' 'select_ln57' <Predicate = (!icmp_ln54)> <Delay = 0.34> <Core = "Sel">   --->   Core 26 'Sel' <Latency = 0> <II = 1> <Delay = 0.34> <FuncUnit> <Opcode : 'select'> <InPorts = 3> <OutPorts = 1>
ST_2 : Operation 19 [1/1] (0.34ns)   --->   "%select_ln57_1 = select i1 %icmp_ln56, i2 %i, i2 %i_0" [matrixmul.cpp:57]   --->   Operation 19 'select' 'select_ln57_1' <Predicate = (!icmp_ln54)> <Delay = 0.34> <Core = "Sel">   --->   Core 26 'Sel' <Latency = 0> <II = 1> <Delay = 0.34> <FuncUnit> <Opcode : 'select'> <InPorts = 3> <OutPorts = 1>
ST_2 : Operation 20 [1/1] (0.00ns)   --->   "%zext_ln57 = zext i2 %select_ln57_1 to i64" [matrixmul.cpp:57]   --->   Operation 20 'zext' 'zext_ln57' <Predicate = (!icmp_ln54)> <Delay = 0.00>
ST_2 : Operation 21 [1/1] (0.00ns)   --->   "%zext_ln57_1 = zext i2 %select_ln57 to i64" [matrixmul.cpp:57]   --->   Operation 21 'zext' 'zext_ln57_1' <Predicate = (!icmp_ln54)> <Delay = 0.00>
ST_2 : Operation 22 [1/1] (0.00ns)   --->   "%a_addr = getelementptr [3 x i24]* %a, i64 0, i64 %zext_ln57" [matrixmul.cpp:60]   --->   Operation 22 'getelementptr' 'a_addr' <Predicate = (!icmp_ln54)> <Delay = 0.00>
ST_2 : Operation 23 [2/2] (0.73ns)   --->   "%a_load = load i24* %a_addr, align 4" [matrixmul.cpp:60]   --->   Operation 23 'load' 'a_load' <Predicate = (!icmp_ln54)> <Delay = 0.73> <Core = "RAM">   --->   Core 37 'RAM' <Latency = 1> <II = 1> <Delay = 0.73> <Storage> <Opcode : 'load' 'store'> <Ports = 2> <Width = 16> <Depth = 9> <RAM>
ST_2 : Operation 24 [1/1] (0.00ns)   --->   "%b_addr = getelementptr [3 x i24]* %b, i64 0, i64 %zext_ln57_1" [matrixmul.cpp:60]   --->   Operation 24 'getelementptr' 'b_addr' <Predicate = (!icmp_ln54)> <Delay = 0.00>
ST_2 : Operation 25 [2/2] (0.73ns)   --->   "%b_load = load i24* %b_addr, align 4" [matrixmul.cpp:60]   --->   Operation 25 'load' 'b_load' <Predicate = (!icmp_ln54)> <Delay = 0.73> <Core = "RAM">   --->   Core 37 'RAM' <Latency = 1> <II = 1> <Delay = 0.73> <Storage> <Opcode : 'load' 'store'> <Ports = 2> <Width = 16> <Depth = 9> <RAM>
ST_2 : Operation 26 [1/1] (0.62ns)   --->   "%j = add i2 1, %select_ln57" [matrixmul.cpp:56]   --->   Operation 26 'add' 'j' <Predicate = (!icmp_ln54)> <Delay = 0.62> <Core = "AddSub">   --->   Core 14 'AddSub' <Latency = 0> <II = 1> <Delay = 0.62> <FuncUnit> <Opcode : 'add' 'sub'> <InPorts = 2> <OutPorts = 1>

State 3 <SV = 2> <Delay = 7.56>
ST_3 : Operation 27 [1/1] (0.00ns)   --->   "call void (...)* @_ssdm_op_SpecLoopName([8 x i8]* @Row_Col_str)"   --->   Operation 27 'specloopname' <Predicate = (!icmp_ln54)> <Delay = 0.00>
ST_3 : Operation 28 [1/1] (0.00ns)   --->   "%empty = call i32 (...)* @_ssdm_op_SpecLoopTripCount(i64 9, i64 9, i64 9)"   --->   Operation 28 'speclooptripcount' 'empty' <Predicate = (!icmp_ln54)> <Delay = 0.00>
ST_3 : Operation 29 [1/1] (0.00ns)   --->   "%zext_ln57_2 = zext i2 %select_ln57_1 to i5" [matrixmul.cpp:57]   --->   Operation 29 'zext' 'zext_ln57_2' <Predicate = (!icmp_ln54)> <Delay = 0.00>
ST_3 : Operation 30 [1/1] (0.00ns)   --->   "%tmp = call i4 @_ssdm_op_BitConcatenate.i4.i2.i2(i2 %select_ln57_1, i2 0)" [matrixmul.cpp:57]   --->   Operation 30 'bitconcatenate' 'tmp' <Predicate = (!icmp_ln54)> <Delay = 0.00>
ST_3 : Operation 31 [1/1] (0.00ns)   --->   "%zext_ln57_3 = zext i4 %tmp to i5" [matrixmul.cpp:57]   --->   Operation 31 'zext' 'zext_ln57_3' <Predicate = (!icmp_ln54)> <Delay = 0.00>
ST_3 : Operation 32 [1/1] (0.00ns) (grouped into TernaryAdder)   --->   "%sub_ln57 = sub i5 %zext_ln57_3, %zext_ln57_2" [matrixmul.cpp:57]   --->   Operation 32 'sub' 'sub_ln57' <Predicate = (!icmp_ln54)> <Delay = 0.00> <Core = "TAddSub">   --->   Core 83 'TAddSub' <Latency = 0> <II = 1> <Delay = 0.30> <IPBlock> <Opcode : 'add' 'sub'> <InPorts = 3> <OutPorts = 1> <Sync> <CReg>
ST_3 : Operation 33 [1/1] (0.00ns)   --->   "call void (...)* @_ssdm_op_SpecLoopName([4 x i8]* @p_str3) nounwind" [matrixmul.cpp:56]   --->   Operation 33 'specloopname' <Predicate = (!icmp_ln54)> <Delay = 0.00>
ST_3 : Operation 34 [1/1] (0.00ns)   --->   "%tmp_1 = call i32 (...)* @_ssdm_op_SpecRegionBegin([4 x i8]* @p_str3) nounwind" [matrixmul.cpp:56]   --->   Operation 34 'specregionbegin' 'tmp_1' <Predicate = (!icmp_ln54)> <Delay = 0.00>
ST_3 : Operation 35 [1/1] (0.00ns)   --->   "call void (...)* @_ssdm_op_SpecPipeline(i32 -1, i32 1, i32 1, i32 0, [1 x i8]* @p_str1) nounwind" [matrixmul.cpp:57]   --->   Operation 35 'specpipeline' <Predicate = (!icmp_ln54)> <Delay = 0.00>
ST_3 : Operation 36 [1/1] (0.00ns)   --->   "%zext_ln57_4 = zext i2 %select_ln57 to i5" [matrixmul.cpp:57]   --->   Operation 36 'zext' 'zext_ln57_4' <Predicate = (!icmp_ln54)> <Delay = 0.00>
ST_3 : Operation 37 [1/1] (0.60ns) (root node of TernaryAdder)   --->   "%add_ln57 = add i5 %zext_ln57_4, %sub_ln57" [matrixmul.cpp:57]   --->   Operation 37 'add' 'add_ln57' <Predicate = (!icmp_ln54)> <Delay = 0.60> <Core = "TAddSub">   --->   Core 83 'TAddSub' <Latency = 0> <II = 1> <Delay = 0.30> <IPBlock> <Opcode : 'add' 'sub'> <InPorts = 3> <OutPorts = 1> <Sync> <CReg>
ST_3 : Operation 38 [1/1] (0.00ns)   --->   "%sext_ln57 = sext i5 %add_ln57 to i64" [matrixmul.cpp:57]   --->   Operation 38 'sext' 'sext_ln57' <Predicate = (!icmp_ln54)> <Delay = 0.00>
ST_3 : Operation 39 [1/1] (0.00ns)   --->   "%res_addr = getelementptr [9 x i16]* %res, i64 0, i64 %sext_ln57" [matrixmul.cpp:57]   --->   Operation 39 'getelementptr' 'res_addr' <Predicate = (!icmp_ln54)> <Delay = 0.00>
ST_3 : Operation 40 [1/2] (0.73ns)   --->   "%a_load = load i24* %a_addr, align 4" [matrixmul.cpp:60]   --->   Operation 40 'load' 'a_load' <Predicate = (!icmp_ln54)> <Delay = 0.73> <Core = "RAM">   --->   Core 37 'RAM' <Latency = 1> <II = 1> <Delay = 0.73> <Storage> <Opcode : 'load' 'store'> <Ports = 2> <Width = 16> <Depth = 9> <RAM>
ST_3 : Operation 41 [1/1] (0.00ns)   --->   "%trunc_ln60 = trunc i24 %a_load to i8" [matrixmul.cpp:60]   --->   Operation 41 'trunc' 'trunc_ln60' <Predicate = (!icmp_ln54)> <Delay = 0.00>
ST_3 : Operation 42 [1/1] (0.00ns)   --->   "%sext_ln60 = sext i8 %trunc_ln60 to i16" [matrixmul.cpp:60]   --->   Operation 42 'sext' 'sext_ln60' <Predicate = (!icmp_ln54)> <Delay = 0.00>
ST_3 : Operation 43 [1/2] (0.73ns)   --->   "%b_load = load i24* %b_addr, align 4" [matrixmul.cpp:60]   --->   Operation 43 'load' 'b_load' <Predicate = (!icmp_ln54)> <Delay = 0.73> <Core = "RAM">   --->   Core 37 'RAM' <Latency = 1> <II = 1> <Delay = 0.73> <Storage> <Opcode : 'load' 'store'> <Ports = 2> <Width = 16> <Depth = 9> <RAM>
ST_3 : Operation 44 [1/1] (0.00ns)   --->   "%trunc_ln60_1 = trunc i24 %b_load to i8" [matrixmul.cpp:60]   --->   Operation 44 'trunc' 'trunc_ln60_1' <Predicate = (!icmp_ln54)> <Delay = 0.00>
ST_3 : Operation 45 [1/1] (0.00ns)   --->   "%sext_ln60_1 = sext i8 %trunc_ln60_1 to i16" [matrixmul.cpp:60]   --->   Operation 45 'sext' 'sext_ln60_1' <Predicate = (!icmp_ln54)> <Delay = 0.00>
ST_3 : Operation 46 [1/1] (1.69ns)   --->   "%mul_ln60 = mul i16 %sext_ln60, %sext_ln60_1" [matrixmul.cpp:60]   --->   Operation 46 'mul' 'mul_ln60' <Predicate = (!icmp_ln54)> <Delay = 1.69> <Core = "Mul">   --->   Core 16 'Mul' <Latency = 0> <II = 1> <Delay = 1.69> <FuncUnit> <Opcode : 'mul'> <InPorts = 2> <OutPorts = 1>
ST_3 : Operation 47 [1/1] (0.00ns)   --->   "%tmp_4 = call i8 @_ssdm_op_PartSelect.i8.i24.i32.i32(i24 %a_load, i32 8, i32 15)" [matrixmul.cpp:60]   --->   Operation 47 'partselect' 'tmp_4' <Predicate = (!icmp_ln54)> <Delay = 0.00>
ST_3 : Operation 48 [1/1] (0.00ns)   --->   "%sext_ln60_2 = sext i8 %tmp_4 to i16" [matrixmul.cpp:60]   --->   Operation 48 'sext' 'sext_ln60_2' <Predicate = (!icmp_ln54)> <Delay = 0.00>
ST_3 : Operation 49 [1/1] (0.00ns)   --->   "%tmp_5 = call i8 @_ssdm_op_PartSelect.i8.i24.i32.i32(i24 %b_load, i32 8, i32 15)" [matrixmul.cpp:60]   --->   Operation 49 'partselect' 'tmp_5' <Predicate = (!icmp_ln54)> <Delay = 0.00>
ST_3 : Operation 50 [1/1] (0.00ns)   --->   "%sext_ln60_3 = sext i8 %tmp_5 to i16" [matrixmul.cpp:60]   --->   Operation 50 'sext' 'sext_ln60_3' <Predicate = (!icmp_ln54)> <Delay = 0.00>
ST_3 : Operation 51 [1/1] (0.63ns) (grouped into DSP with root node add_ln60_1)   --->   "%mul_ln60_1 = mul i16 %sext_ln60_2, %sext_ln60_3" [matrixmul.cpp:60]   --->   Operation 51 'mul' 'mul_ln60_1' <Predicate = (!icmp_ln54)> <Delay = 0.63> <Core = "DSP48">   --->   Core 88 'DSP48' <Latency = 0> <II = 1> <Delay = 2.84> <IPBlock> <Opcode : 'mul' 'add' 'sub' 'select'> <InPorts = 2> <OutPorts = 1> <Sync> <CReg>
ST_3 : Operation 52 [1/1] (0.00ns)   --->   "%tmp_6 = call i8 @_ssdm_op_PartSelect.i8.i24.i32.i32(i24 %a_load, i32 16, i32 23)" [matrixmul.cpp:60]   --->   Operation 52 'partselect' 'tmp_6' <Predicate = (!icmp_ln54)> <Delay = 0.00>
ST_3 : Operation 53 [1/1] (0.00ns)   --->   "%sext_ln60_4 = sext i8 %tmp_6 to i16" [matrixmul.cpp:60]   --->   Operation 53 'sext' 'sext_ln60_4' <Predicate = (!icmp_ln54)> <Delay = 0.00>
ST_3 : Operation 54 [1/1] (0.00ns)   --->   "%tmp_7 = call i8 @_ssdm_op_PartSelect.i8.i24.i32.i32(i24 %b_load, i32 16, i32 23)" [matrixmul.cpp:60]   --->   Operation 54 'partselect' 'tmp_7' <Predicate = (!icmp_ln54)> <Delay = 0.00>
ST_3 : Operation 55 [1/1] (0.00ns)   --->   "%sext_ln60_5 = sext i8 %tmp_7 to i16" [matrixmul.cpp:60]   --->   Operation 55 'sext' 'sext_ln60_5' <Predicate = (!icmp_ln54)> <Delay = 0.00>
ST_3 : Operation 56 [1/1] (0.63ns) (grouped into DSP with root node add_ln60)   --->   "%mul_ln60_2 = mul i16 %sext_ln60_4, %sext_ln60_5" [matrixmul.cpp:60]   --->   Operation 56 'mul' 'mul_ln60_2' <Predicate = (!icmp_ln54)> <Delay = 0.63> <Core = "DSP48">   --->   Core 88 'DSP48' <Latency = 0> <II = 1> <Delay = 2.84> <IPBlock> <Opcode : 'mul' 'add' 'sub' 'select'> <InPorts = 2> <OutPorts = 1> <Sync> <CReg>
ST_3 : Operation 57 [1/1] (2.20ns) (root node of the DSP)   --->   "%add_ln60 = add i16 %mul_ln60, %mul_ln60_2" [matrixmul.cpp:60]   --->   Operation 57 'add' 'add_ln60' <Predicate = (!icmp_ln54)> <Delay = 2.20> <Core = "DSP48">   --->   Core 88 'DSP48' <Latency = 0> <II = 1> <Delay = 2.84> <IPBlock> <Opcode : 'mul' 'add' 'sub' 'select'> <InPorts = 2> <OutPorts = 1> <Sync> <CReg>
ST_3 : Operation 58 [1/1] (2.20ns) (root node of the DSP)   --->   "%add_ln60_1 = add i16 %add_ln60, %mul_ln60_1" [matrixmul.cpp:60]   --->   Operation 58 'add' 'add_ln60_1' <Predicate = (!icmp_ln54)> <Delay = 2.20> <Core = "DSP48">   --->   Core 88 'DSP48' <Latency = 0> <II = 1> <Delay = 2.84> <IPBlock> <Opcode : 'mul' 'add' 'sub' 'select'> <InPorts = 2> <OutPorts = 1> <Sync> <CReg>
ST_3 : Operation 59 [1/1] (0.73ns)   --->   "store i16 %add_ln60_1, i16* %res_addr, align 2" [matrixmul.cpp:60]   --->   Operation 59 'store' <Predicate = (!icmp_ln54)> <Delay = 0.73> <Core = "RAM">   --->   Core 37 'RAM' <Latency = 1> <II = 1> <Delay = 0.73> <Storage> <Opcode : 'load' 'store'> <Ports = 2> <Width = 16> <Depth = 9> <RAM>
ST_3 : Operation 60 [1/1] (0.00ns)   --->   "%empty_4 = call i32 (...)* @_ssdm_op_SpecRegionEnd([4 x i8]* @p_str3, i32 %tmp_1) nounwind" [matrixmul.cpp:62]   --->   Operation 60 'specregionend' 'empty_4' <Predicate = (!icmp_ln54)> <Delay = 0.00>
ST_3 : Operation 61 [1/1] (0.00ns)   --->   "br label %1"   --->   Operation 61 'br' <Predicate = (!icmp_ln54)> <Delay = 0.00>

State 4 <SV = 2> <Delay = 0.00>
ST_4 : Operation 62 [1/1] (0.00ns)   --->   "ret void" [matrixmul.cpp:65]   --->   Operation 62 'ret' <Predicate = true> <Delay = 0.00>


============================================================
+ Verbose Summary: Binding
============================================================
STG Binding: 
---------------- STG Properties BEGIN ----------------
- Is combinational: 0
- Is one-state seq: 0
- Is datapath-only: 0
- Is pipelined: 0
- Is top level: 1
Port [ Return ] is wired: 1; IO mode=ap_ctrl_hs:ce=0
Port [ a]:  wired=1; compound=1; hidden=0; nouse=0; global=0; static=0; extern=0; dir=0; type=1; pingpong=0; private_global=0; MemPort=[13]; IO mode=ap_memory:ce=0
Port [ b]:  wired=1; compound=1; hidden=0; nouse=0; global=0; static=0; extern=0; dir=0; type=1; pingpong=0; private_global=0; MemPort=[13]; IO mode=ap_memory:ce=0
Port [ res]:  wired=1; compound=1; hidden=0; nouse=0; global=0; static=0; extern=0; dir=1; type=1; pingpong=0; private_global=0; MemPort=[03]; IO mode=ap_memory:ce=0
---------------- STG Properties END ------------------

---------------- Datapath Model BEGIN ----------------

<LifeTime>
<method=bitvector/>
specbitsmap_ln0   (specbitsmap      ) [ 00000]
specbitsmap_ln0   (specbitsmap      ) [ 00000]
specbitsmap_ln0   (specbitsmap      ) [ 00000]
spectopmodule_ln0 (spectopmodule    ) [ 00000]
br_ln54           (br               ) [ 01110]
indvar_flatten    (phi              ) [ 00100]
i_0               (phi              ) [ 00100]
j_0               (phi              ) [ 00100]
icmp_ln54         (icmp             ) [ 00110]
add_ln54          (add              ) [ 01110]
br_ln54           (br               ) [ 00000]
i                 (add              ) [ 00000]
icmp_ln56         (icmp             ) [ 00000]
select_ln57       (select           ) [ 00110]
select_ln57_1     (select           ) [ 01110]
zext_ln57         (zext             ) [ 00000]
zext_ln57_1       (zext             ) [ 00000]
a_addr            (getelementptr    ) [ 00110]
b_addr            (getelementptr    ) [ 00110]
j                 (add              ) [ 01110]
specloopname_ln0  (specloopname     ) [ 00000]
empty             (speclooptripcount) [ 00000]
zext_ln57_2       (zext             ) [ 00000]
tmp               (bitconcatenate   ) [ 00000]
zext_ln57_3       (zext             ) [ 00000]
sub_ln57          (sub              ) [ 00000]
specloopname_ln56 (specloopname     ) [ 00000]
tmp_1             (specregionbegin  ) [ 00000]
specpipeline_ln57 (specpipeline     ) [ 00000]
zext_ln57_4       (zext             ) [ 00000]
add_ln57          (add              ) [ 00000]
sext_ln57         (sext             ) [ 00000]
res_addr          (getelementptr    ) [ 00000]
a_load            (load             ) [ 00000]
trunc_ln60        (trunc            ) [ 00000]
sext_ln60         (sext             ) [ 00000]
b_load            (load             ) [ 00000]
trunc_ln60_1      (trunc            ) [ 00000]
sext_ln60_1       (sext             ) [ 00000]
mul_ln60          (mul              ) [ 00000]
tmp_4             (partselect       ) [ 00000]
sext_ln60_2       (sext             ) [ 00000]
tmp_5             (partselect       ) [ 00000]
sext_ln60_3       (sext             ) [ 00000]
mul_ln60_1        (mul              ) [ 00000]
tmp_6             (partselect       ) [ 00000]
sext_ln60_4       (sext             ) [ 00000]
tmp_7             (partselect       ) [ 00000]
sext_ln60_5       (sext             ) [ 00000]
mul_ln60_2        (mul              ) [ 00000]
add_ln60          (add              ) [ 00000]
add_ln60_1        (add              ) [ 00000]
store_ln60        (store            ) [ 00000]
empty_4           (specregionend    ) [ 00000]
br_ln0            (br               ) [ 01110]
ret_ln65          (ret              ) [ 00000]
</LifeTime>

<model>

<comp_list>
<comp id="0" class="1000" name="a">
<pin_list>
<pin id="1" dir="1" index="0" bw="1" slack="0"/>
</pin_list>
<bind>
<StgValue><ssdm name="a"/><MemPortTyVec>1 3 </MemPortTyVec>
</StgValue>
</bind>
</comp>

<comp id="2" class="1000" name="b">
<pin_list>
<pin id="3" dir="1" index="0" bw="1" slack="0"/>
</pin_list>
<bind>
<StgValue><ssdm name="b"/><MemPortTyVec>1 3 </MemPortTyVec>
</StgValue>
</bind>
</comp>

<comp id="4" class="1000" name="res">
<pin_list>
<pin id="5" dir="1" index="0" bw="1" slack="0"/>
</pin_list>
<bind>
<StgValue><ssdm name="res"/><MemPortTyVec>0 3 </MemPortTyVec>
</StgValue>
</bind>
</comp>

<comp id="6" class="1001" name="const_6">
<pin_list>
<pin id="7" dir="1" index="0" bw="1" slack="2147483647"/>
</pin_list>
<bind>
<StgValue><ssdm name="_ssdm_op_SpecBitsMap"/></StgValue>
</bind>
</comp>

<comp id="8" class="1001" name="const_8">
<pin_list>
<pin id="9" dir="1" index="0" bw="1" slack="2147483647"/>
</pin_list>
<bind>
<StgValue><ssdm name="_ssdm_op_SpecTopModule"/></StgValue>
</bind>
</comp>

<comp id="10" class="1001" name="const_10">
<pin_list>
<pin id="11" dir="1" index="0" bw="1" slack="2147483647"/>
</pin_list>
<bind>
<StgValue><ssdm name="matrixmul_str"/></StgValue>
</bind>
</comp>

<comp id="12" class="1001" name="const_12">
<pin_list>
<pin id="13" dir="1" index="0" bw="1" slack="1"/>
</pin_list>
<bind>
<StgValue><ssdm name=""/></StgValue>
</bind>
</comp>

<comp id="14" class="1001" name="const_14">
<pin_list>
<pin id="15" dir="1" index="0" bw="1" slack="0"/>
</pin_list>
<bind>
<StgValue><ssdm name=""/></StgValue>
</bind>
</comp>

<comp id="16" class="1001" name="const_16">
<pin_list>
<pin id="17" dir="1" index="0" bw="1" slack="0"/>
</pin_list>
<bind>
<StgValue><ssdm name=""/></StgValue>
</bind>
</comp>

<comp id="18" class="1001" name="const_18">
<pin_list>
<pin id="19" dir="1" index="0" bw="1" slack="0"/>
</pin_list>
<bind>
<StgValue><ssdm name=""/></StgValue>
</bind>
</comp>

<comp id="20" class="1001" name="const_20">
<pin_list>
<pin id="21" dir="1" index="0" bw="1" slack="0"/>
</pin_list>
<bind>
<StgValue><ssdm name=""/></StgValue>
</bind>
</comp>

<comp id="22" class="1001" name="const_22">
<pin_list>
<pin id="23" dir="1" index="0" bw="1" slack="0"/>
</pin_list>
<bind>
<StgValue><ssdm name=""/></StgValue>
</bind>
</comp>

<comp id="24" class="1001" name="const_24">
<pin_list>
<pin id="25" dir="1" index="0" bw="1" slack="0"/>
</pin_list>
<bind>
<StgValue><ssdm name=""/></StgValue>
</bind>
</comp>

<comp id="26" class="1001" name="const_26">
<pin_list>
<pin id="27" dir="1" index="0" bw="1" slack="2147483647"/>
</pin_list>
<bind>
<StgValue><ssdm name="_ssdm_op_SpecLoopName"/></StgValue>
</bind>
</comp>

<comp id="28" class="1001" name="const_28">
<pin_list>
<pin id="29" dir="1" index="0" bw="1" slack="2147483647"/>
</pin_list>
<bind>
<StgValue><ssdm name="Row_Col_str"/></StgValue>
</bind>
</comp>

<comp id="30" class="1001" name="const_30">
<pin_list>
<pin id="31" dir="1" index="0" bw="1" slack="2147483647"/>
</pin_list>
<bind>
<StgValue><ssdm name="_ssdm_op_SpecLoopTripCount"/></StgValue>
</bind>
</comp>

<comp id="32" class="1001" name="const_32">
<pin_list>
<pin id="33" dir="1" index="0" bw="1" slack="2147483647"/>
</pin_list>
<bind>
<StgValue><ssdm name=""/></StgValue>
</bind>
</comp>

<comp id="34" class="1001" name="const_34">
<pin_list>
<pin id="35" dir="1" index="0" bw="1" slack="0"/>
</pin_list>
<bind>
<StgValue><ssdm name="_ssdm_op_BitConcatenate.i4.i2.i2"/></StgValue>
</bind>
</comp>

<comp id="36" class="1001" name="const_36">
<pin_list>
<pin id="37" dir="1" index="0" bw="1" slack="2147483647"/>
</pin_list>
<bind>
<StgValue><ssdm name="p_str3"/></StgValue>
</bind>
</comp>

<comp id="38" class="1001" name="const_38">
<pin_list>
<pin id="39" dir="1" index="0" bw="1" slack="2147483647"/>
</pin_list>
<bind>
<StgValue><ssdm name="_ssdm_op_SpecRegionBegin"/></StgValue>
</bind>
</comp>

<comp id="40" class="1001" name="const_40">
<pin_list>
<pin id="41" dir="1" index="0" bw="1" slack="2147483647"/>
</pin_list>
<bind>
<StgValue><ssdm name="_ssdm_op_SpecPipeline"/></StgValue>
</bind>
</comp>

<comp id="42" class="1001" name="const_42">
<pin_list>
<pin id="43" dir="1" index="0" bw="1" slack="2147483647"/>
</pin_list>
<bind>
<StgValue><ssdm name=""/></StgValue>
</bind>
</comp>

<comp id="44" class="1001" name="const_44">
<pin_list>
<pin id="45" dir="1" index="0" bw="1" slack="2147483647"/>
</pin_list>
<bind>
<StgValue><ssdm name=""/></StgValue>
</bind>
</comp>

<comp id="46" class="1001" name="const_46">
<pin_list>
<pin id="47" dir="1" index="0" bw="1" slack="2147483647"/>
</pin_list>
<bind>
<StgValue><ssdm name=""/></StgValue>
</bind>
</comp>

<comp id="48" class="1001" name="const_48">
<pin_list>
<pin id="49" dir="1" index="0" bw="1" slack="2147483647"/>
</pin_list>
<bind>
<StgValue><ssdm name="p_str1"/></StgValue>
</bind>
</comp>

<comp id="50" class="1001" name="const_50">
<pin_list>
<pin id="51" dir="1" index="0" bw="1" slack="0"/>
</pin_list>
<bind>
<StgValue><ssdm name="_ssdm_op_PartSelect.i8.i24.i32.i32"/></StgValue>
</bind>
</comp>

<comp id="52" class="1001" name="const_52">
<pin_list>
<pin id="53" dir="1" index="0" bw="1" slack="0"/>
</pin_list>
<bind>
<StgValue><ssdm name=""/></StgValue>
</bind>
</comp>

<comp id="54" class="1001" name="const_54">
<pin_list>
<pin id="55" dir="1" index="0" bw="1" slack="0"/>
</pin_list>
<bind>
<StgValue><ssdm name=""/></StgValue>
</bind>
</comp>

<comp id="56" class="1001" name="const_56">
<pin_list>
<pin id="57" dir="1" index="0" bw="1" slack="0"/>
</pin_list>
<bind>
<StgValue><ssdm name=""/></StgValue>
</bind>
</comp>

<comp id="58" class="1001" name="const_58">
<pin_list>
<pin id="59" dir="1" index="0" bw="1" slack="0"/>
</pin_list>
<bind>
<StgValue><ssdm name=""/></StgValue>
</bind>
</comp>

<comp id="60" class="1001" name="const_60">
<pin_list>
<pin id="61" dir="1" index="0" bw="1" slack="2147483647"/>
</pin_list>
<bind>
<StgValue><ssdm name="_ssdm_op_SpecRegionEnd"/></StgValue>
</bind>
</comp>

<comp id="62" class="1004" name="a_addr_gep_fu_62">
<pin_list>
<pin id="63" dir="0" index="0" bw="24" slack="0"/>
<pin id="64" dir="0" index="1" bw="1" slack="0"/>
<pin id="65" dir="0" index="2" bw="2" slack="0"/>
<pin id="66" dir="1" index="3" bw="2" slack="0"/>
</pin_list>
<bind>
<opcode="getelementptr(29) " fcode="getelementptr"/>
<opset="a_addr/2 "/>
</bind>
</comp>

<comp id="69" class="1004" name="grp_access_fu_69">
<pin_list>
<pin id="70" dir="0" index="0" bw="2" slack="0"/>
<pin id="71" dir="0" index="1" bw="24" slack="2147483647"/>
<pin id="72" dir="0" index="2" bw="0" slack="2147483647"/>
<pin id="73" dir="1" index="3" bw="24" slack="0"/>
</pin_list>
<bind>
<opcode="load(27) " fcode="load"/>
<opset="a_load/2 "/>
</bind>
</comp>

<comp id="75" class="1004" name="b_addr_gep_fu_75">
<pin_list>
<pin id="76" dir="0" index="0" bw="24" slack="0"/>
<pin id="77" dir="0" index="1" bw="1" slack="0"/>
<pin id="78" dir="0" index="2" bw="2" slack="0"/>
<pin id="79" dir="1" index="3" bw="2" slack="0"/>
</pin_list>
<bind>
<opcode="getelementptr(29) " fcode="getelementptr"/>
<opset="b_addr/2 "/>
</bind>
</comp>

<comp id="82" class="1004" name="grp_access_fu_82">
<pin_list>
<pin id="83" dir="0" index="0" bw="2" slack="0"/>
<pin id="84" dir="0" index="1" bw="24" slack="2147483647"/>
<pin id="85" dir="0" index="2" bw="0" slack="2147483647"/>
<pin id="86" dir="1" index="3" bw="24" slack="0"/>
</pin_list>
<bind>
<opcode="load(27) " fcode="load"/>
<opset="b_load/2 "/>
</bind>
</comp>

<comp id="88" class="1004" name="res_addr_gep_fu_88">
<pin_list>
<pin id="89" dir="0" index="0" bw="16" slack="0"/>
<pin id="90" dir="0" index="1" bw="1" slack="0"/>
<pin id="91" dir="0" index="2" bw="5" slack="0"/>
<pin id="92" dir="1" index="3" bw="4" slack="0"/>
</pin_list>
<bind>
<opcode="getelementptr(29) " fcode="getelementptr"/>
<opset="res_addr/3 "/>
</bind>
</comp>

<comp id="95" class="1004" name="store_ln60_access_fu_95">
<pin_list>
<pin id="96" dir="0" index="0" bw="4" slack="0"/>
<pin id="97" dir="0" index="1" bw="16" slack="0"/>
<pin id="98" dir="0" index="2" bw="0" slack="2147483647"/>
<pin id="99" dir="1" index="3" bw="16" slack="2147483647"/>
</pin_list>
<bind>
<opcode="store(28) " fcode="store"/>
<opset="store_ln60/3 "/>
</bind>
</comp>

<comp id="101" class="1005" name="indvar_flatten_reg_101">
<pin_list>
<pin id="102" dir="0" index="0" bw="4" slack="1"/>
<pin id="103" dir="1" index="1" bw="4" slack="1"/>
</pin_list>
<bind>
<opset="indvar_flatten (phireg) "/>
</bind>
</comp>

<comp id="105" class="1004" name="indvar_flatten_phi_fu_105">
<pin_list>
<pin id="106" dir="0" index="0" bw="1" slack="1"/>
<pin id="107" dir="0" index="1" bw="0" slack="2147483647"/>
<pin id="108" dir="0" index="2" bw="4" slack="0"/>
<pin id="109" dir="0" index="3" bw="0" slack="2147483647"/>
<pin id="110" dir="1" index="4" bw="4" slack="0"/>
</pin_list>
<bind>
<opcode="phi(47) " fcode="phi"/>
<opset="indvar_flatten/2 "/>
</bind>
</comp>

<comp id="112" class="1005" name="i_0_reg_112">
<pin_list>
<pin id="113" dir="0" index="0" bw="2" slack="1"/>
<pin id="114" dir="1" index="1" bw="2" slack="1"/>
</pin_list>
<bind>
<opset="i_0 (phireg) "/>
</bind>
</comp>

<comp id="116" class="1004" name="i_0_phi_fu_116">
<pin_list>
<pin id="117" dir="0" index="0" bw="1" slack="1"/>
<pin id="118" dir="0" index="1" bw="0" slack="2147483647"/>
<pin id="119" dir="0" index="2" bw="2" slack="0"/>
<pin id="120" dir="0" index="3" bw="0" slack="2147483647"/>
<pin id="121" dir="1" index="4" bw="2" slack="0"/>
</pin_list>
<bind>
<opcode="phi(47) " fcode="phi"/>
<opset="i_0/2 "/>
</bind>
</comp>

<comp id="123" class="1005" name="j_0_reg_123">
<pin_list>
<pin id="124" dir="0" index="0" bw="2" slack="1"/>
<pin id="125" dir="1" index="1" bw="2" slack="1"/>
</pin_list>
<bind>
<opset="j_0 (phireg) "/>
</bind>
</comp>

<comp id="127" class="1004" name="j_0_phi_fu_127">
<pin_list>
<pin id="128" dir="0" index="0" bw="1" slack="1"/>
<pin id="129" dir="0" index="1" bw="0" slack="2147483647"/>
<pin id="130" dir="0" index="2" bw="2" slack="0"/>
<pin id="131" dir="0" index="3" bw="0" slack="2147483647"/>
<pin id="132" dir="1" index="4" bw="2" slack="0"/>
</pin_list>
<bind>
<opcode="phi(47) " fcode="phi"/>
<opset="j_0/2 "/>
</bind>
</comp>

<comp id="134" class="1004" name="icmp_ln54_fu_134">
<pin_list>
<pin id="135" dir="0" index="0" bw="4" slack="0"/>
<pin id="136" dir="0" index="1" bw="4" slack="0"/>
<pin id="137" dir="1" index="2" bw="1" slack="1"/>
</pin_list>
<bind>
<opcode="icmp(45) " fcode="icmp"/>
<opset="icmp_ln54/2 "/>
</bind>
</comp>

<comp id="140" class="1004" name="add_ln54_fu_140">
<pin_list>
<pin id="141" dir="0" index="0" bw="4" slack="0"/>
<pin id="142" dir="0" index="1" bw="1" slack="0"/>
<pin id="143" dir="1" index="2" bw="4" slack="0"/>
</pin_list>
<bind>
<opcode="add(8) " fcode="add"/>
<opset="add_ln54/2 "/>
</bind>
</comp>

<comp id="146" class="1004" name="i_fu_146">
<pin_list>
<pin id="147" dir="0" index="0" bw="1" slack="0"/>
<pin id="148" dir="0" index="1" bw="2" slack="0"/>
<pin id="149" dir="1" index="2" bw="2" slack="0"/>
</pin_list>
<bind>
<opcode="add(8) " fcode="add"/>
<opset="i/2 "/>
</bind>
</comp>

<comp id="152" class="1004" name="icmp_ln56_fu_152">
<pin_list>
<pin id="153" dir="0" index="0" bw="2" slack="0"/>
<pin id="154" dir="0" index="1" bw="1" slack="0"/>
<pin id="155" dir="1" index="2" bw="1" slack="0"/>
</pin_list>
<bind>
<opcode="icmp(45) " fcode="icmp"/>
<opset="icmp_ln56/2 "/>
</bind>
</comp>

<comp id="158" class="1004" name="select_ln57_fu_158">
<pin_list>
<pin id="159" dir="0" index="0" bw="1" slack="0"/>
<pin id="160" dir="0" index="1" bw="1" slack="0"/>
<pin id="161" dir="0" index="2" bw="2" slack="0"/>
<pin id="162" dir="1" index="3" bw="2" slack="0"/>
</pin_list>
<bind>
<opcode="select(49) " fcode="select"/>
<opset="select_ln57/2 "/>
</bind>
</comp>

<comp id="166" class="1004" name="select_ln57_1_fu_166">
<pin_list>
<pin id="167" dir="0" index="0" bw="1" slack="0"/>
<pin id="168" dir="0" index="1" bw="2" slack="0"/>
<pin id="169" dir="0" index="2" bw="2" slack="0"/>
<pin id="170" dir="1" index="3" bw="2" slack="0"/>
</pin_list>
<bind>
<opcode="select(49) " fcode="select"/>
<opset="select_ln57_1/2 "/>
</bind>
</comp>

<comp id="174" class="1004" name="zext_ln57_fu_174">
<pin_list>
<pin id="175" dir="0" index="0" bw="2" slack="0"/>
<pin id="176" dir="1" index="1" bw="64" slack="0"/>
</pin_list>
<bind>
<opcode="zext(34) " fcode="zext"/>
<opset="zext_ln57/2 "/>
</bind>
</comp>

<comp id="179" class="1004" name="zext_ln57_1_fu_179">
<pin_list>
<pin id="180" dir="0" index="0" bw="2" slack="0"/>
<pin id="181" dir="1" index="1" bw="64" slack="0"/>
</pin_list>
<bind>
<opcode="zext(34) " fcode="zext"/>
<opset="zext_ln57_1/2 "/>
</bind>
</comp>

<comp id="184" class="1004" name="j_fu_184">
<pin_list>
<pin id="185" dir="0" index="0" bw="1" slack="0"/>
<pin id="186" dir="0" index="1" bw="2" slack="0"/>
<pin id="187" dir="1" index="2" bw="2" slack="0"/>
</pin_list>
<bind>
<opcode="add(8) " fcode="add"/>
<opset="j/2 "/>
</bind>
</comp>

<comp id="190" class="1004" name="zext_ln57_2_fu_190">
<pin_list>
<pin id="191" dir="0" index="0" bw="2" slack="1"/>
<pin id="192" dir="1" index="1" bw="5" slack="0"/>
</pin_list>
<bind>
<opcode="zext(34) " fcode="zext"/>
<opset="zext_ln57_2/3 "/>
</bind>
</comp>

<comp id="193" class="1004" name="tmp_fu_193">
<pin_list>
<pin id="194" dir="0" index="0" bw="4" slack="0"/>
<pin id="195" dir="0" index="1" bw="2" slack="1"/>
<pin id="196" dir="0" index="2" bw="1" slack="0"/>
<pin id="197" dir="1" index="3" bw="4" slack="0"/>
</pin_list>
<bind>
<opcode="bitconcatenate(1004) " fcode="bitconcatenate"/>
<opset="tmp/3 "/>
</bind>
</comp>

<comp id="200" class="1004" name="zext_ln57_3_fu_200">
<pin_list>
<pin id="201" dir="0" index="0" bw="4" slack="0"/>
<pin id="202" dir="1" index="1" bw="5" slack="0"/>
</pin_list>
<bind>
<opcode="zext(34) " fcode="zext"/>
<opset="zext_ln57_3/3 "/>
</bind>
</comp>

<comp id="204" class="1004" name="sub_ln57_fu_204">
<pin_list>
<pin id="205" dir="0" index="0" bw="4" slack="0"/>
<pin id="206" dir="0" index="1" bw="2" slack="0"/>
<pin id="207" dir="1" index="2" bw="5" slack="0"/>
</pin_list>
<bind>
<opcode="sub(10) " fcode="sub"/>
<opset="sub_ln57/3 "/>
</bind>
</comp>

<comp id="210" class="1004" name="zext_ln57_4_fu_210">
<pin_list>
<pin id="211" dir="0" index="0" bw="2" slack="1"/>
<pin id="212" dir="1" index="1" bw="5" slack="0"/>
</pin_list>
<bind>
<opcode="zext(34) " fcode="zext"/>
<opset="zext_ln57_4/3 "/>
</bind>
</comp>

<comp id="213" class="1004" name="add_ln57_fu_213">
<pin_list>
<pin id="214" dir="0" index="0" bw="2" slack="0"/>
<pin id="215" dir="0" index="1" bw="5" slack="0"/>
<pin id="216" dir="1" index="2" bw="5" slack="0"/>
</pin_list>
<bind>
<opcode="add(8) " fcode="add"/>
<opset="add_ln57/3 "/>
</bind>
</comp>

<comp id="219" class="1004" name="sext_ln57_fu_219">
<pin_list>
<pin id="220" dir="0" index="0" bw="5" slack="0"/>
<pin id="221" dir="1" index="1" bw="64" slack="0"/>
</pin_list>
<bind>
<opcode="sext(35) " fcode="sext"/>
<opset="sext_ln57/3 "/>
</bind>
</comp>

<comp id="224" class="1004" name="trunc_ln60_fu_224">
<pin_list>
<pin id="225" dir="0" index="0" bw="24" slack="0"/>
<pin id="226" dir="1" index="1" bw="8" slack="0"/>
</pin_list>
<bind>
<opcode="trunc(33) " fcode="trunc"/>
<opset="trunc_ln60/3 "/>
</bind>
</comp>

<comp id="228" class="1004" name="sext_ln60_fu_228">
<pin_list>
<pin id="229" dir="0" index="0" bw="8" slack="0"/>
<pin id="230" dir="1" index="1" bw="16" slack="0"/>
</pin_list>
<bind>
<opcode="sext(35) " fcode="sext"/>
<opset="sext_ln60/3 "/>
</bind>
</comp>

<comp id="232" class="1004" name="trunc_ln60_1_fu_232">
<pin_list>
<pin id="233" dir="0" index="0" bw="24" slack="0"/>
<pin id="234" dir="1" index="1" bw="8" slack="0"/>
</pin_list>
<bind>
<opcode="trunc(33) " fcode="trunc"/>
<opset="trunc_ln60_1/3 "/>
</bind>
</comp>

<comp id="236" class="1004" name="sext_ln60_1_fu_236">
<pin_list>
<pin id="237" dir="0" index="0" bw="8" slack="0"/>
<pin id="238" dir="1" index="1" bw="16" slack="0"/>
</pin_list>
<bind>
<opcode="sext(35) " fcode="sext"/>
<opset="sext_ln60_1/3 "/>
</bind>
</comp>

<comp id="240" class="1004" name="mul_ln60_fu_240">
<pin_list>
<pin id="241" dir="0" index="0" bw="8" slack="0"/>
<pin id="242" dir="0" index="1" bw="8" slack="0"/>
<pin id="243" dir="1" index="2" bw="16" slack="0"/>
</pin_list>
<bind>
<opcode="mul(12) " fcode="mul"/>
<opset="mul_ln60/3 "/>
</bind>
</comp>

<comp id="246" class="1004" name="tmp_4_fu_246">
<pin_list>
<pin id="247" dir="0" index="0" bw="8" slack="0"/>
<pin id="248" dir="0" index="1" bw="24" slack="0"/>
<pin id="249" dir="0" index="2" bw="5" slack="0"/>
<pin id="250" dir="0" index="3" bw="5" slack="0"/>
<pin id="251" dir="1" index="4" bw="8" slack="0"/>
</pin_list>
<bind>
<opcode="partselect(1002) " fcode="partselect"/>
<opset="tmp_4/3 "/>
</bind>
</comp>

<comp id="256" class="1004" name="sext_ln60_2_fu_256">
<pin_list>
<pin id="257" dir="0" index="0" bw="8" slack="0"/>
<pin id="258" dir="1" index="1" bw="16" slack="0"/>
</pin_list>
<bind>
<opcode="sext(35) " fcode="sext"/>
<opset="sext_ln60_2/3 "/>
</bind>
</comp>

<comp id="260" class="1004" name="tmp_5_fu_260">
<pin_list>
<pin id="261" dir="0" index="0" bw="8" slack="0"/>
<pin id="262" dir="0" index="1" bw="24" slack="0"/>
<pin id="263" dir="0" index="2" bw="5" slack="0"/>
<pin id="264" dir="0" index="3" bw="5" slack="0"/>
<pin id="265" dir="1" index="4" bw="8" slack="0"/>
</pin_list>
<bind>
<opcode="partselect(1002) " fcode="partselect"/>
<opset="tmp_5/3 "/>
</bind>
</comp>

<comp id="270" class="1004" name="sext_ln60_3_fu_270">
<pin_list>
<pin id="271" dir="0" index="0" bw="8" slack="0"/>
<pin id="272" dir="1" index="1" bw="16" slack="0"/>
</pin_list>
<bind>
<opcode="sext(35) " fcode="sext"/>
<opset="sext_ln60_3/3 "/>
</bind>
</comp>

<comp id="274" class="1004" name="tmp_6_fu_274">
<pin_list>
<pin id="275" dir="0" index="0" bw="8" slack="0"/>
<pin id="276" dir="0" index="1" bw="24" slack="0"/>
<pin id="277" dir="0" index="2" bw="6" slack="0"/>
<pin id="278" dir="0" index="3" bw="6" slack="0"/>
<pin id="279" dir="1" index="4" bw="8" slack="0"/>
</pin_list>
<bind>
<opcode="partselect(1002) " fcode="partselect"/>
<opset="tmp_6/3 "/>
</bind>
</comp>

<comp id="284" class="1004" name="sext_ln60_4_fu_284">
<pin_list>
<pin id="285" dir="0" index="0" bw="8" slack="0"/>
<pin id="286" dir="1" index="1" bw="16" slack="0"/>
</pin_list>
<bind>
<opcode="sext(35) " fcode="sext"/>
<opset="sext_ln60_4/3 "/>
</bind>
</comp>

<comp id="288" class="1004" name="tmp_7_fu_288">
<pin_list>
<pin id="289" dir="0" index="0" bw="8" slack="0"/>
<pin id="290" dir="0" index="1" bw="24" slack="0"/>
<pin id="291" dir="0" index="2" bw="6" slack="0"/>
<pin id="292" dir="0" index="3" bw="6" slack="0"/>
<pin id="293" dir="1" index="4" bw="8" slack="0"/>
</pin_list>
<bind>
<opcode="partselect(1002) " fcode="partselect"/>
<opset="tmp_7/3 "/>
</bind>
</comp>

<comp id="298" class="1004" name="sext_ln60_5_fu_298">
<pin_list>
<pin id="299" dir="0" index="0" bw="8" slack="0"/>
<pin id="300" dir="1" index="1" bw="16" slack="0"/>
</pin_list>
<bind>
<opcode="sext(35) " fcode="sext"/>
<opset="sext_ln60_5/3 "/>
</bind>
</comp>

<comp id="302" class="1007" name="grp_fu_302">
<pin_list>
<pin id="303" dir="0" index="0" bw="8" slack="0"/>
<pin id="304" dir="0" index="1" bw="8" slack="0"/>
<pin id="305" dir="0" index="2" bw="16" slack="2147483647"/>
<pin id="306" dir="1" index="3" bw="16" slack="0"/>
</pin_list>
<bind>
<opcode="muladd(1172) " fcode="muladd"/>
<opset="mul_ln60_1/3 add_ln60_1/3 "/>
</bind>
</comp>

<comp id="310" class="1007" name="grp_fu_310">
<pin_list>
<pin id="311" dir="0" index="0" bw="8" slack="0"/>
<pin id="312" dir="0" index="1" bw="8" slack="0"/>
<pin id="313" dir="0" index="2" bw="16" slack="0"/>
<pin id="314" dir="1" index="3" bw="16" slack="0"/>
</pin_list>
<bind>
<opcode="muladd(1172) " fcode="muladd"/>
<opset="mul_ln60_2/3 add_ln60/3 "/>
</bind>
</comp>

<comp id="319" class="1005" name="icmp_ln54_reg_319">
<pin_list>
<pin id="320" dir="0" index="0" bw="1" slack="1"/>
<pin id="321" dir="1" index="1" bw="1" slack="2147483647"/>
</pin_list>
<bind>
<opset="icmp_ln54 "/>
</bind>
</comp>

<comp id="323" class="1005" name="add_ln54_reg_323">
<pin_list>
<pin id="324" dir="0" index="0" bw="4" slack="0"/>
<pin id="325" dir="1" index="1" bw="4" slack="0"/>
</pin_list>
<bind>
<opset="add_ln54 "/>
</bind>
</comp>

<comp id="328" class="1005" name="select_ln57_reg_328">
<pin_list>
<pin id="329" dir="0" index="0" bw="2" slack="1"/>
<pin id="330" dir="1" index="1" bw="2" slack="1"/>
</pin_list>
<bind>
<opset="select_ln57 "/>
</bind>
</comp>

<comp id="333" class="1005" name="select_ln57_1_reg_333">
<pin_list>
<pin id="334" dir="0" index="0" bw="2" slack="0"/>
<pin id="335" dir="1" index="1" bw="2" slack="0"/>
</pin_list>
<bind>
<opset="select_ln57_1 "/>
</bind>
</comp>

<comp id="340" class="1005" name="a_addr_reg_340">
<pin_list>
<pin id="341" dir="0" index="0" bw="2" slack="1"/>
<pin id="342" dir="1" index="1" bw="2" slack="1"/>
</pin_list>
<bind>
<opset="a_addr "/>
</bind>
</comp>

<comp id="345" class="1005" name="b_addr_reg_345">
<pin_list>
<pin id="346" dir="0" index="0" bw="2" slack="1"/>
<pin id="347" dir="1" index="1" bw="2" slack="1"/>
</pin_list>
<bind>
<opset="b_addr "/>
</bind>
</comp>

<comp id="350" class="1005" name="j_reg_350">
<pin_list>
<pin id="351" dir="0" index="0" bw="2" slack="0"/>
<pin id="352" dir="1" index="1" bw="2" slack="0"/>
</pin_list>
<bind>
<opset="j "/>
</bind>
</comp>

</comp_list>

<net_list>
<net id="67"><net_src comp="0" pin="0"/><net_sink comp="62" pin=0"/></net>

<net id="68"><net_src comp="24" pin="0"/><net_sink comp="62" pin=1"/></net>

<net id="74"><net_src comp="62" pin="3"/><net_sink comp="69" pin=0"/></net>

<net id="80"><net_src comp="2" pin="0"/><net_sink comp="75" pin=0"/></net>

<net id="81"><net_src comp="24" pin="0"/><net_sink comp="75" pin=1"/></net>

<net id="87"><net_src comp="75" pin="3"/><net_sink comp="82" pin=0"/></net>

<net id="93"><net_src comp="4" pin="0"/><net_sink comp="88" pin=0"/></net>

<net id="94"><net_src comp="24" pin="0"/><net_sink comp="88" pin=1"/></net>

<net id="100"><net_src comp="88" pin="3"/><net_sink comp="95" pin=0"/></net>

<net id="104"><net_src comp="12" pin="0"/><net_sink comp="101" pin=0"/></net>

<net id="111"><net_src comp="101" pin="1"/><net_sink comp="105" pin=0"/></net>

<net id="115"><net_src comp="14" pin="0"/><net_sink comp="112" pin=0"/></net>

<net id="122"><net_src comp="112" pin="1"/><net_sink comp="116" pin=0"/></net>

<net id="126"><net_src comp="14" pin="0"/><net_sink comp="123" pin=0"/></net>

<net id="133"><net_src comp="123" pin="1"/><net_sink comp="127" pin=0"/></net>

<net id="138"><net_src comp="105" pin="4"/><net_sink comp="134" pin=0"/></net>

<net id="139"><net_src comp="16" pin="0"/><net_sink comp="134" pin=1"/></net>

<net id="144"><net_src comp="105" pin="4"/><net_sink comp="140" pin=0"/></net>

<net id="145"><net_src comp="18" pin="0"/><net_sink comp="140" pin=1"/></net>

<net id="150"><net_src comp="20" pin="0"/><net_sink comp="146" pin=0"/></net>

<net id="151"><net_src comp="116" pin="4"/><net_sink comp="146" pin=1"/></net>

<net id="156"><net_src comp="127" pin="4"/><net_sink comp="152" pin=0"/></net>

<net id="157"><net_src comp="22" pin="0"/><net_sink comp="152" pin=1"/></net>

<net id="163"><net_src comp="152" pin="2"/><net_sink comp="158" pin=0"/></net>

<net id="164"><net_src comp="14" pin="0"/><net_sink comp="158" pin=1"/></net>

<net id="165"><net_src comp="127" pin="4"/><net_sink comp="158" pin=2"/></net>

<net id="171"><net_src comp="152" pin="2"/><net_sink comp="166" pin=0"/></net>

<net id="172"><net_src comp="146" pin="2"/><net_sink comp="166" pin=1"/></net>

<net id="173"><net_src comp="116" pin="4"/><net_sink comp="166" pin=2"/></net>

<net id="177"><net_src comp="166" pin="3"/><net_sink comp="174" pin=0"/></net>

<net id="178"><net_src comp="174" pin="1"/><net_sink comp="62" pin=2"/></net>

<net id="182"><net_src comp="158" pin="3"/><net_sink comp="179" pin=0"/></net>

<net id="183"><net_src comp="179" pin="1"/><net_sink comp="75" pin=2"/></net>

<net id="188"><net_src comp="20" pin="0"/><net_sink comp="184" pin=0"/></net>

<net id="189"><net_src comp="158" pin="3"/><net_sink comp="184" pin=1"/></net>

<net id="198"><net_src comp="34" pin="0"/><net_sink comp="193" pin=0"/></net>

<net id="199"><net_src comp="14" pin="0"/><net_sink comp="193" pin=2"/></net>

<net id="203"><net_src comp="193" pin="3"/><net_sink comp="200" pin=0"/></net>

<net id="208"><net_src comp="200" pin="1"/><net_sink comp="204" pin=0"/></net>

<net id="209"><net_src comp="190" pin="1"/><net_sink comp="204" pin=1"/></net>

<net id="217"><net_src comp="210" pin="1"/><net_sink comp="213" pin=0"/></net>

<net id="218"><net_src comp="204" pin="2"/><net_sink comp="213" pin=1"/></net>

<net id="222"><net_src comp="213" pin="2"/><net_sink comp="219" pin=0"/></net>

<net id="223"><net_src comp="219" pin="1"/><net_sink comp="88" pin=2"/></net>

<net id="227"><net_src comp="69" pin="3"/><net_sink comp="224" pin=0"/></net>

<net id="231"><net_src comp="224" pin="1"/><net_sink comp="228" pin=0"/></net>

<net id="235"><net_src comp="82" pin="3"/><net_sink comp="232" pin=0"/></net>

<net id="239"><net_src comp="232" pin="1"/><net_sink comp="236" pin=0"/></net>

<net id="244"><net_src comp="228" pin="1"/><net_sink comp="240" pin=0"/></net>

<net id="245"><net_src comp="236" pin="1"/><net_sink comp="240" pin=1"/></net>

<net id="252"><net_src comp="50" pin="0"/><net_sink comp="246" pin=0"/></net>

<net id="253"><net_src comp="69" pin="3"/><net_sink comp="246" pin=1"/></net>

<net id="254"><net_src comp="52" pin="0"/><net_sink comp="246" pin=2"/></net>

<net id="255"><net_src comp="54" pin="0"/><net_sink comp="246" pin=3"/></net>

<net id="259"><net_src comp="246" pin="4"/><net_sink comp="256" pin=0"/></net>

<net id="266"><net_src comp="50" pin="0"/><net_sink comp="260" pin=0"/></net>

<net id="267"><net_src comp="82" pin="3"/><net_sink comp="260" pin=1"/></net>

<net id="268"><net_src comp="52" pin="0"/><net_sink comp="260" pin=2"/></net>

<net id="269"><net_src comp="54" pin="0"/><net_sink comp="260" pin=3"/></net>

<net id="273"><net_src comp="260" pin="4"/><net_sink comp="270" pin=0"/></net>

<net id="280"><net_src comp="50" pin="0"/><net_sink comp="274" pin=0"/></net>

<net id="281"><net_src comp="69" pin="3"/><net_sink comp="274" pin=1"/></net>

<net id="282"><net_src comp="56" pin="0"/><net_sink comp="274" pin=2"/></net>

<net id="283"><net_src comp="58" pin="0"/><net_sink comp="274" pin=3"/></net>

<net id="287"><net_src comp="274" pin="4"/><net_sink comp="284" pin=0"/></net>

<net id="294"><net_src comp="50" pin="0"/><net_sink comp="288" pin=0"/></net>

<net id="295"><net_src comp="82" pin="3"/><net_sink comp="288" pin=1"/></net>

<net id="296"><net_src comp="56" pin="0"/><net_sink comp="288" pin=2"/></net>

<net id="297"><net_src comp="58" pin="0"/><net_sink comp="288" pin=3"/></net>

<net id="301"><net_src comp="288" pin="4"/><net_sink comp="298" pin=0"/></net>

<net id="307"><net_src comp="256" pin="1"/><net_sink comp="302" pin=0"/></net>

<net id="308"><net_src comp="270" pin="1"/><net_sink comp="302" pin=1"/></net>

<net id="309"><net_src comp="302" pin="3"/><net_sink comp="95" pin=1"/></net>

<net id="315"><net_src comp="284" pin="1"/><net_sink comp="310" pin=0"/></net>

<net id="316"><net_src comp="298" pin="1"/><net_sink comp="310" pin=1"/></net>

<net id="317"><net_src comp="240" pin="2"/><net_sink comp="310" pin=2"/></net>

<net id="318"><net_src comp="310" pin="3"/><net_sink comp="302" pin=0"/></net>

<net id="322"><net_src comp="134" pin="2"/><net_sink comp="319" pin=0"/></net>

<net id="326"><net_src comp="140" pin="2"/><net_sink comp="323" pin=0"/></net>

<net id="327"><net_src comp="323" pin="1"/><net_sink comp="105" pin=2"/></net>

<net id="331"><net_src comp="158" pin="3"/><net_sink comp="328" pin=0"/></net>

<net id="332"><net_src comp="328" pin="1"/><net_sink comp="210" pin=0"/></net>

<net id="336"><net_src comp="166" pin="3"/><net_sink comp="333" pin=0"/></net>

<net id="337"><net_src comp="333" pin="1"/><net_sink comp="116" pin=2"/></net>

<net id="338"><net_src comp="333" pin="1"/><net_sink comp="190" pin=0"/></net>

<net id="339"><net_src comp="333" pin="1"/><net_sink comp="193" pin=1"/></net>

<net id="343"><net_src comp="62" pin="3"/><net_sink comp="340" pin=0"/></net>

<net id="344"><net_src comp="340" pin="1"/><net_sink comp="69" pin=0"/></net>

<net id="348"><net_src comp="75" pin="3"/><net_sink comp="345" pin=0"/></net>

<net id="349"><net_src comp="345" pin="1"/><net_sink comp="82" pin=0"/></net>

<net id="353"><net_src comp="184" pin="2"/><net_sink comp="350" pin=0"/></net>

<net id="354"><net_src comp="350" pin="1"/><net_sink comp="127" pin=2"/></net>

</net_list>

</model> 
---------------- Datapath Model END ------------------

* FSMD analyzer results:
  - Output states:
	Port: res | {3 }
 - Input state : 
	Port: matrixmul : a | {2 3 }
	Port: matrixmul : b | {2 3 }
  - Chain level:
	State 1
	State 2
		icmp_ln54 : 1
		add_ln54 : 1
		br_ln54 : 2
		i : 1
		icmp_ln56 : 1
		select_ln57 : 2
		select_ln57_1 : 2
		zext_ln57 : 3
		zext_ln57_1 : 3
		a_addr : 4
		a_load : 5
		b_addr : 4
		b_load : 5
		j : 3
	State 3
		zext_ln57_3 : 1
		sub_ln57 : 2
		add_ln57 : 3
		sext_ln57 : 4
		res_addr : 5
		trunc_ln60 : 1
		sext_ln60 : 2
		trunc_ln60_1 : 1
		sext_ln60_1 : 2
		mul_ln60 : 3
		tmp_4 : 1
		sext_ln60_2 : 2
		tmp_5 : 1
		sext_ln60_3 : 2
		mul_ln60_1 : 3
		tmp_6 : 1
		sext_ln60_4 : 2
		tmp_7 : 1
		sext_ln60_5 : 2
		mul_ln60_2 : 3
		add_ln60 : 4
		add_ln60_1 : 5
		store_ln60 : 6
		empty_4 : 1
	State 4


============================================================
+ Verbose Summary: Datapath Resource usage 
============================================================

* Functional unit list:
|----------|----------------------|---------|---------|---------|
| Operation|    Functional Unit   |  DSP48E |    FF   |   LUT   |
|----------|----------------------|---------|---------|---------|
|          |    add_ln54_fu_140   |    0    |    0    |    12   |
|    add   |       i_fu_146       |    0    |    0    |    9    |
|          |       j_fu_184       |    0    |    0    |    9    |
|          |    add_ln57_fu_213   |    0    |    0    |    10   |
|----------|----------------------|---------|---------|---------|
|    mul   |    mul_ln60_fu_240   |    0    |    0    |    40   |
|----------|----------------------|---------|---------|---------|
|   icmp   |   icmp_ln54_fu_134   |    0    |    0    |    9    |
|          |   icmp_ln56_fu_152   |    0    |    0    |    8    |
|----------|----------------------|---------|---------|---------|
|    sub   |    sub_ln57_fu_204   |    0    |    0    |    10   |
|----------|----------------------|---------|---------|---------|
|  select  |  select_ln57_fu_158  |    0    |    0    |    2    |
|          | select_ln57_1_fu_166 |    0    |    0    |    2    |
|----------|----------------------|---------|---------|---------|
|  muladd  |      grp_fu_302      |    1    |    0    |    0    |
|          |      grp_fu_310      |    1    |    0    |    0    |
|----------|----------------------|---------|---------|---------|
|          |   zext_ln57_fu_174   |    0    |    0    |    0    |
|          |  zext_ln57_1_fu_179  |    0    |    0    |    0    |
|   zext   |  zext_ln57_2_fu_190  |    0    |    0    |    0    |
|          |  zext_ln57_3_fu_200  |    0    |    0    |    0    |
|          |  zext_ln57_4_fu_210  |    0    |    0    |    0    |
|----------|----------------------|---------|---------|---------|
|bitconcatenate|      tmp_fu_193      |    0    |    0    |    0    |
|----------|----------------------|---------|---------|---------|
|          |   sext_ln57_fu_219   |    0    |    0    |    0    |
|          |   sext_ln60_fu_228   |    0    |    0    |    0    |
|          |  sext_ln60_1_fu_236  |    0    |    0    |    0    |
|   sext   |  sext_ln60_2_fu_256  |    0    |    0    |    0    |
|          |  sext_ln60_3_fu_270  |    0    |    0    |    0    |
|          |  sext_ln60_4_fu_284  |    0    |    0    |    0    |
|          |  sext_ln60_5_fu_298  |    0    |    0    |    0    |
|----------|----------------------|---------|---------|---------|
|   trunc  |   trunc_ln60_fu_224  |    0    |    0    |    0    |
|          |  trunc_ln60_1_fu_232 |    0    |    0    |    0    |
|----------|----------------------|---------|---------|---------|
|          |     tmp_4_fu_246     |    0    |    0    |    0    |
|partselect|     tmp_5_fu_260     |    0    |    0    |    0    |
|          |     tmp_6_fu_274     |    0    |    0    |    0    |
|          |     tmp_7_fu_288     |    0    |    0    |    0    |
|----------|----------------------|---------|---------|---------|
|   Total  |                      |    2    |    0    |   111   |
|----------|----------------------|---------|---------|---------|

Memories:
N/A

* Register list:
+----------------------+--------+
|                      |   FF   |
+----------------------+--------+
|    a_addr_reg_340    |    2   |
|   add_ln54_reg_323   |    4   |
|    b_addr_reg_345    |    2   |
|      i_0_reg_112     |    2   |
|   icmp_ln54_reg_319  |    1   |
|indvar_flatten_reg_101|    4   |
|      j_0_reg_123     |    2   |
|       j_reg_350      |    2   |
| select_ln57_1_reg_333|    2   |
|  select_ln57_reg_328 |    2   |
+----------------------+--------+
|         Total        |   23   |
+----------------------+--------+

* Multiplexer (MUX) list: 
|------------------|------|------|------|--------||---------||---------|
|       Comp       |  Pin | Size |  BW  | S x BW ||  Delay  ||   LUT   |
|------------------|------|------|------|--------||---------||---------|
| grp_access_fu_69 |  p0  |   2  |   2  |    4   ||    9    |
| grp_access_fu_82 |  p0  |   2  |   2  |    4   ||    9    |
|    grp_fu_302    |  p0  |   2  |   8  |   16   ||    9    |
|------------------|------|------|------|--------||---------||---------|
|       Total      |      |      |      |   24   ||  2.208  ||    27   |
|------------------|------|------|------|--------||---------||---------|



* Summary:
+-----------+--------+--------+--------+--------+
|           | DSP48E |  Delay |   FF   |   LUT  |
+-----------+--------+--------+--------+--------+
|  Function |    2   |    -   |    0   |   111  |
|   Memory  |    -   |    -   |    -   |    -   |
|Multiplexer|    -   |    2   |    -   |   27   |
|  Register |    -   |    -   |   23   |    -   |
+-----------+--------+--------+--------+--------+
|   Total   |    2   |    2   |   23   |   138  |
+-----------+--------+--------+--------+--------+
