#-----------------------------------------------------------
# Vivado v2019.1.3 (64-bit)
# SW Build 2644227 on Wed Sep  4 09:45:24 MDT 2019
# IP Build 2633630 on Wed Sep  4 12:30:14 MDT 2019
# Start of session at: Tue Oct  1 22:23:04 2019
# Process ID: 15516
# Current directory: C:/wrk/ETH_ToE_Github/ug871-design-files/Introduction/lab1/fir_prj/solution1/impl/ip
# Command line: vivado.exe -notrace -mode batch -source run_ippack.tcl
# Log file: C:/wrk/ETH_ToE_Github/ug871-design-files/Introduction/lab1/fir_prj/solution1/impl/ip/vivado.log
# Journal file: C:/wrk/ETH_ToE_Github/ug871-design-files/Introduction/lab1/fir_prj/solution1/impl/ip\vivado.jou
#-----------------------------------------------------------
couldn't load library "librdi_tcltasks.dll": A function specified in the import table could not be resolved by the system.  Windows is not telling which one, I'm sorry.
Could not load library 'librdi_tcltasks' needed by 'core', please check installation.
    while executing
"error "$result\nCould not load library '$library' needed by '$feature', please check installation.""
    (procedure "rdi::load_library" line 4)
    invoked from within
"rdi::load_library core librdi_tcltasks"
    (file "C:/Xilinx/Vivado/2019.1\lib\scripts\rdi\features\core\core.tcl" line 5)
ERROR: [Common 17-217] Failed to load feature 'core'.
INFO: [Common 17-206] Exiting Vivado at Tue Oct  1 22:23:04 2019...
