   Build using "C:/Xilinx/Vivado/2019.2/tps/win64/msys64/mingw64/bin/g++"
   Compiling apatb_duc.cpp
   Compiling (apcc) imf2.c_pre.c.tb.c
INFO: [HLS 200-10] Running 'C:/Xilinx/Vivado/2019.2/bin/unwrapped/win64.o/apcc.exe'
INFO: [HLS 200-10] For user 'JiinLai' on host 'jiinlai-mac' (Windows NT_amd64 version 6.2) on Tue Feb 11 19:59:40 +0800 2020
INFO: [HLS 200-10] In directory 'C:/wrk/ETH_ToE_Github/ug871-design-files/RTL_Verification/lab2/duc_prj/solution1/sim/wrapc'
clang: warning: argument unused during compilation: '-fno-builtin-isinf'
clang: warning: argument unused during compilation: '-fno-builtin-isnan'
INFO: [APCC 202-3] Tmp directory is apcc_db
INFO: [APCC 202-1] APCC is done.
   Compiling (apcc) dds.c_pre.c.tb.c
INFO: [HLS 200-10] Running 'C:/Xilinx/Vivado/2019.2/bin/unwrapped/win64.o/apcc.exe'
INFO: [HLS 200-10] For user 'JiinLai' on host 'jiinlai-mac' (Windows NT_amd64 version 6.2) on Tue Feb 11 19:59:45 +0800 2020
INFO: [HLS 200-10] In directory 'C:/wrk/ETH_ToE_Github/ug871-design-files/RTL_Verification/lab2/duc_prj/solution1/sim/wrapc'
clang: warning: argument unused during compilation: '-fno-builtin-isinf'
clang: warning: argument unused during compilation: '-fno-builtin-isnan'
INFO: [APCC 202-3] Tmp directory is apcc_db
INFO: [APCC 202-1] APCC is done.
   Compiling (apcc) mac.c_pre.c.tb.c
INFO: [HLS 200-10] Running 'C:/Xilinx/Vivado/2019.2/bin/unwrapped/win64.o/apcc.exe'
INFO: [HLS 200-10] For user 'JiinLai' on host 'jiinlai-mac' (Windows NT_amd64 version 6.2) on Tue Feb 11 19:59:50 +0800 2020
INFO: [HLS 200-10] In directory 'C:/wrk/ETH_ToE_Github/ug871-design-files/RTL_Verification/lab2/duc_prj/solution1/sim/wrapc'
clang: warning: argument unused during compilation: '-fno-builtin-isinf'
clang: warning: argument unused during compilation: '-fno-builtin-isnan'
INFO: [APCC 202-3] Tmp directory is apcc_db
INFO: [APCC 202-1] APCC is done.
   Compiling (apcc) duc_test.c_pre.c.tb.c
INFO: [HLS 200-10] Running 'C:/Xilinx/Vivado/2019.2/bin/unwrapped/win64.o/apcc.exe'
INFO: [HLS 200-10] For user 'JiinLai' on host 'jiinlai-mac' (Windows NT_amd64 version 6.2) on Tue Feb 11 19:59:55 +0800 2020
INFO: [HLS 200-10] In directory 'C:/wrk/ETH_ToE_Github/ug871-design-files/RTL_Verification/lab2/duc_prj/solution1/sim/wrapc'
clang: warning: argument unused during compilation: '-fno-builtin-isinf'
clang: warning: argument unused during compilation: '-fno-builtin-isnan'
INFO: [APCC 202-3] Tmp directory is apcc_db
INFO: [APCC 202-1] APCC is done.
   Compiling (apcc) srrc.c_pre.c.tb.c
INFO: [HLS 200-10] Running 'C:/Xilinx/Vivado/2019.2/bin/unwrapped/win64.o/apcc.exe'
INFO: [HLS 200-10] For user 'JiinLai' on host 'jiinlai-mac' (Windows NT_amd64 version 6.2) on Tue Feb 11 20:00:04 +0800 2020
INFO: [HLS 200-10] In directory 'C:/wrk/ETH_ToE_Github/ug871-design-files/RTL_Verification/lab2/duc_prj/solution1/sim/wrapc'
clang: warning: argument unused during compilation: '-fno-builtin-isinf'
clang: warning: argument unused during compilation: '-fno-builtin-isnan'
INFO: [APCC 202-3] Tmp directory is apcc_db
INFO: [APCC 202-1] APCC is done.
   Compiling (apcc) imf3.c_pre.c.tb.c
INFO: [HLS 200-10] Running 'C:/Xilinx/Vivado/2019.2/bin/unwrapped/win64.o/apcc.exe'
INFO: [HLS 200-10] For user 'JiinLai' on host 'jiinlai-mac' (Windows NT_amd64 version 6.2) on Tue Feb 11 20:00:09 +0800 2020
INFO: [HLS 200-10] In directory 'C:/wrk/ETH_ToE_Github/ug871-design-files/RTL_Verification/lab2/duc_prj/solution1/sim/wrapc'
clang: warning: argument unused during compilation: '-fno-builtin-isinf'
clang: warning: argument unused during compilation: '-fno-builtin-isnan'
INFO: [APCC 202-3] Tmp directory is apcc_db
INFO: [APCC 202-1] APCC is done.
   Compiling (apcc) imf1.c_pre.c.tb.c
INFO: [HLS 200-10] Running 'C:/Xilinx/Vivado/2019.2/bin/unwrapped/win64.o/apcc.exe'
INFO: [HLS 200-10] For user 'JiinLai' on host 'jiinlai-mac' (Windows NT_amd64 version 6.2) on Tue Feb 11 20:00:16 +0800 2020
INFO: [HLS 200-10] In directory 'C:/wrk/ETH_ToE_Github/ug871-design-files/RTL_Verification/lab2/duc_prj/solution1/sim/wrapc'
clang: warning: argument unused during compilation: '-fno-builtin-isinf'
clang: warning: argument unused during compilation: '-fno-builtin-isnan'
INFO: [APCC 202-3] Tmp directory is apcc_db
INFO: [APCC 202-1] APCC is done.
   Compiling (apcc) mixer.c_pre.c.tb.c
INFO: [HLS 200-10] Running 'C:/Xilinx/Vivado/2019.2/bin/unwrapped/win64.o/apcc.exe'
INFO: [HLS 200-10] For user 'JiinLai' on host 'jiinlai-mac' (Windows NT_amd64 version 6.2) on Tue Feb 11 20:00:22 +0800 2020
INFO: [HLS 200-10] In directory 'C:/wrk/ETH_ToE_Github/ug871-design-files/RTL_Verification/lab2/duc_prj/solution1/sim/wrapc'
clang: warning: argument unused during compilation: '-fno-builtin-isinf'
clang: warning: argument unused during compilation: '-fno-builtin-isnan'
INFO: [APCC 202-3] Tmp directory is apcc_db
INFO: [APCC 202-1] APCC is done.
   Compiling (apcc) duc.c_pre.c.tb.c
INFO: [HLS 200-10] Running 'C:/Xilinx/Vivado/2019.2/bin/unwrapped/win64.o/apcc.exe'
INFO: [HLS 200-10] For user 'JiinLai' on host 'jiinlai-mac' (Windows NT_amd64 version 6.2) on Tue Feb 11 20:00:28 +0800 2020
INFO: [HLS 200-10] In directory 'C:/wrk/ETH_ToE_Github/ug871-design-files/RTL_Verification/lab2/duc_prj/solution1/sim/wrapc'
clang: warning: argument unused during compilation: '-fno-builtin-isinf'
clang: warning: argument unused during compilation: '-fno-builtin-isnan'
INFO: [APCC 202-3] Tmp directory is apcc_db
INFO: [APCC 202-1] APCC is done.
   Generating cosim.tv.exe
