#-----------------------------------------------------------
# Vivado v2019.2 (64-bit)
# SW Build 2708876 on Wed Nov  6 21:40:23 MST 2019
# IP Build 2700528 on Thu Nov  7 00:09:20 MST 2019
# Start of session at: Fri Mar 26 21:43:06 2021
# Process ID: 52400
# Current directory: D:/Repo/hls/lab2/lab2.vivado_hls/solution1/sim/verilog
# Command line: vivado.exe -source open_wave.tcl
# Log file: D:/Repo/hls/lab2/lab2.vivado_hls/solution1/sim/verilog/vivado.log
# Journal file: D:/Repo/hls/lab2/lab2.vivado_hls/solution1/sim/verilog\vivado.jou
#-----------------------------------------------------------
start_gui
source open_wave.tcl
# current_fileset
INFO: [IP_Flow 19-234] Refreshing IP repositories
INFO: [IP_Flow 19-1704] No user IP repositories specified
INFO: [IP_Flow 19-2313] Loaded Vivado IP repository 'C:/Xilinx/Vivado/2019.2/data/ip'.
current_fileset: Time (s): cpu = 00:00:07 ; elapsed = 00:00:07 . Memory (MB): peak = 697.797 ; gain = 111.629
# open_wave_database fir_n11_maxi.wdb
open_wave_config D:/Repo/hls/lab2/lab2.vivado_hls/solution1/sim/verilog/fir_n11_maxi.wcfg
close_sim
INFO: [Simtcl 6-16] Simulation closed
exit
INFO: [Common 17-206] Exiting Vivado at Fri Mar 26 21:49:50 2021...
