#-----------------------------------------------------------
# xsim v2019.2 (64-bit)
# SW Build 2708876 on Wed Nov  6 21:40:23 MST 2019
# IP Build 2700528 on Thu Nov  7 00:09:20 MST 2019
# Start of session at: Sun Mar  7 01:04:02 2021
# Process ID: 17500
# Current directory: D:/Vivado/lab2_hls/solution1/sim/verilog
# Command line: xsim.exe -mode tcl -source {xsim.dir/fir_n11_maxi/xsim_script.tcl}
# Log file: D:/Vivado/lab2_hls/solution1/sim/verilog/xsim.log
# Journal file: D:/Vivado/lab2_hls/solution1/sim/verilog\xsim.jou
#-----------------------------------------------------------
source xsim.dir/fir_n11_maxi/xsim_script.tcl
# xsim {fir_n11_maxi} -autoloadwcfg -tclbatch {fir_n11_maxi.tcl}
Vivado Simulator 2019.2
Time resolution is 1 ps
source fir_n11_maxi.tcl
## log_wave -r /
WARNING: [Simtcl 6-197] One or more HDL objects could not be logged because of object type or size limitations.  To see details please rerun the command with -verbose (-v).
## set designtopgroup [add_wave_group "Design Top Signals"]
## set cinoutgroup [add_wave_group "C InOuts" -into $designtopgroup]
## set pn32HPInput__pn32HPOutput_group [add_wave_group pn32HPInput__pn32HPOutput(axi_master) -into $cinoutgroup]
## set rdata_group [add_wave_group "Read Channel" -into $pn32HPInput__pn32HPOutput_group]
## set wdata_group [add_wave_group "Write Channel" -into $pn32HPInput__pn32HPOutput_group]
## set ctrl_group [add_wave_group "Handshakes" -into $pn32HPInput__pn32HPOutput_group]
## add_wave /apatb_fir_n11_maxi_top/AESL_inst_fir_n11_maxi/m_axi_gmem_BUSER -into $wdata_group -radix hex
## add_wave /apatb_fir_n11_maxi_top/AESL_inst_fir_n11_maxi/m_axi_gmem_BID -into $wdata_group -radix hex
## add_wave /apatb_fir_n11_maxi_top/AESL_inst_fir_n11_maxi/m_axi_gmem_BRESP -into $wdata_group -radix hex
## add_wave /apatb_fir_n11_maxi_top/AESL_inst_fir_n11_maxi/m_axi_gmem_BREADY -into $ctrl_group -color #ffff00 -radix hex
## add_wave /apatb_fir_n11_maxi_top/AESL_inst_fir_n11_maxi/m_axi_gmem_BVALID -into $ctrl_group -color #ffff00 -radix hex
## add_wave /apatb_fir_n11_maxi_top/AESL_inst_fir_n11_maxi/m_axi_gmem_RRESP -into $rdata_group -radix hex
## add_wave /apatb_fir_n11_maxi_top/AESL_inst_fir_n11_maxi/m_axi_gmem_RUSER -into $rdata_group -radix hex
## add_wave /apatb_fir_n11_maxi_top/AESL_inst_fir_n11_maxi/m_axi_gmem_RID -into $rdata_group -radix hex
## add_wave /apatb_fir_n11_maxi_top/AESL_inst_fir_n11_maxi/m_axi_gmem_RLAST -into $ctrl_group -color #ffff00 -radix hex
## add_wave /apatb_fir_n11_maxi_top/AESL_inst_fir_n11_maxi/m_axi_gmem_RDATA -into $rdata_group -radix hex
## add_wave /apatb_fir_n11_maxi_top/AESL_inst_fir_n11_maxi/m_axi_gmem_RREADY -into $ctrl_group -color #ffff00 -radix hex
## add_wave /apatb_fir_n11_maxi_top/AESL_inst_fir_n11_maxi/m_axi_gmem_RVALID -into $ctrl_group -color #ffff00 -radix hex
## add_wave /apatb_fir_n11_maxi_top/AESL_inst_fir_n11_maxi/m_axi_gmem_ARUSER -into $rdata_group -radix hex
## add_wave /apatb_fir_n11_maxi_top/AESL_inst_fir_n11_maxi/m_axi_gmem_ARREGION -into $rdata_group -radix hex
## add_wave /apatb_fir_n11_maxi_top/AESL_inst_fir_n11_maxi/m_axi_gmem_ARQOS -into $rdata_group -radix hex
## add_wave /apatb_fir_n11_maxi_top/AESL_inst_fir_n11_maxi/m_axi_gmem_ARPROT -into $rdata_group -radix hex
## add_wave /apatb_fir_n11_maxi_top/AESL_inst_fir_n11_maxi/m_axi_gmem_ARCACHE -into $rdata_group -radix hex
## add_wave /apatb_fir_n11_maxi_top/AESL_inst_fir_n11_maxi/m_axi_gmem_ARLOCK -into $rdata_group -radix hex
## add_wave /apatb_fir_n11_maxi_top/AESL_inst_fir_n11_maxi/m_axi_gmem_ARBURST -into $rdata_group -radix hex
## add_wave /apatb_fir_n11_maxi_top/AESL_inst_fir_n11_maxi/m_axi_gmem_ARSIZE -into $rdata_group -radix hex
## add_wave /apatb_fir_n11_maxi_top/AESL_inst_fir_n11_maxi/m_axi_gmem_ARLEN -into $rdata_group -radix hex
## add_wave /apatb_fir_n11_maxi_top/AESL_inst_fir_n11_maxi/m_axi_gmem_ARID -into $rdata_group -radix hex
## add_wave /apatb_fir_n11_maxi_top/AESL_inst_fir_n11_maxi/m_axi_gmem_ARADDR -into $rdata_group -radix hex
## add_wave /apatb_fir_n11_maxi_top/AESL_inst_fir_n11_maxi/m_axi_gmem_ARREADY -into $ctrl_group -color #ffff00 -radix hex
## add_wave /apatb_fir_n11_maxi_top/AESL_inst_fir_n11_maxi/m_axi_gmem_ARVALID -into $ctrl_group -color #ffff00 -radix hex
## add_wave /apatb_fir_n11_maxi_top/AESL_inst_fir_n11_maxi/m_axi_gmem_WUSER -into $wdata_group -radix hex
## add_wave /apatb_fir_n11_maxi_top/AESL_inst_fir_n11_maxi/m_axi_gmem_WID -into $wdata_group -radix hex
## add_wave /apatb_fir_n11_maxi_top/AESL_inst_fir_n11_maxi/m_axi_gmem_WLAST -into $ctrl_group -color #ffff00 -radix hex
## add_wave /apatb_fir_n11_maxi_top/AESL_inst_fir_n11_maxi/m_axi_gmem_WSTRB -into $wdata_group -radix hex
## add_wave /apatb_fir_n11_maxi_top/AESL_inst_fir_n11_maxi/m_axi_gmem_WDATA -into $wdata_group -radix hex
## add_wave /apatb_fir_n11_maxi_top/AESL_inst_fir_n11_maxi/m_axi_gmem_WREADY -into $ctrl_group -color #ffff00 -radix hex
## add_wave /apatb_fir_n11_maxi_top/AESL_inst_fir_n11_maxi/m_axi_gmem_WVALID -into $ctrl_group -color #ffff00 -radix hex
## add_wave /apatb_fir_n11_maxi_top/AESL_inst_fir_n11_maxi/m_axi_gmem_AWUSER -into $wdata_group -radix hex
## add_wave /apatb_fir_n11_maxi_top/AESL_inst_fir_n11_maxi/m_axi_gmem_AWREGION -into $wdata_group -radix hex
## add_wave /apatb_fir_n11_maxi_top/AESL_inst_fir_n11_maxi/m_axi_gmem_AWQOS -into $wdata_group -radix hex
## add_wave /apatb_fir_n11_maxi_top/AESL_inst_fir_n11_maxi/m_axi_gmem_AWPROT -into $wdata_group -radix hex
## add_wave /apatb_fir_n11_maxi_top/AESL_inst_fir_n11_maxi/m_axi_gmem_AWCACHE -into $wdata_group -radix hex
## add_wave /apatb_fir_n11_maxi_top/AESL_inst_fir_n11_maxi/m_axi_gmem_AWLOCK -into $wdata_group -radix hex
## add_wave /apatb_fir_n11_maxi_top/AESL_inst_fir_n11_maxi/m_axi_gmem_AWBURST -into $wdata_group -radix hex
## add_wave /apatb_fir_n11_maxi_top/AESL_inst_fir_n11_maxi/m_axi_gmem_AWSIZE -into $wdata_group -radix hex
## add_wave /apatb_fir_n11_maxi_top/AESL_inst_fir_n11_maxi/m_axi_gmem_AWLEN -into $wdata_group -radix hex
## add_wave /apatb_fir_n11_maxi_top/AESL_inst_fir_n11_maxi/m_axi_gmem_AWID -into $wdata_group -radix hex
## add_wave /apatb_fir_n11_maxi_top/AESL_inst_fir_n11_maxi/m_axi_gmem_AWADDR -into $wdata_group -radix hex
## add_wave /apatb_fir_n11_maxi_top/AESL_inst_fir_n11_maxi/m_axi_gmem_AWREADY -into $ctrl_group -color #ffff00 -radix hex
## add_wave /apatb_fir_n11_maxi_top/AESL_inst_fir_n11_maxi/m_axi_gmem_AWVALID -into $ctrl_group -color #ffff00 -radix hex
## set pn32HPInput__pn32HPOutput__an32Coef__regXferLeng__return_group [add_wave_group pn32HPInput__pn32HPOutput__an32Coef__regXferLeng__return(axi_slave) -into $cinoutgroup]
## add_wave /apatb_fir_n11_maxi_top/AESL_inst_fir_n11_maxi/interrupt -into $pn32HPInput__pn32HPOutput__an32Coef__regXferLeng__return_group -color #ffff00 -radix hex
## add_wave /apatb_fir_n11_maxi_top/AESL_inst_fir_n11_maxi/s_axi_AXILiteS_BRESP -into $pn32HPInput__pn32HPOutput__an32Coef__regXferLeng__return_group -radix hex
## add_wave /apatb_fir_n11_maxi_top/AESL_inst_fir_n11_maxi/s_axi_AXILiteS_BREADY -into $pn32HPInput__pn32HPOutput__an32Coef__regXferLeng__return_group -color #ffff00 -radix hex
## add_wave /apatb_fir_n11_maxi_top/AESL_inst_fir_n11_maxi/s_axi_AXILiteS_BVALID -into $pn32HPInput__pn32HPOutput__an32Coef__regXferLeng__return_group -color #ffff00 -radix hex
## add_wave /apatb_fir_n11_maxi_top/AESL_inst_fir_n11_maxi/s_axi_AXILiteS_RRESP -into $pn32HPInput__pn32HPOutput__an32Coef__regXferLeng__return_group -radix hex
## add_wave /apatb_fir_n11_maxi_top/AESL_inst_fir_n11_maxi/s_axi_AXILiteS_RDATA -into $pn32HPInput__pn32HPOutput__an32Coef__regXferLeng__return_group -radix hex
## add_wave /apatb_fir_n11_maxi_top/AESL_inst_fir_n11_maxi/s_axi_AXILiteS_RREADY -into $pn32HPInput__pn32HPOutput__an32Coef__regXferLeng__return_group -color #ffff00 -radix hex
## add_wave /apatb_fir_n11_maxi_top/AESL_inst_fir_n11_maxi/s_axi_AXILiteS_RVALID -into $pn32HPInput__pn32HPOutput__an32Coef__regXferLeng__return_group -color #ffff00 -radix hex
## add_wave /apatb_fir_n11_maxi_top/AESL_inst_fir_n11_maxi/s_axi_AXILiteS_ARREADY -into $pn32HPInput__pn32HPOutput__an32Coef__regXferLeng__return_group -color #ffff00 -radix hex
## add_wave /apatb_fir_n11_maxi_top/AESL_inst_fir_n11_maxi/s_axi_AXILiteS_ARVALID -into $pn32HPInput__pn32HPOutput__an32Coef__regXferLeng__return_group -color #ffff00 -radix hex
## add_wave /apatb_fir_n11_maxi_top/AESL_inst_fir_n11_maxi/s_axi_AXILiteS_ARADDR -into $pn32HPInput__pn32HPOutput__an32Coef__regXferLeng__return_group -radix hex
## add_wave /apatb_fir_n11_maxi_top/AESL_inst_fir_n11_maxi/s_axi_AXILiteS_WSTRB -into $pn32HPInput__pn32HPOutput__an32Coef__regXferLeng__return_group -radix hex
## add_wave /apatb_fir_n11_maxi_top/AESL_inst_fir_n11_maxi/s_axi_AXILiteS_WDATA -into $pn32HPInput__pn32HPOutput__an32Coef__regXferLeng__return_group -radix hex
## add_wave /apatb_fir_n11_maxi_top/AESL_inst_fir_n11_maxi/s_axi_AXILiteS_WREADY -into $pn32HPInput__pn32HPOutput__an32Coef__regXferLeng__return_group -color #ffff00 -radix hex
## add_wave /apatb_fir_n11_maxi_top/AESL_inst_fir_n11_maxi/s_axi_AXILiteS_WVALID -into $pn32HPInput__pn32HPOutput__an32Coef__regXferLeng__return_group -color #ffff00 -radix hex
## add_wave /apatb_fir_n11_maxi_top/AESL_inst_fir_n11_maxi/s_axi_AXILiteS_AWREADY -into $pn32HPInput__pn32HPOutput__an32Coef__regXferLeng__return_group -color #ffff00 -radix hex
## add_wave /apatb_fir_n11_maxi_top/AESL_inst_fir_n11_maxi/s_axi_AXILiteS_AWVALID -into $pn32HPInput__pn32HPOutput__an32Coef__regXferLeng__return_group -color #ffff00 -radix hex
## add_wave /apatb_fir_n11_maxi_top/AESL_inst_fir_n11_maxi/s_axi_AXILiteS_AWADDR -into $pn32HPInput__pn32HPOutput__an32Coef__regXferLeng__return_group -radix hex
## set blocksiggroup [add_wave_group "Block-level IO Handshake(internal)" -into $designtopgroup]
## add_wave /apatb_fir_n11_maxi_top/AESL_inst_fir_n11_maxi/ap_done -into $blocksiggroup
## add_wave /apatb_fir_n11_maxi_top/AESL_inst_fir_n11_maxi/ap_idle -into $blocksiggroup
## add_wave /apatb_fir_n11_maxi_top/AESL_inst_fir_n11_maxi/ap_ready -into $blocksiggroup
## add_wave /apatb_fir_n11_maxi_top/AESL_inst_fir_n11_maxi/ap_start -into $blocksiggroup
## set resetgroup [add_wave_group "Reset" -into $designtopgroup]
## add_wave /apatb_fir_n11_maxi_top/AESL_inst_fir_n11_maxi/ap_rst_n -into $resetgroup
## set clockgroup [add_wave_group "Clock" -into $designtopgroup]
## add_wave /apatb_fir_n11_maxi_top/AESL_inst_fir_n11_maxi/ap_clk -into $clockgroup
## set testbenchgroup [add_wave_group "Test Bench Signals"]
## set tbinternalsiggroup [add_wave_group "Internal Signals" -into $testbenchgroup]
## set tb_simstatus_group [add_wave_group "Simulation Status" -into $tbinternalsiggroup]
## set tb_portdepth_group [add_wave_group "Port Depth" -into $tbinternalsiggroup]
## add_wave /apatb_fir_n11_maxi_top/AUTOTB_TRANSACTION_NUM -into $tb_simstatus_group -radix hex
## add_wave /apatb_fir_n11_maxi_top/ready_cnt -into $tb_simstatus_group -radix hex
## add_wave /apatb_fir_n11_maxi_top/done_cnt -into $tb_simstatus_group -radix hex
## add_wave /apatb_fir_n11_maxi_top/LENGTH_gmem -into $tb_portdepth_group -radix hex
## add_wave /apatb_fir_n11_maxi_top/LENGTH_pn32HPInput -into $tb_portdepth_group -radix hex
## add_wave /apatb_fir_n11_maxi_top/LENGTH_pn32HPOutput -into $tb_portdepth_group -radix hex
## add_wave /apatb_fir_n11_maxi_top/LENGTH_an32Coef -into $tb_portdepth_group -radix hex
## add_wave /apatb_fir_n11_maxi_top/LENGTH_regXferLeng_V -into $tb_portdepth_group -radix hex
## set tbcinoutgroup [add_wave_group "C InOuts" -into $testbenchgroup]
## set tb_pn32HPInput__pn32HPOutput_group [add_wave_group pn32HPInput__pn32HPOutput(axi_master) -into $tbcinoutgroup]
## set rdata_group [add_wave_group "Read Channel" -into $tb_pn32HPInput__pn32HPOutput_group]
## set wdata_group [add_wave_group "Write Channel" -into $tb_pn32HPInput__pn32HPOutput_group]
## set ctrl_group [add_wave_group "Handshakes" -into $tb_pn32HPInput__pn32HPOutput_group]
## add_wave /apatb_fir_n11_maxi_top/gmem_BUSER -into $wdata_group -radix hex
## add_wave /apatb_fir_n11_maxi_top/gmem_BID -into $wdata_group -radix hex
## add_wave /apatb_fir_n11_maxi_top/gmem_BRESP -into $wdata_group -radix hex
## add_wave /apatb_fir_n11_maxi_top/gmem_BREADY -into $ctrl_group -color #ffff00 -radix hex
## add_wave /apatb_fir_n11_maxi_top/gmem_BVALID -into $ctrl_group -color #ffff00 -radix hex
## add_wave /apatb_fir_n11_maxi_top/gmem_RRESP -into $rdata_group -radix hex
## add_wave /apatb_fir_n11_maxi_top/gmem_RUSER -into $rdata_group -radix hex
## add_wave /apatb_fir_n11_maxi_top/gmem_RID -into $rdata_group -radix hex
## add_wave /apatb_fir_n11_maxi_top/gmem_RLAST -into $ctrl_group -color #ffff00 -radix hex
## add_wave /apatb_fir_n11_maxi_top/gmem_RDATA -into $rdata_group -radix hex
## add_wave /apatb_fir_n11_maxi_top/gmem_RREADY -into $ctrl_group -color #ffff00 -radix hex
## add_wave /apatb_fir_n11_maxi_top/gmem_RVALID -into $ctrl_group -color #ffff00 -radix hex
## add_wave /apatb_fir_n11_maxi_top/gmem_ARUSER -into $rdata_group -radix hex
## add_wave /apatb_fir_n11_maxi_top/gmem_ARREGION -into $rdata_group -radix hex
## add_wave /apatb_fir_n11_maxi_top/gmem_ARQOS -into $rdata_group -radix hex
## add_wave /apatb_fir_n11_maxi_top/gmem_ARPROT -into $rdata_group -radix hex
## add_wave /apatb_fir_n11_maxi_top/gmem_ARCACHE -into $rdata_group -radix hex
## add_wave /apatb_fir_n11_maxi_top/gmem_ARLOCK -into $rdata_group -radix hex
## add_wave /apatb_fir_n11_maxi_top/gmem_ARBURST -into $rdata_group -radix hex
## add_wave /apatb_fir_n11_maxi_top/gmem_ARSIZE -into $rdata_group -radix hex
## add_wave /apatb_fir_n11_maxi_top/gmem_ARLEN -into $rdata_group -radix hex
## add_wave /apatb_fir_n11_maxi_top/gmem_ARID -into $rdata_group -radix hex
## add_wave /apatb_fir_n11_maxi_top/gmem_ARADDR -into $rdata_group -radix hex
## add_wave /apatb_fir_n11_maxi_top/gmem_ARREADY -into $ctrl_group -color #ffff00 -radix hex
## add_wave /apatb_fir_n11_maxi_top/gmem_ARVALID -into $ctrl_group -color #ffff00 -radix hex
## add_wave /apatb_fir_n11_maxi_top/gmem_WUSER -into $wdata_group -radix hex
## add_wave /apatb_fir_n11_maxi_top/gmem_WID -into $wdata_group -radix hex
## add_wave /apatb_fir_n11_maxi_top/gmem_WLAST -into $ctrl_group -color #ffff00 -radix hex
## add_wave /apatb_fir_n11_maxi_top/gmem_WSTRB -into $wdata_group -radix hex
## add_wave /apatb_fir_n11_maxi_top/gmem_WDATA -into $wdata_group -radix hex
## add_wave /apatb_fir_n11_maxi_top/gmem_WREADY -into $ctrl_group -color #ffff00 -radix hex
## add_wave /apatb_fir_n11_maxi_top/gmem_WVALID -into $ctrl_group -color #ffff00 -radix hex
## add_wave /apatb_fir_n11_maxi_top/gmem_AWUSER -into $wdata_group -radix hex
## add_wave /apatb_fir_n11_maxi_top/gmem_AWREGION -into $wdata_group -radix hex
## add_wave /apatb_fir_n11_maxi_top/gmem_AWQOS -into $wdata_group -radix hex
## add_wave /apatb_fir_n11_maxi_top/gmem_AWPROT -into $wdata_group -radix hex
## add_wave /apatb_fir_n11_maxi_top/gmem_AWCACHE -into $wdata_group -radix hex
## add_wave /apatb_fir_n11_maxi_top/gmem_AWLOCK -into $wdata_group -radix hex
## add_wave /apatb_fir_n11_maxi_top/gmem_AWBURST -into $wdata_group -radix hex
## add_wave /apatb_fir_n11_maxi_top/gmem_AWSIZE -into $wdata_group -radix hex
## add_wave /apatb_fir_n11_maxi_top/gmem_AWLEN -into $wdata_group -radix hex
## add_wave /apatb_fir_n11_maxi_top/gmem_AWID -into $wdata_group -radix hex
## add_wave /apatb_fir_n11_maxi_top/gmem_AWADDR -into $wdata_group -radix hex
## add_wave /apatb_fir_n11_maxi_top/gmem_AWREADY -into $ctrl_group -color #ffff00 -radix hex
## add_wave /apatb_fir_n11_maxi_top/gmem_AWVALID -into $ctrl_group -color #ffff00 -radix hex
## set tb_pn32HPInput__pn32HPOutput__an32Coef__regXferLeng__return_group [add_wave_group pn32HPInput__pn32HPOutput__an32Coef__regXferLeng__return(axi_slave) -into $tbcinoutgroup]
## add_wave /apatb_fir_n11_maxi_top/AXILiteS_INTERRUPT -into $tb_pn32HPInput__pn32HPOutput__an32Coef__regXferLeng__return_group -color #ffff00 -radix hex
## add_wave /apatb_fir_n11_maxi_top/AXILiteS_BRESP -into $tb_pn32HPInput__pn32HPOutput__an32Coef__regXferLeng__return_group -radix hex
## add_wave /apatb_fir_n11_maxi_top/AXILiteS_BREADY -into $tb_pn32HPInput__pn32HPOutput__an32Coef__regXferLeng__return_group -color #ffff00 -radix hex
## add_wave /apatb_fir_n11_maxi_top/AXILiteS_BVALID -into $tb_pn32HPInput__pn32HPOutput__an32Coef__regXferLeng__return_group -color #ffff00 -radix hex
## add_wave /apatb_fir_n11_maxi_top/AXILiteS_RRESP -into $tb_pn32HPInput__pn32HPOutput__an32Coef__regXferLeng__return_group -radix hex
## add_wave /apatb_fir_n11_maxi_top/AXILiteS_RDATA -into $tb_pn32HPInput__pn32HPOutput__an32Coef__regXferLeng__return_group -radix hex
## add_wave /apatb_fir_n11_maxi_top/AXILiteS_RREADY -into $tb_pn32HPInput__pn32HPOutput__an32Coef__regXferLeng__return_group -color #ffff00 -radix hex
## add_wave /apatb_fir_n11_maxi_top/AXILiteS_RVALID -into $tb_pn32HPInput__pn32HPOutput__an32Coef__regXferLeng__return_group -color #ffff00 -radix hex
## add_wave /apatb_fir_n11_maxi_top/AXILiteS_ARREADY -into $tb_pn32HPInput__pn32HPOutput__an32Coef__regXferLeng__return_group -color #ffff00 -radix hex
## add_wave /apatb_fir_n11_maxi_top/AXILiteS_ARVALID -into $tb_pn32HPInput__pn32HPOutput__an32Coef__regXferLeng__return_group -color #ffff00 -radix hex
## add_wave /apatb_fir_n11_maxi_top/AXILiteS_ARADDR -into $tb_pn32HPInput__pn32HPOutput__an32Coef__regXferLeng__return_group -radix hex
## add_wave /apatb_fir_n11_maxi_top/AXILiteS_WSTRB -into $tb_pn32HPInput__pn32HPOutput__an32Coef__regXferLeng__return_group -radix hex
## add_wave /apatb_fir_n11_maxi_top/AXILiteS_WDATA -into $tb_pn32HPInput__pn32HPOutput__an32Coef__regXferLeng__return_group -radix hex
## add_wave /apatb_fir_n11_maxi_top/AXILiteS_WREADY -into $tb_pn32HPInput__pn32HPOutput__an32Coef__regXferLeng__return_group -color #ffff00 -radix hex
## add_wave /apatb_fir_n11_maxi_top/AXILiteS_WVALID -into $tb_pn32HPInput__pn32HPOutput__an32Coef__regXferLeng__return_group -color #ffff00 -radix hex
## add_wave /apatb_fir_n11_maxi_top/AXILiteS_AWREADY -into $tb_pn32HPInput__pn32HPOutput__an32Coef__regXferLeng__return_group -color #ffff00 -radix hex
## add_wave /apatb_fir_n11_maxi_top/AXILiteS_AWVALID -into $tb_pn32HPInput__pn32HPOutput__an32Coef__regXferLeng__return_group -color #ffff00 -radix hex
## add_wave /apatb_fir_n11_maxi_top/AXILiteS_AWADDR -into $tb_pn32HPInput__pn32HPOutput__an32Coef__regXferLeng__return_group -radix hex
## save_wave_config fir_n11_maxi.wcfg
## run all
////////////////////////////////////////////////////////////////////////////////////
// Inter-Transaction Progress: Completed Transaction / Total Transaction
// Intra-Transaction Progress: Measured Latency / Latency Estimation * 100%
//
// RTL Simulation : "Inter-Transaction Progress" ["Intra-Transaction Progress"] @ "Simulation Time"
////////////////////////////////////////////////////////////////////////////////////
// RTL Simulation : 0 / 1 [n/a] @ "113000"
// RTL Simulation : 1 / 1 [n/a] @ "34298000"
////////////////////////////////////////////////////////////////////////////////////
$finish called at time : 34317500 ps : File "D:/Vivado/lab2_hls/solution1/sim/verilog/fir_n11_maxi.autotb.v" Line 444
## quit
INFO: [Common 17-206] Exiting xsim at Sun Mar  7 01:04:08 2021...
