#-----------------------------------------------------------
# Vivado v2019.2 (64-bit)
# SW Build 2708876 on Wed Nov  6 21:40:23 MST 2019
# IP Build 2700528 on Thu Nov  7 00:09:20 MST 2019
# Start of session at: Sun Mar  7 17:13:16 2021
# Process ID: 15768
# Current directory: D:/Vivado/lab2-1_hls/solution1/sim/verilog
# Command line: vivado.exe -source open_wave.tcl
# Log file: D:/Vivado/lab2-1_hls/solution1/sim/verilog/vivado.log
# Journal file: D:/Vivado/lab2-1_hls/solution1/sim/verilog\vivado.jou
#-----------------------------------------------------------
start_gui
source open_wave.tcl
# current_fileset
INFO: [IP_Flow 19-234] Refreshing IP repositories
INFO: [IP_Flow 19-1704] No user IP repositories specified
INFO: [IP_Flow 19-2313] Loaded Vivado IP repository 'C:/Xilinx/Vivado/2019.2/data/ip'.
# open_wave_database fir_n11_strm.wdb
open_wave_config D:/Vivado/lab2-1_hls/solution1/sim/verilog/fir_n11_strm.wcfg
close_sim
INFO: [Simtcl 6-16] Simulation closed
exit
INFO: [Common 17-206] Exiting Vivado at Sun Mar  7 17:14:38 2021...
