INFO: [SIM 2] *************** CSIM start ***************
INFO: [SIM 4] CSIM will launch GCC as the compiler.
   Compiling(apcc) ../../../../duc_test.c in debug mode
INFO: [HLS 200-10] Running 'C:/Xilinx/Vivado/2019.2/bin/unwrapped/win64.o/apcc.exe'
INFO: [HLS 200-10] For user 'JiinLai' on host 'jiinlai-mac' (Windows NT_amd64 version 6.2) on Tue Feb 11 19:55:30 +0800 2020
INFO: [HLS 200-10] In directory 'C:/wrk/ETH_ToE_Github/ug871-design-files/RTL_Verification/lab2/duc_prj/solution1/csim/build'
INFO: [APCC 202-3] Tmp directory is apcc_db
INFO: [APCC 202-1] APCC is done.
   Compiling(apcc) ../../../../mac.c in debug mode
INFO: [HLS 200-10] Running 'C:/Xilinx/Vivado/2019.2/bin/unwrapped/win64.o/apcc.exe'
INFO: [HLS 200-10] For user 'JiinLai' on host 'jiinlai-mac' (Windows NT_amd64 version 6.2) on Tue Feb 11 19:55:36 +0800 2020
INFO: [HLS 200-10] In directory 'C:/wrk/ETH_ToE_Github/ug871-design-files/RTL_Verification/lab2/duc_prj/solution1/csim/build'
INFO: [APCC 202-3] Tmp directory is apcc_db
INFO: [APCC 202-1] APCC is done.
   Compiling(apcc) ../../../../dds.c in debug mode
INFO: [HLS 200-10] Running 'C:/Xilinx/Vivado/2019.2/bin/unwrapped/win64.o/apcc.exe'
INFO: [HLS 200-10] For user 'JiinLai' on host 'jiinlai-mac' (Windows NT_amd64 version 6.2) on Tue Feb 11 19:55:42 +0800 2020
INFO: [HLS 200-10] In directory 'C:/wrk/ETH_ToE_Github/ug871-design-files/RTL_Verification/lab2/duc_prj/solution1/csim/build'
INFO: [APCC 202-3] Tmp directory is apcc_db
INFO: [APCC 202-1] APCC is done.
   Compiling(apcc) ../../../../mixer.c in debug mode
INFO: [HLS 200-10] Running 'C:/Xilinx/Vivado/2019.2/bin/unwrapped/win64.o/apcc.exe'
INFO: [HLS 200-10] For user 'JiinLai' on host 'jiinlai-mac' (Windows NT_amd64 version 6.2) on Tue Feb 11 19:55:48 +0800 2020
INFO: [HLS 200-10] In directory 'C:/wrk/ETH_ToE_Github/ug871-design-files/RTL_Verification/lab2/duc_prj/solution1/csim/build'
INFO: [APCC 202-3] Tmp directory is apcc_db
INFO: [APCC 202-1] APCC is done.
   Compiling(apcc) ../../../../imf3.c in debug mode
INFO: [HLS 200-10] Running 'C:/Xilinx/Vivado/2019.2/bin/unwrapped/win64.o/apcc.exe'
INFO: [HLS 200-10] For user 'JiinLai' on host 'jiinlai-mac' (Windows NT_amd64 version 6.2) on Tue Feb 11 19:55:53 +0800 2020
INFO: [HLS 200-10] In directory 'C:/wrk/ETH_ToE_Github/ug871-design-files/RTL_Verification/lab2/duc_prj/solution1/csim/build'
INFO: [APCC 202-3] Tmp directory is apcc_db
INFO: [APCC 202-1] APCC is done.
   Compiling(apcc) ../../../../imf2.c in debug mode
INFO: [HLS 200-10] Running 'C:/Xilinx/Vivado/2019.2/bin/unwrapped/win64.o/apcc.exe'
INFO: [HLS 200-10] For user 'JiinLai' on host 'jiinlai-mac' (Windows NT_amd64 version 6.2) on Tue Feb 11 19:55:59 +0800 2020
INFO: [HLS 200-10] In directory 'C:/wrk/ETH_ToE_Github/ug871-design-files/RTL_Verification/lab2/duc_prj/solution1/csim/build'
INFO: [APCC 202-3] Tmp directory is apcc_db
INFO: [APCC 202-1] APCC is done.
   Compiling(apcc) ../../../../imf1.c in debug mode
INFO: [HLS 200-10] Running 'C:/Xilinx/Vivado/2019.2/bin/unwrapped/win64.o/apcc.exe'
INFO: [HLS 200-10] For user 'JiinLai' on host 'jiinlai-mac' (Windows NT_amd64 version 6.2) on Tue Feb 11 19:56:05 +0800 2020
INFO: [HLS 200-10] In directory 'C:/wrk/ETH_ToE_Github/ug871-design-files/RTL_Verification/lab2/duc_prj/solution1/csim/build'
INFO: [APCC 202-3] Tmp directory is apcc_db
INFO: [APCC 202-1] APCC is done.
   Compiling(apcc) ../../../../srrc.c in debug mode
INFO: [HLS 200-10] Running 'C:/Xilinx/Vivado/2019.2/bin/unwrapped/win64.o/apcc.exe'
INFO: [HLS 200-10] For user 'JiinLai' on host 'jiinlai-mac' (Windows NT_amd64 version 6.2) on Tue Feb 11 19:56:11 +0800 2020
INFO: [HLS 200-10] In directory 'C:/wrk/ETH_ToE_Github/ug871-design-files/RTL_Verification/lab2/duc_prj/solution1/csim/build'
INFO: [APCC 202-3] Tmp directory is apcc_db
INFO: [APCC 202-1] APCC is done.
   Compiling(apcc) ../../../../duc.c in debug mode
INFO: [HLS 200-10] Running 'C:/Xilinx/Vivado/2019.2/bin/unwrapped/win64.o/apcc.exe'
INFO: [HLS 200-10] For user 'JiinLai' on host 'jiinlai-mac' (Windows NT_amd64 version 6.2) on Tue Feb 11 19:56:17 +0800 2020
INFO: [HLS 200-10] In directory 'C:/wrk/ETH_ToE_Github/ug871-design-files/RTL_Verification/lab2/duc_prj/solution1/csim/build'
INFO: [APCC 202-3] Tmp directory is apcc_db
INFO: [APCC 202-1] APCC is done.
   Generating csim.exe

 *** DUC hardware test PASSED ! *** 

INFO: [SIM 1] CSim done with 0 errors.
INFO: [SIM 3] *************** CSIM finish ***************
