==============================================================
Vivado(TM) HLS - High-Level Synthesis from C, C++ and SystemC v2019.1.3 (64-bit)
Copyright 1986-2019 Xilinx, Inc. All Rights Reserved.
==============================================================
INFO: [HLS 200-10] Setting target device to 'xcvu9p-flgb2104-1-e'
INFO: [SYN 201-201] Setting up clock 'default' with a period of 8ns.
INFO: [SIM 211-2] *************** CSIM start ***************
INFO: [SIM 211-4] CSIM will launch GCC as the compiler.
INFO: [SIM 211-1] CSim done with 0 errors.
INFO: [SIM 211-3] *************** CSIM finish ***************
INFO: [Common 17-206] Exiting vivado_hls at Wed Oct  2 10:38:10 2019...
==============================================================
Vivado(TM) HLS - High-Level Synthesis from C, C++ and SystemC v2019.1.3 (64-bit)
Copyright 1986-2019 Xilinx, Inc. All Rights Reserved.
==============================================================
INFO: [SYN 201-201] Setting up clock 'default' with a period of 8ns.
INFO: [HLS 200-10] Setting target device to 'xcvu9p-flgb2104-1-e'
INFO: [SIM 211-2] *************** CSIM start ***************
INFO: [SIM 211-4] CSIM will launch GCC as the compiler.
INFO: [SIM 211-1] CSim done with 0 errors.
INFO: [SIM 211-3] *************** CSIM finish ***************
==============================================================
Vivado(TM) HLS - High-Level Synthesis from C, C++ and SystemC v2019.1.3 (64-bit)
Copyright 1986-2019 Xilinx, Inc. All Rights Reserved.
==============================================================
INFO: [SYN 201-201] Setting up clock 'default' with a period of 8ns.
INFO: [HLS 200-10] Setting target device to 'xcvu9p-flgb2104-1-e'
INFO: [SCHED 204-61] Option 'relax_ii_for_timing' is enabled, will increase II to preserve clock frequency constraints.
INFO: [HLS 200-10] Analyzing design file 'dct.cpp' ... 
INFO: [HLS 200-111] Finished Linking Time (s): cpu = 00:00:06 ; elapsed = 00:00:23 . Memory (MB): peak = 187.059 ; gain = 93.262
INFO: [HLS 200-111] Finished Checking Pragmas Time (s): cpu = 00:00:06 ; elapsed = 00:00:23 . Memory (MB): peak = 187.059 ; gain = 93.262
INFO: [HLS 200-10] Starting code transformations ...
INFO: [HLS 200-111] Finished Standard Transforms Time (s): cpu = 00:00:07 ; elapsed = 00:00:24 . Memory (MB): peak = 187.059 ; gain = 93.262
INFO: [HLS 200-10] Checking synthesizability ...
INFO: [XFORM 203-602] Inlining function 'read_data' into 'dct' (dct.cpp:126) automatically.
INFO: [XFORM 203-602] Inlining function 'write_data' into 'dct' (dct.cpp:131) automatically.
INFO: [HLS 200-111] Finished Checking Synthesizability Time (s): cpu = 00:00:07 ; elapsed = 00:00:25 . Memory (MB): peak = 187.059 ; gain = 93.262
INFO: [XFORM 203-602] Inlining function 'read_data' into 'dct' (dct.cpp:126) automatically.
INFO: [XFORM 203-602] Inlining function 'write_data' into 'dct' (dct.cpp:131) automatically.
INFO: [HLS 200-111] Finished Pre-synthesis Time (s): cpu = 00:00:07 ; elapsed = 00:00:25 . Memory (MB): peak = 187.059 ; gain = 93.262
INFO: [HLS 200-111] Finished Architecture Synthesis Time (s): cpu = 00:00:08 ; elapsed = 00:00:25 . Memory (MB): peak = 187.059 ; gain = 93.262
INFO: [HLS 200-10] Starting hardware synthesis ...
INFO: [HLS 200-10] Synthesizing 'dct' ...
WARNING: [SYN 201-107] Renaming port name 'dct/input' to 'dct/input_r' to avoid the conflict with HDL keywords or other object names.
WARNING: [SYN 201-107] Renaming port name 'dct/output' to 'dct/output_r' to avoid the conflict with HDL keywords or other object names.
INFO: [HLS 200-10] ----------------------------------------------------------------
INFO: [HLS 200-42] -- Implementing module 'dct_1d2' 
INFO: [HLS 200-10] ----------------------------------------------------------------
INFO: [SCHED 204-11] Starting scheduling ...
INFO: [SCHED 204-11] Finished scheduling.
INFO: [HLS 200-111]  Elapsed time: 25.581 seconds; current allocated memory: 130.432 MB.
INFO: [HLS 200-434] Only 0 loops out of a total 2 loops have been pipelined in this design.
INFO: [BIND 205-100] Starting micro-architecture generation ...
INFO: [BIND 205-101] Performing variable lifetime analysis.
INFO: [BIND 205-101] Exploring resource sharing.
INFO: [BIND 205-101] Binding ...
INFO: [BIND 205-100] Finished micro-architecture generation.
INFO: [HLS 200-111]  Elapsed time: 0.088 seconds; current allocated memory: 130.732 MB.
INFO: [HLS 200-10] ----------------------------------------------------------------
INFO: [HLS 200-42] -- Implementing module 'dct_2d' 
INFO: [HLS 200-10] ----------------------------------------------------------------
INFO: [SCHED 204-11] Starting scheduling ...
INFO: [SCHED 204-11] Finished scheduling.
INFO: [HLS 200-111]  Elapsed time: 0.115 seconds; current allocated memory: 130.981 MB.
INFO: [BIND 205-100] Starting micro-architecture generation ...
INFO: [BIND 205-101] Performing variable lifetime analysis.
INFO: [BIND 205-101] Exploring resource sharing.
INFO: [BIND 205-101] Binding ...
INFO: [BIND 205-100] Finished micro-architecture generation.
INFO: [HLS 200-111]  Elapsed time: 0.105 seconds; current allocated memory: 131.223 MB.
INFO: [HLS 200-10] ----------------------------------------------------------------
INFO: [HLS 200-42] -- Implementing module 'dct' 
INFO: [HLS 200-10] ----------------------------------------------------------------
INFO: [SCHED 204-11] Starting scheduling ...
INFO: [SCHED 204-11] Finished scheduling.
INFO: [HLS 200-111]  Elapsed time: 0.133 seconds; current allocated memory: 131.387 MB.
INFO: [BIND 205-100] Starting micro-architecture generation ...
INFO: [BIND 205-101] Performing variable lifetime analysis.
INFO: [BIND 205-101] Exploring resource sharing.
INFO: [BIND 205-101] Binding ...
INFO: [BIND 205-100] Finished micro-architecture generation.
INFO: [HLS 200-111]  Elapsed time: 0.101 seconds; current allocated memory: 131.624 MB.
INFO: [HLS 200-10] ----------------------------------------------------------------
INFO: [HLS 200-10] -- Generating RTL for module 'dct_1d2' 
INFO: [HLS 200-10] ----------------------------------------------------------------
INFO: [SYN 201-210] Renamed object name 'dct_1d2_dct_coeff_table' to 'dct_1d2_dct_coeffbkb' due to the length limit 20
INFO: [SYN 201-210] Renamed object name 'dct_mac_muladd_15s_16s_32ns_32_1_1' to 'dct_mac_muladd_15cud' due to the length limit 20
INFO: [RTGEN 206-100] Generating core module 'dct_mac_muladd_15cud': 1 instance(s).
INFO: [RTGEN 206-100] Finished creating RTL model for 'dct_1d2'.
INFO: [HLS 200-111]  Elapsed time: 0.155 seconds; current allocated memory: 131.929 MB.
INFO: [HLS 200-10] ----------------------------------------------------------------
INFO: [HLS 200-10] -- Generating RTL for module 'dct_2d' 
INFO: [HLS 200-10] ----------------------------------------------------------------
INFO: [RTGEN 206-100] Finished creating RTL model for 'dct_2d'.
INFO: [HLS 200-111]  Elapsed time: 0.253 seconds; current allocated memory: 132.545 MB.
INFO: [HLS 200-10] ----------------------------------------------------------------
INFO: [HLS 200-10] -- Generating RTL for module 'dct' 
INFO: [HLS 200-10] ----------------------------------------------------------------
INFO: [RTGEN 206-500] Setting interface mode on port 'dct/input_r' to 'ap_memory'.
INFO: [RTGEN 206-500] Setting interface mode on port 'dct/output_r' to 'ap_memory'.
INFO: [RTGEN 206-500] Setting interface mode on function 'dct' to 'ap_ctrl_hs'.
INFO: [RTGEN 206-100] Finished creating RTL model for 'dct'.
INFO: [HLS 200-111]  Elapsed time: 0.365 seconds; current allocated memory: 133.068 MB.
INFO: [RTMG 210-279] Implementing memory 'dct_1d2_dct_coeffbkb_rom' using distributed ROMs.
INFO: [RTMG 210-278] Implementing memory 'dct_2d_row_outbuf_ram (RAM)' using block RAMs.
INFO: [HLS 200-111] Finished generating all RTL models Time (s): cpu = 00:00:10 ; elapsed = 00:00:29 . Memory (MB): peak = 209.348 ; gain = 115.551
INFO: [VHDL 208-304] Generating VHDL RTL for dct.
INFO: [VLOG 209-307] Generating Verilog RTL for dct.
INFO: [HLS 200-112] Total elapsed time: 28.692 seconds; peak allocated memory: 133.068 MB.
==============================================================
Vivado(TM) HLS - High-Level Synthesis from C, C++ and SystemC v2019.1.3 (64-bit)
Copyright 1986-2019 Xilinx, Inc. All Rights Reserved.
==============================================================
INFO: [SYN 201-201] Setting up clock 'default' with a period of 8ns.
INFO: [HLS 200-10] Setting target device to 'xcvu9p-flgb2104-1-e'
INFO: [COSIM 212-47] Using XSIM for RTL simulation.
INFO: [COSIM 212-14] Instrumenting C test bench ...
INFO: [COSIM 212-302] Starting C TB testing ... 
INFO: [COSIM 212-333] Generating C post check test bench ...
INFO: [COSIM 212-12] Generating RTL test bench ...
INFO: [COSIM 212-1] *** C/RTL co-simulation file generation completed. ***
INFO: [COSIM 212-323] Starting verilog simulation. 
INFO: [COSIM 212-15] Starting XSIM ...
ERROR: [COSIM 212-303] Aborting co-simulation: RTL simulation failed.  
ERROR: [COSIM 212-344] Rtl simulation failed.
ERROR: [COSIM 212-4] *** C/RTL co-simulation finished: FAIL ***
INFO: [COSIM 212-211] II is measurable only when transaction number is greater than 1 in RTL simulation. Otherwise, they will be marked as all NA. If user wants to calculate them, please make sure there are at least 2 transactions in RTL simulation.
