INFO-FLOW: Workspace C:/wrk/ETH_ToE_Github/ug871-design-files/Interface_Synthesis/lab4/axi_interfaces_prj/solution2 opened at Wed Oct 02 09:52:17 +0800 2019
Execute     config_clock -quiet -name default -period 4 -default=false 
INFO: [SYN 201-201] Setting up clock 'default' with a period of 4ns.
Execute     open_platform DefaultPlatform 
Execute     import_lib C:/Xilinx/Vivado/2019.1/common/technology/xilinx/virtexuplus/virtexuplus 
Execute       source C:/Xilinx/Vivado/2019.1/common/technology/xilinx/common/xilinx.lib 
Execute         source C:/Xilinx/Vivado/2019.1/common/technology/xilinx/interface/xilinx_interface.lib 
Execute           source C:/Xilinx/Vivado/2019.1/common/technology/xilinx/interface/plb46.lib 
Execute           source C:/Xilinx/Vivado/2019.1/common/technology/xilinx/interface/fsl.lib 
Execute           source C:/Xilinx/Vivado/2019.1/common/technology/xilinx/interface/axi4.lib 
Execute           source C:/Xilinx/Vivado/2019.1/common/technology/xilinx/interface/maxi.lib 
Execute           source C:/Xilinx/Vivado/2019.1/common/technology/xilinx/interface/saxilite.lib 
Execute         source C:/Xilinx/Vivado/2019.1/common/technology/xilinx/common/dsp48.lib 
Execute         source C:/Xilinx/Vivado/2019.1/common/technology/xilinx/ip/dds_compiler.lib 
Execute         source C:/Xilinx/Vivado/2019.1/common/technology/xilinx/ip/xfft.lib 
Execute         source C:/Xilinx/Vivado/2019.1/common/technology/xilinx/ip/xfir.lib 
Execute       source C:/Xilinx/Vivado/2019.1/common/technology/xilinx/common/xilinx.hlp 
Execute         source C:/Xilinx/Vivado/2019.1/common/technology/xilinx/common/target_info.tcl 
Execute         source C:/Xilinx/Vivado/2019.1/common/technology/xilinx/interface/xilinx_interface.hlp 
Execute           source C:/Xilinx/Vivado/2019.1/common/technology/xilinx/interface/maxi.hlp 
Execute           source C:/Xilinx/Vivado/2019.1/common/technology/xilinx/interface/saxilite.hlp 
Execute         source C:/Xilinx/Vivado/2019.1/common/technology/xilinx/common/dsp48.hlp 
Execute       source C:/Xilinx/Vivado/2019.1/common/technology/xilinx/virtexuplus/dsp48e2.hlp 
Execute       source C:/Xilinx/Vivado/2019.1/common/technology/xilinx/common/xilinx.hlp 
Execute         source C:/Xilinx/Vivado/2019.1/common/technology/xilinx/common/target_info.tcl 
Execute         source C:/Xilinx/Vivado/2019.1/common/technology/xilinx/interface/xilinx_interface.hlp 
Execute           source C:/Xilinx/Vivado/2019.1/common/technology/xilinx/interface/maxi.hlp 
Execute           source C:/Xilinx/Vivado/2019.1/common/technology/xilinx/interface/saxilite.hlp 
Execute         source C:/Xilinx/Vivado/2019.1/common/technology/xilinx/common/dsp48.hlp 
Execute     source C:/Xilinx/Vivado/2019.1/common/technology/xilinx/virtexuplus/virtexuplus.gen 
Execute       source C:/Xilinx/Vivado/2019.1/common/technology/xilinx/common/xilinx.gen 
Execute         source C:/Xilinx/Vivado/2019.1/common/technology/xilinx/interface/plb46.gen 
Execute         source C:/Xilinx/Vivado/2019.1/common/technology/xilinx/interface/fsl.gen 
Execute         source C:/Xilinx/Vivado/2019.1/common/technology/xilinx/interface/axi4.gen 
Execute         source C:/Xilinx/Vivado/2019.1/common/technology/xilinx/interface/nativeAXI4.gen 
Execute           source C:/Xilinx/Vivado/2019.1/common/technology/xilinx/interface/saxilite.gen 
Execute           source C:/Xilinx/Vivado/2019.1/common/technology/xilinx/interface/maxi.gen 
Execute         source C:/Xilinx/Vivado/2019.1/common/technology/xilinx/scripts/xilinxcoregen.gen 
Execute         source C:/Xilinx/Vivado/2019.1/common/technology/xilinx/interface/XilEDKCoreGen.gen 
Execute         source C:/Xilinx/Vivado/2019.1/common/technology/xilinx/ip/dds_compiler.gen 
Execute         source C:/Xilinx/Vivado/2019.1/common/technology/xilinx/ip/util.gen 
Execute         source C:/Xilinx/Vivado/2019.1/common/technology/xilinx/ip/xfft.gen 
Command         ap_source done; 0.104 sec.
Execute         source C:/Xilinx/Vivado/2019.1/common/technology/xilinx/ip/xfir.gen 
Execute         source C:/Xilinx/Vivado/2019.1/common/technology/xilinx/common/dsp48.gen 
Command       ap_source done; 0.157 sec.
Command     ap_source done; 0.157 sec.
Execute     set_part xcvu9p-flgb2104-1-e 
Execute       ap_part_info -name xcvu9p-flgb2104-1-e -data single -quiet 
Command       ap_part_info done; 0.986 sec.
Execute       ap_part_info -name xcvu9p-flgb2104-1-e -data info 
Execute       add_library xilinx/virtexuplus/virtexuplus:xcvu9p:-flgb2104:-1-e 
Execute         get_default_platform 
Execute         ap_part_info -data single -name xcvu9p-flgb2104-1-e 
Execute         ap_part_info -name xcvu9p-flgb2104-1-e -data resources 
Execute         ap_part_info -name xcvu9p-flgb2104-1-e -data info 
Execute         ap_part_info -name xcvu9p-flgb2104-1-e -data info 
Execute         config_chip_info -quiet -resource {SLICE 147780} {LUT 1182240} {FF 2364480} {DSP48E 6840} {BRAM 4320} {URAM 960} {SLR 3} 
Execute         ap_part_info -name xcvu9p-flgb2104-1-e -data info 
Execute         config_chip_info -quiet -speed slow 
Execute       add_library xilinx/virtexuplus/virtexuplus_fpv7 
Execute         get_default_platform 
Execute         open_platform DefaultPlatform 
Execute         import_lib C:/Xilinx/Vivado/2019.1/common/technology/xilinx/virtexuplus/virtexuplus_fpv7 
Execute           source C:/Xilinx/Vivado/2019.1/common/technology/xilinx/common/xilinx_fp.lib 
Execute           source C:/Xilinx/Vivado/2019.1/common/technology/xilinx/common/xilinx_fp.hlp 
Execute             source C:/Xilinx/Vivado/2019.1/common/technology/xilinx/common/xilinx.hlp 
Execute               source C:/Xilinx/Vivado/2019.1/common/technology/xilinx/common/target_info.tcl 
Execute               source C:/Xilinx/Vivado/2019.1/common/technology/xilinx/interface/xilinx_interface.hlp 
Execute                 source C:/Xilinx/Vivado/2019.1/common/technology/xilinx/interface/maxi.hlp 
Execute                 source C:/Xilinx/Vivado/2019.1/common/technology/xilinx/interface/saxilite.hlp 
Execute               source C:/Xilinx/Vivado/2019.1/common/technology/xilinx/common/dsp48.hlp 
Execute         source C:/Xilinx/Vivado/2019.1/common/technology/xilinx/virtexuplus/virtexuplus_fpv7.gen 
Execute           source C:/Xilinx/Vivado/2019.1/common/technology/xilinx/common/xilinx_fp.gen 
INFO: [HLS 200-10] Setting target device to 'xcvu9p-flgb2104-1-e'
Execute       ap_part_info -name xcvu9p-flgb2104-1-e -data info 
Execute       get_default_platform 
Command     set_part done; 1.114 sec.
Execute     ap_part_info -data single -name xcvu9p-flgb2104-1-e 
Execute     ap_part_info -name xcvu9p-flgb2104-1-e -data resources 
Execute     ap_part_info -name xcvu9p-flgb2104-1-e -data info 
Execute     ap_part_info -name xcvu9p-flgb2104-1-e -data info 
Execute     config_chip_info -quiet -resource {SLICE 147780} {LUT 1182240} {FF 2364480} {DSP48E 6840} {BRAM 4320} {URAM 960} {SLR 3} 
Execute     ap_part_info -name xcvu9p-flgb2104-1-e -data info 
Execute     config_chip_info -quiet -speed slow 
Command   open_solution done; 1.343 sec.
Execute   set_part xcvu9p-flgb2104-1-e 
Execute     ap_part_info -name xcvu9p-flgb2104-1-e -data single -quiet 
Execute     ap_part_info -name xcvu9p-flgb2104-1-e -data info 
Execute     add_library xilinx/virtexuplus/virtexuplus:xcvu9p:-flgb2104:-1-e 
Execute       get_default_platform 
Execute       ap_part_info -data single -name xcvu9p-flgb2104-1-e 
Execute       ap_part_info -name xcvu9p-flgb2104-1-e -data resources 
Execute       ap_part_info -name xcvu9p-flgb2104-1-e -data info 
Execute       ap_part_info -name xcvu9p-flgb2104-1-e -data info 
Execute       config_chip_info -quiet -resource {SLICE 147780} {LUT 1182240} {FF 2364480} {DSP48E 6840} {BRAM 4320} {URAM 960} {SLR 3} 
Execute       ap_part_info -name xcvu9p-flgb2104-1-e -data info 
Execute       config_chip_info -quiet -speed slow 
Execute     add_library xilinx/virtexuplus/virtexuplus_fpv7 
Execute       get_default_platform 
Execute       open_platform DefaultPlatform 
Execute       import_lib C:/Xilinx/Vivado/2019.1/common/technology/xilinx/virtexuplus/virtexuplus_fpv7 
Execute         source C:/Xilinx/Vivado/2019.1/common/technology/xilinx/common/xilinx_fp.lib 
Execute         source C:/Xilinx/Vivado/2019.1/common/technology/xilinx/common/xilinx_fp.hlp 
Execute           source C:/Xilinx/Vivado/2019.1/common/technology/xilinx/common/xilinx.hlp 
Execute             source C:/Xilinx/Vivado/2019.1/common/technology/xilinx/common/target_info.tcl 
Execute             source C:/Xilinx/Vivado/2019.1/common/technology/xilinx/interface/xilinx_interface.hlp 
Execute               source C:/Xilinx/Vivado/2019.1/common/technology/xilinx/interface/maxi.hlp 
Execute               source C:/Xilinx/Vivado/2019.1/common/technology/xilinx/interface/saxilite.hlp 
Execute             source C:/Xilinx/Vivado/2019.1/common/technology/xilinx/common/dsp48.hlp 
Execute       source C:/Xilinx/Vivado/2019.1/common/technology/xilinx/virtexuplus/virtexuplus_fpv7.gen 
Execute         source C:/Xilinx/Vivado/2019.1/common/technology/xilinx/common/xilinx_fp.gen 
Execute     ap_part_info -name xcvu9p-flgb2104-1-e -data info 
Execute     get_default_platform 
Command   set_part done; 0.129 sec.
Execute   create_clock -period 4 -name default 
Execute   source ./axi_interfaces_prj/solution2/directives.tcl 
Execute     set_directive_array_partition -type cyclic -factor 8 -dim 1 axi_interfaces d_o 
INFO-FLOW: Setting directive 'ARRAY_PARTITION' partition=positionBooleanCmd variable=positionBooleanTextRequiredd_o cyclic=positionBoolean0type factor=8 dim=1 
Execute     set_directive_interface -mode axis -register -register_mode both axi_interfaces d_o 
INFO-FLOW: Setting directive 'ARRAY_PARTITION' partition=positionBooleanCmd variable=positionBooleanTextRequiredd_o cyclic=positionBoolean0type factor=8 dim=1 
INFO-FLOW: Setting directive 'INTERFACE' axis=positionBoolean0mode register=positionBoolean1 both=positionBoolean0register_mode port=positionBooleanTextRequiredd_o 
Execute     set_directive_array_partition -type cyclic -factor 8 -dim 1 axi_interfaces d_i 
INFO-FLOW: Setting directive 'ARRAY_PARTITION' partition=positionBooleanCmd variable=positionBooleanTextRequiredd_o cyclic=positionBoolean0type factor=8 dim=1 
INFO-FLOW: Setting directive 'INTERFACE' axis=positionBoolean0mode register=positionBoolean1 both=positionBoolean0register_mode port=positionBooleanTextRequiredd_o 
INFO-FLOW: Setting directive 'ARRAY_PARTITION' partition=positionBooleanCmd variable=positionBooleanTextRequiredd_i cyclic=positionBoolean0type factor=8 dim=1 
Execute     set_directive_interface -mode axis -register -register_mode both axi_interfaces d_i 
INFO-FLOW: Setting directive 'ARRAY_PARTITION' partition=positionBooleanCmd variable=positionBooleanTextRequiredd_o cyclic=positionBoolean0type factor=8 dim=1 
INFO-FLOW: Setting directive 'INTERFACE' axis=positionBoolean0mode register=positionBoolean1 both=positionBoolean0register_mode port=positionBooleanTextRequiredd_o 
INFO-FLOW: Setting directive 'ARRAY_PARTITION' partition=positionBooleanCmd variable=positionBooleanTextRequiredd_i cyclic=positionBoolean0type factor=8 dim=1 
INFO-FLOW: Setting directive 'INTERFACE' axis=positionBoolean0mode register=positionBoolean1 both=positionBoolean0register_mode port=positionBooleanTextRequiredd_i 
Execute     set_directive_unroll -factor 8 axi_interfaces/For_Loop 
INFO-FLOW: Setting directive 'ARRAY_PARTITION' partition=positionBooleanCmd variable=positionBooleanTextRequiredd_o cyclic=positionBoolean0type factor=8 dim=1 
INFO-FLOW: Setting directive 'INTERFACE' axis=positionBoolean0mode register=positionBoolean1 both=positionBoolean0register_mode port=positionBooleanTextRequiredd_o 
INFO-FLOW: Setting directive 'ARRAY_PARTITION' partition=positionBooleanCmd variable=positionBooleanTextRequiredd_i cyclic=positionBoolean0type factor=8 dim=1 
INFO-FLOW: Setting directive 'INTERFACE' axis=positionBoolean0mode register=positionBoolean1 both=positionBoolean0register_mode port=positionBooleanTextRequiredd_i 
INFO-FLOW: Setting directive 'UNROLL' factor=8 
Execute     set_directive_pipeline -rewind axi_interfaces/For_Loop 
INFO-FLOW: Setting directive 'ARRAY_PARTITION' partition=positionBooleanCmd variable=positionBooleanTextRequiredd_o cyclic=positionBoolean0type factor=8 dim=1 
INFO-FLOW: Setting directive 'INTERFACE' axis=positionBoolean0mode register=positionBoolean1 both=positionBoolean0register_mode port=positionBooleanTextRequiredd_o 
INFO-FLOW: Setting directive 'ARRAY_PARTITION' partition=positionBooleanCmd variable=positionBooleanTextRequiredd_i cyclic=positionBoolean0type factor=8 dim=1 
INFO-FLOW: Setting directive 'INTERFACE' axis=positionBoolean0mode register=positionBoolean1 both=positionBoolean0register_mode port=positionBooleanTextRequiredd_i 
INFO-FLOW: Setting directive 'UNROLL' factor=8 
INFO-FLOW: Setting directive 'PIPELINE' rewind=positionBoolean1 
Execute     set_directive_interface -mode s_axilite axi_interfaces 
INFO-FLOW: Setting directive 'ARRAY_PARTITION' partition=positionBooleanCmd variable=positionBooleanTextRequiredd_o cyclic=positionBoolean0type factor=8 dim=1 
INFO-FLOW: Setting directive 'INTERFACE' axis=positionBoolean0mode register=positionBoolean1 both=positionBoolean0register_mode port=positionBooleanTextRequiredd_o 
INFO-FLOW: Setting directive 'ARRAY_PARTITION' partition=positionBooleanCmd variable=positionBooleanTextRequiredd_i cyclic=positionBoolean0type factor=8 dim=1 
INFO-FLOW: Setting directive 'INTERFACE' axis=positionBoolean0mode register=positionBoolean1 both=positionBoolean0register_mode port=positionBooleanTextRequiredd_i 
INFO-FLOW: Setting directive 'UNROLL' factor=8 
INFO-FLOW: Setting directive 'PIPELINE' rewind=positionBoolean1 
INFO-FLOW: Setting directive 'INTERFACE' s_axilite=positionBoolean0mode port=positionBooleanTextRequiredreturn 
Execute   csynth_design 
Execute     get_config_compile -dump_cfg 
Execute     get_config_compile -effort 
Execute     get_config_compile -enable_clang39 
Execute     get_config_compile -g 
Execute     get_config_compile -ng 
Execute     get_config_compile -opt_fp 
Execute     get_config_compile -skip_cdt 
Execute     get_config_compile -skip_syncheck 
Execute     get_config_compile -skip_transform 
Execute     get_config_compile -keep_printf 
Execute     elaborate -effort=medium -skip_syncheck=0 -keep_printf=0 -skip_cdt=0 -skip_transform=0 -ng=0 -g=0 -opt_fp=0 -from_csynth_design=1 
Execute       get_config_schedule -relax_ii_for_timing 
INFO: [SCHED 204-61] Option 'relax_ii_for_timing' is enabled, will increase II to preserve clock frequency constraints.
Execute       get_config_schedule -suppress_dependence_error_break 
INFO: [HLS 200-10] Analyzing design file 'axi_interfaces.c' ... 
INFO-FLOW: Compiling one TU...
Execute       is_m_axi_addr64 
INFO-FLOW: Handling axi_interfaces.c as C
Execute       ap_part_info -name xcvu9p-flgb2104-1-e -data info 
Execute       is_encrypted axi_interfaces.c 
INFO-FLOW: Running: GCC PP
INFO-FLOW: Source preprocessing
Execute       clang  -fno-limit-debug-info -gcc-toolchain "C:/Xilinx/Vivado/2019.1/msys" -hls  -fno-exceptions  -D__llvm__  -E "axi_interfaces.c"     -fno-math-errno -c -emit-llvm -O0  -mllvm -disable-llvm-optzns -std=gnu89   -DAESL_SYN -D__SYNTHESIS__ -D__HLS_SYN__ -I "C:/Xilinx/Vivado/2019.1/common/technology/autopilot" -I "C:/Xilinx/Vivado/2019.1/common/technology/autopilot/ap_sysc" -include etc/autopilot_ssdm_op.h -D__DSP48E2__ -D__cdecl=  -o "C:/wrk/ETH_ToE_Github/ug871-design-files/Interface_Synthesis/lab4/axi_interfaces_prj/solution2/.autopilot/db/axi_interfaces.pp.0.c" 
INFO-FLOW: exec C:/Xilinx/Vivado/2019.1/win64/tools/clang/bin/clang -fno-limit-debug-info -gcc-toolchain C:/Xilinx/Vivado/2019.1/msys -hls -fno-exceptions -D__llvm__ -E axi_interfaces.c -fno-math-errno -c -emit-llvm -O0 -mllvm -disable-llvm-optzns -std=gnu89 -DAESL_SYN -D__SYNTHESIS__ -D__HLS_SYN__ -I C:/Xilinx/Vivado/2019.1/common/technology/autopilot -I C:/Xilinx/Vivado/2019.1/common/technology/autopilot/ap_sysc -include etc/autopilot_ssdm_op.h -D__DSP48E2__ -D__cdecl= -o C:/wrk/ETH_ToE_Github/ug871-design-files/Interface_Synthesis/lab4/axi_interfaces_prj/solution2/.autopilot/db/axi_interfaces.pp.0.c
Command       clang done; 3.188 sec.
Execute       tidy_31 xilinx-xfmat-array-geometry C:/wrk/ETH_ToE_Github/ug871-design-files/Interface_Synthesis/lab4/axi_interfaces_prj/solution2/.autopilot/db/axi_interfaces.pp.0.c std=gnu89 
INFO-FLOW: exec C:/Xilinx/Vivado/2019.1/win64/tools/clang-3.9-csynth/bin/tidy-3.1 -header-filter=.* -checks=-*,xilinx-xfmat-array-geometry -quiet -fix C:/wrk/ETH_ToE_Github/ug871-design-files/Interface_Synthesis/lab4/axi_interfaces_prj/solution2/.autopilot/db/axi_interfaces.pp.0.c -- -std=gnu89 -fhls -ferror-limit=0
Command       tidy_31 done; 0.893 sec.
INFO-FLOW: Syntax Checking before pre-processing...
Execute       clang -syntaxcheck -src C:/wrk/ETH_ToE_Github/ug871-design-files/Interface_Synthesis/lab4/axi_interfaces_prj/solution2/.autopilot/db/axi_interfaces.pp.0.c  -fno-limit-debug-info -gcc-toolchain "C:/Xilinx/Vivado/2019.1/msys" -hls    -fno-math-errno -c -emit-llvm -O0  -mllvm -disable-llvm-optzns -std=gnu89   -DAESL_SYN -D__SYNTHESIS__ -D__HLS_SYN__ -I "C:/Xilinx/Vivado/2019.1/common/technology/autopilot" -I "C:/Xilinx/Vivado/2019.1/common/technology/autopilot/ap_sysc" -include etc/autopilot_ssdm_op.h -D__DSP48E2__ -D__cdecl=  "C:/wrk/ETH_ToE_Github/ug871-design-files/Interface_Synthesis/lab4/axi_interfaces_prj/solution2/.autopilot/db/axi_interfaces.pp.0.c"  -o "C:/wrk/ETH_ToE_Github/ug871-design-files/Interface_Synthesis/lab4/axi_interfaces_prj/solution2/.autopilot/db/useless.bc"  
INFO-FLOW: exec C:/Xilinx/Vivado/2019.1/win64/tools/clang/bin/clang -fno-limit-debug-info -gcc-toolchain C:/Xilinx/Vivado/2019.1/msys -hls -fno-math-errno -c -emit-llvm -O0 -mllvm -disable-llvm-optzns -std=gnu89 -DAESL_SYN -D__SYNTHESIS__ -D__HLS_SYN__ -I C:/Xilinx/Vivado/2019.1/common/technology/autopilot -I C:/Xilinx/Vivado/2019.1/common/technology/autopilot/ap_sysc -include etc/autopilot_ssdm_op.h -D__DSP48E2__ -D__cdecl= C:/wrk/ETH_ToE_Github/ug871-design-files/Interface_Synthesis/lab4/axi_interfaces_prj/solution2/.autopilot/db/axi_interfaces.pp.0.c -o C:/wrk/ETH_ToE_Github/ug871-design-files/Interface_Synthesis/lab4/axi_interfaces_prj/solution2/.autopilot/db/useless.bc
Command       clang done; 3.174 sec.
INFO-FLOW: Done: GCC PP time: 7.3 seconds per iteration
INFO-FLOW: Setting directive 'ARRAY_PARTITION' partition=positionBooleanCmd variable=positionBooleanTextRequiredd_o cyclic=positionBoolean0type factor=8 dim=1 
INFO-FLOW: Setting directive 'INTERFACE' axis=positionBoolean0mode register=positionBoolean1 both=positionBoolean0register_mode port=positionBooleanTextRequiredd_o 
INFO-FLOW: Setting directive 'ARRAY_PARTITION' partition=positionBooleanCmd variable=positionBooleanTextRequiredd_i cyclic=positionBoolean0type factor=8 dim=1 
INFO-FLOW: Setting directive 'INTERFACE' axis=positionBoolean0mode register=positionBoolean1 both=positionBoolean0register_mode port=positionBooleanTextRequiredd_i 
INFO-FLOW: Setting directive 'UNROLL' factor=8 
INFO-FLOW: Setting directive 'PIPELINE' rewind=positionBoolean1 
INFO-FLOW: Setting directive 'INTERFACE' s_axilite=positionBoolean0mode port=positionBooleanTextRequiredreturn 
Execute       source C:/Xilinx/Vivado/2019.1/tps/tcl/tcllib1.11.1/yaml/huddle.tcl 
Execute       source C:/Xilinx/Vivado/2019.1/tps/tcl/tcllib1.11.1/yaml/json2huddle.tcl 
Execute         source C:/Xilinx/Vivado/2019.1/tps/tcl/tcllib1.11.1/try/try.tcl 
INFO-FLOW: Setting directive 'ARRAY_PARTITION' partition=positionBooleanCmd variable=positionBooleanTextRequiredd_o cyclic=positionBoolean0type factor=8 dim=1 
INFO-FLOW: Setting directive 'INTERFACE' axis=positionBoolean0mode register=positionBoolean1 both=positionBoolean0register_mode port=positionBooleanTextRequiredd_o 
INFO-FLOW: Setting directive 'ARRAY_PARTITION' partition=positionBooleanCmd variable=positionBooleanTextRequiredd_i cyclic=positionBoolean0type factor=8 dim=1 
INFO-FLOW: Setting directive 'INTERFACE' axis=positionBoolean0mode register=positionBoolean1 both=positionBoolean0register_mode port=positionBooleanTextRequiredd_i 
INFO-FLOW: Setting directive 'UNROLL' factor=8 
INFO-FLOW: Setting directive 'PIPELINE' rewind=positionBoolean1 
INFO-FLOW: Setting directive 'INTERFACE' s_axilite=positionBoolean0mode port=positionBooleanTextRequiredreturn 
Execute       list_core -type functional_unit 
Execute       tidy_31 xilinx-systemc-detector C:/wrk/ETH_ToE_Github/ug871-design-files/Interface_Synthesis/lab4/axi_interfaces_prj/solution2/.autopilot/db/axi_interfaces.pp.0.c std=gnu89 -directive=C:/wrk/ETH_ToE_Github/ug871-design-files/Interface_Synthesis/lab4/axi_interfaces_prj/solution2/.autopilot/db/.systemc_flag 
INFO-FLOW: exec C:/Xilinx/Vivado/2019.1/win64/tools/clang-3.9-csynth/bin/tidy-3.1 -header-filter=.* -checks=-*,xilinx-systemc-detector -import-directive=C:/wrk/ETH_ToE_Github/ug871-design-files/Interface_Synthesis/lab4/axi_interfaces_prj/solution2/.autopilot/db/.systemc_flag -quiet -fix-errors C:/wrk/ETH_ToE_Github/ug871-design-files/Interface_Synthesis/lab4/axi_interfaces_prj/solution2/.autopilot/db/axi_interfaces.pp.0.c -- -std=gnu89 -fhls -ferror-limit=0
Command       tidy_31 done; 0.849 sec.
INFO-FLOW: Running: tidy-3.1 CDT preprocess
Execute       tidy_31 xilinx-directive2pragma C:/wrk/ETH_ToE_Github/ug871-design-files/Interface_Synthesis/lab4/axi_interfaces_prj/solution2/.autopilot/db/axi_interfaces.pp.0.c std=gnu89 -directive=C:/wrk/ETH_ToE_Github/ug871-design-files/Interface_Synthesis/lab4/axi_interfaces_prj/solution2/.autopilot/db/all.directive.json 
INFO-FLOW: exec C:/Xilinx/Vivado/2019.1/win64/tools/clang-3.9-csynth/bin/tidy-3.1 -header-filter=.* -checks=-*,xilinx-directive2pragma -import-directive=C:/wrk/ETH_ToE_Github/ug871-design-files/Interface_Synthesis/lab4/axi_interfaces_prj/solution2/.autopilot/db/all.directive.json -quiet -fix-errors C:/wrk/ETH_ToE_Github/ug871-design-files/Interface_Synthesis/lab4/axi_interfaces_prj/solution2/.autopilot/db/axi_interfaces.pp.0.c -- -std=gnu89 -fhls -ferror-limit=0
Command       tidy_31 done; 0.887 sec.
Execute       get_config_dataflow -strict_mode 
Execute       ap_eval exec -ignorestderr C:/Xilinx/Vivado/2019.1/win64/tools/clang-3.9-csynth/bin/xilinx-dataflow-lawyer -export-fixes=C:/wrk/ETH_ToE_Github/ug871-design-files/Interface_Synthesis/lab4/axi_interfaces_prj/solution2/.autopilot/db/xilinx-dataflow-lawyer.axi_interfaces.pp.0.c.diag.yml C:/wrk/ETH_ToE_Github/ug871-design-files/Interface_Synthesis/lab4/axi_interfaces_prj/solution2/.autopilot/db/axi_interfaces.pp.0.c -- -std=gnu99 -fhls -ferror-limit=0 -fstrict-dataflow > C:/wrk/ETH_ToE_Github/ug871-design-files/Interface_Synthesis/lab4/axi_interfaces_prj/solution2/.autopilot/db/xilinx-dataflow-lawyer.axi_interfaces.pp.0.c.out.log 2> C:/wrk/ETH_ToE_Github/ug871-design-files/Interface_Synthesis/lab4/axi_interfaces_prj/solution2/.autopilot/db/xilinx-dataflow-lawyer.axi_interfaces.pp.0.c.err.log 
Command       ap_eval done; 0.44 sec.
Execute       tidy_31 -errorcheck xilinx-constantarray-param,xilinx-resource-pragma-transformer,xilinx-xfmat-array-geometry C:/wrk/ETH_ToE_Github/ug871-design-files/Interface_Synthesis/lab4/axi_interfaces_prj/solution2/.autopilot/db/axi_interfaces.pp.0.c std=gnu89 
Execute         ap_eval exec -ignorestderr C:/Xilinx/Vivado/2019.1/win64/tools/clang-3.9-csynth/bin/tidy-3.1 -export-fixes=C:/wrk/ETH_ToE_Github/ug871-design-files/Interface_Synthesis/lab4/axi_interfaces_prj/solution2/.autopilot/db/tidy-3.1.axi_interfaces.pp.0.c.diag.yml -header-filter=.* -checks=-*,xilinx-constantarray-param,xilinx-resource-pragma-transformer,xilinx-xfmat-array-geometry -quiet -fix-errors C:/wrk/ETH_ToE_Github/ug871-design-files/Interface_Synthesis/lab4/axi_interfaces_prj/solution2/.autopilot/db/axi_interfaces.pp.0.c -- -std=gnu89 -fhls -ferror-limit=0 > C:/wrk/ETH_ToE_Github/ug871-design-files/Interface_Synthesis/lab4/axi_interfaces_prj/solution2/.autopilot/db/tidy-3.1.axi_interfaces.pp.0.c.out.log 2> C:/wrk/ETH_ToE_Github/ug871-design-files/Interface_Synthesis/lab4/axi_interfaces_prj/solution2/.autopilot/db/tidy-3.1.axi_interfaces.pp.0.c.err.log 
Command         ap_eval done; 0.885 sec.
Execute         source C:/Xilinx/Vivado/2019.1/tps/tcl/tcllib1.11.1/yaml/yaml.tcl 
Execute           source C:/Xilinx/Vivado/2019.1/tps/tcl/tcllib1.11.1/cmdline/cmdline.tcl 
Execute         ap_eval exec -ignorestderr C:/Xilinx/Vivado/2019.1/win64/tools/clang-3.9-csynth/bin/xilinx-legacy-rewriter C:/wrk/ETH_ToE_Github/ug871-design-files/Interface_Synthesis/lab4/axi_interfaces_prj/solution2/.autopilot/db/axi_interfaces.pp.0.c -- -std=gnu89 -fhls -ferror-limit=0 > C:/wrk/ETH_ToE_Github/ug871-design-files/Interface_Synthesis/lab4/axi_interfaces_prj/solution2/.autopilot/db/xilinx-legacy-rewriter.axi_interfaces.pp.0.c.out.log 2> C:/wrk/ETH_ToE_Github/ug871-design-files/Interface_Synthesis/lab4/axi_interfaces_prj/solution2/.autopilot/db/xilinx-legacy-rewriter.axi_interfaces.pp.0.c.err.log 
Command         ap_eval done; 0.456 sec.
Command       tidy_31 done; 1.369 sec.
INFO-FLOW: Done: tidy-3.1 CDT preprocess time: 2.7 seconds per iteration
INFO-FLOW: Pragma Handling...
Execute       tidy_31 xilinx-ssdm-intrinsics-arguments C:/wrk/ETH_ToE_Github/ug871-design-files/Interface_Synthesis/lab4/axi_interfaces_prj/solution2/.autopilot/db/axi_interfaces.pragma.1.c std=gnu89 
INFO-FLOW: exec C:/Xilinx/Vivado/2019.1/win64/tools/clang-3.9-csynth/bin/tidy-3.1 -header-filter=.* -checks=-*,xilinx-ssdm-intrinsics-arguments -quiet -fix-errors C:/wrk/ETH_ToE_Github/ug871-design-files/Interface_Synthesis/lab4/axi_interfaces_prj/solution2/.autopilot/db/axi_interfaces.pragma.1.c -- -std=gnu89 -fhls -ferror-limit=0
Command       tidy_31 done; 0.852 sec.
Execute       ap_part_info -name xcvu9p-flgb2104-1-e -data info 
INFO-FLOW: Processing labels
Execute       clang -src C:/wrk/ETH_ToE_Github/ug871-design-files/Interface_Synthesis/lab4/axi_interfaces_prj/solution2/.autopilot/db/axi_interfaces.pragma.2.c  -fno-limit-debug-info -gcc-toolchain C:/Xilinx/Vivado/2019.1/msys -hls -hls-analyze-label -hls-analyze-pragma -fno-exceptions  -D__llvm__  -w  "C:/wrk/ETH_ToE_Github/ug871-design-files/Interface_Synthesis/lab4/axi_interfaces_prj/solution2/.autopilot/db/axi_interfaces.pragma.2.c"    -fno-math-errno -c -emit-llvm -O0  -mllvm -disable-llvm-optzns -std=gnu89  -DAESL_SYN -D__SYNTHESIS__ -D__HLS_SYN__ -I "C:/Xilinx/Vivado/2019.1/common/technology/autopilot" -I "C:/Xilinx/Vivado/2019.1/common/technology/autopilot/ap_sysc" -include etc/autopilot_ssdm_op.h -D__DSP48E2__ -g -o "C:/wrk/ETH_ToE_Github/ug871-design-files/Interface_Synthesis/lab4/axi_interfaces_prj/solution2/.autopilot/db/axi_interfaces.bc" 
INFO-FLOW: exec C:/Xilinx/Vivado/2019.1/win64/tools/clang/bin/clang -fno-limit-debug-info -gcc-toolchain C:/Xilinx/Vivado/2019.1/msys -hls -hls-analyze-label -hls-analyze-pragma -fno-exceptions -D__llvm__ -w C:/wrk/ETH_ToE_Github/ug871-design-files/Interface_Synthesis/lab4/axi_interfaces_prj/solution2/.autopilot/db/axi_interfaces.pragma.2.c -fno-math-errno -c -emit-llvm -O0 -mllvm -disable-llvm-optzns -std=gnu89 -DAESL_SYN -D__SYNTHESIS__ -D__HLS_SYN__ -I C:/Xilinx/Vivado/2019.1/common/technology/autopilot -I C:/Xilinx/Vivado/2019.1/common/technology/autopilot/ap_sysc -include etc/autopilot_ssdm_op.h -D__DSP48E2__ -g -o C:/wrk/ETH_ToE_Github/ug871-design-files/Interface_Synthesis/lab4/axi_interfaces_prj/solution2/.autopilot/db/axi_interfaces.bc
Command       clang done; 3.212 sec.
INFO-FLOW: Linking Debug ...
Execute       llvm-ld C:/wrk/ETH_ToE_Github/ug871-design-files/Interface_Synthesis/lab4/axi_interfaces_prj/solution2/.autopilot/db/axi_interfaces.g.bc -hls-opt -except-internalize axi_interfaces -LC:/Xilinx/Vivado/2019.1/win64/lib -lhlsm -lhlsmc++ -o C:/wrk/ETH_ToE_Github/ug871-design-files/Interface_Synthesis/lab4/axi_interfaces_prj/solution2/.autopilot/db/a.g 
Command       llvm-ld done; 2.311 sec.
INFO: [HLS 200-111] Finished Linking Time (s): cpu = 00:00:06 ; elapsed = 00:00:20 . Memory (MB): peak = 187.098 ; gain = 93.332
INFO: [HLS 200-111] Finished Checking Pragmas Time (s): cpu = 00:00:06 ; elapsed = 00:00:20 . Memory (MB): peak = 187.098 ; gain = 93.332
Execute       get_config_sdx -target 
Execute       opt_and_import_c a -opt_level=2 -skip_syncheck=0 -ng=0 -keep_printf=0 
Execute         cleanup_all_models 
INFO: [HLS 200-10] Starting code transformations ...
Execute         transform -promote-dbg-pointer C:/wrk/ETH_ToE_Github/ug871-design-files/Interface_Synthesis/lab4/axi_interfaces_prj/solution2/.autopilot/db/a.pp.bc -o C:/wrk/ETH_ToE_Github/ug871-design-files/Interface_Synthesis/lab4/axi_interfaces_prj/solution2/.autopilot/db/a.pp.0.bc -f 
Execute         llvm-ld C:/wrk/ETH_ToE_Github/ug871-design-files/Interface_Synthesis/lab4/axi_interfaces_prj/solution2/.autopilot/db/a.pp.0.bc -disable-opt -LC:/Xilinx/Vivado/2019.1/win64/lib -lfloatconversion -o C:/wrk/ETH_ToE_Github/ug871-design-files/Interface_Synthesis/lab4/axi_interfaces_prj/solution2/.autopilot/db/a.g.0 
Command         llvm-ld done; 0.938 sec.
INFO-FLOW: Running Standard Transforms...
Execute         transform -hls -share-std-xform -demangle-name -inline-byval-memcpy -always-inline -promote-dbg-pointer -interface-preproc -mem2reg -scalarrepl -mem2reg -keep-read-access -instcombine -dce -promote-dbg-pointer -bitop-raise -loop-simplify -indvarspre -indvars -loop-simplify -xunroll -constprop -instcombine -simplifycfg -indvars -simplifycfg -dce -globaldce -basicaa -simplifycfg -mem2reg -globalopt -global-constprop -deadargelim -instcombine -simplifycfg -prune-eh -simplifycfg -scalarrepl -instcombine -reassociate -licm -simplifycfg -loop-simplify -indvars -instcombine -simplifycfg -mem2reg -loop-simplify -indvars -instcombine -gvn -gvn -instcombine -adce -break-crit-edges -simplifycfg -loop-delete -global-array-opt -dce -dse -adce -find-syn-modules -top axi_interfaces -deadargelim -mem2reg -instcombine -dce -presyn-prepare -auto-rom-infer -interface-preproc -syn-check -check-rec-only -find-region -simplifycfg -func-extr -function-inline -globaldce -mem2reg -instcombine -dce -gvn -globaldce -adce -adse -constprop -instcombine -bit-constprop -instcombine -dce -simplifycfg -bitop-raise -simplifycfg -dce -loop-delete -reassociate -globalopt -global-privatize -mem2reg -dce -global-constprop -pointer-simplify -constprop -dce -func-inst -deadargelim -auto-shift-reg-idiom -promote-dbg-pointer -norm-name C:/wrk/ETH_ToE_Github/ug871-design-files/Interface_Synthesis/lab4/axi_interfaces_prj/solution2/.autopilot/db/a.g.0.bc -o C:/wrk/ETH_ToE_Github/ug871-design-files/Interface_Synthesis/lab4/axi_interfaces_prj/solution2/.autopilot/db/a.g.1.bc -f -phase std-opt 
INFO: [HLS 200-111] Finished Standard Transforms Time (s): cpu = 00:00:07 ; elapsed = 00:00:21 . Memory (MB): peak = 187.098 ; gain = 93.332
INFO: [HLS 200-10] Checking synthesizability ...
INFO-FLOW: Checking Synthesizability 1/2..
Execute         transform -hls -syn-check -check-rec-only -disaggr -scalarrepl -norm-name -dce -mem2reg -instcombine -function-uniquify -directive-preproc -mem2reg -dse -dce -auto-rom-infer -dce -pag -array-normalize -instcombine -dce -warn-fifo-pointer -array-seg-normalize -instcombine -dce -array-flatten -instcombine -dce -array-burst -dce -deadargelim -promote-global-argument -simplifycfg -mem2reg -globaldce -dce -deadargelim -dce -instcombine -function-inline -globaldce -dce -doublePtrSimplify -doublePtrElim -dce -doublePtrSimplify -promote-dbg-pointer -dce -scalarrepl -dse -adse -instcombine -ptrLegalization -simplifycfg -dce -instcombine -pointer-simplify -ptrArgReplace -dce -instcombine -resolve-double-ptr -disaggr -scalarrepl -norm-name -dce -mem2reg -instcombine -ptrLegalization -simplifycfg -deadargelim -instcombine -dce -inst-simplify -function-uniquify -directive-preproc -mem2reg -dse -dce -globaldce -check-dspbuiltin C:/wrk/ETH_ToE_Github/ug871-design-files/Interface_Synthesis/lab4/axi_interfaces_prj/solution2/.autopilot/db/a.g.1.bc -o C:/wrk/ETH_ToE_Github/ug871-design-files/Interface_Synthesis/lab4/axi_interfaces_prj/solution2/.autopilot/db/a.g.2.prechk.bc -f 
INFO-FLOW: Checking Synthesizability 2/2..
Execute         transform -syn-check C:/wrk/ETH_ToE_Github/ug871-design-files/Interface_Synthesis/lab4/axi_interfaces_prj/solution2/.autopilot/db/a.g.2.prechk.bc -o C:/wrk/ETH_ToE_Github/ug871-design-files/Interface_Synthesis/lab4/axi_interfaces_prj/solution2/.autopilot/db/a.g.2.bc -f -phase syn-check 
INFO: [HLS 200-111] Finished Checking Synthesizability Time (s): cpu = 00:00:07 ; elapsed = 00:00:21 . Memory (MB): peak = 187.098 ; gain = 93.332
INFO-FLOW: Compiler optimizing ...
INFO-FLOW: Share syncheck's 1.bc for syn flow: copy C:/wrk/ETH_ToE_Github/ug871-design-files/Interface_Synthesis/lab4/axi_interfaces_prj/solution2/.autopilot/db/a.g.1.bc to C:/wrk/ETH_ToE_Github/ug871-design-files/Interface_Synthesis/lab4/axi_interfaces_prj/solution2/.autopilot/db/a.o.1.bc
INFO-FLOW: Presyn 1...
Execute         transform -hls -tmp C:/wrk/ETH_ToE_Github/ug871-design-files/Interface_Synthesis/lab4/axi_interfaces_prj/solution2/.autopilot/db -interface-port-rename -type-info -function-uniquify -directive-preproc -mem2reg -dse -dce -disaggr -scalarrepl -norm-name -deadargelim -mem2reg -instcombine -dce -simplifycfg -auto-rom-infer -dce -function-uniquify -resource-proc -clib-intrinsic-prepare -dce -func-buffer -dce -pag -array-normalize -func-legal -instcombine -gvn -constprop -dce -simplifycfg -mem2reg -globaldce -resolve-double-ptr -dce -deadargelim -dce -instcombine -ptrArgReplace -mem2reg -dce -array-seg-normalize -deadargelim -instcombine -dce -pointer-simplify -dce -port-alignment -dce -interface-preproc -data-pack -instcombine -dce -basicaa -aggr-aa -aggrmodref-aa -aggr-aa -gvn -gvn -basicaa -aggr-aa -aggrmodref-aa -aggr-aa -dse -adse -adce -loop-simplify -indvars -instcombine -gvn -loop-simplify -mem2reg -dce -find-region -instcombine -auto-loop-pipeline -inst-simplify -interface-preproc -cfgopt -instcombine -indvars -auto-loop-unroll -loop-simplify -loop-bound -xunroll -constprop -instcombine -simplifycfg -indvars -simplifycfg -dce -globaldce -clean-region -attach-range -gvn -inst-simplify -constprop -simplifycfg -dce -pointer-simplify -dce -globalopt -constprop -dce -array-promote -constprop -dce -ptrArgReplace -mem2reg -simplifycfg -dce -auto-par -instcombine -dce -array-transform-check -array-reshape -instcombine -simplifycfg -dce -ptrArgReplace -deadargelim -mem2reg -instcombine -simplifycfg -dce -indvars -loop-simplify -loop-bound -xunroll -constprop -instcombine -simplifycfg -indvars -simplifycfg -dce -globaldce -basicaa -aggr-aa -aggrmodref-aa -aggr-aa -dse -duplicate-dataflow-processes -globaldce -instcombine -array-partition -instcombine -simplifycfg -dce -ptrArgReplace -global-constprop -deadargelim -mem2reg -func-legal -dce -global-constprop -deadargelim -mem2reg -simplifycfg -dce -merge-param -deadargelim -globalopt -constprop -dce -array-promote -constprop -dce -ptrArgReplace -mem2reg -simplifycfg -dce -mem-intrinsic-preproc -dce -global-internalize -global-privatize -mem2reg -globaldce -promote-global-argument -ptrArgReplace -mem2reg -dce -globalopt -mergereturn -simplify-global-access -mem2reg -dce -pointer-simplify -dce -functionattrs -basicaa -aggr-aa -aggrmodref-aa -aggr-aa -gvn -gvn -basicaa -aggr-aa -aggrmodref-aa -aggr-aa -dse -adse -adce -dce -norm-name -function-inline -complex-op-raise -inst-simplify -globaldce -func-inst -constprop -instcombine -simplifycfg -dce -func-legal -dce -loop-bound -arraycheck -bitwidthmin -on-by-dataflow -loop-delete -instcombine -simplifycfg -globaldce -dce -gvn -deadargelim -dce -loop-simplify -clean-region -simplifycfg -propagate-stable-arguments -loop-stream -instcombine -simplifycfg -dce -globaldce -duplicate-dataflow-processes -stream-intrinsic-preproc -dce -check-ap-stream -loop-simplify -eliminate-keepreads -extract-dataflow-in-loop -loop-simplify -dce -gvn -deadargelim -dse -check-dataflow-syntax -legalize-stream-variable -legalize-global -extract-subproc -dce -dead-channel-elimination -canonicalize-gep -globaldce -dce -gvn -deadargelim -annotate-dataflow-channels -scalar-propagation -deadargelim -globaldce -mem2reg -check-dataflow-channels -function-stream -dce -globaldce -prop-fifo-spec -internal-stream-gen -canonicalize-gep -globaldce -dce -gvn -deadargelim -mergereturn -indvars -loop-simplify -instcombine -array-stream -array-seg-normalize -array-partition -func-legal -instcombine -simplifycfg -dce -bundle-memfifo-ops -deadargelim -function-uniquify -directive-preproc -mem2reg -dse -dce -group-axi-access -licm -simplifycfg -dce -loop-delete -norm-name C:/wrk/ETH_ToE_Github/ug871-design-files/Interface_Synthesis/lab4/axi_interfaces_prj/solution2/.autopilot/db/a.o.1.bc -o C:/wrk/ETH_ToE_Github/ug871-design-files/Interface_Synthesis/lab4/axi_interfaces_prj/solution2/.autopilot/db/a.o.1.tmp.bc -f 
INFO: [XFORM 203-501] Unrolling loop 'For_Loop' (axi_interfaces.c:64) in function 'axi_interfaces' partially with a factor of 8.
INFO: [XFORM 203-102] Partitioning array 'acc' automatically.
INFO: [XFORM 203-101] Partitioning array 'd_i' (axi_interfaces.c:57) in dimension 1 with a cyclic factor 8.
INFO: [XFORM 203-101] Partitioning array 'd_o' (axi_interfaces.c:57) in dimension 1 with a cyclic factor 8.
Command         transform done; 0.162 sec.
INFO-FLOW: Presyn 2...
Execute         transform -hls -keep-callgraph -scalarrepl -mem2reg -port-alignment -attach-range -dce -pipe-mux-gen -indvars -loop-bound -inst-simplify -instcombine -dce -merge-array-access -mem2reg -dce -clean-region -mergereturn -if-conv -instcombine -dce -constprop -basicaa -aggr-aa -aggrmodref-aa -aggr-aa -gvn -gvn -basicaa -aggr-aa -aggrmodref-aa -aggr-aa -dse -adse -adce -scalarrepl -mem2reg -global-constprop -deadargelim -deadargelim -instcombine -dce -simplifycfg -ptrArgReplace -mem2reg -function-inline -globaldce -mem2reg -instcombine -dce -expr-balance -instcombine -dce -bitwidthmin -interface-preproc -directive-preproc -inst-rectify -instcombine -dce -functionattrs -constprop -instcombine -bit-constprop -simplify-global-access -globalopt -globaldce -inst-simplify -instcombine -elimdeaddata -dce -loop-delete -simplifycfg -loop-simplify -auto-burst -norm-name C:/wrk/ETH_ToE_Github/ug871-design-files/Interface_Synthesis/lab4/axi_interfaces_prj/solution2/.autopilot/db/a.o.1.tmp.bc -o C:/wrk/ETH_ToE_Github/ug871-design-files/Interface_Synthesis/lab4/axi_interfaces_prj/solution2/.autopilot/db/a.o.2.bc -f -phase presyn 
Command         transform done; 0.112 sec.
INFO: [HLS 200-111] Finished Pre-synthesis Time (s): cpu = 00:00:07 ; elapsed = 00:00:21 . Memory (MB): peak = 187.098 ; gain = 93.332
INFO-FLOW: Building ssdm...
Execute         transform -hls -function-uniquify -auto-function-inline -globaldce -ptrArgReplace -mem2reg -dce -reset-lda -loop-simplify -indvars -licm -loop-dep -loop-bound -licm -loop-simplify -flattenloopnest -array-flatten -gvn -instcombine -dce -array-map -dce -func-legal -gvn -adce -instcombine -cfgopt -simplifycfg -loop-simplify -array-burst -promote-global-argument -dce -ptrLegalization -axi4-lower -array-seg-normalize -basicaa -aggrmodref-aa -globalsmodref-aa -aggr-aa -gvn -gvn -basicaa -aggrmodref-aa -globalsmodref-aa -aggr-aa -dse -adse -adce -licm -inst-simplify -dce -globaldce -instcombine -array-stream -eliminate-keepreads -instcombine -dce -deadargelim -doublePtrSimplify -doublePtrElim -dce -doublePtrSimplify -promote-dbg-pointer -dce -scalarrepl -mem2reg -disaggr -norm-name -mem2reg -instcombine -dse -adse -adce -ptrLegalization -dce -auto-rom-infer -array-flatten -dce -instcombine -check-doubleptr -loop-rot -constprop -cfgopt -simplifycfg -loop-simplify -indvars -pointer-simplify -dce -loop-bound -loop-simplify -loop-preproc -constprop -global-constprop -gvn -mem2reg -instcombine -dce -loop-bound -loop-merge -dce -bitwidthmin -deadargelim -dce -canonicalize-dataflow -dce -scalar-propagation -deadargelim -globaldce -mem2reg -read-loop-dep -interface-preproc -directive-preproc -interface-gen -bram-byte-enable -deadargelim -inst-simplify -dce -gvn -mem2reg -instcombine -dce -adse -loop-bound -instcombine -cfgopt -simplifycfg -loop-simplify -clean-region -io-protocol -find-region -mem2reg -bitop-raise -complex-op-raise -inst-simplify -inst-rectify -instcombine -adce -deadargelim -loop-simplify -phi-opt -bitop-raise -cfgopt -simplifycfg -strip-dead-prototypes -interface-lower -bitop-lower -intrinsic-lower -auto-function-inline -basicaa -aggrmodref-aa -globalsmodref-aa -aggr-aa -inst-simplify -simplifycfg -loop-simplify -mergereturn -inst-simplify -inst-rectify -dce -load-elim -bitop-lower -loop-rewind -pointer-simplify -dce -cfgopt -dce -loop-bound -loop-dep -read-loop-dep -dce -check-stream -norm-name -legalize -validate-dataflow -inst-clarity -bitwidth -dump-loop-dep-to-ir -check-all-ssdm -cdfg-build C:/wrk/ETH_ToE_Github/ug871-design-files/Interface_Synthesis/lab4/axi_interfaces_prj/solution2/.autopilot/db/a.o.2.bc -o C:/wrk/ETH_ToE_Github/ug871-design-files/Interface_Synthesis/lab4/axi_interfaces_prj/solution2/.autopilot/db/a.o.3.bc -f -phase build-ssdm 
INFO: [XFORM 203-531] Rewinding loop 'For_Loop' (axi_interfaces.c:64) in function 'axi_interfaces'.
WARNING: [XFORM 203-561] Ignored multiple trip count directives for loop 'For_Loop' in function 'axi_interfaces'.
Command         transform done; 0.242 sec.
INFO: [HLS 200-111] Finished Architecture Synthesis Time (s): cpu = 00:00:07 ; elapsed = 00:00:21 . Memory (MB): peak = 187.098 ; gain = 93.332
INFO-FLOW: Finish building internal data model.
Command       opt_and_import_c done; 1.541 sec.
Command     elaborate done; 18.865 sec.
Execute     autosyn -from_csynth_design=1 
INFO: [HLS 200-10] Starting hardware synthesis ...
INFO-FLOW: Synthesizing C/C++ design ...
INFO: [HLS 200-10] Synthesizing 'axi_interfaces' ...
Execute       ap_set_top_model axi_interfaces 
Execute       get_model_list axi_interfaces -filter all-wo-channel -topdown 
Execute       preproc_iomode -model axi_interfaces 
Execute       get_model_list axi_interfaces -filter all-wo-channel 
INFO-FLOW: Model list for configure: axi_interfaces
INFO-FLOW: Configuring Module : axi_interfaces ...
Execute       set_default_model axi_interfaces 
Execute       apply_spec_resource_limit axi_interfaces 
INFO-FLOW: Model list for preprocess: axi_interfaces
INFO-FLOW: Preprocessing Module: axi_interfaces ...
Execute       set_default_model axi_interfaces 
Execute       cdfg_preprocess -model axi_interfaces 
Execute       rtl_gen_preprocess axi_interfaces 
INFO-FLOW: Model list for synthesis: axi_interfaces
INFO: [HLS 200-10] ----------------------------------------------------------------
INFO: [HLS 200-42] -- Implementing module 'axi_interfaces' 
INFO: [HLS 200-10] ----------------------------------------------------------------
Execute       set_default_model axi_interfaces 
Execute       schedule -model axi_interfaces 
INFO: [SCHED 204-11] Starting scheduling ...
INFO: [SCHED 204-61] Pipelining loop 'For_Loop'.
INFO: [SCHED 204-61] Pipelining result : Target II = 1, Final II = 1, Depth = 2.
INFO: [SCHED 204-11] Finished scheduling.
INFO: [HLS 200-111]  Elapsed time: 21.291 seconds; current allocated memory: 101.854 MB.
Execute       syn_report -verbosereport -o C:/wrk/ETH_ToE_Github/ug871-design-files/Interface_Synthesis/lab4/axi_interfaces_prj/solution2/.autopilot/db/axi_interfaces.verbose.sched.rpt 
Execute       db_write -o C:/wrk/ETH_ToE_Github/ug871-design-files/Interface_Synthesis/lab4/axi_interfaces_prj/solution2/.autopilot/db/axi_interfaces.sched.adb -f 
INFO-FLOW: Finish scheduling axi_interfaces.
Execute       set_default_model axi_interfaces 
Execute       bind -model axi_interfaces 
BIND OPTION: model=axi_interfaces
INFO: [BIND 205-100] Starting micro-architecture generation ...
INFO: [BIND 205-101] Performing variable lifetime analysis.
INFO: [BIND 205-101] Exploring resource sharing.
INFO: [BIND 205-101] Binding ...
INFO: [BIND 205-100] Finished micro-architecture generation.
INFO: [HLS 200-111]  Elapsed time: 0.105 seconds; current allocated memory: 102.236 MB.
Execute       syn_report -verbosereport -o C:/wrk/ETH_ToE_Github/ug871-design-files/Interface_Synthesis/lab4/axi_interfaces_prj/solution2/.autopilot/db/axi_interfaces.verbose.bind.rpt 
Execute       db_write -o C:/wrk/ETH_ToE_Github/ug871-design-files/Interface_Synthesis/lab4/axi_interfaces_prj/solution2/.autopilot/db/axi_interfaces.bind.adb -f 
INFO-FLOW: Finish binding axi_interfaces.
Execute       get_model_list axi_interfaces -filter all-wo-channel 
INFO-FLOW: Preprocessing for RTLGen ...
Execute       rtl_gen_preprocess axi_interfaces 
INFO-FLOW: Model list for RTL generation: axi_interfaces
INFO: [HLS 200-10] ----------------------------------------------------------------
INFO: [HLS 200-10] -- Generating RTL for module 'axi_interfaces' 
INFO: [HLS 200-10] ----------------------------------------------------------------
Execute       get_config_rtl -module_prefix 
Execute       get_config_rtl -module_auto_prefix 
Execute       create_rtl_model axi_interfaces -vendor xilinx -mg_file C:/wrk/ETH_ToE_Github/ug871-design-files/Interface_Synthesis/lab4/axi_interfaces_prj/solution2/.autopilot/db/axi_interfaces.compgen.tcl 
INFO: [RTGEN 206-500] Setting interface mode on port 'axi_interfaces/d_o_0' to 'axis' (register, both mode).
INFO: [RTGEN 206-500] Setting interface mode on port 'axi_interfaces/d_o_1' to 'axis' (register, both mode).
INFO: [RTGEN 206-500] Setting interface mode on port 'axi_interfaces/d_o_2' to 'axis' (register, both mode).
INFO: [RTGEN 206-500] Setting interface mode on port 'axi_interfaces/d_o_3' to 'axis' (register, both mode).
INFO: [RTGEN 206-500] Setting interface mode on port 'axi_interfaces/d_o_4' to 'axis' (register, both mode).
INFO: [RTGEN 206-500] Setting interface mode on port 'axi_interfaces/d_o_5' to 'axis' (register, both mode).
INFO: [RTGEN 206-500] Setting interface mode on port 'axi_interfaces/d_o_6' to 'axis' (register, both mode).
INFO: [RTGEN 206-500] Setting interface mode on port 'axi_interfaces/d_o_7' to 'axis' (register, both mode).
INFO: [RTGEN 206-500] Setting interface mode on port 'axi_interfaces/d_i_0' to 'axis' (register, both mode).
INFO: [RTGEN 206-500] Setting interface mode on port 'axi_interfaces/d_i_1' to 'axis' (register, both mode).
INFO: [RTGEN 206-500] Setting interface mode on port 'axi_interfaces/d_i_2' to 'axis' (register, both mode).
INFO: [RTGEN 206-500] Setting interface mode on port 'axi_interfaces/d_i_3' to 'axis' (register, both mode).
INFO: [RTGEN 206-500] Setting interface mode on port 'axi_interfaces/d_i_4' to 'axis' (register, both mode).
INFO: [RTGEN 206-500] Setting interface mode on port 'axi_interfaces/d_i_5' to 'axis' (register, both mode).
INFO: [RTGEN 206-500] Setting interface mode on port 'axi_interfaces/d_i_6' to 'axis' (register, both mode).
INFO: [RTGEN 206-500] Setting interface mode on port 'axi_interfaces/d_i_7' to 'axis' (register, both mode).
INFO: [RTGEN 206-500] Setting interface mode on function 'axi_interfaces' to 's_axilite & ap_ctrl_hs'.
WARNING: [RTGEN 206-101] Register 'acc_0' is power-on initialization.
WARNING: [RTGEN 206-101] Register 'acc_1' is power-on initialization.
WARNING: [RTGEN 206-101] Register 'acc_2' is power-on initialization.
WARNING: [RTGEN 206-101] Register 'acc_3' is power-on initialization.
WARNING: [RTGEN 206-101] Register 'acc_4' is power-on initialization.
WARNING: [RTGEN 206-101] Register 'acc_5' is power-on initialization.
WARNING: [RTGEN 206-101] Register 'acc_6' is power-on initialization.
WARNING: [RTGEN 206-101] Register 'acc_7' is power-on initialization.
INFO: [RTGEN 206-100] Bundling port 'return' to AXI-Lite port AXILiteS.
INFO: [RTGEN 206-100] Finished creating RTL model for 'axi_interfaces'.
Command       create_rtl_model done; 0.226 sec.
INFO: [HLS 200-111]  Elapsed time: 0.329 seconds; current allocated memory: 103.814 MB.
Execute       source C:/wrk/ETH_ToE_Github/ug871-design-files/Interface_Synthesis/lab4/axi_interfaces_prj/solution2/.autopilot/db/axi_interfaces.rtl_wrap.cfg.tcl 
Execute       gen_rtl axi_interfaces -istop -style xilinx -tracefl mytrace -tracefmt vcd -traceopt all -f -lang sc -o C:/wrk/ETH_ToE_Github/ug871-design-files/Interface_Synthesis/lab4/axi_interfaces_prj/solution2/syn/systemc/axi_interfaces -synmodules axi_interfaces 
Execute       gen_rtl axi_interfaces -istop -style xilinx -f -lang vhdl -o C:/wrk/ETH_ToE_Github/ug871-design-files/Interface_Synthesis/lab4/axi_interfaces_prj/solution2/syn/vhdl/axi_interfaces 
Execute       gen_rtl axi_interfaces -istop -style xilinx -f -lang vlog -o C:/wrk/ETH_ToE_Github/ug871-design-files/Interface_Synthesis/lab4/axi_interfaces_prj/solution2/syn/verilog/axi_interfaces 
Execute       syn_report -csynth -model axi_interfaces -o C:/wrk/ETH_ToE_Github/ug871-design-files/Interface_Synthesis/lab4/axi_interfaces_prj/solution2/syn/report/axi_interfaces_csynth.rpt 
Execute       syn_report -rtlxml -model axi_interfaces -o C:/wrk/ETH_ToE_Github/ug871-design-files/Interface_Synthesis/lab4/axi_interfaces_prj/solution2/syn/report/axi_interfaces_csynth.xml 
Execute       syn_report -verbosereport -model axi_interfaces -o C:/wrk/ETH_ToE_Github/ug871-design-files/Interface_Synthesis/lab4/axi_interfaces_prj/solution2/.autopilot/db/axi_interfaces.verbose.rpt 
Execute       db_write -model axi_interfaces -f -o C:/wrk/ETH_ToE_Github/ug871-design-files/Interface_Synthesis/lab4/axi_interfaces_prj/solution2/.autopilot/db/axi_interfaces.adb 
Execute       gen_tb_info axi_interfaces -p C:/wrk/ETH_ToE_Github/ug871-design-files/Interface_Synthesis/lab4/axi_interfaces_prj/solution2/.autopilot/db -o C:/wrk/ETH_ToE_Github/ug871-design-files/Interface_Synthesis/lab4/axi_interfaces_prj/solution2/.autopilot/db/axi_interfaces 
Execute       export_constraint_db -f -tool general -o C:/wrk/ETH_ToE_Github/ug871-design-files/Interface_Synthesis/lab4/axi_interfaces_prj/solution2/.autopilot/db/axi_interfaces.constraint.tcl 
Execute       syn_report -designview -model axi_interfaces -o C:/wrk/ETH_ToE_Github/ug871-design-files/Interface_Synthesis/lab4/axi_interfaces_prj/solution2/.autopilot/db/axi_interfaces.design.xml 
Execute       get_config_rtl -disable_wave_debug 
Execute       syn_report -wcfg -model axi_interfaces -o C:/wrk/ETH_ToE_Github/ug871-design-files/Interface_Synthesis/lab4/axi_interfaces_prj/solution2/.autopilot/db/axi_interfaces_dataflow_ana.wcfg 
Execute       syn_report -protoinst -model axi_interfaces -o C:/wrk/ETH_ToE_Github/ug871-design-files/Interface_Synthesis/lab4/axi_interfaces_prj/solution2/.autopilot/db/axi_interfaces.protoinst 
Execute       get_config_debug -directory 
Execute       sc_get_clocks axi_interfaces 
Execute       get_config_export -vivado_clock 
Execute       sc_get_portdomain axi_interfaces 
INFO-FLOW: Model list for RTL component generation: axi_interfaces
INFO-FLOW: Handling components in module [axi_interfaces] ... 
Execute       source C:/wrk/ETH_ToE_Github/ug871-design-files/Interface_Synthesis/lab4/axi_interfaces_prj/solution2/.autopilot/db/axi_interfaces.compgen.tcl 
INFO-FLOW: Found component axi_interfaces_AXILiteS_s_axi.
INFO-FLOW: Append model axi_interfaces_AXILiteS_s_axi
INFO-FLOW: Append model axi_interfaces
INFO-FLOW: Generating RTL model list ...
INFO-FLOW: All models in this session: axi_interfaces_AXILiteS_s_axi axi_interfaces
INFO-FLOW: To file: write model axi_interfaces_AXILiteS_s_axi
INFO-FLOW: To file: write model axi_interfaces
INFO-FLOW: Finished generating RTL model list.


INFO-FLOW: RTL Generation done.
INFO-FLOW: CAS Generation done.
INFO-FLOW: CBC Generation done.
INFO-FLOW: DBG:CMD: auto_generate_csynth_design
INFO-FLOW: DBG:CMD:     auto_generate --sim-model -phase csynth_design -d C:/wrk/ETH_ToE_Github/ug871-design-files/Interface_Synthesis/lab4/axi_interfaces_prj/solution2
Execute       source C:/wrk/ETH_ToE_Github/ug871-design-files/Interface_Synthesis/lab4/axi_interfaces_prj/solution2/.autopilot/db/global.setting.tcl 
INFO-FLOW: DBG:CMD: read_platform_lib C:/wrk/ETH_ToE_Github/ug871-design-files/Interface_Synthesis/lab4/axi_interfaces_prj/solution2/.autopilot/db/global.setting.tcl
Execute       source C:/Xilinx/Vivado/2019.1/common/technology/generic/autopilot/common.gen 
Execute         source C:/Xilinx/Vivado/2019.1/common/technology/generic/autopilot/APCoreGen.gen 
Execute       source C:/Xilinx/Vivado/2019.1/common/technology/generic/autopilot/op.gen 
Execute       source C:/Xilinx/Vivado/2019.1/common/technology/generic/autopilot/op_simcore.gen 
Execute       source C:/Xilinx/Vivado/2019.1/common/technology/generic/autopilot/interface.gen 
Execute       source C:/wrk/ETH_ToE_Github/ug871-design-files/Interface_Synthesis/lab4/axi_interfaces_prj/solution2/.autopilot/db/global.setting.tcl 
Execute       source C:/Xilinx/Vivado/2019.1/common/technology/xilinx/virtexuplus/virtexuplus.gen 
Execute         source C:/Xilinx/Vivado/2019.1/common/technology/xilinx/common/xilinx.gen 
Execute           source C:/Xilinx/Vivado/2019.1/common/technology/xilinx/interface/plb46.gen 
Execute           source C:/Xilinx/Vivado/2019.1/common/technology/xilinx/interface/fsl.gen 
Execute           source C:/Xilinx/Vivado/2019.1/common/technology/xilinx/interface/axi4.gen 
Execute           source C:/Xilinx/Vivado/2019.1/common/technology/xilinx/interface/nativeAXI4.gen 
Execute             source C:/Xilinx/Vivado/2019.1/common/technology/xilinx/interface/saxilite.gen 
Execute             source C:/Xilinx/Vivado/2019.1/common/technology/xilinx/interface/maxi.gen 
Execute           source C:/Xilinx/Vivado/2019.1/common/technology/xilinx/scripts/xilinxcoregen.gen 
Execute           source C:/Xilinx/Vivado/2019.1/common/technology/xilinx/interface/XilEDKCoreGen.gen 
Execute           source C:/Xilinx/Vivado/2019.1/common/technology/xilinx/ip/dds_compiler.gen 
Execute           source C:/Xilinx/Vivado/2019.1/common/technology/xilinx/ip/util.gen 
Execute           source C:/Xilinx/Vivado/2019.1/common/technology/xilinx/ip/xfft.gen 
Execute           source C:/Xilinx/Vivado/2019.1/common/technology/xilinx/ip/xfir.gen 
Execute           source C:/Xilinx/Vivado/2019.1/common/technology/xilinx/common/dsp48.gen 
Command         ap_source done; 0.145 sec.
Command       ap_source done; 0.145 sec.
Execute       source C:/Xilinx/Vivado/2019.1/common/technology/xilinx/virtexuplus/virtexuplus_fpv7.gen 
Execute         source C:/Xilinx/Vivado/2019.1/common/technology/xilinx/common/xilinx_fp.gen 
INFO-FLOW: DBG:CMD:   using AESL_AUTOCG::g_clock_period=4.000 (was NA)
INFO-FLOW: DBG:CMD:       generate_ip_cores sim=1 export=0 expOnly=0 dstVlogDir=syn/verilog
Execute       source C:/wrk/ETH_ToE_Github/ug871-design-files/Interface_Synthesis/lab4/axi_interfaces_prj/solution2/.autopilot/db/global.setting.tcl 
Execute       ap_part_info -name xcvu9p-flgb2104-1-e -data names -quiet 
Execute       ap_part_info -name xcvu9p-flgb2104-1-e -data info -quiet 
Execute       source C:/wrk/ETH_ToE_Github/ug871-design-files/Interface_Synthesis/lab4/axi_interfaces_prj/solution2/.autopilot/db/global.setting.tcl 
Execute       source C:/wrk/ETH_ToE_Github/ug871-design-files/Interface_Synthesis/lab4/axi_interfaces_prj/solution2/.autopilot/db/global.setting.tcl 
Execute       source C:/wrk/ETH_ToE_Github/ug871-design-files/Interface_Synthesis/lab4/axi_interfaces_prj/solution2/.autopilot/db/axi_interfaces.compgen.tcl 
Execute         source ./AXILiteS.slave.tcl 
Execute         is_m_axi_addr64 
INFO-FLOW: DBG:CMD:     auto_generate -export -impltomg_flag -rtl both -tool Vivado -pcore_version 1.00.a -phase csynth_design -d C:/wrk/ETH_ToE_Github/ug871-design-files/Interface_Synthesis/lab4/axi_interfaces_prj/solution2
Execute       source C:/wrk/ETH_ToE_Github/ug871-design-files/Interface_Synthesis/lab4/axi_interfaces_prj/solution2/.autopilot/db/global.setting.tcl 
INFO-FLOW: DBG:CMD: read_platform_lib C:/wrk/ETH_ToE_Github/ug871-design-files/Interface_Synthesis/lab4/axi_interfaces_prj/solution2/.autopilot/db/global.setting.tcl
Execute       source C:/Xilinx/Vivado/2019.1/common/technology/generic/autopilot/common.gen 
Execute         source C:/Xilinx/Vivado/2019.1/common/technology/generic/autopilot/APCoreGen.gen 
Execute       source C:/Xilinx/Vivado/2019.1/common/technology/generic/autopilot/op.gen 
Execute       source C:/Xilinx/Vivado/2019.1/common/technology/generic/autopilot/op_simcore.gen 
Execute       source C:/Xilinx/Vivado/2019.1/common/technology/generic/autopilot/interface.gen 
Execute       source C:/wrk/ETH_ToE_Github/ug871-design-files/Interface_Synthesis/lab4/axi_interfaces_prj/solution2/.autopilot/db/global.setting.tcl 
Execute       source C:/Xilinx/Vivado/2019.1/common/technology/xilinx/virtexuplus/virtexuplus.gen 
Execute         source C:/Xilinx/Vivado/2019.1/common/technology/xilinx/common/xilinx.gen 
Execute           source C:/Xilinx/Vivado/2019.1/common/technology/xilinx/interface/plb46.gen 
Execute           source C:/Xilinx/Vivado/2019.1/common/technology/xilinx/interface/fsl.gen 
Execute           source C:/Xilinx/Vivado/2019.1/common/technology/xilinx/interface/axi4.gen 
Execute           source C:/Xilinx/Vivado/2019.1/common/technology/xilinx/interface/nativeAXI4.gen 
Execute             source C:/Xilinx/Vivado/2019.1/common/technology/xilinx/interface/saxilite.gen 
Execute             source C:/Xilinx/Vivado/2019.1/common/technology/xilinx/interface/maxi.gen 
Execute           source C:/Xilinx/Vivado/2019.1/common/technology/xilinx/scripts/xilinxcoregen.gen 
Execute           source C:/Xilinx/Vivado/2019.1/common/technology/xilinx/interface/XilEDKCoreGen.gen 
Execute           source C:/Xilinx/Vivado/2019.1/common/technology/xilinx/ip/dds_compiler.gen 
Execute           source C:/Xilinx/Vivado/2019.1/common/technology/xilinx/ip/util.gen 
Execute           source C:/Xilinx/Vivado/2019.1/common/technology/xilinx/ip/xfft.gen 
Execute           source C:/Xilinx/Vivado/2019.1/common/technology/xilinx/ip/xfir.gen 
Execute           source C:/Xilinx/Vivado/2019.1/common/technology/xilinx/common/dsp48.gen 
Command         ap_source done; 0.144 sec.
Command       ap_source done; 0.144 sec.
Execute       source C:/Xilinx/Vivado/2019.1/common/technology/xilinx/virtexuplus/virtexuplus_fpv7.gen 
Execute         source C:/Xilinx/Vivado/2019.1/common/technology/xilinx/common/xilinx_fp.gen 
INFO-FLOW: DBG:CMD:       initCTypeInfo top_module=axi_interfaces xml_exists=0
Execute       source C:/wrk/ETH_ToE_Github/ug871-design-files/Interface_Synthesis/lab4/axi_interfaces_prj/solution2/.autopilot/db/axi_interfaces.rtl_wrap.cfg.tcl 
Execute       source C:/wrk/ETH_ToE_Github/ug871-design-files/Interface_Synthesis/lab4/axi_interfaces_prj/solution2/.autopilot/db/axi_interfaces.rtl_wrap.cfg.tcl 
Execute       source C:/wrk/ETH_ToE_Github/ug871-design-files/Interface_Synthesis/lab4/axi_interfaces_prj/solution2/.autopilot/db/axi_interfaces.rtl_wrap.cfg.tcl 
Execute       source C:/wrk/ETH_ToE_Github/ug871-design-files/Interface_Synthesis/lab4/axi_interfaces_prj/solution2/.autopilot/db/axi_interfaces.tbgen.tcl 
Execute       source C:/wrk/ETH_ToE_Github/ug871-design-files/Interface_Synthesis/lab4/axi_interfaces_prj/solution2/.autopilot/db/axi_interfaces.tbgen.tcl 
INFO-FLOW: DBG:CMD:       export_impl_rtl
INFO-FLOW: DBG:CMD:       generate_ip_cores sim=0 export=0 expOnly=0 dstVlogDir=impl/.verilog
Execute       source C:/wrk/ETH_ToE_Github/ug871-design-files/Interface_Synthesis/lab4/axi_interfaces_prj/solution2/.autopilot/db/global.setting.tcl 
Execute       source C:/wrk/ETH_ToE_Github/ug871-design-files/Interface_Synthesis/lab4/axi_interfaces_prj/solution2/.autopilot/db/axi_interfaces.compgen.tcl 
INFO-FLOW: DBG:CMD:       generate_ip_cores sim=0 export=1 expOnly=1 dstVlogDir=impl/.pcores/verilog
Execute       source C:/wrk/ETH_ToE_Github/ug871-design-files/Interface_Synthesis/lab4/axi_interfaces_prj/solution2/.autopilot/db/global.setting.tcl 
Execute       source C:/wrk/ETH_ToE_Github/ug871-design-files/Interface_Synthesis/lab4/axi_interfaces_prj/solution2/.autopilot/db/axi_interfaces.compgen.tcl 
Execute         ap_part_info -name xcvu9p-flgb2104-1-e -data names -quiet 
Execute         ap_part_info -name xcvu9p-flgb2104-1-e -data info -quiet 
Execute         ap_part_info -name xcvu9p-flgb2104-1-e -data names -quiet 
Execute         ap_part_info -name xcvu9p-flgb2104-1-e -data info -quiet 
Execute         ap_part_info -name xcvu9p-flgb2104-1-e -data names -quiet 
Execute         ap_part_info -name xcvu9p-flgb2104-1-e -data info -quiet 
Execute         ap_part_info -name xcvu9p-flgb2104-1-e -data names -quiet 
Execute         ap_part_info -name xcvu9p-flgb2104-1-e -data info -quiet 
Execute         ap_part_info -name xcvu9p-flgb2104-1-e -data names -quiet 
Execute         ap_part_info -name xcvu9p-flgb2104-1-e -data info -quiet 
Execute         ap_part_info -name xcvu9p-flgb2104-1-e -data names -quiet 
Execute         ap_part_info -name xcvu9p-flgb2104-1-e -data info -quiet 
Command       ap_source done; 0.182 sec.
Execute       ap_part_info -name xcvu9p-flgb2104-1-e -data names -quiet 
Execute       ap_part_info -name xcvu9p-flgb2104-1-e -data info -quiet 
INFO-FLOW: DBG:CMD:       generate_ip_cores sim=0 export=0 expOnly=0 dstVlogDir=impl/.pcores/verilog_sim
Execute       source C:/wrk/ETH_ToE_Github/ug871-design-files/Interface_Synthesis/lab4/axi_interfaces_prj/solution2/.autopilot/db/global.setting.tcl 
Execute       source C:/wrk/ETH_ToE_Github/ug871-design-files/Interface_Synthesis/lab4/axi_interfaces_prj/solution2/.autopilot/db/axi_interfaces.compgen.tcl 
Execute       ap_part_info -name xcvu9p-flgb2104-1-e -data names -quiet 
Execute       ap_part_info -name xcvu9p-flgb2104-1-e -data info -quiet 
Execute       ap_part_info -name xcvu9p-flgb2104-1-e -data names -quiet 
Execute       ap_part_info -name xcvu9p-flgb2104-1-e -data info -quiet 
Execute       source C:/wrk/ETH_ToE_Github/ug871-design-files/Interface_Synthesis/lab4/axi_interfaces_prj/solution2/.autopilot/db/global.setting.tcl 
Execute       ap_part_info -name xcvu9p-flgb2104-1-e -data names -quiet 
Execute       ap_part_info -name xcvu9p-flgb2104-1-e -data info -quiet 
Execute       source C:/wrk/ETH_ToE_Github/ug871-design-files/Interface_Synthesis/lab4/axi_interfaces_prj/solution2/.autopilot/db/axi_interfaces.constraint.tcl 
Execute       source C:/wrk/ETH_ToE_Github/ug871-design-files/Interface_Synthesis/lab4/axi_interfaces_prj/solution2/.autopilot/db/axi_interfaces.tbgen.tcl 
INFO-FLOW: DBG:CMD:       hasPcoreIpAdapter=false #gSsdmPorts=32
INFO-FLOW: DBG:CMD: Skipping loadAnalyze_DB, #g_database=16
INFO-FLOW: DBG:CMD:       generate_json is_phase_csynth=1 g_has_adaptors=false generate_bd_files=1 #modelList=2 #gSsdmPorts=32
Execute       source C:/Xilinx/Vivado/2019.1/tps/tcl/tcllib1.11.1/fileutil/fileutil.tcl 
Execute       source C:/wrk/ETH_ToE_Github/ug871-design-files/Interface_Synthesis/lab4/axi_interfaces_prj/solution2/.autopilot/db/global.setting.tcl 
Execute       source C:/wrk/ETH_ToE_Github/ug871-design-files/Interface_Synthesis/lab4/axi_interfaces_prj/solution2/.autopilot/db/global.setting.tcl 
Execute       get_config_export -xo 
Execute       source C:/wrk/ETH_ToE_Github/ug871-design-files/Interface_Synthesis/lab4/axi_interfaces_prj/solution2/.autopilot/db/axi_interfaces.tbgen.tcl 
Execute       source C:/wrk/ETH_ToE_Github/ug871-design-files/Interface_Synthesis/lab4/axi_interfaces_prj/solution2/.autopilot/db/axi_interfaces.compgen.dataonly.tcl 
Execute       source C:/wrk/ETH_ToE_Github/ug871-design-files/Interface_Synthesis/lab4/axi_interfaces_prj/solution2/.autopilot/db/axi_interfaces.compgen.dataonly.tcl 
Execute       source C:/wrk/ETH_ToE_Github/ug871-design-files/Interface_Synthesis/lab4/axi_interfaces_prj/solution2/.autopilot/db/axi_interfaces.tbgen.tcl 
Execute       source C:/wrk/ETH_ToE_Github/ug871-design-files/Interface_Synthesis/lab4/axi_interfaces_prj/solution2/.autopilot/db/axi_interfaces.tbgen.tcl 
Execute       source C:/wrk/ETH_ToE_Github/ug871-design-files/Interface_Synthesis/lab4/axi_interfaces_prj/solution2/.autopilot/db/axi_interfaces.tbgen.tcl 
Execute       source C:/wrk/ETH_ToE_Github/ug871-design-files/Interface_Synthesis/lab4/axi_interfaces_prj/solution2/.autopilot/db/axi_interfaces.tbgen.tcl 
Execute       source C:/wrk/ETH_ToE_Github/ug871-design-files/Interface_Synthesis/lab4/axi_interfaces_prj/solution2/.autopilot/db/axi_interfaces.tbgen.tcl 
Execute       source C:/wrk/ETH_ToE_Github/ug871-design-files/Interface_Synthesis/lab4/axi_interfaces_prj/solution2/.autopilot/db/axi_interfaces.tbgen.tcl 
Execute       source C:/wrk/ETH_ToE_Github/ug871-design-files/Interface_Synthesis/lab4/axi_interfaces_prj/solution2/.autopilot/db/axi_interfaces.tbgen.tcl 
Execute       source C:/wrk/ETH_ToE_Github/ug871-design-files/Interface_Synthesis/lab4/axi_interfaces_prj/solution2/.autopilot/db/axi_interfaces.tbgen.tcl 
Execute       source C:/wrk/ETH_ToE_Github/ug871-design-files/Interface_Synthesis/lab4/axi_interfaces_prj/solution2/.autopilot/db/global.setting.tcl 
Execute       get_config_sdx -target 
Execute       source C:/wrk/ETH_ToE_Github/ug871-design-files/Interface_Synthesis/lab4/axi_interfaces_prj/solution2/.autopilot/db/axi_interfaces.rtl_wrap.cfg.tcl 
Execute       source C:/wrk/ETH_ToE_Github/ug871-design-files/Interface_Synthesis/lab4/axi_interfaces_prj/solution2/.autopilot/db/axi_interfaces.compgen.dataonly.tcl 
Execute       source C:/wrk/ETH_ToE_Github/ug871-design-files/Interface_Synthesis/lab4/axi_interfaces_prj/solution2/.autopilot/db/global.setting.tcl 
Execute       ap_part_info -name xcvu9p-flgb2104-1-e -data names -quiet 
Execute       ap_part_info -name xcvu9p-flgb2104-1-e -data info -quiet 
Execute       source C:/wrk/ETH_ToE_Github/ug871-design-files/Interface_Synthesis/lab4/axi_interfaces_prj/solution2/.autopilot/db/axi_interfaces.constraint.tcl 
Execute       sc_get_clocks axi_interfaces 
Execute       ap_part_info -name xcvu9p-flgb2104-1-e -data names -quiet 
Execute       ap_part_info -name xcvu9p-flgb2104-1-e -data info -quiet 
Execute       source C:/wrk/ETH_ToE_Github/ug871-design-files/Interface_Synthesis/lab4/axi_interfaces_prj/solution2/.autopilot/db/global.setting.tcl 
Execute       get_config_debug -directory 
Execute       source C:/wrk/ETH_ToE_Github/ug871-design-files/Interface_Synthesis/lab4/axi_interfaces_prj/solution2/.autopilot/db/axi_interfaces.tbgen.tcl 
Execute       get_config_sdx -target 
Execute       get_config_sdx -profile 
Execute       get_config_rtl -kernel_profile 
Execute       get_config_rtl -stall_sig_gen 
Execute       get_config_rtl -profile 
INFO-FLOW: DBG:CMD: add_json_sdx_info kernel file does not exist, skipping opencl info: C:/wrk/ETH_ToE_Github/ug871-design-files/Interface_Synthesis/lab4/axi_interfaces_prj/solution2/.autopilot/db/kernel.internal.xml
INFO-FLOW: DBG:CMD:       delete-temp-dirs (skipped for debug)
INFO: [HLS 200-111] Finished generating all RTL models Time (s): cpu = 00:00:09 ; elapsed = 00:00:24 . Memory (MB): peak = 187.098 ; gain = 93.332
INFO: [VHDL 208-304] Generating VHDL RTL for axi_interfaces.
INFO: [VLOG 209-307] Generating Verilog RTL for axi_interfaces.
Command     autosyn done; 2.571 sec.
Command   csynth_design done; 21.454 sec.
Command ap_source done; 22.999 sec.
Execute cleanup_all 
INFO-FLOW: Workspace C:/wrk/ETH_ToE_Github/ug871-design-files/Interface_Synthesis/lab4/axi_interfaces_prj/solution2 opened at Wed Oct 02 09:54:27 +0800 2019
Execute     config_clock -quiet -name default -period 4 -default=false 
INFO: [SYN 201-201] Setting up clock 'default' with a period of 4ns.
Execute     open_platform DefaultPlatform 
Execute     import_lib C:/Xilinx/Vivado/2019.1/common/technology/xilinx/virtexuplus/virtexuplus 
Execute       source C:/Xilinx/Vivado/2019.1/common/technology/xilinx/common/xilinx.lib 
Execute         source C:/Xilinx/Vivado/2019.1/common/technology/xilinx/interface/xilinx_interface.lib 
Execute           source C:/Xilinx/Vivado/2019.1/common/technology/xilinx/interface/plb46.lib 
Execute           source C:/Xilinx/Vivado/2019.1/common/technology/xilinx/interface/fsl.lib 
Execute           source C:/Xilinx/Vivado/2019.1/common/technology/xilinx/interface/axi4.lib 
Execute           source C:/Xilinx/Vivado/2019.1/common/technology/xilinx/interface/maxi.lib 
Execute           source C:/Xilinx/Vivado/2019.1/common/technology/xilinx/interface/saxilite.lib 
Execute         source C:/Xilinx/Vivado/2019.1/common/technology/xilinx/common/dsp48.lib 
Execute         source C:/Xilinx/Vivado/2019.1/common/technology/xilinx/ip/dds_compiler.lib 
Execute         source C:/Xilinx/Vivado/2019.1/common/technology/xilinx/ip/xfft.lib 
Execute         source C:/Xilinx/Vivado/2019.1/common/technology/xilinx/ip/xfir.lib 
Execute       source C:/Xilinx/Vivado/2019.1/common/technology/xilinx/common/xilinx.hlp 
Execute         source C:/Xilinx/Vivado/2019.1/common/technology/xilinx/common/target_info.tcl 
Execute         source C:/Xilinx/Vivado/2019.1/common/technology/xilinx/interface/xilinx_interface.hlp 
Execute           source C:/Xilinx/Vivado/2019.1/common/technology/xilinx/interface/maxi.hlp 
Execute           source C:/Xilinx/Vivado/2019.1/common/technology/xilinx/interface/saxilite.hlp 
Execute         source C:/Xilinx/Vivado/2019.1/common/technology/xilinx/common/dsp48.hlp 
Execute       source C:/Xilinx/Vivado/2019.1/common/technology/xilinx/virtexuplus/dsp48e2.hlp 
Execute       source C:/Xilinx/Vivado/2019.1/common/technology/xilinx/common/xilinx.hlp 
Execute         source C:/Xilinx/Vivado/2019.1/common/technology/xilinx/common/target_info.tcl 
Execute         source C:/Xilinx/Vivado/2019.1/common/technology/xilinx/interface/xilinx_interface.hlp 
Execute           source C:/Xilinx/Vivado/2019.1/common/technology/xilinx/interface/maxi.hlp 
Execute           source C:/Xilinx/Vivado/2019.1/common/technology/xilinx/interface/saxilite.hlp 
Execute         source C:/Xilinx/Vivado/2019.1/common/technology/xilinx/common/dsp48.hlp 
Execute     source C:/Xilinx/Vivado/2019.1/common/technology/xilinx/virtexuplus/virtexuplus.gen 
Execute       source C:/Xilinx/Vivado/2019.1/common/technology/xilinx/common/xilinx.gen 
Execute         source C:/Xilinx/Vivado/2019.1/common/technology/xilinx/interface/plb46.gen 
Execute         source C:/Xilinx/Vivado/2019.1/common/technology/xilinx/interface/fsl.gen 
Execute         source C:/Xilinx/Vivado/2019.1/common/technology/xilinx/interface/axi4.gen 
Execute         source C:/Xilinx/Vivado/2019.1/common/technology/xilinx/interface/nativeAXI4.gen 
Execute           source C:/Xilinx/Vivado/2019.1/common/technology/xilinx/interface/saxilite.gen 
Execute           source C:/Xilinx/Vivado/2019.1/common/technology/xilinx/interface/maxi.gen 
Execute         source C:/Xilinx/Vivado/2019.1/common/technology/xilinx/scripts/xilinxcoregen.gen 
Execute         source C:/Xilinx/Vivado/2019.1/common/technology/xilinx/interface/XilEDKCoreGen.gen 
Execute         source C:/Xilinx/Vivado/2019.1/common/technology/xilinx/ip/dds_compiler.gen 
Execute         source C:/Xilinx/Vivado/2019.1/common/technology/xilinx/ip/util.gen 
Execute         source C:/Xilinx/Vivado/2019.1/common/technology/xilinx/ip/xfft.gen 
Command         ap_source done; 0.129 sec.
Execute         source C:/Xilinx/Vivado/2019.1/common/technology/xilinx/ip/xfir.gen 
Execute         source C:/Xilinx/Vivado/2019.1/common/technology/xilinx/common/dsp48.gen 
Command       ap_source done; 0.19 sec.
Command     ap_source done; 0.19 sec.
Execute     set_part xcvu9p-flgb2104-1-e 
Execute       ap_part_info -name xcvu9p-flgb2104-1-e -data single -quiet 
Command       ap_part_info done; 1.27 sec.
Execute       ap_part_info -name xcvu9p-flgb2104-1-e -data info 
Execute       add_library xilinx/virtexuplus/virtexuplus:xcvu9p:-flgb2104:-1-e 
Execute         get_default_platform 
Execute         ap_part_info -data single -name xcvu9p-flgb2104-1-e 
Execute         ap_part_info -name xcvu9p-flgb2104-1-e -data resources 
Execute         ap_part_info -name xcvu9p-flgb2104-1-e -data info 
Execute         ap_part_info -name xcvu9p-flgb2104-1-e -data info 
Execute         config_chip_info -quiet -resource {SLICE 147780} {LUT 1182240} {FF 2364480} {DSP48E 6840} {BRAM 4320} {URAM 960} {SLR 3} 
Execute         ap_part_info -name xcvu9p-flgb2104-1-e -data info 
Execute         config_chip_info -quiet -speed slow 
Execute       add_library xilinx/virtexuplus/virtexuplus_fpv7 
Execute         get_default_platform 
Execute         open_platform DefaultPlatform 
Execute         import_lib C:/Xilinx/Vivado/2019.1/common/technology/xilinx/virtexuplus/virtexuplus_fpv7 
Execute           source C:/Xilinx/Vivado/2019.1/common/technology/xilinx/common/xilinx_fp.lib 
Execute           source C:/Xilinx/Vivado/2019.1/common/technology/xilinx/common/xilinx_fp.hlp 
Execute             source C:/Xilinx/Vivado/2019.1/common/technology/xilinx/common/xilinx.hlp 
Execute               source C:/Xilinx/Vivado/2019.1/common/technology/xilinx/common/target_info.tcl 
Execute               source C:/Xilinx/Vivado/2019.1/common/technology/xilinx/interface/xilinx_interface.hlp 
Execute                 source C:/Xilinx/Vivado/2019.1/common/technology/xilinx/interface/maxi.hlp 
Execute                 source C:/Xilinx/Vivado/2019.1/common/technology/xilinx/interface/saxilite.hlp 
Execute               source C:/Xilinx/Vivado/2019.1/common/technology/xilinx/common/dsp48.hlp 
Execute         source C:/Xilinx/Vivado/2019.1/common/technology/xilinx/virtexuplus/virtexuplus_fpv7.gen 
Execute           source C:/Xilinx/Vivado/2019.1/common/technology/xilinx/common/xilinx_fp.gen 
INFO: [HLS 200-10] Setting target device to 'xcvu9p-flgb2104-1-e'
Execute       ap_part_info -name xcvu9p-flgb2104-1-e -data info 
Execute       get_default_platform 
Command     set_part done; 1.408 sec.
Execute     ap_part_info -data single -name xcvu9p-flgb2104-1-e 
Execute     ap_part_info -name xcvu9p-flgb2104-1-e -data resources 
Execute     ap_part_info -name xcvu9p-flgb2104-1-e -data info 
Execute     ap_part_info -name xcvu9p-flgb2104-1-e -data info 
Execute     config_chip_info -quiet -resource {SLICE 147780} {LUT 1182240} {FF 2364480} {DSP48E 6840} {BRAM 4320} {URAM 960} {SLR 3} 
Execute     ap_part_info -name xcvu9p-flgb2104-1-e -data info 
Execute     config_chip_info -quiet -speed slow 
Command   open_solution done; 1.681 sec.
Execute   export_design -rtl verilog -format ip_catalog 
Execute     get_config_export -acc 
Execute     get_config_export -clock_margin 
Execute     get_config_export -custom_script 
Execute     get_config_export -description 
Execute     get_config_export -display_name 
Execute     get_config_export -driver_input_dir 
Execute     get_config_export -ipname 
Execute     get_config_export -kernel_drc 
Execute     get_config_export -library 
Execute     get_config_export -qor_test 
Execute     get_config_export -sdaccel 
Execute     get_config_export -sim 
Execute     get_config_export -taxonomy 
Execute     get_config_export -use_ip 
Execute     get_config_export -use_netlist 
Execute     get_config_export -vendor 
Execute     get_config_export -version 
Execute     get_config_export -xo 
Execute     config_export -format=ip_catalog -rtl=verilog 
INFO-FLOW: DBG:CMD: export_design_wrap: -format ip_catalog -rtl verilog
Execute     source C:/wrk/ETH_ToE_Github/ug871-design-files/Interface_Synthesis/lab4/axi_interfaces_prj/solution2/.autopilot/db/global.setting.tcl 
Execute     get_config_export -vivado_clock 
Execute     get_top 
Execute     get_config_sdx -target 
Execute     get_config_rtl -module_auto_prefix 
Execute     get_config_sdx -target 
Execute     get_config_sdx -target 
INFO-FLOW: DBG:CMD:   auto_impl: pack: -export -tool vivado -rtl verilog -sdx-target none
Execute     source C:/wrk/ETH_ToE_Github/ug871-design-files/Interface_Synthesis/lab4/axi_interfaces_prj/solution2/.autopilot/db/global.setting.tcl 
INFO-FLOW: DBG:CMD: read_platform_lib C:/wrk/ETH_ToE_Github/ug871-design-files/Interface_Synthesis/lab4/axi_interfaces_prj/solution2/.autopilot/db/global.setting.tcl
Execute     source C:/Xilinx/Vivado/2019.1/common/technology/generic/autopilot/common.gen 
Execute       source C:/Xilinx/Vivado/2019.1/common/technology/generic/autopilot/APCoreGen.gen 
Execute     source C:/Xilinx/Vivado/2019.1/common/technology/generic/autopilot/op.gen 
Execute     source C:/Xilinx/Vivado/2019.1/common/technology/generic/autopilot/op_simcore.gen 
Execute     source C:/Xilinx/Vivado/2019.1/common/technology/generic/autopilot/interface.gen 
Execute     source C:/wrk/ETH_ToE_Github/ug871-design-files/Interface_Synthesis/lab4/axi_interfaces_prj/solution2/.autopilot/db/global.setting.tcl 
Execute     source C:/Xilinx/Vivado/2019.1/common/technology/xilinx/virtexuplus/virtexuplus.gen 
Execute       source C:/Xilinx/Vivado/2019.1/common/technology/xilinx/common/xilinx.gen 
Execute         source C:/Xilinx/Vivado/2019.1/common/technology/xilinx/interface/plb46.gen 
Execute         source C:/Xilinx/Vivado/2019.1/common/technology/xilinx/interface/fsl.gen 
Execute         source C:/Xilinx/Vivado/2019.1/common/technology/xilinx/interface/axi4.gen 
Execute         source C:/Xilinx/Vivado/2019.1/common/technology/xilinx/interface/nativeAXI4.gen 
Execute           source C:/Xilinx/Vivado/2019.1/common/technology/xilinx/interface/saxilite.gen 
Execute           source C:/Xilinx/Vivado/2019.1/common/technology/xilinx/interface/maxi.gen 
Execute         source C:/Xilinx/Vivado/2019.1/common/technology/xilinx/scripts/xilinxcoregen.gen 
Execute         source C:/Xilinx/Vivado/2019.1/common/technology/xilinx/interface/XilEDKCoreGen.gen 
Execute         source C:/Xilinx/Vivado/2019.1/common/technology/xilinx/ip/dds_compiler.gen 
Execute         source C:/Xilinx/Vivado/2019.1/common/technology/xilinx/ip/util.gen 
Execute         source C:/Xilinx/Vivado/2019.1/common/technology/xilinx/ip/xfft.gen 
Command         ap_source done; 0.109 sec.
Execute         source C:/Xilinx/Vivado/2019.1/common/technology/xilinx/ip/xfir.gen 
Execute         source C:/Xilinx/Vivado/2019.1/common/technology/xilinx/common/dsp48.gen 
Command       ap_source done; 0.172 sec.
Command     ap_source done; 0.172 sec.
Execute     source C:/Xilinx/Vivado/2019.1/common/technology/xilinx/virtexuplus/virtexuplus_fpv7.gen 
Execute       source C:/Xilinx/Vivado/2019.1/common/technology/xilinx/common/xilinx_fp.gen 
INFO-FLOW: DBG:CMD:   using AESL_AUTOCG::g_clock_period=4.000 (was NA)
Execute     ap_part_info -name xcvu9p-flgb2104-1-e -data names -quiet 
Execute     ap_part_info -name xcvu9p-flgb2104-1-e -data info -quiet 
Execute     source C:/wrk/ETH_ToE_Github/ug871-design-files/Interface_Synthesis/lab4/axi_interfaces_prj/solution2/.autopilot/db/global.setting.tcl 
INFO: [IMPL 213-8] Exporting RTL as a Vivado IP.
Execute     source C:/wrk/ETH_ToE_Github/ug871-design-files/Interface_Synthesis/lab4/axi_interfaces_prj/solution2/.autopilot/db/global.setting.tcl 
INFO-FLOW: DBG:CMD: automg_wrap -export -pcore_version 1.00.a -rtl vlog -sdx-target none -tool Vivado -impltomg_flag
INFO-FLOW: DBG:CMD:     auto_generate -export -pcore_version 1.00.a -rtl vlog -sdx-target none -tool Vivado -impltomg_flag
Execute     source C:/wrk/ETH_ToE_Github/ug871-design-files/Interface_Synthesis/lab4/axi_interfaces_prj/solution2/.autopilot/db/global.setting.tcl 
INFO-FLOW: DBG:CMD: read_platform_lib C:/wrk/ETH_ToE_Github/ug871-design-files/Interface_Synthesis/lab4/axi_interfaces_prj/solution2/.autopilot/db/global.setting.tcl
Execute     source C:/Xilinx/Vivado/2019.1/common/technology/generic/autopilot/common.gen 
Execute       source C:/Xilinx/Vivado/2019.1/common/technology/generic/autopilot/APCoreGen.gen 
Execute     source C:/Xilinx/Vivado/2019.1/common/technology/generic/autopilot/op.gen 
Execute     source C:/Xilinx/Vivado/2019.1/common/technology/generic/autopilot/op_simcore.gen 
Execute     source C:/Xilinx/Vivado/2019.1/common/technology/generic/autopilot/interface.gen 
Execute     source C:/wrk/ETH_ToE_Github/ug871-design-files/Interface_Synthesis/lab4/axi_interfaces_prj/solution2/.autopilot/db/global.setting.tcl 
Execute     source C:/Xilinx/Vivado/2019.1/common/technology/xilinx/virtexuplus/virtexuplus.gen 
Execute       source C:/Xilinx/Vivado/2019.1/common/technology/xilinx/common/xilinx.gen 
Execute         source C:/Xilinx/Vivado/2019.1/common/technology/xilinx/interface/plb46.gen 
Execute         source C:/Xilinx/Vivado/2019.1/common/technology/xilinx/interface/fsl.gen 
Execute         source C:/Xilinx/Vivado/2019.1/common/technology/xilinx/interface/axi4.gen 
Execute         source C:/Xilinx/Vivado/2019.1/common/technology/xilinx/interface/nativeAXI4.gen 
Execute           source C:/Xilinx/Vivado/2019.1/common/technology/xilinx/interface/saxilite.gen 
Execute           source C:/Xilinx/Vivado/2019.1/common/technology/xilinx/interface/maxi.gen 
Execute         source C:/Xilinx/Vivado/2019.1/common/technology/xilinx/scripts/xilinxcoregen.gen 
Execute         source C:/Xilinx/Vivado/2019.1/common/technology/xilinx/interface/XilEDKCoreGen.gen 
Execute         source C:/Xilinx/Vivado/2019.1/common/technology/xilinx/ip/dds_compiler.gen 
Execute         source C:/Xilinx/Vivado/2019.1/common/technology/xilinx/ip/util.gen 
Execute         source C:/Xilinx/Vivado/2019.1/common/technology/xilinx/ip/xfft.gen 
Command         ap_source done; 0.111 sec.
Execute         source C:/Xilinx/Vivado/2019.1/common/technology/xilinx/ip/xfir.gen 
Execute         source C:/Xilinx/Vivado/2019.1/common/technology/xilinx/common/dsp48.gen 
Command       ap_source done; 0.172 sec.
Command     ap_source done; 0.172 sec.
Execute     source C:/Xilinx/Vivado/2019.1/common/technology/xilinx/virtexuplus/virtexuplus_fpv7.gen 
Execute       source C:/Xilinx/Vivado/2019.1/common/technology/xilinx/common/xilinx_fp.gen 
INFO-FLOW: DBG:CMD:       initCTypeInfo top_module=axi_interfaces xml_exists=1
Execute     source C:/wrk/ETH_ToE_Github/ug871-design-files/Interface_Synthesis/lab4/axi_interfaces_prj/solution2/.autopilot/db/axi_interfaces.rtl_wrap.cfg.tcl 
Execute     source C:/wrk/ETH_ToE_Github/ug871-design-files/Interface_Synthesis/lab4/axi_interfaces_prj/solution2/.autopilot/db/axi_interfaces.rtl_wrap.cfg.tcl 
Execute     source C:/wrk/ETH_ToE_Github/ug871-design-files/Interface_Synthesis/lab4/axi_interfaces_prj/solution2/.autopilot/db/axi_interfaces.rtl_wrap.cfg.tcl 
Execute     source C:/wrk/ETH_ToE_Github/ug871-design-files/Interface_Synthesis/lab4/axi_interfaces_prj/solution2/.autopilot/db/axi_interfaces.tbgen.tcl 
Execute     source C:/wrk/ETH_ToE_Github/ug871-design-files/Interface_Synthesis/lab4/axi_interfaces_prj/solution2/.autopilot/db/axi_interfaces.tbgen.tcl 
INFO-FLOW: DBG:CMD:       export_impl_rtl
INFO-FLOW: DBG:CMD:       generate_ip_cores sim=0 export=0 expOnly=0 dstVlogDir=impl/.verilog
Execute     source C:/wrk/ETH_ToE_Github/ug871-design-files/Interface_Synthesis/lab4/axi_interfaces_prj/solution2/.autopilot/db/global.setting.tcl 
Execute     source C:/wrk/ETH_ToE_Github/ug871-design-files/Interface_Synthesis/lab4/axi_interfaces_prj/solution2/.autopilot/db/axi_interfaces.compgen.tcl 
INFO-FLOW: DBG:CMD:       generate_ip_cores sim=0 export=1 expOnly=1 dstVlogDir=impl/.pcores/verilog
Execute     source C:/wrk/ETH_ToE_Github/ug871-design-files/Interface_Synthesis/lab4/axi_interfaces_prj/solution2/.autopilot/db/global.setting.tcl 
Execute     source C:/wrk/ETH_ToE_Github/ug871-design-files/Interface_Synthesis/lab4/axi_interfaces_prj/solution2/.autopilot/db/axi_interfaces.compgen.tcl 
Execute       ap_part_info -name xcvu9p-flgb2104-1-e -data names -quiet 
Execute       ap_part_info -name xcvu9p-flgb2104-1-e -data info -quiet 
Execute       ap_part_info -name xcvu9p-flgb2104-1-e -data names -quiet 
Execute       ap_part_info -name xcvu9p-flgb2104-1-e -data info -quiet 
Execute       ap_part_info -name xcvu9p-flgb2104-1-e -data names -quiet 
Execute       ap_part_info -name xcvu9p-flgb2104-1-e -data info -quiet 
Execute       ap_part_info -name xcvu9p-flgb2104-1-e -data names -quiet 
Execute       ap_part_info -name xcvu9p-flgb2104-1-e -data info -quiet 
Execute       ap_part_info -name xcvu9p-flgb2104-1-e -data names -quiet 
Execute       ap_part_info -name xcvu9p-flgb2104-1-e -data info -quiet 
Execute       ap_part_info -name xcvu9p-flgb2104-1-e -data names -quiet 
Execute       ap_part_info -name xcvu9p-flgb2104-1-e -data info -quiet 
Command     ap_source done; 0.216 sec.
Execute     ap_part_info -name xcvu9p-flgb2104-1-e -data names -quiet 
Execute     ap_part_info -name xcvu9p-flgb2104-1-e -data info -quiet 
INFO-FLOW: DBG:CMD:       generate_ip_cores sim=0 export=0 expOnly=0 dstVlogDir=impl/.pcores/verilog_sim
Execute     source C:/wrk/ETH_ToE_Github/ug871-design-files/Interface_Synthesis/lab4/axi_interfaces_prj/solution2/.autopilot/db/global.setting.tcl 
Execute     source C:/wrk/ETH_ToE_Github/ug871-design-files/Interface_Synthesis/lab4/axi_interfaces_prj/solution2/.autopilot/db/axi_interfaces.compgen.tcl 
Execute     ap_part_info -name xcvu9p-flgb2104-1-e -data names -quiet 
Execute     ap_part_info -name xcvu9p-flgb2104-1-e -data info -quiet 
Execute     ap_part_info -name xcvu9p-flgb2104-1-e -data names -quiet 
Execute     ap_part_info -name xcvu9p-flgb2104-1-e -data info -quiet 
Execute     source C:/wrk/ETH_ToE_Github/ug871-design-files/Interface_Synthesis/lab4/axi_interfaces_prj/solution2/.autopilot/db/global.setting.tcl 
Execute     ap_part_info -name xcvu9p-flgb2104-1-e -data names -quiet 
Execute     ap_part_info -name xcvu9p-flgb2104-1-e -data info -quiet 
Execute     source C:/wrk/ETH_ToE_Github/ug871-design-files/Interface_Synthesis/lab4/axi_interfaces_prj/solution2/.autopilot/db/axi_interfaces.constraint.tcl 
Execute     source C:/wrk/ETH_ToE_Github/ug871-design-files/Interface_Synthesis/lab4/axi_interfaces_prj/solution2/.autopilot/db/axi_interfaces.tbgen.tcl 
INFO-FLOW: DBG:CMD:       hasPcoreIpAdapter=false #gSsdmPorts=32
INFO-FLOW: DBG:CMD:       copying IP vlog from C:/wrk/ETH_ToE_Github/ug871-design-files/Interface_Synthesis/lab4/axi_interfaces_prj/solution2/impl/verilog
INFO-FLOW: DBG:CMD:       copying IP vhdl from C:/wrk/ETH_ToE_Github/ug871-design-files/Interface_Synthesis/lab4/axi_interfaces_prj/solution2/impl/vhdl
INFO-FLOW: DBG:CMD:       copy ip_driver_dir 1_0 C:/wrk/ETH_ToE_Github/ug871-design-files/Interface_Synthesis/lab4/axi_interfaces_prj/solution2/.autopilot/db/driver
INFO-FLOW: DBG:CMD:       generate_ip_script #gSsdmPorts=32
Execute     ap_part_info -name xcvu9p-flgb2104-1-e -data names -quiet 
Execute     ap_part_info -name xcvu9p-flgb2104-1-e -data info -quiet 
Execute     ap_part_info -name xcvu9p-flgb2104-1-e -data names -quiet 
Execute     ap_part_info -name xcvu9p-flgb2104-1-e -data info -quiet 
Execute     source C:/wrk/ETH_ToE_Github/ug871-design-files/Interface_Synthesis/lab4/axi_interfaces_prj/solution2/.autopilot/db/axi_interfaces.compgen.dataonly.tcl 
Execute     source C:/wrk/ETH_ToE_Github/ug871-design-files/Interface_Synthesis/lab4/axi_interfaces_prj/solution2/.autopilot/db/axi_interfaces.compgen.dataonly.tcl 
Execute     source C:/wrk/ETH_ToE_Github/ug871-design-files/Interface_Synthesis/lab4/axi_interfaces_prj/solution2/.autopilot/db/axi_interfaces.tbgen.tcl 
Execute     source C:/wrk/ETH_ToE_Github/ug871-design-files/Interface_Synthesis/lab4/axi_interfaces_prj/solution2/.autopilot/db/axi_interfaces.tbgen.tcl 
Execute     source C:/wrk/ETH_ToE_Github/ug871-design-files/Interface_Synthesis/lab4/axi_interfaces_prj/solution2/.autopilot/db/axi_interfaces.tbgen.tcl 
Execute     source C:/wrk/ETH_ToE_Github/ug871-design-files/Interface_Synthesis/lab4/axi_interfaces_prj/solution2/.autopilot/db/axi_interfaces.tbgen.tcl 
Execute     source C:/wrk/ETH_ToE_Github/ug871-design-files/Interface_Synthesis/lab4/axi_interfaces_prj/solution2/.autopilot/db/axi_interfaces.tbgen.tcl 
Execute     source C:/wrk/ETH_ToE_Github/ug871-design-files/Interface_Synthesis/lab4/axi_interfaces_prj/solution2/.autopilot/db/axi_interfaces.tbgen.tcl 
Execute     source C:/wrk/ETH_ToE_Github/ug871-design-files/Interface_Synthesis/lab4/axi_interfaces_prj/solution2/.autopilot/db/axi_interfaces.tbgen.tcl 
Execute     source C:/wrk/ETH_ToE_Github/ug871-design-files/Interface_Synthesis/lab4/axi_interfaces_prj/solution2/.autopilot/db/axi_interfaces.tbgen.tcl 
Execute     source C:/wrk/ETH_ToE_Github/ug871-design-files/Interface_Synthesis/lab4/axi_interfaces_prj/solution2/.autopilot/db/global.setting.tcl 
Execute     get_config_sdx -target 
Execute     get_config_debug -directory 
INFO-FLOW: DBG:CMD:       generate_ip_auxiliary
Execute     ap_part_info -name xcvu9p-flgb2104-1-e -data names -quiet 
Execute     ap_part_info -name xcvu9p-flgb2104-1-e -data info -quiet 
Execute     source C:/wrk/ETH_ToE_Github/ug871-design-files/Interface_Synthesis/lab4/axi_interfaces_prj/solution2/.autopilot/db/global.setting.tcl 
INFO-FLOW: DBG:CMD:       prepArgInfo -> loadAnalyze_DB top_module=axi_interfaces
Execute     source C:/wrk/ETH_ToE_Github/ug871-design-files/Interface_Synthesis/lab4/axi_interfaces_prj/solution2/.autopilot/db/axi_interfaces.rtl_wrap.cfg.tcl 
Execute     source C:/wrk/ETH_ToE_Github/ug871-design-files/Interface_Synthesis/lab4/axi_interfaces_prj/solution2/.autopilot/db/axi_interfaces.rtl_wrap.cfg.tcl 
Execute     source C:/wrk/ETH_ToE_Github/ug871-design-files/Interface_Synthesis/lab4/axi_interfaces_prj/solution2/.autopilot/db/axi_interfaces.rtl_wrap.cfg.tcl 
Execute     source C:/wrk/ETH_ToE_Github/ug871-design-files/Interface_Synthesis/lab4/axi_interfaces_prj/solution2/.autopilot/db/axi_interfaces.tbgen.tcl 
Execute     source C:/wrk/ETH_ToE_Github/ug871-design-files/Interface_Synthesis/lab4/axi_interfaces_prj/solution2/.autopilot/db/axi_interfaces.tbgen.tcl 
Execute     source C:/wrk/ETH_ToE_Github/ug871-design-files/Interface_Synthesis/lab4/axi_interfaces_prj/solution2/.autopilot/db/axi_interfaces.tbgen.tcl 
INFO-FLOW: DBG:CMD:       generate_top_info
INFO-FLOW: DBG:CMD:       prepArgInfo -> loadAnalyze_DB top_module=axi_interfaces
Execute     source C:/wrk/ETH_ToE_Github/ug871-design-files/Interface_Synthesis/lab4/axi_interfaces_prj/solution2/.autopilot/db/axi_interfaces.rtl_wrap.cfg.tcl 
Execute     source C:/wrk/ETH_ToE_Github/ug871-design-files/Interface_Synthesis/lab4/axi_interfaces_prj/solution2/.autopilot/db/axi_interfaces.rtl_wrap.cfg.tcl 
Execute     source C:/wrk/ETH_ToE_Github/ug871-design-files/Interface_Synthesis/lab4/axi_interfaces_prj/solution2/.autopilot/db/axi_interfaces.rtl_wrap.cfg.tcl 
Execute     source C:/wrk/ETH_ToE_Github/ug871-design-files/Interface_Synthesis/lab4/axi_interfaces_prj/solution2/.autopilot/db/axi_interfaces.tbgen.tcl 
Execute     source C:/wrk/ETH_ToE_Github/ug871-design-files/Interface_Synthesis/lab4/axi_interfaces_prj/solution2/.autopilot/db/axi_interfaces.tbgen.tcl 
Execute     ap_part_info -name xcvu9p-flgb2104-1-e -data names -quiet 
Execute     ap_part_info -name xcvu9p-flgb2104-1-e -data info -quiet 
Execute     source C:/wrk/ETH_ToE_Github/ug871-design-files/Interface_Synthesis/lab4/axi_interfaces_prj/solution2/.autopilot/db/global.setting.tcl 
Execute     ap_part_info -name xcvu9p-flgb2104-1-e -data names -quiet 
Execute     ap_part_info -name xcvu9p-flgb2104-1-e -data info -quiet 
INFO-FLOW: DBG:CMD:       generate_ip_bd_script
Execute     ap_part_info -name xcvu9p-flgb2104-1-e -data names -quiet 
Execute     ap_part_info -name xcvu9p-flgb2104-1-e -data info -quiet 
Execute     ap_part_info -name xcvu9p-flgb2104-1-e -data names -quiet 
Execute     ap_part_info -name xcvu9p-flgb2104-1-e -data info -quiet 
Execute     source C:/wrk/ETH_ToE_Github/ug871-design-files/Interface_Synthesis/lab4/axi_interfaces_prj/solution2/.autopilot/db/axi_interfaces.tbgen.tcl 
Execute     source C:/wrk/ETH_ToE_Github/ug871-design-files/Interface_Synthesis/lab4/axi_interfaces_prj/solution2/.autopilot/db/global.setting.tcl 
Execute     source C:/wrk/ETH_ToE_Github/ug871-design-files/Interface_Synthesis/lab4/axi_interfaces_prj/solution2/.autopilot/db/axi_interfaces.constraint.tcl 
INFO-FLOW: DBG:CMD:       generate_ipi_example_script
Execute     ap_part_info -name xcvu9p-flgb2104-1-e -data names -quiet 
Execute     ap_part_info -name xcvu9p-flgb2104-1-e -data info -quiet 
Execute     ap_part_info -name xcvu9p-flgb2104-1-e -data names -quiet 
Execute     ap_part_info -name xcvu9p-flgb2104-1-e -data info -quiet 
INFO-FLOW: DBG:CMD:       generate_syn_sh
Execute     ap_part_info -name xcvu9p-flgb2104-1-e -data names -quiet 
Execute     ap_part_info -name xcvu9p-flgb2104-1-e -data info -quiet 
Execute     source C:/wrk/ETH_ToE_Github/ug871-design-files/Interface_Synthesis/lab4/axi_interfaces_prj/solution2/.autopilot/db/global.setting.tcl 
INFO-FLOW: DBG:CMD:       generate_imp_constraints
Execute     ap_part_info -name xcvu9p-flgb2104-1-e -data names -quiet 
Execute     ap_part_info -name xcvu9p-flgb2104-1-e -data info -quiet 
Execute     source C:/wrk/ETH_ToE_Github/ug871-design-files/Interface_Synthesis/lab4/axi_interfaces_prj/solution2/.autopilot/db/axi_interfaces.constraint.tcl 
Execute     source C:/wrk/ETH_ToE_Github/ug871-design-files/Interface_Synthesis/lab4/axi_interfaces_prj/solution2/.autopilot/db/axi_interfaces.tbgen.tcl 
INFO-FLOW: DBG:CMD:       delete-temp-dirs (skipped for debug)
Execute     ap_part_info -name xcvu9p-flgb2104-1-e -data names -quiet 
Execute     ap_part_info -name xcvu9p-flgb2104-1-e -data info -quiet 
INFO-FLOW: DBG:CMD: read_platform_lib C:/wrk/ETH_ToE_Github/ug871-design-files/Interface_Synthesis/lab4/axi_interfaces_prj/solution2/.autopilot/db/global.setting.tcl
Execute     source C:/Xilinx/Vivado/2019.1/common/technology/generic/autopilot/common.gen 
Execute       source C:/Xilinx/Vivado/2019.1/common/technology/generic/autopilot/APCoreGen.gen 
Execute     source C:/Xilinx/Vivado/2019.1/common/technology/generic/autopilot/op.gen 
Execute     source C:/Xilinx/Vivado/2019.1/common/technology/generic/autopilot/op_simcore.gen 
Execute     source C:/Xilinx/Vivado/2019.1/common/technology/generic/autopilot/interface.gen 
Execute     source C:/wrk/ETH_ToE_Github/ug871-design-files/Interface_Synthesis/lab4/axi_interfaces_prj/solution2/.autopilot/db/global.setting.tcl 
Execute     source C:/Xilinx/Vivado/2019.1/common/technology/xilinx/virtexuplus/virtexuplus.gen 
Execute       source C:/Xilinx/Vivado/2019.1/common/technology/xilinx/common/xilinx.gen 
Execute         source C:/Xilinx/Vivado/2019.1/common/technology/xilinx/interface/plb46.gen 
Execute         source C:/Xilinx/Vivado/2019.1/common/technology/xilinx/interface/fsl.gen 
Execute         source C:/Xilinx/Vivado/2019.1/common/technology/xilinx/interface/axi4.gen 
Execute         source C:/Xilinx/Vivado/2019.1/common/technology/xilinx/interface/nativeAXI4.gen 
Execute           source C:/Xilinx/Vivado/2019.1/common/technology/xilinx/interface/saxilite.gen 
Execute           source C:/Xilinx/Vivado/2019.1/common/technology/xilinx/interface/maxi.gen 
Execute         source C:/Xilinx/Vivado/2019.1/common/technology/xilinx/scripts/xilinxcoregen.gen 
Execute         source C:/Xilinx/Vivado/2019.1/common/technology/xilinx/interface/XilEDKCoreGen.gen 
Execute         source C:/Xilinx/Vivado/2019.1/common/technology/xilinx/ip/dds_compiler.gen 
Execute         source C:/Xilinx/Vivado/2019.1/common/technology/xilinx/ip/util.gen 
Execute         source C:/Xilinx/Vivado/2019.1/common/technology/xilinx/ip/xfft.gen 
Command         ap_source done; 0.107 sec.
Execute         source C:/Xilinx/Vivado/2019.1/common/technology/xilinx/ip/xfir.gen 
Execute         source C:/Xilinx/Vivado/2019.1/common/technology/xilinx/common/dsp48.gen 
Command       ap_source done; 0.169 sec.
Command     ap_source done; 0.17 sec.
Execute     source C:/Xilinx/Vivado/2019.1/common/technology/xilinx/virtexuplus/virtexuplus_fpv7.gen 
Execute       source C:/Xilinx/Vivado/2019.1/common/technology/xilinx/common/xilinx_fp.gen 
Execute     ap_part_info -name xcvu9p-flgb2104-1-e -data names -quiet 
Execute     ap_part_info -name xcvu9p-flgb2104-1-e -data info -quiet 
INFO-FLOW: DBG:CMD:     exec C:/wrk/ETH_ToE_Github/ug871-design-files/Interface_Synthesis/lab4/axi_interfaces_prj/solution2/impl/ip/pack.bat
ERROR: [IMPL 213-28] Failed to generate IP.
Command   export_design done; error code: 2; 4.443 sec.
Command ap_source done; error code: 1; 6.143 sec.
Execute cleanup_all 
