==============================================================
Vivado(TM) HLS - High-Level Synthesis from C, C++ and SystemC v2019.1.3 (64-bit)
Copyright 1986-2019 Xilinx, Inc. All Rights Reserved.
==============================================================
INFO: [SYN 201-201] Setting up clock 'default' with a period of 13.333ns.
INFO: [HLS 200-10] Setting target device to 'xcvu9p-flgb2104-1-e'
INFO: [SCHED 204-61] Option 'relax_ii_for_timing' is enabled, will increase II to preserve clock frequency constraints.
INFO: [HLS 200-10] Analyzing design file 'matrixmul.cpp' ... 
INFO: [HLS 200-111] Finished Linking Time (s): cpu = 00:00:07 ; elapsed = 00:00:19 . Memory (MB): peak = 186.500 ; gain = 92.691
INFO: [HLS 200-111] Finished Checking Pragmas Time (s): cpu = 00:00:07 ; elapsed = 00:00:19 . Memory (MB): peak = 186.500 ; gain = 92.691
INFO: [HLS 200-10] Starting code transformations ...
INFO: [HLS 200-111] Finished Standard Transforms Time (s): cpu = 00:00:07 ; elapsed = 00:00:20 . Memory (MB): peak = 186.500 ; gain = 92.691
INFO: [HLS 200-10] Checking synthesizability ...
INFO: [HLS 200-111] Finished Checking Synthesizability Time (s): cpu = 00:00:07 ; elapsed = 00:00:20 . Memory (MB): peak = 186.500 ; gain = 92.691
INFO: [XFORM 203-502] Unrolling all sub-loops inside loop 'Col' (matrixmul.cpp:56) in function 'matrixmul' for pipelining.
INFO: [HLS 200-489] Unrolling loop 'Product' (matrixmul.cpp:59) in function 'matrixmul' completely with a factor of 3.
INFO: [HLS 200-111] Finished Pre-synthesis Time (s): cpu = 00:00:07 ; elapsed = 00:00:20 . Memory (MB): peak = 186.500 ; gain = 92.691
INFO: [XFORM 203-541] Flattening a loop nest 'Row' (matrixmul.cpp:54:37) in function 'matrixmul'.
INFO: [HLS 200-111] Finished Architecture Synthesis Time (s): cpu = 00:00:07 ; elapsed = 00:00:20 . Memory (MB): peak = 186.500 ; gain = 92.691
INFO: [HLS 200-10] Starting hardware synthesis ...
INFO: [HLS 200-10] Synthesizing 'matrixmul' ...
INFO: [HLS 200-10] ----------------------------------------------------------------
INFO: [HLS 200-42] -- Implementing module 'matrixmul' 
INFO: [HLS 200-10] ----------------------------------------------------------------
INFO: [SCHED 204-11] Starting scheduling ...
INFO: [SCHED 204-61] Pipelining loop 'Row_Col'.
WARNING: [SCHED 204-69] Unable to schedule 'load' operation ('a_load_2', matrixmul.cpp:60) on array 'a' due to limited memory ports. Please consider using a memory core with more ports or partitioning the array 'a'.
INFO: [SCHED 204-61] Pipelining result : Target II = 1, Final II = 2, Depth = 4.
INFO: [SCHED 204-11] Finished scheduling.
INFO: [HLS 200-111]  Elapsed time: 20.27 seconds; current allocated memory: 101.427 MB.
INFO: [BIND 205-100] Starting micro-architecture generation ...
INFO: [BIND 205-101] Performing variable lifetime analysis.
INFO: [BIND 205-101] Exploring resource sharing.
INFO: [BIND 205-101] Binding ...
INFO: [BIND 205-100] Finished micro-architecture generation.
INFO: [HLS 200-111]  Elapsed time: 0.088 seconds; current allocated memory: 101.681 MB.
INFO: [HLS 200-10] ----------------------------------------------------------------
INFO: [HLS 200-10] -- Generating RTL for module 'matrixmul' 
INFO: [HLS 200-10] ----------------------------------------------------------------
INFO: [RTGEN 206-500] Setting interface mode on port 'matrixmul/a' to 'ap_memory'.
INFO: [RTGEN 206-500] Setting interface mode on port 'matrixmul/b' to 'ap_memory'.
INFO: [RTGEN 206-500] Setting interface mode on port 'matrixmul/res' to 'ap_memory'.
INFO: [RTGEN 206-500] Setting interface mode on function 'matrixmul' to 'ap_ctrl_hs'.
INFO: [SYN 201-210] Renamed object name 'matrixmul_mac_muladd_8s_8s_16ns_16_1_1' to 'matrixmul_mac_mulbkb' due to the length limit 20
INFO: [SYN 201-210] Renamed object name 'matrixmul_mac_muladd_8s_8s_16s_16_1_1' to 'matrixmul_mac_mulcud' due to the length limit 20
INFO: [RTGEN 206-100] Generating core module 'matrixmul_mac_mulbkb': 1 instance(s).
INFO: [RTGEN 206-100] Generating core module 'matrixmul_mac_mulcud': 1 instance(s).
INFO: [RTGEN 206-100] Finished creating RTL model for 'matrixmul'.
INFO: [HLS 200-111]  Elapsed time: 0.145 seconds; current allocated memory: 102.203 MB.
INFO: [HLS 200-111] Finished generating all RTL models Time (s): cpu = 00:00:08 ; elapsed = 00:00:22 . Memory (MB): peak = 186.500 ; gain = 92.691
INFO: [VHDL 208-304] Generating VHDL RTL for matrixmul.
INFO: [VLOG 209-307] Generating Verilog RTL for matrixmul.
INFO: [HLS 200-112] Total elapsed time: 22.058 seconds; peak allocated memory: 102.203 MB.
==============================================================
Vivado(TM) HLS - High-Level Synthesis from C, C++ and SystemC v2019.1.3 (64-bit)
Copyright 1986-2019 Xilinx, Inc. All Rights Reserved.
==============================================================
INFO: [SYN 201-201] Setting up clock 'default' with a period of 13.333ns.
INFO: [HLS 200-10] Setting target device to 'xcvu9p-flgb2104-1-e'
INFO: [SCHED 204-61] Option 'relax_ii_for_timing' is enabled, will increase II to preserve clock frequency constraints.
INFO: [HLS 200-10] Analyzing design file 'matrixmul.cpp' ... 
INFO: [HLS 200-111] Finished Linking Time (s): cpu = 00:00:07 ; elapsed = 00:00:19 . Memory (MB): peak = 186.668 ; gain = 92.844
INFO: [HLS 200-111] Finished Checking Pragmas Time (s): cpu = 00:00:07 ; elapsed = 00:00:19 . Memory (MB): peak = 186.668 ; gain = 92.844
INFO: [HLS 200-10] Starting code transformations ...
INFO: [HLS 200-111] Finished Standard Transforms Time (s): cpu = 00:00:07 ; elapsed = 00:00:20 . Memory (MB): peak = 186.668 ; gain = 92.844
INFO: [HLS 200-10] Checking synthesizability ...
INFO: [HLS 200-111] Finished Checking Synthesizability Time (s): cpu = 00:00:07 ; elapsed = 00:00:20 . Memory (MB): peak = 186.668 ; gain = 92.844
INFO: [XFORM 203-502] Unrolling all sub-loops inside loop 'Col' (matrixmul.cpp:56) in function 'matrixmul' for pipelining.
INFO: [HLS 200-489] Unrolling loop 'Product' (matrixmul.cpp:59) in function 'matrixmul' completely with a factor of 3.
INFO: [HLS 200-111] Finished Pre-synthesis Time (s): cpu = 00:00:07 ; elapsed = 00:00:20 . Memory (MB): peak = 186.668 ; gain = 92.844
INFO: [XFORM 203-541] Flattening a loop nest 'Row' (matrixmul.cpp:54:37) in function 'matrixmul'.
INFO: [HLS 200-111] Finished Architecture Synthesis Time (s): cpu = 00:00:07 ; elapsed = 00:00:20 . Memory (MB): peak = 186.668 ; gain = 92.844
INFO: [HLS 200-10] Starting hardware synthesis ...
INFO: [HLS 200-10] Synthesizing 'matrixmul' ...
INFO: [HLS 200-10] ----------------------------------------------------------------
INFO: [HLS 200-42] -- Implementing module 'matrixmul' 
INFO: [HLS 200-10] ----------------------------------------------------------------
INFO: [SCHED 204-11] Starting scheduling ...
INFO: [SCHED 204-61] Pipelining loop 'Row_Col'.
WARNING: [SCHED 204-69] Unable to schedule 'load' operation ('a_load_2', matrixmul.cpp:60) on array 'a' due to limited memory ports. Please consider using a memory core with more ports or partitioning the array 'a'.
INFO: [SCHED 204-61] Pipelining result : Target II = 1, Final II = 2, Depth = 4.
INFO: [SCHED 204-11] Finished scheduling.
INFO: [HLS 200-111]  Elapsed time: 20.483 seconds; current allocated memory: 101.427 MB.
INFO: [BIND 205-100] Starting micro-architecture generation ...
INFO: [BIND 205-101] Performing variable lifetime analysis.
INFO: [BIND 205-101] Exploring resource sharing.
INFO: [BIND 205-101] Binding ...
INFO: [BIND 205-100] Finished micro-architecture generation.
INFO: [HLS 200-111]  Elapsed time: 0.095 seconds; current allocated memory: 101.681 MB.
INFO: [HLS 200-10] ----------------------------------------------------------------
INFO: [HLS 200-10] -- Generating RTL for module 'matrixmul' 
INFO: [HLS 200-10] ----------------------------------------------------------------
INFO: [RTGEN 206-500] Setting interface mode on port 'matrixmul/a' to 'ap_memory'.
INFO: [RTGEN 206-500] Setting interface mode on port 'matrixmul/b' to 'ap_memory'.
INFO: [RTGEN 206-500] Setting interface mode on port 'matrixmul/res' to 'ap_memory'.
INFO: [RTGEN 206-500] Setting interface mode on function 'matrixmul' to 'ap_ctrl_hs'.
INFO: [SYN 201-210] Renamed object name 'matrixmul_mac_muladd_8s_8s_16ns_16_1_1' to 'matrixmul_mac_mulbkb' due to the length limit 20
INFO: [SYN 201-210] Renamed object name 'matrixmul_mac_muladd_8s_8s_16s_16_1_1' to 'matrixmul_mac_mulcud' due to the length limit 20
INFO: [RTGEN 206-100] Generating core module 'matrixmul_mac_mulbkb': 1 instance(s).
INFO: [RTGEN 206-100] Generating core module 'matrixmul_mac_mulcud': 1 instance(s).
INFO: [RTGEN 206-100] Finished creating RTL model for 'matrixmul'.
INFO: [HLS 200-111]  Elapsed time: 0.157 seconds; current allocated memory: 102.203 MB.
INFO: [HLS 200-111] Finished generating all RTL models Time (s): cpu = 00:00:08 ; elapsed = 00:00:22 . Memory (MB): peak = 186.668 ; gain = 92.844
INFO: [VHDL 208-304] Generating VHDL RTL for matrixmul.
INFO: [VLOG 209-307] Generating Verilog RTL for matrixmul.
INFO: [HLS 200-112] Total elapsed time: 22.28 seconds; peak allocated memory: 102.203 MB.
