

================================================================
== Vivado HLS Report for 'imf2'
================================================================
* Date:           Sat Oct  5 07:11:45 2019

* Version:        2019.1.3 (Build 2642998 on Wed Sep 04 10:25:22 MDT 2019)
* Project:        duc_prj
* Solution:       solution1
* Product family: virtexuplus
* Target device:  xcvu9p-flgb2104-1-e


================================================================
== Performance Estimates
================================================================
+ Timing (ns): 
    * Summary: 
    +--------+-------+----------+------------+
    |  Clock | Target| Estimated| Uncertainty|
    +--------+-------+----------+------------+
    |ap_clk  |   2.71|     2.519|        0.34|
    +--------+-------+----------+------------+

+ Latency (clock cycles): 
    * Summary: 
    +-----+-----+-----+-----+---------+
    |  Latency  |  Interval | Pipeline|
    | min | max | min | max |   Type  |
    +-----+-----+-----+-----+---------+
    |    4|    4|    4|    4|   none  |
    +-----+-----+-----+-----+---------+

    + Detail: 
        * Instance: 
        N/A

        * Loop: 
        N/A

============================================================
+ Verbose Summary: Synthesis Manager
============================================================
InlineROM: 1
ExposeGlobal: 0
============================================================
+ Verbose Summary: CDFG Model
============================================================
IsTopModel: 0
ResetActiveHigh: 1
IsCombinational: 0
IsDatapathOnly: 0
HasWiredReturn: 1
HasMFsm: 0
HasVarLatency: 1
IsPipeline: 0
IsRtlPipelined: 0
IsInstanceOverlapped: 0
IsDontTouch: 0
HasImplIP: 0
IsGatedGlobalClock: 0


============================================================
+ Verbose Summary: Schedule
============================================================
* Number of FSM states : 5
* Pipeline : 0
* Dataflow Pipeline: 0

* FSM state transitions: 
1 --> 2 
2 --> 3 
3 --> 4 
4 --> 5 
5 --> 

* FSM state operations: 

State 1 <SV = 0> <Delay = 1.29>
ST_1 : Operation 6 [1/1] (0.00ns)   --->   "%x_read = call i18 @_ssdm_op_Read.ap_auto.i18(i18 %x) nounwind" [imf2.c:5]   --->   Operation 6 'read' 'x_read' <Predicate = true> <Delay = 0.00>
ST_1 : Operation 7 [1/1] (0.00ns)   --->   "%i_3_load = load i4* @i_3, align 1" [imf2.c:22]   --->   Operation 7 'load' 'i_3_load' <Predicate = true> <Delay = 0.00>
ST_1 : Operation 8 [1/1] (0.72ns)   --->   "%icmp_ln22 = icmp eq i4 %i_3_load, 0" [imf2.c:22]   --->   Operation 8 'icmp' 'icmp_ln22' <Predicate = true> <Delay = 0.72> <Core = "Cmp">   --->   Core 25 'Cmp' <Latency = 0> <II = 1> <Delay = 0.39> <FuncUnit> <Opcode : 'icmp'> <InPorts = 2> <OutPorts = 1>
ST_1 : Operation 9 [1/1] (0.00ns)   --->   "br i1 %icmp_ln22, label %1, label %._crit_edge_ifconv" [imf2.c:22]   --->   Operation 9 'br' <Predicate = true> <Delay = 0.00>
ST_1 : Operation 10 [1/1] (0.00ns)   --->   "store i18 %x_read, i18* @in_2, align 4" [imf2.c:23]   --->   Operation 10 'store' <Predicate = (icmp_ln22)> <Delay = 0.00>
ST_1 : Operation 11 [1/1] (0.00ns)   --->   "br label %._crit_edge_ifconv" [imf2.c:24]   --->   Operation 11 'br' <Predicate = (icmp_ln22)> <Delay = 0.00>
ST_1 : Operation 12 [1/1] (0.00ns)   --->   "%zext_ln27 = zext i4 %i_3_load to i64" [imf2.c:27]   --->   Operation 12 'zext' 'zext_ln27' <Predicate = true> <Delay = 0.00>
ST_1 : Operation 13 [1/1] (0.00ns)   --->   "%c_1_addr = getelementptr inbounds [12 x i18]* @c_1, i64 0, i64 %zext_ln27" [imf2.c:27]   --->   Operation 13 'getelementptr' 'c_1_addr' <Predicate = true> <Delay = 0.00>
ST_1 : Operation 14 [2/2] (1.29ns)   --->   "%c_1_load = load i18* %c_1_addr, align 4" [imf2.c:27]   --->   Operation 14 'load' 'c_1_load' <Predicate = true> <Delay = 1.29> <Core = "ROM_nP">   --->   Core 52 'ROM_nP' <Latency = 1> <II = 1> <Delay = 1.29> <Storage> <Opcode : 'load'> <Ports = 0> <Width = 18> <Depth = 12> <ROM>

State 2 <SV = 1> <Delay = 1.29>
ST_2 : Operation 15 [1/2] (1.29ns)   --->   "%c_1_load = load i18* %c_1_addr, align 4" [imf2.c:27]   --->   Operation 15 'load' 'c_1_load' <Predicate = true> <Delay = 1.29> <Core = "ROM_nP">   --->   Core 52 'ROM_nP' <Latency = 1> <II = 1> <Delay = 1.29> <Storage> <Opcode : 'load'> <Ports = 0> <Width = 18> <Depth = 12> <ROM>

State 3 <SV = 2> <Delay = 2.51>
ST_3 : Operation 16 [1/1] (0.80ns)   --->   "%inc = add i4 1, %i_3_load" [imf2.c:25]   --->   Operation 16 'add' 'inc' <Predicate = true> <Delay = 0.80> <Core = "AddSub">   --->   Core 14 'AddSub' <Latency = 0> <II = 1> <Delay = 0.62> <FuncUnit> <Opcode : 'add' 'sub'> <InPorts = 2> <OutPorts = 1>
ST_3 : Operation 17 [1/1] (0.00ns)   --->   "%in_2_load = load i18* @in_2, align 4" [imf2.c:27]   --->   Operation 17 'load' 'in_2_load' <Predicate = true> <Delay = 0.00>
ST_3 : Operation 18 [1/1] (0.00ns)   --->   "%ch_2_load = load i1* @ch_2, align 1" [imf2.c:27]   --->   Operation 18 'load' 'ch_2_load' <Predicate = true> <Delay = 0.00>
ST_3 : Operation 19 [1/1] (0.00ns)   --->   "%tmp_6 = call i5 @_ssdm_op_BitConcatenate.i5.i4.i1(i4 %inc, i1 %ch_2_load)" [imf2.c:27]   --->   Operation 19 'bitconcatenate' 'tmp_6' <Predicate = true> <Delay = 0.00>
ST_3 : Operation 20 [1/1] (0.00ns)   --->   "%zext_ln27_1 = zext i5 %tmp_6 to i64" [imf2.c:27]   --->   Operation 20 'zext' 'zext_ln27_1' <Predicate = true> <Delay = 0.00>
ST_3 : Operation 21 [1/1] (0.00ns)   --->   "%shift_reg_p_1_addr_1 = getelementptr [26 x i38]* @shift_reg_p_1, i64 0, i64 %zext_ln27_1" [imf2.c:27]   --->   Operation 21 'getelementptr' 'shift_reg_p_1_addr_1' <Predicate = true> <Delay = 0.00>
ST_3 : Operation 22 [2/2] (0.73ns)   --->   "%shift_reg_p_1_load = load i38* %shift_reg_p_1_addr_1, align 8" [imf2.c:27]   --->   Operation 22 'load' 'shift_reg_p_1_load' <Predicate = true> <Delay = 0.73> <Core = "RAM">   --->   Core 37 'RAM' <Latency = 1> <II = 1> <Delay = 0.73> <Storage> <Opcode : 'load' 'store'> <Ports = 2> <Width = 38> <Depth = 26> <RAM>
ST_3 : Operation 23 [1/1] (0.00ns)   --->   "%sext_ln36 = sext i18 %c_1_load to i36" [mac.c:36->imf2.c:27]   --->   Operation 23 'sext' 'sext_ln36' <Predicate = true> <Delay = 0.00>
ST_3 : Operation 24 [1/1] (0.00ns)   --->   "%sext_ln36_1 = sext i18 %in_2_load to i36" [mac.c:36->imf2.c:27]   --->   Operation 24 'sext' 'sext_ln36_1' <Predicate = true> <Delay = 0.00>
ST_3 : Operation 25 [2/2] (2.51ns) (root node of the DSP)   --->   "%m = mul nsw i36 %sext_ln36, %sext_ln36_1" [mac.c:36->imf2.c:27]   --->   Operation 25 'mul' 'm' <Predicate = true> <Delay = 2.51> <Core = "DSP48">   --->   Core 88 'DSP48' <Latency = 1> <II = 1> <Delay = 2.51> <IPBlock> <Opcode : 'mul' 'add' 'sub' 'select'> <InPorts = 2> <OutPorts = 1> <Sync> <CReg>

State 4 <SV = 3> <Delay = 0.73>
ST_4 : Operation 26 [1/2] (0.73ns)   --->   "%shift_reg_p_1_load = load i38* %shift_reg_p_1_addr_1, align 8" [imf2.c:27]   --->   Operation 26 'load' 'shift_reg_p_1_load' <Predicate = true> <Delay = 0.73> <Core = "RAM">   --->   Core 37 'RAM' <Latency = 1> <II = 1> <Delay = 0.73> <Storage> <Opcode : 'load' 'store'> <Ports = 2> <Width = 38> <Depth = 26> <RAM>
ST_4 : Operation 27 [1/1] (0.72ns)   --->   "%icmp_ln27 = icmp eq i4 %i_3_load, -5" [imf2.c:27]   --->   Operation 27 'icmp' 'icmp_ln27' <Predicate = true> <Delay = 0.72> <Core = "Cmp">   --->   Core 25 'Cmp' <Latency = 0> <II = 1> <Delay = 0.39> <FuncUnit> <Opcode : 'icmp'> <InPorts = 2> <OutPorts = 1>
ST_4 : Operation 28 [1/1] (0.72ns)   --->   "%icmp_ln27_1 = icmp eq i4 %i_3_load, 5" [imf2.c:27]   --->   Operation 28 'icmp' 'icmp_ln27_1' <Predicate = true> <Delay = 0.72> <Core = "Cmp">   --->   Core 25 'Cmp' <Latency = 0> <II = 1> <Delay = 0.39> <FuncUnit> <Opcode : 'icmp'> <InPorts = 2> <OutPorts = 1>
ST_4 : Operation 29 [1/2] (0.00ns) (root node of the DSP)   --->   "%m = mul nsw i36 %sext_ln36, %sext_ln36_1" [mac.c:36->imf2.c:27]   --->   Operation 29 'mul' 'm' <Predicate = true> <Delay = 0.00> <Core = "DSP48">   --->   Core 88 'DSP48' <Latency = 1> <II = 1> <Delay = 2.51> <IPBlock> <Opcode : 'mul' 'add' 'sub' 'select'> <InPorts = 2> <OutPorts = 1> <Sync> <CReg>
ST_4 : Operation 30 [1/1] (0.00ns)   --->   "%trunc_ln37 = trunc i36 %m to i35" [mac.c:37->imf2.c:27]   --->   Operation 30 'trunc' 'trunc_ln37' <Predicate = true> <Delay = 0.00>

State 5 <SV = 4> <Delay = 2.20>
ST_5 : Operation 31 [1/1] (0.00ns)   --->   "%init_3_load = load i1* @init_3, align 1" [imf2.c:27]   --->   Operation 31 'load' 'init_3_load' <Predicate = true> <Delay = 0.00>
ST_5 : Operation 32 [1/1] (0.00ns)   --->   "%tmp = call i5 @_ssdm_op_BitConcatenate.i5.i4.i1(i4 %i_3_load, i1 %ch_2_load)" [imf2.c:29]   --->   Operation 32 'bitconcatenate' 'tmp' <Predicate = true> <Delay = 0.00>
ST_5 : Operation 33 [1/1] (0.00ns)   --->   "%zext_ln29 = zext i5 %tmp to i64" [imf2.c:29]   --->   Operation 33 'zext' 'zext_ln29' <Predicate = true> <Delay = 0.00>
ST_5 : Operation 34 [1/1] (0.00ns)   --->   "%shift_reg_p_1_addr = getelementptr [26 x i38]* @shift_reg_p_1, i64 0, i64 %zext_ln29" [imf2.c:29]   --->   Operation 34 'getelementptr' 'shift_reg_p_1_addr' <Predicate = true> <Delay = 0.00>
ST_5 : Operation 35 [1/1] (0.00ns) (grouped into LUT with out node select_ln27)   --->   "%xor_ln27 = xor i1 %init_3_load, true" [imf2.c:27]   --->   Operation 35 'xor' 'xor_ln27' <Predicate = true> <Delay = 0.00> <Core = "LogicGate">   --->   Core 27 'LogicGate' <Latency = 0> <II = 1> <Delay = 0.14> <FuncUnit> <Opcode : 'and' 'or' 'xor'> <InPorts = 2> <OutPorts = 1>
ST_5 : Operation 36 [1/1] (0.00ns) (grouped into LUT with out node select_ln27)   --->   "%or_ln27 = or i1 %icmp_ln27, %icmp_ln27_1" [imf2.c:27]   --->   Operation 36 'or' 'or_ln27' <Predicate = true> <Delay = 0.00> <Core = "LogicGate">   --->   Core 27 'LogicGate' <Latency = 0> <II = 1> <Delay = 0.14> <FuncUnit> <Opcode : 'and' 'or' 'xor'> <InPorts = 2> <OutPorts = 1>
ST_5 : Operation 37 [1/1] (0.00ns) (grouped into LUT with out node select_ln27)   --->   "%and_ln27 = and i1 %or_ln27, %xor_ln27" [imf2.c:27]   --->   Operation 37 'and' 'and_ln27' <Predicate = true> <Delay = 0.00> <Core = "LogicGate">   --->   Core 27 'LogicGate' <Latency = 0> <II = 1> <Delay = 0.14> <FuncUnit> <Opcode : 'and' 'or' 'xor'> <InPorts = 2> <OutPorts = 1>
ST_5 : Operation 38 [1/1] (0.00ns) (grouped into LUT with out node select_ln27)   --->   "%or_ln27_1 = or i1 %and_ln27, %init_3_load" [imf2.c:27]   --->   Operation 38 'or' 'or_ln27_1' <Predicate = true> <Delay = 0.00> <Core = "LogicGate">   --->   Core 27 'LogicGate' <Latency = 0> <II = 1> <Delay = 0.14> <FuncUnit> <Opcode : 'and' 'or' 'xor'> <InPorts = 2> <OutPorts = 1>
ST_5 : Operation 39 [1/1] (0.29ns) (out node of the LUT)   --->   "%select_ln27 = select i1 %or_ln27_1, i38 0, i38 %shift_reg_p_1_load" [imf2.c:27]   --->   Operation 39 'select' 'select_ln27' <Predicate = true> <Delay = 0.29> <Core = "Sel">   --->   Core 26 'Sel' <Latency = 0> <II = 1> <Delay = 0.18> <FuncUnit> <Opcode : 'select'> <InPorts = 3> <OutPorts = 1>
ST_5 : Operation 40 [1/1] (0.00ns)   --->   "%sext_ln37 = sext i36 %m to i38" [mac.c:37->imf2.c:27]   --->   Operation 40 'sext' 'sext_ln37' <Predicate = true> <Delay = 0.00>
ST_5 : Operation 41 [1/1] (0.00ns)   --->   "%trunc_ln37_1 = trunc i38 %select_ln27 to i35" [mac.c:37->imf2.c:27]   --->   Operation 41 'trunc' 'trunc_ln37_1' <Predicate = true> <Delay = 0.00>
ST_5 : Operation 42 [1/1] (1.17ns)   --->   "%sum = add nsw i38 %sext_ln37, %select_ln27" [mac.c:37->imf2.c:27]   --->   Operation 42 'add' 'sum' <Predicate = true> <Delay = 1.17> <Core = "AddSub">   --->   Core 14 'AddSub' <Latency = 0> <II = 1> <Delay = 0.62> <FuncUnit> <Opcode : 'add' 'sub'> <InPorts = 2> <OutPorts = 1>
ST_5 : Operation 43 [1/1] (1.15ns)   --->   "%add_ln37_1 = add i35 %trunc_ln37_1, %trunc_ln37" [mac.c:37->imf2.c:27]   --->   Operation 43 'add' 'add_ln37_1' <Predicate = true> <Delay = 1.15> <Core = "AddSub">   --->   Core 14 'AddSub' <Latency = 0> <II = 1> <Delay = 0.62> <FuncUnit> <Opcode : 'add' 'sub'> <InPorts = 2> <OutPorts = 1>
ST_5 : Operation 44 [1/1] (0.73ns)   --->   "store i38 %sum, i38* %shift_reg_p_1_addr, align 8" [imf2.c:29]   --->   Operation 44 'store' <Predicate = true> <Delay = 0.73> <Core = "RAM">   --->   Core 37 'RAM' <Latency = 1> <II = 1> <Delay = 0.73> <Storage> <Opcode : 'load' 'store'> <Ports = 2> <Width = 38> <Depth = 26> <RAM>
ST_5 : Operation 45 [1/1] (0.00ns)   --->   "br i1 %icmp_ln27, label %2, label %._crit_edge8_ifconv" [imf2.c:30]   --->   Operation 45 'br' <Predicate = true> <Delay = 0.00>
ST_5 : Operation 46 [1/1] (0.00ns)   --->   "%cnt_load = load i2* @cnt, align 1" [imf2.c:31]   --->   Operation 46 'load' 'cnt_load' <Predicate = (icmp_ln27)> <Delay = 0.00>
ST_5 : Operation 47 [1/1] (0.39ns)   --->   "%icmp_ln31 = icmp eq i2 %cnt_load, -1" [imf2.c:31]   --->   Operation 47 'icmp' 'icmp_ln31' <Predicate = (icmp_ln27)> <Delay = 0.39> <Core = "Cmp">   --->   Core 25 'Cmp' <Latency = 0> <II = 1> <Delay = 0.39> <FuncUnit> <Opcode : 'icmp'> <InPorts = 2> <OutPorts = 1>
ST_5 : Operation 48 [1/1] (0.00ns)   --->   "br i1 %icmp_ln31, label %3, label %._crit_edge9" [imf2.c:31]   --->   Operation 48 'br' <Predicate = (icmp_ln27)> <Delay = 0.00>
ST_5 : Operation 49 [1/1] (0.00ns)   --->   "br i1 %ch_2_load, label %4, label %._crit_edge10" [imf2.c:32]   --->   Operation 49 'br' <Predicate = (icmp_ln27 & icmp_ln31)> <Delay = 0.00>
ST_5 : Operation 50 [1/1] (0.00ns)   --->   "store i1 false, i1* @init_3, align 1" [imf2.c:32]   --->   Operation 50 'store' <Predicate = (icmp_ln27 & icmp_ln31 & ch_2_load)> <Delay = 0.00>
ST_5 : Operation 51 [1/1] (0.00ns)   --->   "br label %._crit_edge10" [imf2.c:32]   --->   Operation 51 'br' <Predicate = (icmp_ln27 & icmp_ln31 & ch_2_load)> <Delay = 0.00>
ST_5 : Operation 52 [1/1] (0.14ns)   --->   "%xor_ln33 = xor i1 %ch_2_load, true" [imf2.c:33]   --->   Operation 52 'xor' 'xor_ln33' <Predicate = (icmp_ln27 & icmp_ln31)> <Delay = 0.14> <Core = "LogicGate">   --->   Core 27 'LogicGate' <Latency = 0> <II = 1> <Delay = 0.14> <FuncUnit> <Opcode : 'and' 'or' 'xor'> <InPorts = 2> <OutPorts = 1>
ST_5 : Operation 53 [1/1] (0.00ns)   --->   "store i1 %xor_ln33, i1* @ch_2, align 1" [imf2.c:33]   --->   Operation 53 'store' <Predicate = (icmp_ln27 & icmp_ln31)> <Delay = 0.00>
ST_5 : Operation 54 [1/1] (0.00ns)   --->   "br label %._crit_edge9" [imf2.c:34]   --->   Operation 54 'br' <Predicate = (icmp_ln27 & icmp_ln31)> <Delay = 0.00>
ST_5 : Operation 55 [1/1] (0.62ns)   --->   "%add_ln35 = add i2 %cnt_load, 1" [imf2.c:35]   --->   Operation 55 'add' 'add_ln35' <Predicate = (icmp_ln27)> <Delay = 0.62> <Core = "AddSub">   --->   Core 14 'AddSub' <Latency = 0> <II = 1> <Delay = 0.62> <FuncUnit> <Opcode : 'add' 'sub'> <InPorts = 2> <OutPorts = 1>
ST_5 : Operation 56 [1/1] (0.00ns)   --->   "store i2 %add_ln35, i2* @cnt, align 1" [imf2.c:35]   --->   Operation 56 'store' <Predicate = (icmp_ln27)> <Delay = 0.00>
ST_5 : Operation 57 [1/1] (0.00ns)   --->   "br label %._crit_edge8_ifconv" [imf2.c:36]   --->   Operation 57 'br' <Predicate = (icmp_ln27)> <Delay = 0.00>
ST_5 : Operation 58 [1/1] (0.00ns)   --->   "%y_write_assign = call i18 @_ssdm_op_PartSelect.i18.i35.i32.i32(i35 %add_ln37_1, i32 17, i32 34)" [imf2.c:40]   --->   Operation 58 'partselect' 'y_write_assign' <Predicate = true> <Delay = 0.00>
ST_5 : Operation 59 [1/1] (0.18ns)   --->   "%inc_3 = select i1 %icmp_ln27, i4 0, i4 %inc" [imf2.c:43]   --->   Operation 59 'select' 'inc_3' <Predicate = true> <Delay = 0.18> <Core = "Sel">   --->   Core 26 'Sel' <Latency = 0> <II = 1> <Delay = 0.18> <FuncUnit> <Opcode : 'select'> <InPorts = 3> <OutPorts = 1>
ST_5 : Operation 60 [1/1] (0.00ns)   --->   "store i4 %inc_3, i4* @i_3, align 1" [imf2.c:43]   --->   Operation 60 'store' <Predicate = true> <Delay = 0.00>
ST_5 : Operation 61 [1/1] (0.00ns)   --->   "ret i18 %y_write_assign" [imf2.c:44]   --->   Operation 61 'ret' <Predicate = true> <Delay = 0.00>


============================================================
+ Verbose Summary: Binding
============================================================
STG Binding: 
---------------- STG Properties BEGIN ----------------
- Is combinational: 0
- Is one-state seq: 0
- Is datapath-only: 0
- Is pipelined: 0
- Is top level: 0
Port [ Return ] is wired: 1; IO mode=ap_ctrl_hs:ce=0
Port [ x]:  wired=1; compound=0; hidden=0; nouse=0; global=0; static=0; extern=0; dir=0; type=0; pingpong=0; private_global=0; IO mode=ap_none:ce=0
Port [ i_3]:  wired=0; compound=0; hidden=1; nouse=0; global=1; static=1; extern=0; dir=2; type=0; pingpong=0; private_global=1; linkage=7; visibility=0; IO mode=ap_ovld:ce=0
Port [ in_2]:  wired=0; compound=0; hidden=1; nouse=0; global=1; static=1; extern=0; dir=2; type=0; pingpong=0; private_global=1; linkage=7; visibility=0; IO mode=ap_ovld:ce=0
Port [ c_1]:  wired=0; compound=1; hidden=1; nouse=0; global=1; static=1; extern=0; dir=0; type=1; pingpong=0; private_global=1; linkage=7; visibility=0; MemPort=[1]; IO mode=ap_memory:ce=0
Port [ init_3]:  wired=0; compound=0; hidden=1; nouse=0; global=1; static=1; extern=0; dir=2; type=0; pingpong=0; private_global=1; linkage=7; visibility=0; IO mode=ap_ovld:ce=0
Port [ ch_2]:  wired=0; compound=0; hidden=1; nouse=0; global=1; static=1; extern=0; dir=2; type=0; pingpong=0; private_global=1; linkage=7; visibility=0; IO mode=ap_ovld:ce=0
Port [ shift_reg_p_1]:  wired=0; compound=1; hidden=1; nouse=0; global=1; static=1; extern=0; dir=2; type=1; pingpong=0; private_global=1; linkage=7; visibility=0; MemPort=[23]; IO mode=ap_memory:ce=0
Port [ cnt]:  wired=0; compound=0; hidden=1; nouse=0; global=1; static=1; extern=0; dir=2; type=0; pingpong=0; private_global=1; linkage=7; visibility=0; IO mode=ap_ovld:ce=0
---------------- STG Properties END ------------------

---------------- Datapath Model BEGIN ----------------

<LifeTime>
<method=bitvector/>
x_read               (read          ) [ 000000]
i_3_load             (load          ) [ 001111]
icmp_ln22            (icmp          ) [ 010000]
br_ln22              (br            ) [ 000000]
store_ln23           (store         ) [ 000000]
br_ln24              (br            ) [ 000000]
zext_ln27            (zext          ) [ 000000]
c_1_addr             (getelementptr ) [ 001000]
c_1_load             (load          ) [ 000100]
inc                  (add           ) [ 000011]
in_2_load            (load          ) [ 000000]
ch_2_load            (load          ) [ 000011]
tmp_6                (bitconcatenate) [ 000000]
zext_ln27_1          (zext          ) [ 000000]
shift_reg_p_1_addr_1 (getelementptr ) [ 000010]
sext_ln36            (sext          ) [ 000010]
sext_ln36_1          (sext          ) [ 000010]
shift_reg_p_1_load   (load          ) [ 000001]
icmp_ln27            (icmp          ) [ 000001]
icmp_ln27_1          (icmp          ) [ 000001]
m                    (mul           ) [ 000001]
trunc_ln37           (trunc         ) [ 000001]
init_3_load          (load          ) [ 000000]
tmp                  (bitconcatenate) [ 000000]
zext_ln29            (zext          ) [ 000000]
shift_reg_p_1_addr   (getelementptr ) [ 000000]
xor_ln27             (xor           ) [ 000000]
or_ln27              (or            ) [ 000000]
and_ln27             (and           ) [ 000000]
or_ln27_1            (or            ) [ 000000]
select_ln27          (select        ) [ 000000]
sext_ln37            (sext          ) [ 000000]
trunc_ln37_1         (trunc         ) [ 000000]
sum                  (add           ) [ 000000]
add_ln37_1           (add           ) [ 000000]
store_ln29           (store         ) [ 000000]
br_ln30              (br            ) [ 000000]
cnt_load             (load          ) [ 000000]
icmp_ln31            (icmp          ) [ 000001]
br_ln31              (br            ) [ 000000]
br_ln32              (br            ) [ 000000]
store_ln32           (store         ) [ 000000]
br_ln32              (br            ) [ 000000]
xor_ln33             (xor           ) [ 000000]
store_ln33           (store         ) [ 000000]
br_ln34              (br            ) [ 000000]
add_ln35             (add           ) [ 000000]
store_ln35           (store         ) [ 000000]
br_ln36              (br            ) [ 000000]
y_write_assign       (partselect    ) [ 000000]
inc_3                (select        ) [ 000000]
store_ln43           (store         ) [ 000000]
ret_ln44             (ret           ) [ 000000]
</LifeTime>

<model>

<comp_list>
<comp id="0" class="1000" name="x">
<pin_list>
<pin id="1" dir="1" index="0" bw="1" slack="0"/>
</pin_list>
<bind>
<StgValue><ssdm name="x"/></StgValue>
</bind>
</comp>

<comp id="2" class="1000" name="i_3">
<pin_list>
<pin id="3" dir="1" index="0" bw="1" slack="0"/>
</pin_list>
<bind>
<StgValue><ssdm name="i_3"/></StgValue>
</bind>
</comp>

<comp id="4" class="1000" name="in_2">
<pin_list>
<pin id="5" dir="1" index="0" bw="1" slack="0"/>
</pin_list>
<bind>
<StgValue><ssdm name="in_2"/></StgValue>
</bind>
</comp>

<comp id="6" class="1000" name="c_1">
<pin_list>
<pin id="7" dir="1" index="0" bw="1" slack="0"/>
</pin_list>
<bind>
<StgValue><ssdm name="c_1"/><MemPortTyVec>1 </MemPortTyVec>
</StgValue>
</bind>
</comp>

<comp id="8" class="1000" name="init_3">
<pin_list>
<pin id="9" dir="1" index="0" bw="1" slack="0"/>
</pin_list>
<bind>
<StgValue><ssdm name="init_3"/></StgValue>
</bind>
</comp>

<comp id="10" class="1000" name="ch_2">
<pin_list>
<pin id="11" dir="1" index="0" bw="1" slack="0"/>
</pin_list>
<bind>
<StgValue><ssdm name="ch_2"/></StgValue>
</bind>
</comp>

<comp id="12" class="1000" name="shift_reg_p_1">
<pin_list>
<pin id="13" dir="1" index="0" bw="1" slack="0"/>
</pin_list>
<bind>
<StgValue><ssdm name="shift_reg_p_1"/><MemPortTyVec>2 3 </MemPortTyVec>
</StgValue>
</bind>
</comp>

<comp id="14" class="1000" name="cnt">
<pin_list>
<pin id="15" dir="1" index="0" bw="1" slack="0"/>
</pin_list>
<bind>
<StgValue><ssdm name="cnt"/></StgValue>
</bind>
</comp>

<comp id="16" class="1001" name="const_16">
<pin_list>
<pin id="17" dir="1" index="0" bw="1" slack="0"/>
</pin_list>
<bind>
<StgValue><ssdm name="_ssdm_op_Read.ap_auto.i18"/></StgValue>
</bind>
</comp>

<comp id="18" class="1001" name="const_18">
<pin_list>
<pin id="19" dir="1" index="0" bw="1" slack="0"/>
</pin_list>
<bind>
<StgValue><ssdm name=""/></StgValue>
</bind>
</comp>

<comp id="20" class="1001" name="const_20">
<pin_list>
<pin id="21" dir="1" index="0" bw="1" slack="0"/>
</pin_list>
<bind>
<StgValue><ssdm name=""/></StgValue>
</bind>
</comp>

<comp id="22" class="1001" name="const_22">
<pin_list>
<pin id="23" dir="1" index="0" bw="1" slack="0"/>
</pin_list>
<bind>
<StgValue><ssdm name=""/></StgValue>
</bind>
</comp>

<comp id="24" class="1001" name="const_24">
<pin_list>
<pin id="25" dir="1" index="0" bw="1" slack="0"/>
</pin_list>
<bind>
<StgValue><ssdm name="_ssdm_op_BitConcatenate.i5.i4.i1"/></StgValue>
</bind>
</comp>

<comp id="26" class="1001" name="const_26">
<pin_list>
<pin id="27" dir="1" index="0" bw="1" slack="0"/>
</pin_list>
<bind>
<StgValue><ssdm name=""/></StgValue>
</bind>
</comp>

<comp id="28" class="1001" name="const_28">
<pin_list>
<pin id="29" dir="1" index="0" bw="1" slack="0"/>
</pin_list>
<bind>
<StgValue><ssdm name=""/></StgValue>
</bind>
</comp>

<comp id="30" class="1001" name="const_30">
<pin_list>
<pin id="31" dir="1" index="0" bw="1" slack="0"/>
</pin_list>
<bind>
<StgValue><ssdm name=""/></StgValue>
</bind>
</comp>

<comp id="32" class="1001" name="const_32">
<pin_list>
<pin id="33" dir="1" index="0" bw="1" slack="0"/>
</pin_list>
<bind>
<StgValue><ssdm name=""/></StgValue>
</bind>
</comp>

<comp id="34" class="1001" name="const_34">
<pin_list>
<pin id="35" dir="1" index="0" bw="1" slack="0"/>
</pin_list>
<bind>
<StgValue><ssdm name=""/></StgValue>
</bind>
</comp>

<comp id="36" class="1001" name="const_36">
<pin_list>
<pin id="37" dir="1" index="0" bw="1" slack="0"/>
</pin_list>
<bind>
<StgValue><ssdm name=""/></StgValue>
</bind>
</comp>

<comp id="38" class="1001" name="const_38">
<pin_list>
<pin id="39" dir="1" index="0" bw="1" slack="0"/>
</pin_list>
<bind>
<StgValue><ssdm name=""/></StgValue>
</bind>
</comp>

<comp id="40" class="1001" name="const_40">
<pin_list>
<pin id="41" dir="1" index="0" bw="1" slack="0"/>
</pin_list>
<bind>
<StgValue><ssdm name="_ssdm_op_PartSelect.i18.i35.i32.i32"/></StgValue>
</bind>
</comp>

<comp id="42" class="1001" name="const_42">
<pin_list>
<pin id="43" dir="1" index="0" bw="1" slack="0"/>
</pin_list>
<bind>
<StgValue><ssdm name=""/></StgValue>
</bind>
</comp>

<comp id="44" class="1001" name="const_44">
<pin_list>
<pin id="45" dir="1" index="0" bw="1" slack="0"/>
</pin_list>
<bind>
<StgValue><ssdm name=""/></StgValue>
</bind>
</comp>

<comp id="46" class="1004" name="x_read_read_fu_46">
<pin_list>
<pin id="47" dir="0" index="0" bw="18" slack="0"/>
<pin id="48" dir="0" index="1" bw="18" slack="0"/>
<pin id="49" dir="1" index="2" bw="18" slack="0"/>
</pin_list>
<bind>
<opcode="read(1150) " fcode="read"/>
<opset="x_read/1 "/>
</bind>
</comp>

<comp id="52" class="1004" name="c_1_addr_gep_fu_52">
<pin_list>
<pin id="53" dir="0" index="0" bw="18" slack="0"/>
<pin id="54" dir="0" index="1" bw="1" slack="0"/>
<pin id="55" dir="0" index="2" bw="4" slack="0"/>
<pin id="56" dir="1" index="3" bw="4" slack="0"/>
</pin_list>
<bind>
<opcode="getelementptr(29) " fcode="getelementptr"/>
<opset="c_1_addr/1 "/>
</bind>
</comp>

<comp id="59" class="1004" name="grp_access_fu_59">
<pin_list>
<pin id="60" dir="0" index="0" bw="4" slack="0"/>
<pin id="61" dir="0" index="1" bw="18" slack="2147483647"/>
<pin id="62" dir="0" index="2" bw="0" slack="2147483647"/>
<pin id="63" dir="1" index="3" bw="18" slack="1"/>
</pin_list>
<bind>
<opcode="load(27) " fcode="load"/>
<opset="c_1_load/1 "/>
</bind>
</comp>

<comp id="65" class="1004" name="shift_reg_p_1_addr_1_gep_fu_65">
<pin_list>
<pin id="66" dir="0" index="0" bw="38" slack="0"/>
<pin id="67" dir="0" index="1" bw="1" slack="0"/>
<pin id="68" dir="0" index="2" bw="5" slack="0"/>
<pin id="69" dir="1" index="3" bw="5" slack="0"/>
</pin_list>
<bind>
<opcode="getelementptr(29) " fcode="getelementptr"/>
<opset="shift_reg_p_1_addr_1/3 "/>
</bind>
</comp>

<comp id="72" class="1004" name="grp_access_fu_72">
<pin_list>
<pin id="73" dir="0" index="0" bw="5" slack="0"/>
<pin id="74" dir="0" index="1" bw="38" slack="0"/>
<pin id="75" dir="0" index="2" bw="0" slack="2147483647"/>
<pin id="76" dir="1" index="3" bw="38" slack="1"/>
</pin_list>
<bind>
<opcode="load(27) store(28) " fcode="store"/>
<opset="shift_reg_p_1_load/3 store_ln29/5 "/>
</bind>
</comp>

<comp id="78" class="1004" name="shift_reg_p_1_addr_gep_fu_78">
<pin_list>
<pin id="79" dir="0" index="0" bw="38" slack="0"/>
<pin id="80" dir="0" index="1" bw="1" slack="0"/>
<pin id="81" dir="0" index="2" bw="5" slack="0"/>
<pin id="82" dir="1" index="3" bw="5" slack="0"/>
</pin_list>
<bind>
<opcode="getelementptr(29) " fcode="getelementptr"/>
<opset="shift_reg_p_1_addr/5 "/>
</bind>
</comp>

<comp id="86" class="1004" name="i_3_load_load_fu_86">
<pin_list>
<pin id="87" dir="0" index="0" bw="4" slack="0"/>
<pin id="88" dir="1" index="1" bw="4" slack="0"/>
</pin_list>
<bind>
<opcode="load(27) " fcode="load"/>
<opset="i_3_load/1 "/>
</bind>
</comp>

<comp id="90" class="1004" name="icmp_ln22_fu_90">
<pin_list>
<pin id="91" dir="0" index="0" bw="4" slack="0"/>
<pin id="92" dir="0" index="1" bw="1" slack="0"/>
<pin id="93" dir="1" index="2" bw="1" slack="2147483647"/>
</pin_list>
<bind>
<opcode="icmp(45) " fcode="icmp"/>
<opset="icmp_ln22/1 "/>
</bind>
</comp>

<comp id="96" class="1004" name="store_ln23_store_fu_96">
<pin_list>
<pin id="97" dir="0" index="0" bw="18" slack="0"/>
<pin id="98" dir="0" index="1" bw="18" slack="0"/>
<pin id="99" dir="1" index="2" bw="0" slack="2147483647"/>
</pin_list>
<bind>
<opcode="store(28) " fcode="store"/>
<opset="store_ln23/1 "/>
</bind>
</comp>

<comp id="102" class="1004" name="zext_ln27_fu_102">
<pin_list>
<pin id="103" dir="0" index="0" bw="4" slack="0"/>
<pin id="104" dir="1" index="1" bw="64" slack="0"/>
</pin_list>
<bind>
<opcode="zext(34) " fcode="zext"/>
<opset="zext_ln27/1 "/>
</bind>
</comp>

<comp id="107" class="1004" name="inc_fu_107">
<pin_list>
<pin id="108" dir="0" index="0" bw="1" slack="0"/>
<pin id="109" dir="0" index="1" bw="4" slack="2"/>
<pin id="110" dir="1" index="2" bw="4" slack="0"/>
</pin_list>
<bind>
<opcode="add(8) " fcode="add"/>
<opset="inc/3 "/>
</bind>
</comp>

<comp id="112" class="1004" name="in_2_load_load_fu_112">
<pin_list>
<pin id="113" dir="0" index="0" bw="18" slack="0"/>
<pin id="114" dir="1" index="1" bw="18" slack="0"/>
</pin_list>
<bind>
<opcode="load(27) " fcode="load"/>
<opset="in_2_load/3 "/>
</bind>
</comp>

<comp id="116" class="1004" name="ch_2_load_load_fu_116">
<pin_list>
<pin id="117" dir="0" index="0" bw="1" slack="0"/>
<pin id="118" dir="1" index="1" bw="1" slack="0"/>
</pin_list>
<bind>
<opcode="load(27) " fcode="load"/>
<opset="ch_2_load/3 "/>
</bind>
</comp>

<comp id="120" class="1004" name="tmp_6_fu_120">
<pin_list>
<pin id="121" dir="0" index="0" bw="5" slack="0"/>
<pin id="122" dir="0" index="1" bw="4" slack="0"/>
<pin id="123" dir="0" index="2" bw="1" slack="0"/>
<pin id="124" dir="1" index="3" bw="5" slack="0"/>
</pin_list>
<bind>
<opcode="bitconcatenate(1004) " fcode="bitconcatenate"/>
<opset="tmp_6/3 "/>
</bind>
</comp>

<comp id="128" class="1004" name="zext_ln27_1_fu_128">
<pin_list>
<pin id="129" dir="0" index="0" bw="5" slack="0"/>
<pin id="130" dir="1" index="1" bw="64" slack="0"/>
</pin_list>
<bind>
<opcode="zext(34) " fcode="zext"/>
<opset="zext_ln27_1/3 "/>
</bind>
</comp>

<comp id="133" class="1004" name="sext_ln36_fu_133">
<pin_list>
<pin id="134" dir="0" index="0" bw="18" slack="1"/>
<pin id="135" dir="1" index="1" bw="36" slack="0"/>
</pin_list>
<bind>
<opcode="sext(35) " fcode="sext"/>
<opset="sext_ln36/3 "/>
</bind>
</comp>

<comp id="136" class="1004" name="sext_ln36_1_fu_136">
<pin_list>
<pin id="137" dir="0" index="0" bw="18" slack="0"/>
<pin id="138" dir="1" index="1" bw="36" slack="0"/>
</pin_list>
<bind>
<opcode="sext(35) " fcode="sext"/>
<opset="sext_ln36_1/3 "/>
</bind>
</comp>

<comp id="140" class="1004" name="icmp_ln27_fu_140">
<pin_list>
<pin id="141" dir="0" index="0" bw="4" slack="3"/>
<pin id="142" dir="0" index="1" bw="4" slack="0"/>
<pin id="143" dir="1" index="2" bw="1" slack="1"/>
</pin_list>
<bind>
<opcode="icmp(45) " fcode="icmp"/>
<opset="icmp_ln27/4 "/>
</bind>
</comp>

<comp id="145" class="1004" name="icmp_ln27_1_fu_145">
<pin_list>
<pin id="146" dir="0" index="0" bw="4" slack="3"/>
<pin id="147" dir="0" index="1" bw="4" slack="0"/>
<pin id="148" dir="1" index="2" bw="1" slack="1"/>
</pin_list>
<bind>
<opcode="icmp(45) " fcode="icmp"/>
<opset="icmp_ln27_1/4 "/>
</bind>
</comp>

<comp id="150" class="1004" name="trunc_ln37_fu_150">
<pin_list>
<pin id="151" dir="0" index="0" bw="36" slack="0"/>
<pin id="152" dir="1" index="1" bw="35" slack="1"/>
</pin_list>
<bind>
<opcode="trunc(33) " fcode="trunc"/>
<opset="trunc_ln37/4 "/>
</bind>
</comp>

<comp id="153" class="1004" name="init_3_load_load_fu_153">
<pin_list>
<pin id="154" dir="0" index="0" bw="1" slack="0"/>
<pin id="155" dir="1" index="1" bw="1" slack="0"/>
</pin_list>
<bind>
<opcode="load(27) " fcode="load"/>
<opset="init_3_load/5 "/>
</bind>
</comp>

<comp id="157" class="1004" name="tmp_fu_157">
<pin_list>
<pin id="158" dir="0" index="0" bw="5" slack="0"/>
<pin id="159" dir="0" index="1" bw="4" slack="4"/>
<pin id="160" dir="0" index="2" bw="1" slack="2"/>
<pin id="161" dir="1" index="3" bw="5" slack="0"/>
</pin_list>
<bind>
<opcode="bitconcatenate(1004) " fcode="bitconcatenate"/>
<opset="tmp/5 "/>
</bind>
</comp>

<comp id="163" class="1004" name="zext_ln29_fu_163">
<pin_list>
<pin id="164" dir="0" index="0" bw="5" slack="0"/>
<pin id="165" dir="1" index="1" bw="64" slack="0"/>
</pin_list>
<bind>
<opcode="zext(34) " fcode="zext"/>
<opset="zext_ln29/5 "/>
</bind>
</comp>

<comp id="168" class="1004" name="xor_ln27_fu_168">
<pin_list>
<pin id="169" dir="0" index="0" bw="1" slack="0"/>
<pin id="170" dir="0" index="1" bw="1" slack="0"/>
<pin id="171" dir="1" index="2" bw="1" slack="0"/>
</pin_list>
<bind>
<opcode="xor(25) " fcode="xor"/>
<opset="xor_ln27/5 "/>
</bind>
</comp>

<comp id="174" class="1004" name="or_ln27_fu_174">
<pin_list>
<pin id="175" dir="0" index="0" bw="1" slack="1"/>
<pin id="176" dir="0" index="1" bw="1" slack="1"/>
<pin id="177" dir="1" index="2" bw="1" slack="0"/>
</pin_list>
<bind>
<opcode="or(24) " fcode="or"/>
<opset="or_ln27/5 "/>
</bind>
</comp>

<comp id="178" class="1004" name="and_ln27_fu_178">
<pin_list>
<pin id="179" dir="0" index="0" bw="1" slack="0"/>
<pin id="180" dir="0" index="1" bw="1" slack="0"/>
<pin id="181" dir="1" index="2" bw="1" slack="0"/>
</pin_list>
<bind>
<opcode="and(23) " fcode="and"/>
<opset="and_ln27/5 "/>
</bind>
</comp>

<comp id="184" class="1004" name="or_ln27_1_fu_184">
<pin_list>
<pin id="185" dir="0" index="0" bw="1" slack="0"/>
<pin id="186" dir="0" index="1" bw="1" slack="0"/>
<pin id="187" dir="1" index="2" bw="1" slack="0"/>
</pin_list>
<bind>
<opcode="or(24) " fcode="or"/>
<opset="or_ln27_1/5 "/>
</bind>
</comp>

<comp id="190" class="1004" name="select_ln27_fu_190">
<pin_list>
<pin id="191" dir="0" index="0" bw="1" slack="0"/>
<pin id="192" dir="0" index="1" bw="1" slack="0"/>
<pin id="193" dir="0" index="2" bw="38" slack="1"/>
<pin id="194" dir="1" index="3" bw="38" slack="0"/>
</pin_list>
<bind>
<opcode="select(49) " fcode="select"/>
<opset="select_ln27/5 "/>
</bind>
</comp>

<comp id="197" class="1004" name="sext_ln37_fu_197">
<pin_list>
<pin id="198" dir="0" index="0" bw="36" slack="1"/>
<pin id="199" dir="1" index="1" bw="38" slack="0"/>
</pin_list>
<bind>
<opcode="sext(35) " fcode="sext"/>
<opset="sext_ln37/5 "/>
</bind>
</comp>

<comp id="200" class="1004" name="trunc_ln37_1_fu_200">
<pin_list>
<pin id="201" dir="0" index="0" bw="38" slack="0"/>
<pin id="202" dir="1" index="1" bw="35" slack="0"/>
</pin_list>
<bind>
<opcode="trunc(33) " fcode="trunc"/>
<opset="trunc_ln37_1/5 "/>
</bind>
</comp>

<comp id="204" class="1004" name="sum_fu_204">
<pin_list>
<pin id="205" dir="0" index="0" bw="36" slack="0"/>
<pin id="206" dir="0" index="1" bw="38" slack="0"/>
<pin id="207" dir="1" index="2" bw="38" slack="0"/>
</pin_list>
<bind>
<opcode="add(8) " fcode="add"/>
<opset="sum/5 "/>
</bind>
</comp>

<comp id="211" class="1004" name="add_ln37_1_fu_211">
<pin_list>
<pin id="212" dir="0" index="0" bw="35" slack="0"/>
<pin id="213" dir="0" index="1" bw="35" slack="1"/>
<pin id="214" dir="1" index="2" bw="35" slack="0"/>
</pin_list>
<bind>
<opcode="add(8) " fcode="add"/>
<opset="add_ln37_1/5 "/>
</bind>
</comp>

<comp id="216" class="1004" name="cnt_load_load_fu_216">
<pin_list>
<pin id="217" dir="0" index="0" bw="2" slack="0"/>
<pin id="218" dir="1" index="1" bw="2" slack="0"/>
</pin_list>
<bind>
<opcode="load(27) " fcode="load"/>
<opset="cnt_load/5 "/>
</bind>
</comp>

<comp id="220" class="1004" name="icmp_ln31_fu_220">
<pin_list>
<pin id="221" dir="0" index="0" bw="2" slack="0"/>
<pin id="222" dir="0" index="1" bw="1" slack="0"/>
<pin id="223" dir="1" index="2" bw="1" slack="2147483647"/>
</pin_list>
<bind>
<opcode="icmp(45) " fcode="icmp"/>
<opset="icmp_ln31/5 "/>
</bind>
</comp>

<comp id="226" class="1004" name="store_ln32_store_fu_226">
<pin_list>
<pin id="227" dir="0" index="0" bw="1" slack="0"/>
<pin id="228" dir="0" index="1" bw="1" slack="0"/>
<pin id="229" dir="1" index="2" bw="0" slack="2147483647"/>
</pin_list>
<bind>
<opcode="store(28) " fcode="store"/>
<opset="store_ln32/5 "/>
</bind>
</comp>

<comp id="232" class="1004" name="xor_ln33_fu_232">
<pin_list>
<pin id="233" dir="0" index="0" bw="1" slack="2"/>
<pin id="234" dir="0" index="1" bw="1" slack="0"/>
<pin id="235" dir="1" index="2" bw="1" slack="0"/>
</pin_list>
<bind>
<opcode="xor(25) " fcode="xor"/>
<opset="xor_ln33/5 "/>
</bind>
</comp>

<comp id="237" class="1004" name="store_ln33_store_fu_237">
<pin_list>
<pin id="238" dir="0" index="0" bw="1" slack="0"/>
<pin id="239" dir="0" index="1" bw="1" slack="0"/>
<pin id="240" dir="1" index="2" bw="0" slack="2147483647"/>
</pin_list>
<bind>
<opcode="store(28) " fcode="store"/>
<opset="store_ln33/5 "/>
</bind>
</comp>

<comp id="243" class="1004" name="add_ln35_fu_243">
<pin_list>
<pin id="244" dir="0" index="0" bw="2" slack="0"/>
<pin id="245" dir="0" index="1" bw="1" slack="0"/>
<pin id="246" dir="1" index="2" bw="2" slack="0"/>
</pin_list>
<bind>
<opcode="add(8) " fcode="add"/>
<opset="add_ln35/5 "/>
</bind>
</comp>

<comp id="249" class="1004" name="store_ln35_store_fu_249">
<pin_list>
<pin id="250" dir="0" index="0" bw="2" slack="0"/>
<pin id="251" dir="0" index="1" bw="2" slack="0"/>
<pin id="252" dir="1" index="2" bw="0" slack="2147483647"/>
</pin_list>
<bind>
<opcode="store(28) " fcode="store"/>
<opset="store_ln35/5 "/>
</bind>
</comp>

<comp id="255" class="1004" name="y_write_assign_fu_255">
<pin_list>
<pin id="256" dir="0" index="0" bw="18" slack="0"/>
<pin id="257" dir="0" index="1" bw="35" slack="0"/>
<pin id="258" dir="0" index="2" bw="6" slack="0"/>
<pin id="259" dir="0" index="3" bw="7" slack="0"/>
<pin id="260" dir="1" index="4" bw="18" slack="2147483647"/>
</pin_list>
<bind>
<opcode="partselect(1002) " fcode="partselect"/>
<opset="y_write_assign/5 "/>
</bind>
</comp>

<comp id="265" class="1004" name="inc_3_fu_265">
<pin_list>
<pin id="266" dir="0" index="0" bw="1" slack="1"/>
<pin id="267" dir="0" index="1" bw="1" slack="0"/>
<pin id="268" dir="0" index="2" bw="4" slack="2"/>
<pin id="269" dir="1" index="3" bw="4" slack="0"/>
</pin_list>
<bind>
<opcode="select(49) " fcode="select"/>
<opset="inc_3/5 "/>
</bind>
</comp>

<comp id="271" class="1004" name="store_ln43_store_fu_271">
<pin_list>
<pin id="272" dir="0" index="0" bw="4" slack="0"/>
<pin id="273" dir="0" index="1" bw="4" slack="0"/>
<pin id="274" dir="1" index="2" bw="0" slack="2147483647"/>
</pin_list>
<bind>
<opcode="store(28) " fcode="store"/>
<opset="store_ln43/5 "/>
</bind>
</comp>

<comp id="277" class="1007" name="grp_fu_277">
<pin_list>
<pin id="278" dir="0" index="0" bw="18" slack="0"/>
<pin id="279" dir="0" index="1" bw="18" slack="0"/>
<pin id="280" dir="1" index="2" bw="36" slack="0"/>
</pin_list>
<bind>
<opcode="mul(12) " fcode="mul"/>
<opset="m/3 "/>
</bind>
</comp>

<comp id="284" class="1005" name="i_3_load_reg_284">
<pin_list>
<pin id="285" dir="0" index="0" bw="4" slack="2"/>
<pin id="286" dir="1" index="1" bw="4" slack="2"/>
</pin_list>
<bind>
<opset="i_3_load "/>
</bind>
</comp>

<comp id="295" class="1005" name="c_1_addr_reg_295">
<pin_list>
<pin id="296" dir="0" index="0" bw="4" slack="1"/>
<pin id="297" dir="1" index="1" bw="4" slack="1"/>
</pin_list>
<bind>
<opset="c_1_addr "/>
</bind>
</comp>

<comp id="300" class="1005" name="c_1_load_reg_300">
<pin_list>
<pin id="301" dir="0" index="0" bw="18" slack="1"/>
<pin id="302" dir="1" index="1" bw="18" slack="1"/>
</pin_list>
<bind>
<opset="c_1_load "/>
</bind>
</comp>

<comp id="305" class="1005" name="inc_reg_305">
<pin_list>
<pin id="306" dir="0" index="0" bw="4" slack="2"/>
<pin id="307" dir="1" index="1" bw="4" slack="2"/>
</pin_list>
<bind>
<opset="inc "/>
</bind>
</comp>

<comp id="310" class="1005" name="ch_2_load_reg_310">
<pin_list>
<pin id="311" dir="0" index="0" bw="1" slack="2"/>
<pin id="312" dir="1" index="1" bw="1" slack="2"/>
</pin_list>
<bind>
<opset="ch_2_load "/>
</bind>
</comp>

<comp id="316" class="1005" name="shift_reg_p_1_addr_1_reg_316">
<pin_list>
<pin id="317" dir="0" index="0" bw="5" slack="1"/>
<pin id="318" dir="1" index="1" bw="5" slack="1"/>
</pin_list>
<bind>
<opset="shift_reg_p_1_addr_1 "/>
</bind>
</comp>

<comp id="321" class="1005" name="sext_ln36_reg_321">
<pin_list>
<pin id="322" dir="0" index="0" bw="36" slack="1"/>
<pin id="323" dir="1" index="1" bw="36" slack="1"/>
</pin_list>
<bind>
<opset="sext_ln36 "/>
</bind>
</comp>

<comp id="326" class="1005" name="sext_ln36_1_reg_326">
<pin_list>
<pin id="327" dir="0" index="0" bw="36" slack="1"/>
<pin id="328" dir="1" index="1" bw="36" slack="1"/>
</pin_list>
<bind>
<opset="sext_ln36_1 "/>
</bind>
</comp>

<comp id="331" class="1005" name="shift_reg_p_1_load_reg_331">
<pin_list>
<pin id="332" dir="0" index="0" bw="38" slack="1"/>
<pin id="333" dir="1" index="1" bw="38" slack="1"/>
</pin_list>
<bind>
<opset="shift_reg_p_1_load "/>
</bind>
</comp>

<comp id="336" class="1005" name="icmp_ln27_reg_336">
<pin_list>
<pin id="337" dir="0" index="0" bw="1" slack="1"/>
<pin id="338" dir="1" index="1" bw="1" slack="1"/>
</pin_list>
<bind>
<opset="icmp_ln27 "/>
</bind>
</comp>

<comp id="342" class="1005" name="icmp_ln27_1_reg_342">
<pin_list>
<pin id="343" dir="0" index="0" bw="1" slack="1"/>
<pin id="344" dir="1" index="1" bw="1" slack="1"/>
</pin_list>
<bind>
<opset="icmp_ln27_1 "/>
</bind>
</comp>

<comp id="347" class="1005" name="m_reg_347">
<pin_list>
<pin id="348" dir="0" index="0" bw="36" slack="1"/>
<pin id="349" dir="1" index="1" bw="36" slack="1"/>
</pin_list>
<bind>
<opset="m "/>
</bind>
</comp>

<comp id="352" class="1005" name="trunc_ln37_reg_352">
<pin_list>
<pin id="353" dir="0" index="0" bw="35" slack="1"/>
<pin id="354" dir="1" index="1" bw="35" slack="1"/>
</pin_list>
<bind>
<opset="trunc_ln37 "/>
</bind>
</comp>

</comp_list>

<net_list>
<net id="50"><net_src comp="16" pin="0"/><net_sink comp="46" pin=0"/></net>

<net id="51"><net_src comp="0" pin="0"/><net_sink comp="46" pin=1"/></net>

<net id="57"><net_src comp="6" pin="0"/><net_sink comp="52" pin=0"/></net>

<net id="58"><net_src comp="20" pin="0"/><net_sink comp="52" pin=1"/></net>

<net id="64"><net_src comp="52" pin="3"/><net_sink comp="59" pin=0"/></net>

<net id="70"><net_src comp="12" pin="0"/><net_sink comp="65" pin=0"/></net>

<net id="71"><net_src comp="20" pin="0"/><net_sink comp="65" pin=1"/></net>

<net id="77"><net_src comp="65" pin="3"/><net_sink comp="72" pin=0"/></net>

<net id="83"><net_src comp="12" pin="0"/><net_sink comp="78" pin=0"/></net>

<net id="84"><net_src comp="20" pin="0"/><net_sink comp="78" pin=1"/></net>

<net id="85"><net_src comp="78" pin="3"/><net_sink comp="72" pin=0"/></net>

<net id="89"><net_src comp="2" pin="0"/><net_sink comp="86" pin=0"/></net>

<net id="94"><net_src comp="86" pin="1"/><net_sink comp="90" pin=0"/></net>

<net id="95"><net_src comp="18" pin="0"/><net_sink comp="90" pin=1"/></net>

<net id="100"><net_src comp="46" pin="2"/><net_sink comp="96" pin=0"/></net>

<net id="101"><net_src comp="4" pin="0"/><net_sink comp="96" pin=1"/></net>

<net id="105"><net_src comp="86" pin="1"/><net_sink comp="102" pin=0"/></net>

<net id="106"><net_src comp="102" pin="1"/><net_sink comp="52" pin=2"/></net>

<net id="111"><net_src comp="22" pin="0"/><net_sink comp="107" pin=0"/></net>

<net id="115"><net_src comp="4" pin="0"/><net_sink comp="112" pin=0"/></net>

<net id="119"><net_src comp="10" pin="0"/><net_sink comp="116" pin=0"/></net>

<net id="125"><net_src comp="24" pin="0"/><net_sink comp="120" pin=0"/></net>

<net id="126"><net_src comp="107" pin="2"/><net_sink comp="120" pin=1"/></net>

<net id="127"><net_src comp="116" pin="1"/><net_sink comp="120" pin=2"/></net>

<net id="131"><net_src comp="120" pin="3"/><net_sink comp="128" pin=0"/></net>

<net id="132"><net_src comp="128" pin="1"/><net_sink comp="65" pin=2"/></net>

<net id="139"><net_src comp="112" pin="1"/><net_sink comp="136" pin=0"/></net>

<net id="144"><net_src comp="26" pin="0"/><net_sink comp="140" pin=1"/></net>

<net id="149"><net_src comp="28" pin="0"/><net_sink comp="145" pin=1"/></net>

<net id="156"><net_src comp="8" pin="0"/><net_sink comp="153" pin=0"/></net>

<net id="162"><net_src comp="24" pin="0"/><net_sink comp="157" pin=0"/></net>

<net id="166"><net_src comp="157" pin="3"/><net_sink comp="163" pin=0"/></net>

<net id="167"><net_src comp="163" pin="1"/><net_sink comp="78" pin=2"/></net>

<net id="172"><net_src comp="153" pin="1"/><net_sink comp="168" pin=0"/></net>

<net id="173"><net_src comp="30" pin="0"/><net_sink comp="168" pin=1"/></net>

<net id="182"><net_src comp="174" pin="2"/><net_sink comp="178" pin=0"/></net>

<net id="183"><net_src comp="168" pin="2"/><net_sink comp="178" pin=1"/></net>

<net id="188"><net_src comp="178" pin="2"/><net_sink comp="184" pin=0"/></net>

<net id="189"><net_src comp="153" pin="1"/><net_sink comp="184" pin=1"/></net>

<net id="195"><net_src comp="184" pin="2"/><net_sink comp="190" pin=0"/></net>

<net id="196"><net_src comp="32" pin="0"/><net_sink comp="190" pin=1"/></net>

<net id="203"><net_src comp="190" pin="3"/><net_sink comp="200" pin=0"/></net>

<net id="208"><net_src comp="197" pin="1"/><net_sink comp="204" pin=0"/></net>

<net id="209"><net_src comp="190" pin="3"/><net_sink comp="204" pin=1"/></net>

<net id="210"><net_src comp="204" pin="2"/><net_sink comp="72" pin=1"/></net>

<net id="215"><net_src comp="200" pin="1"/><net_sink comp="211" pin=0"/></net>

<net id="219"><net_src comp="14" pin="0"/><net_sink comp="216" pin=0"/></net>

<net id="224"><net_src comp="216" pin="1"/><net_sink comp="220" pin=0"/></net>

<net id="225"><net_src comp="34" pin="0"/><net_sink comp="220" pin=1"/></net>

<net id="230"><net_src comp="36" pin="0"/><net_sink comp="226" pin=0"/></net>

<net id="231"><net_src comp="8" pin="0"/><net_sink comp="226" pin=1"/></net>

<net id="236"><net_src comp="30" pin="0"/><net_sink comp="232" pin=1"/></net>

<net id="241"><net_src comp="232" pin="2"/><net_sink comp="237" pin=0"/></net>

<net id="242"><net_src comp="10" pin="0"/><net_sink comp="237" pin=1"/></net>

<net id="247"><net_src comp="216" pin="1"/><net_sink comp="243" pin=0"/></net>

<net id="248"><net_src comp="38" pin="0"/><net_sink comp="243" pin=1"/></net>

<net id="253"><net_src comp="243" pin="2"/><net_sink comp="249" pin=0"/></net>

<net id="254"><net_src comp="14" pin="0"/><net_sink comp="249" pin=1"/></net>

<net id="261"><net_src comp="40" pin="0"/><net_sink comp="255" pin=0"/></net>

<net id="262"><net_src comp="211" pin="2"/><net_sink comp="255" pin=1"/></net>

<net id="263"><net_src comp="42" pin="0"/><net_sink comp="255" pin=2"/></net>

<net id="264"><net_src comp="44" pin="0"/><net_sink comp="255" pin=3"/></net>

<net id="270"><net_src comp="18" pin="0"/><net_sink comp="265" pin=1"/></net>

<net id="275"><net_src comp="265" pin="3"/><net_sink comp="271" pin=0"/></net>

<net id="276"><net_src comp="2" pin="0"/><net_sink comp="271" pin=1"/></net>

<net id="281"><net_src comp="133" pin="1"/><net_sink comp="277" pin=0"/></net>

<net id="282"><net_src comp="136" pin="1"/><net_sink comp="277" pin=1"/></net>

<net id="283"><net_src comp="277" pin="2"/><net_sink comp="150" pin=0"/></net>

<net id="287"><net_src comp="86" pin="1"/><net_sink comp="284" pin=0"/></net>

<net id="288"><net_src comp="284" pin="1"/><net_sink comp="107" pin=1"/></net>

<net id="289"><net_src comp="284" pin="1"/><net_sink comp="140" pin=0"/></net>

<net id="290"><net_src comp="284" pin="1"/><net_sink comp="145" pin=0"/></net>

<net id="291"><net_src comp="284" pin="1"/><net_sink comp="157" pin=1"/></net>

<net id="298"><net_src comp="52" pin="3"/><net_sink comp="295" pin=0"/></net>

<net id="299"><net_src comp="295" pin="1"/><net_sink comp="59" pin=0"/></net>

<net id="303"><net_src comp="59" pin="3"/><net_sink comp="300" pin=0"/></net>

<net id="304"><net_src comp="300" pin="1"/><net_sink comp="133" pin=0"/></net>

<net id="308"><net_src comp="107" pin="2"/><net_sink comp="305" pin=0"/></net>

<net id="309"><net_src comp="305" pin="1"/><net_sink comp="265" pin=2"/></net>

<net id="313"><net_src comp="116" pin="1"/><net_sink comp="310" pin=0"/></net>

<net id="314"><net_src comp="310" pin="1"/><net_sink comp="157" pin=2"/></net>

<net id="315"><net_src comp="310" pin="1"/><net_sink comp="232" pin=0"/></net>

<net id="319"><net_src comp="65" pin="3"/><net_sink comp="316" pin=0"/></net>

<net id="320"><net_src comp="316" pin="1"/><net_sink comp="72" pin=0"/></net>

<net id="324"><net_src comp="133" pin="1"/><net_sink comp="321" pin=0"/></net>

<net id="325"><net_src comp="321" pin="1"/><net_sink comp="277" pin=0"/></net>

<net id="329"><net_src comp="136" pin="1"/><net_sink comp="326" pin=0"/></net>

<net id="330"><net_src comp="326" pin="1"/><net_sink comp="277" pin=1"/></net>

<net id="334"><net_src comp="72" pin="3"/><net_sink comp="331" pin=0"/></net>

<net id="335"><net_src comp="331" pin="1"/><net_sink comp="190" pin=2"/></net>

<net id="339"><net_src comp="140" pin="2"/><net_sink comp="336" pin=0"/></net>

<net id="340"><net_src comp="336" pin="1"/><net_sink comp="174" pin=0"/></net>

<net id="341"><net_src comp="336" pin="1"/><net_sink comp="265" pin=0"/></net>

<net id="345"><net_src comp="145" pin="2"/><net_sink comp="342" pin=0"/></net>

<net id="346"><net_src comp="342" pin="1"/><net_sink comp="174" pin=1"/></net>

<net id="350"><net_src comp="277" pin="2"/><net_sink comp="347" pin=0"/></net>

<net id="351"><net_src comp="347" pin="1"/><net_sink comp="197" pin=0"/></net>

<net id="355"><net_src comp="150" pin="1"/><net_sink comp="352" pin=0"/></net>

<net id="356"><net_src comp="352" pin="1"/><net_sink comp="211" pin=1"/></net>

</net_list>

</model> 
---------------- Datapath Model END ------------------

* FSMD analyzer results:
  - Output states:
	Port: i_3 | {5 }
	Port: in_2 | {1 }
	Port: init_3 | {5 }
	Port: ch_2 | {5 }
	Port: shift_reg_p_1 | {5 }
	Port: cnt | {5 }
 - Input state : 
	Port: imf2 : x | {1 }
	Port: imf2 : i_3 | {1 }
	Port: imf2 : in_2 | {3 }
	Port: imf2 : c_1 | {1 2 }
	Port: imf2 : init_3 | {5 }
	Port: imf2 : ch_2 | {3 }
	Port: imf2 : shift_reg_p_1 | {3 4 }
	Port: imf2 : cnt | {5 }
  - Chain level:
	State 1
		icmp_ln22 : 1
		br_ln22 : 2
		zext_ln27 : 1
		c_1_addr : 2
		c_1_load : 3
	State 2
	State 3
		tmp_6 : 1
		zext_ln27_1 : 2
		shift_reg_p_1_addr_1 : 3
		shift_reg_p_1_load : 4
		sext_ln36_1 : 1
		m : 2
	State 4
		trunc_ln37 : 1
	State 5
		zext_ln29 : 1
		shift_reg_p_1_addr : 2
		xor_ln27 : 1
		and_ln27 : 1
		or_ln27_1 : 1
		select_ln27 : 1
		trunc_ln37_1 : 2
		sum : 2
		add_ln37_1 : 3
		store_ln29 : 3
		icmp_ln31 : 1
		br_ln31 : 2
		add_ln35 : 1
		store_ln35 : 2
		y_write_assign : 4
		store_ln43 : 1
		ret_ln44 : 5


============================================================
+ Verbose Summary: Datapath Resource usage 
============================================================

* Functional unit list:
|----------|-----------------------|---------|---------|---------|
| Operation|    Functional Unit    |  DSP48E |    FF   |   LUT   |
|----------|-----------------------|---------|---------|---------|
|          |       inc_fu_107      |    0    |    0    |    12   |
|    add   |       sum_fu_204      |    0    |    0    |    45   |
|          |   add_ln37_1_fu_211   |    0    |    0    |    42   |
|          |    add_ln35_fu_243    |    0    |    0    |    9    |
|----------|-----------------------|---------|---------|---------|
|  select  |   select_ln27_fu_190  |    0    |    0    |    38   |
|          |      inc_3_fu_265     |    0    |    0    |    4    |
|----------|-----------------------|---------|---------|---------|
|          |    icmp_ln22_fu_90    |    0    |    0    |    9    |
|   icmp   |    icmp_ln27_fu_140   |    0    |    0    |    9    |
|          |   icmp_ln27_1_fu_145  |    0    |    0    |    9    |
|          |    icmp_ln31_fu_220   |    0    |    0    |    8    |
|----------|-----------------------|---------|---------|---------|
|    xor   |    xor_ln27_fu_168    |    0    |    0    |    2    |
|          |    xor_ln33_fu_232    |    0    |    0    |    2    |
|----------|-----------------------|---------|---------|---------|
|    or    |     or_ln27_fu_174    |    0    |    0    |    2    |
|          |    or_ln27_1_fu_184   |    0    |    0    |    2    |
|----------|-----------------------|---------|---------|---------|
|    and   |    and_ln27_fu_178    |    0    |    0    |    2    |
|----------|-----------------------|---------|---------|---------|
|    mul   |       grp_fu_277      |    1    |    0    |    0    |
|----------|-----------------------|---------|---------|---------|
|   read   |   x_read_read_fu_46   |    0    |    0    |    0    |
|----------|-----------------------|---------|---------|---------|
|          |    zext_ln27_fu_102   |    0    |    0    |    0    |
|   zext   |   zext_ln27_1_fu_128  |    0    |    0    |    0    |
|          |    zext_ln29_fu_163   |    0    |    0    |    0    |
|----------|-----------------------|---------|---------|---------|
|bitconcatenate|      tmp_6_fu_120     |    0    |    0    |    0    |
|          |       tmp_fu_157      |    0    |    0    |    0    |
|----------|-----------------------|---------|---------|---------|
|          |    sext_ln36_fu_133   |    0    |    0    |    0    |
|   sext   |   sext_ln36_1_fu_136  |    0    |    0    |    0    |
|          |    sext_ln37_fu_197   |    0    |    0    |    0    |
|----------|-----------------------|---------|---------|---------|
|   trunc  |   trunc_ln37_fu_150   |    0    |    0    |    0    |
|          |  trunc_ln37_1_fu_200  |    0    |    0    |    0    |
|----------|-----------------------|---------|---------|---------|
|partselect| y_write_assign_fu_255 |    0    |    0    |    0    |
|----------|-----------------------|---------|---------|---------|
|   Total  |                       |    1    |    0    |   195   |
|----------|-----------------------|---------|---------|---------|

Memories:
N/A

* Register list:
+----------------------------+--------+
|                            |   FF   |
+----------------------------+--------+
|      c_1_addr_reg_295      |    4   |
|      c_1_load_reg_300      |   18   |
|      ch_2_load_reg_310     |    1   |
|      i_3_load_reg_284      |    4   |
|     icmp_ln27_1_reg_342    |    1   |
|      icmp_ln27_reg_336     |    1   |
|         inc_reg_305        |    4   |
|          m_reg_347         |   36   |
|     sext_ln36_1_reg_326    |   36   |
|      sext_ln36_reg_321     |   36   |
|shift_reg_p_1_addr_1_reg_316|    5   |
| shift_reg_p_1_load_reg_331 |   38   |
|     trunc_ln37_reg_352     |   35   |
+----------------------------+--------+
|            Total           |   219  |
+----------------------------+--------+

* Multiplexer (MUX) list: 
|------------------|------|------|------|--------||---------||---------|
|       Comp       |  Pin | Size |  BW  | S x BW ||  Delay  ||   LUT   |
|------------------|------|------|------|--------||---------||---------|
| grp_access_fu_59 |  p0  |   2  |   4  |    8   ||    9    |
| grp_access_fu_72 |  p0  |   3  |   5  |   15   ||    15   |
|    grp_fu_277    |  p0  |   2  |  18  |   36   ||    9    |
|    grp_fu_277    |  p1  |   2  |  18  |   36   ||    9    |
|------------------|------|------|------|--------||---------||---------|
|       Total      |      |      |      |   95   ||  2.999  ||    42   |
|------------------|------|------|------|--------||---------||---------|



* Summary:
+-----------+--------+--------+--------+--------+
|           | DSP48E |  Delay |   FF   |   LUT  |
+-----------+--------+--------+--------+--------+
|  Function |    1   |    -   |    0   |   195  |
|   Memory  |    -   |    -   |    -   |    -   |
|Multiplexer|    -   |    2   |    -   |   42   |
|  Register |    -   |    -   |   219  |    -   |
+-----------+--------+--------+--------+--------+
|   Total   |    1   |    2   |   219  |   237  |
+-----------+--------+--------+--------+--------+
