Copyright 1986-2019 Xilinx, Inc. All Rights Reserved.
------------------------------------------------------------------------------------
| Tool Version : Vivado v.2019.2 (win64) Build 2708876 Wed Nov  6 21:40:23 MST 2019
| Date         : Mon Mar  8 00:47:12 2021
| Host         : EMPEROR running 64-bit major release  (build 9200)
| Command      : upgrade_ip
| Device       : xc7z020clg400-1
------------------------------------------------------------------------------------

Upgrade Log for IP 'design_1_fir_n11_strm_0_0'

1. Summary
----------

SUCCESS in the upgrade of design_1_fir_n11_strm_0_0 (xilinx.com:hls:fir_n11_strm:1.0) from (Rev. 2103071731) to (Rev. 2103080046)






Copyright 1986-2019 Xilinx, Inc. All Rights Reserved.
------------------------------------------------------------------------------------
| Tool Version : Vivado v.2019.2 (win64) Build 2708876 Wed Nov  6 21:40:23 MST 2019
| Date         : Sun Mar  7 17:34:23 2021
| Host         : EMPEROR running 64-bit major release  (build 9200)
| Command      : upgrade_ip
| Device       : xc7z020clg400-1
------------------------------------------------------------------------------------

Upgrade Log for IP 'design_1_fir_n11_strm_0_0'

1. Summary
----------

SUCCESS in the upgrade of design_1_fir_n11_strm_0_0 (xilinx.com:hls:fir_n11_strm:1.0) from (Rev. 2103071652) to (Rev. 2103071731)






Copyright 1986-2019 Xilinx, Inc. All Rights Reserved.
------------------------------------------------------------------------------------
| Tool Version : Vivado v.2019.2 (win64) Build 2708876 Wed Nov  6 21:40:23 MST 2019
| Date         : Sun Mar  7 16:53:37 2021
| Host         : EMPEROR running 64-bit major release  (build 9200)
| Command      : upgrade_ip
| Device       : xc7z020clg400-1
------------------------------------------------------------------------------------

Upgrade Log for IP 'design_1_fir_n11_strm_0_0'

1. Summary
----------

SUCCESS in the upgrade of design_1_fir_n11_strm_0_0 (xilinx.com:hls:fir_n11_strm:1.0) from (Rev. 2103071557) to (Rev. 2103071652)

