

================================================================
== Vivado HLS Report for 'multip_2num'
================================================================
* Date:           Wed Mar  3 12:05:18 2021

* Version:        2019.2 (Build 2704478 on Wed Nov 06 22:10:23 MST 2019)
* Project:        hls_lab1
* Solution:       solution1
* Product family: zynq
* Target device:  xc7z020-clg400-1


================================================================
== Performance Estimates
================================================================
+ Timing: 
    * Summary: 
    +--------+---------+----------+------------+
    |  Clock |  Target | Estimated| Uncertainty|
    +--------+---------+----------+------------+
    |ap_clk  | 5.00 ns | 3.950 ns |   0.63 ns  |
    +--------+---------+----------+------------+

+ Latency: 
    * Summary: 
    +---------+---------+-----------+-----------+-----+-----+---------+
    |  Latency (cycles) |   Latency (absolute)  |  Interval | Pipeline|
    |   min   |   max   |    min    |    max    | min | max |   Type  |
    +---------+---------+-----------+-----------+-----+-----+---------+
    |        6|        6| 30.000 ns | 30.000 ns |    6|    6|   none  |
    +---------+---------+-----------+-----------+-----+-----+---------+

    + Detail: 
        * Instance: 
        N/A

        * Loop: 
        N/A



================================================================
== Utilization Estimates
================================================================
* Summary: 
+-----------------+---------+-------+--------+-------+-----+
|       Name      | BRAM_18K| DSP48E|   FF   |  LUT  | URAM|
+-----------------+---------+-------+--------+-------+-----+
|DSP              |        -|      -|       -|      -|    -|
|Expression       |        -|      -|       -|      -|    -|
|FIFO             |        -|      -|       -|      -|    -|
|Instance         |        0|      3|     359|    233|    -|
|Memory           |        -|      -|       -|      -|    -|
|Multiplexer      |        -|      -|       -|     41|    -|
|Register         |        -|      -|     103|      -|    -|
+-----------------+---------+-------+--------+-------+-----+
|Total            |        0|      3|     462|    274|    0|
+-----------------+---------+-------+--------+-------+-----+
|Available        |      280|    220|  106400|  53200|    0|
+-----------------+---------+-------+--------+-------+-----+
|Utilization (%)  |        0|      1|   ~0   |   ~0  |    0|
+-----------------+---------+-------+--------+-------+-----+

+ Detail: 
    * Instance: 
    +------------------------------+----------------------------+---------+-------+-----+-----+-----+
    |           Instance           |           Module           | BRAM_18K| DSP48E|  FF | LUT | URAM|
    +------------------------------+----------------------------+---------+-------+-----+-----+-----+
    |multip_2num_AXILiteS_s_axi_U  |multip_2num_AXILiteS_s_axi  |        0|      0|  144|  232|    0|
    |multip_2num_mul_3bkb_U1       |multip_2num_mul_3bkb        |        0|      3|  215|    1|    0|
    +------------------------------+----------------------------+---------+-------+-----+-----+-----+
    |Total                         |                            |        0|      3|  359|  233|    0|
    +------------------------------+----------------------------+---------+-------+-----+-----+-----+

    * DSP48E: 
    N/A

    * Memory: 
    N/A

    * FIFO: 
    N/A

    * Expression: 
    N/A

    * Multiplexer: 
    +-----------+----+-----------+-----+-----------+
    |    Name   | LUT| Input Size| Bits| Total Bits|
    +-----------+----+-----------+-----+-----------+
    |ap_NS_fsm  |  41|          8|    1|          8|
    +-----------+----+-----------+-----+-----------+
    |Total      |  41|          8|    1|          8|
    +-----------+----+-----------+-----+-----------+

    * Register: 
    +--------------------+----+----+-----+-----------+
    |        Name        | FF | LUT| Bits| Const Bits|
    +--------------------+----+----+-----+-----------+
    |ap_CS_fsm           |   7|   0|    7|          0|
    |mul_ln18_reg_59     |  32|   0|   32|          0|
    |n32In1_read_reg_54  |  32|   0|   32|          0|
    |n32In2_read_reg_49  |  32|   0|   32|          0|
    +--------------------+----+----+-----+-----------+
    |Total               | 103|   0|  103|          0|
    +--------------------+----+----+-----+-----------+



================================================================
== Interface
================================================================
* Summary: 
+------------------------+-----+-----+--------------+--------------+--------------+
|        RTL Ports       | Dir | Bits|   Protocol   | Source Object|    C Type    |
+------------------------+-----+-----+--------------+--------------+--------------+
|s_axi_AXILiteS_AWVALID  |  in |    1|     s_axi    |   AXILiteS   |    pointer   |
|s_axi_AXILiteS_AWREADY  | out |    1|     s_axi    |   AXILiteS   |    pointer   |
|s_axi_AXILiteS_AWADDR   |  in |    6|     s_axi    |   AXILiteS   |    pointer   |
|s_axi_AXILiteS_WVALID   |  in |    1|     s_axi    |   AXILiteS   |    pointer   |
|s_axi_AXILiteS_WREADY   | out |    1|     s_axi    |   AXILiteS   |    pointer   |
|s_axi_AXILiteS_WDATA    |  in |   32|     s_axi    |   AXILiteS   |    pointer   |
|s_axi_AXILiteS_WSTRB    |  in |    4|     s_axi    |   AXILiteS   |    pointer   |
|s_axi_AXILiteS_ARVALID  |  in |    1|     s_axi    |   AXILiteS   |    pointer   |
|s_axi_AXILiteS_ARREADY  | out |    1|     s_axi    |   AXILiteS   |    pointer   |
|s_axi_AXILiteS_ARADDR   |  in |    6|     s_axi    |   AXILiteS   |    pointer   |
|s_axi_AXILiteS_RVALID   | out |    1|     s_axi    |   AXILiteS   |    pointer   |
|s_axi_AXILiteS_RREADY   |  in |    1|     s_axi    |   AXILiteS   |    pointer   |
|s_axi_AXILiteS_RDATA    | out |   32|     s_axi    |   AXILiteS   |    pointer   |
|s_axi_AXILiteS_RRESP    | out |    2|     s_axi    |   AXILiteS   |    pointer   |
|s_axi_AXILiteS_BVALID   | out |    1|     s_axi    |   AXILiteS   |    pointer   |
|s_axi_AXILiteS_BREADY   |  in |    1|     s_axi    |   AXILiteS   |    pointer   |
|s_axi_AXILiteS_BRESP    | out |    2|     s_axi    |   AXILiteS   |    pointer   |
|ap_clk                  |  in |    1| ap_ctrl_none |  multip_2num | return value |
|ap_rst_n                |  in |    1| ap_ctrl_none |  multip_2num | return value |
+------------------------+-----+-----+--------------+--------------+--------------+

============================================================
+ Verbose Summary: Synthesis Manager
============================================================
InlineROM: 1
ExposeGlobal: 0
============================================================
+ Verbose Summary: CDFG Model
============================================================
IsTopModel: 1
ResetActiveHigh: 1
IsCombinational: 2
IsDatapathOnly: 2
HasWiredReturn: 1
HasMFsm: 0
HasVarLatency: 1
IsPipeline: 0
IsRtlPipelined: 0
IsInstanceOverlapped: 0
IsDontTouch: 0
HasImplIP: 0
IsGatedGlobalClock: 0


============================================================
+ Verbose Summary: Schedule
============================================================
* Number of FSM states : 7
* Pipeline : 0
* Dataflow Pipeline: 0

* FSM state transitions: 
1 --> 2 
2 --> 3 
3 --> 4 
4 --> 5 
5 --> 6 
6 --> 7 
7 --> 

* FSM state operations: 

State 1 <SV = 0> <Delay = 1.00>
ST_1 : Operation 8 [1/1] (1.00ns)   --->   "%n32In2_read = call i32 @_ssdm_op_Read.s_axilite.i32(i32 %n32In2) nounwind" [hls_lab1/Multiplication.cpp:4]   --->   Operation 8 'read' 'n32In2_read' <Predicate = true> <Delay = 1.00> <Core = "s_axilite">   --->   Core 10 's_axilite' <Latency = 0> <II = 1> <Delay = 1.00> <Adapter> <Opcode : 'read' 'write'>
ST_1 : Operation 9 [1/1] (1.00ns)   --->   "%n32In1_read = call i32 @_ssdm_op_Read.s_axilite.i32(i32 %n32In1) nounwind" [hls_lab1/Multiplication.cpp:4]   --->   Operation 9 'read' 'n32In1_read' <Predicate = true> <Delay = 1.00> <Core = "s_axilite">   --->   Core 10 's_axilite' <Latency = 0> <II = 1> <Delay = 1.00> <Adapter> <Opcode : 'read' 'write'>

State 2 <SV = 1> <Delay = 3.95>
ST_2 : Operation 10 [5/5] (3.95ns)   --->   "%mul_ln18 = mul nsw i32 %n32In2_read, %n32In1_read" [hls_lab1/Multiplication.cpp:18]   --->   Operation 10 'mul' 'mul_ln18' <Predicate = true> <Delay = 3.95> <Core = "MulnS">   --->   Core 17 'MulnS' <Latency = 4> <II = 1> <Delay = 3.95> <FuncUnit> <Opcode : 'mul'> <InPorts = 2> <OutPorts = 1>

State 3 <SV = 2> <Delay = 3.95>
ST_3 : Operation 11 [4/5] (3.95ns)   --->   "%mul_ln18 = mul nsw i32 %n32In2_read, %n32In1_read" [hls_lab1/Multiplication.cpp:18]   --->   Operation 11 'mul' 'mul_ln18' <Predicate = true> <Delay = 3.95> <Core = "MulnS">   --->   Core 17 'MulnS' <Latency = 4> <II = 1> <Delay = 3.95> <FuncUnit> <Opcode : 'mul'> <InPorts = 2> <OutPorts = 1>

State 4 <SV = 3> <Delay = 3.95>
ST_4 : Operation 12 [3/5] (3.95ns)   --->   "%mul_ln18 = mul nsw i32 %n32In2_read, %n32In1_read" [hls_lab1/Multiplication.cpp:18]   --->   Operation 12 'mul' 'mul_ln18' <Predicate = true> <Delay = 3.95> <Core = "MulnS">   --->   Core 17 'MulnS' <Latency = 4> <II = 1> <Delay = 3.95> <FuncUnit> <Opcode : 'mul'> <InPorts = 2> <OutPorts = 1>

State 5 <SV = 4> <Delay = 3.95>
ST_5 : Operation 13 [2/5] (3.95ns)   --->   "%mul_ln18 = mul nsw i32 %n32In2_read, %n32In1_read" [hls_lab1/Multiplication.cpp:18]   --->   Operation 13 'mul' 'mul_ln18' <Predicate = true> <Delay = 3.95> <Core = "MulnS">   --->   Core 17 'MulnS' <Latency = 4> <II = 1> <Delay = 3.95> <FuncUnit> <Opcode : 'mul'> <InPorts = 2> <OutPorts = 1>

State 6 <SV = 5> <Delay = 3.95>
ST_6 : Operation 14 [1/5] (3.95ns)   --->   "%mul_ln18 = mul nsw i32 %n32In2_read, %n32In1_read" [hls_lab1/Multiplication.cpp:18]   --->   Operation 14 'mul' 'mul_ln18' <Predicate = true> <Delay = 3.95> <Core = "MulnS">   --->   Core 17 'MulnS' <Latency = 4> <II = 1> <Delay = 3.95> <FuncUnit> <Opcode : 'mul'> <InPorts = 2> <OutPorts = 1>

State 7 <SV = 6> <Delay = 1.00>
ST_7 : Operation 15 [1/1] (0.00ns)   --->   "call void (...)* @_ssdm_op_SpecBitsMap(i32 %n32In1) nounwind, !map !7"   --->   Operation 15 'specbitsmap' <Predicate = true> <Delay = 0.00>
ST_7 : Operation 16 [1/1] (0.00ns)   --->   "call void (...)* @_ssdm_op_SpecBitsMap(i32 %n32In2) nounwind, !map !13"   --->   Operation 16 'specbitsmap' <Predicate = true> <Delay = 0.00>
ST_7 : Operation 17 [1/1] (0.00ns)   --->   "call void (...)* @_ssdm_op_SpecBitsMap(i32* %pn32ResOut) nounwind, !map !17"   --->   Operation 17 'specbitsmap' <Predicate = true> <Delay = 0.00>
ST_7 : Operation 18 [1/1] (0.00ns)   --->   "call void (...)* @_ssdm_op_SpecTopModule([12 x i8]* @multip_2num_str) nounwind"   --->   Operation 18 'spectopmodule' <Predicate = true> <Delay = 0.00>
ST_7 : Operation 19 [1/1] (0.00ns)   --->   "call void (...)* @_ssdm_op_SpecInterface(i32* %pn32ResOut, [10 x i8]* @p_str, i32 0, i32 0, [1 x i8]* @p_str1, i32 0, i32 0, [1 x i8]* @p_str1, [1 x i8]* @p_str1, [1 x i8]* @p_str1, i32 0, i32 0, i32 0, i32 0, [1 x i8]* @p_str1, [1 x i8]* @p_str1) nounwind" [hls_lab1/Multiplication.cpp:13]   --->   Operation 19 'specinterface' <Predicate = true> <Delay = 0.00>
ST_7 : Operation 20 [1/1] (0.00ns)   --->   "call void (...)* @_ssdm_op_SpecInterface(i32 %n32In2, [10 x i8]* @p_str, i32 0, i32 0, [1 x i8]* @p_str1, i32 0, i32 0, [1 x i8]* @p_str1, [1 x i8]* @p_str1, [1 x i8]* @p_str1, i32 0, i32 0, i32 0, i32 0, [1 x i8]* @p_str1, [1 x i8]* @p_str1) nounwind" [hls_lab1/Multiplication.cpp:14]   --->   Operation 20 'specinterface' <Predicate = true> <Delay = 0.00>
ST_7 : Operation 21 [1/1] (0.00ns)   --->   "call void (...)* @_ssdm_op_SpecInterface(i32 %n32In1, [10 x i8]* @p_str, i32 0, i32 0, [1 x i8]* @p_str1, i32 0, i32 0, [1 x i8]* @p_str1, [1 x i8]* @p_str1, [1 x i8]* @p_str1, i32 0, i32 0, i32 0, i32 0, [1 x i8]* @p_str1, [1 x i8]* @p_str1) nounwind" [hls_lab1/Multiplication.cpp:15]   --->   Operation 21 'specinterface' <Predicate = true> <Delay = 0.00>
ST_7 : Operation 22 [1/1] (0.00ns)   --->   "call void (...)* @_ssdm_op_SpecInterface(i32 0, [13 x i8]* @p_str2, i32 0, i32 0, [1 x i8]* @p_str1, i32 0, i32 0, [1 x i8]* @p_str1, [1 x i8]* @p_str1, [1 x i8]* @p_str1, i32 0, i32 0, i32 0, i32 0, [1 x i8]* @p_str1, [1 x i8]* @p_str1) nounwind" [hls_lab1/Multiplication.cpp:16]   --->   Operation 22 'specinterface' <Predicate = true> <Delay = 0.00>
ST_7 : Operation 23 [1/1] (1.00ns)   --->   "call void @_ssdm_op_Write.s_axilite.i32P(i32* %pn32ResOut, i32 %mul_ln18) nounwind" [hls_lab1/Multiplication.cpp:18]   --->   Operation 23 'write' <Predicate = true> <Delay = 1.00> <Core = "s_axilite">   --->   Core 10 's_axilite' <Latency = 0> <II = 1> <Delay = 1.00> <Adapter> <Opcode : 'read' 'write'>
ST_7 : Operation 24 [1/1] (0.00ns)   --->   "ret void" [hls_lab1/Multiplication.cpp:20]   --->   Operation 24 'ret' <Predicate = true> <Delay = 0.00>


============================================================
+ Verbose Summary: Binding
============================================================
STG Binding: 
---------------- STG Properties BEGIN ----------------
- Is combinational: 0
- Is one-state seq: 0
- Is datapath-only: 0
- Is pipelined: 0
- Is top level: 1
Port [ Return ] is wired: 1; IO mode=ap_ctrl_none:ce=0
Port [ n32In1]:  wired=1; compound=0; hidden=0; nouse=0; global=0; static=0; extern=0; dir=0; type=0; pingpong=0; private_global=0; IO mode=ap_none:ce=0
Port [ n32In2]:  wired=1; compound=0; hidden=0; nouse=0; global=0; static=0; extern=0; dir=0; type=0; pingpong=0; private_global=0; IO mode=ap_none:ce=0
Port [ pn32ResOut]:  wired=1; compound=0; hidden=0; nouse=0; global=0; static=0; extern=0; dir=1; type=0; pingpong=0; private_global=0; IO mode=ap_vld:ce=0
---------------- STG Properties END ------------------

---------------- Datapath Model BEGIN ----------------

<LifeTime>
<method=bitvector/>
n32In2_read        (read         ) [ 00111110]
n32In1_read        (read         ) [ 00111110]
mul_ln18           (mul          ) [ 00000001]
specbitsmap_ln0    (specbitsmap  ) [ 00000000]
specbitsmap_ln0    (specbitsmap  ) [ 00000000]
specbitsmap_ln0    (specbitsmap  ) [ 00000000]
spectopmodule_ln0  (spectopmodule) [ 00000000]
specinterface_ln13 (specinterface) [ 00000000]
specinterface_ln14 (specinterface) [ 00000000]
specinterface_ln15 (specinterface) [ 00000000]
specinterface_ln16 (specinterface) [ 00000000]
write_ln18         (write        ) [ 00000000]
ret_ln20           (ret          ) [ 00000000]
</LifeTime>

<model>

<comp_list>
<comp id="0" class="1000" name="n32In1">
<pin_list>
<pin id="1" dir="1" index="0" bw="1" slack="0"/>
</pin_list>
<bind>
<StgValue><ssdm name="n32In1"/></StgValue>
</bind>
</comp>

<comp id="2" class="1000" name="n32In2">
<pin_list>
<pin id="3" dir="1" index="0" bw="1" slack="0"/>
</pin_list>
<bind>
<StgValue><ssdm name="n32In2"/></StgValue>
</bind>
</comp>

<comp id="4" class="1000" name="pn32ResOut">
<pin_list>
<pin id="5" dir="1" index="0" bw="1" slack="0"/>
</pin_list>
<bind>
<StgValue><ssdm name="pn32ResOut"/></StgValue>
</bind>
</comp>

<comp id="6" class="1001" name="const_6">
<pin_list>
<pin id="7" dir="1" index="0" bw="1" slack="0"/>
</pin_list>
<bind>
<StgValue><ssdm name="_ssdm_op_Read.s_axilite.i32"/></StgValue>
</bind>
</comp>

<comp id="8" class="1001" name="const_8">
<pin_list>
<pin id="9" dir="1" index="0" bw="1" slack="2147483647"/>
</pin_list>
<bind>
<StgValue><ssdm name="_ssdm_op_SpecBitsMap"/></StgValue>
</bind>
</comp>

<comp id="10" class="1001" name="const_10">
<pin_list>
<pin id="11" dir="1" index="0" bw="1" slack="2147483647"/>
</pin_list>
<bind>
<StgValue><ssdm name="_ssdm_op_SpecTopModule"/></StgValue>
</bind>
</comp>

<comp id="12" class="1001" name="const_12">
<pin_list>
<pin id="13" dir="1" index="0" bw="1" slack="2147483647"/>
</pin_list>
<bind>
<StgValue><ssdm name="multip_2num_str"/></StgValue>
</bind>
</comp>

<comp id="14" class="1001" name="const_14">
<pin_list>
<pin id="15" dir="1" index="0" bw="1" slack="2147483647"/>
</pin_list>
<bind>
<StgValue><ssdm name="_ssdm_op_SpecInterface"/></StgValue>
</bind>
</comp>

<comp id="16" class="1001" name="const_16">
<pin_list>
<pin id="17" dir="1" index="0" bw="1" slack="2147483647"/>
</pin_list>
<bind>
<StgValue><ssdm name="p_str"/></StgValue>
</bind>
</comp>

<comp id="18" class="1001" name="const_18">
<pin_list>
<pin id="19" dir="1" index="0" bw="1" slack="2147483647"/>
</pin_list>
<bind>
<StgValue><ssdm name=""/></StgValue>
</bind>
</comp>

<comp id="20" class="1001" name="const_20">
<pin_list>
<pin id="21" dir="1" index="0" bw="1" slack="2147483647"/>
</pin_list>
<bind>
<StgValue><ssdm name="p_str1"/></StgValue>
</bind>
</comp>

<comp id="22" class="1001" name="const_22">
<pin_list>
<pin id="23" dir="1" index="0" bw="1" slack="2147483647"/>
</pin_list>
<bind>
<StgValue><ssdm name="p_str2"/></StgValue>
</bind>
</comp>

<comp id="24" class="1001" name="const_24">
<pin_list>
<pin id="25" dir="1" index="0" bw="1" slack="0"/>
</pin_list>
<bind>
<StgValue><ssdm name="_ssdm_op_Write.s_axilite.i32P"/></StgValue>
</bind>
</comp>

<comp id="26" class="1004" name="n32In2_read_read_fu_26">
<pin_list>
<pin id="27" dir="0" index="0" bw="32" slack="0"/>
<pin id="28" dir="0" index="1" bw="32" slack="0"/>
<pin id="29" dir="1" index="2" bw="32" slack="1"/>
</pin_list>
<bind>
<opcode="read(1150) " fcode="read"/>
<opset="n32In2_read/1 "/>
</bind>
</comp>

<comp id="32" class="1004" name="n32In1_read_read_fu_32">
<pin_list>
<pin id="33" dir="0" index="0" bw="32" slack="0"/>
<pin id="34" dir="0" index="1" bw="32" slack="0"/>
<pin id="35" dir="1" index="2" bw="32" slack="1"/>
</pin_list>
<bind>
<opcode="read(1150) " fcode="read"/>
<opset="n32In1_read/1 "/>
</bind>
</comp>

<comp id="38" class="1004" name="write_ln18_write_fu_38">
<pin_list>
<pin id="39" dir="0" index="0" bw="0" slack="0"/>
<pin id="40" dir="0" index="1" bw="32" slack="0"/>
<pin id="41" dir="0" index="2" bw="32" slack="1"/>
<pin id="42" dir="1" index="3" bw="0" slack="2147483647"/>
</pin_list>
<bind>
<opcode="write(1151) " fcode="write"/>
<opset="write_ln18/7 "/>
</bind>
</comp>

<comp id="45" class="1004" name="grp_fu_45">
<pin_list>
<pin id="46" dir="0" index="0" bw="32" slack="1"/>
<pin id="47" dir="0" index="1" bw="32" slack="1"/>
<pin id="48" dir="1" index="2" bw="32" slack="1"/>
</pin_list>
<bind>
<opcode="mul(12) " fcode="mul"/>
<opset="mul_ln18/2 "/>
</bind>
</comp>

<comp id="49" class="1005" name="n32In2_read_reg_49">
<pin_list>
<pin id="50" dir="0" index="0" bw="32" slack="1"/>
<pin id="51" dir="1" index="1" bw="32" slack="1"/>
</pin_list>
<bind>
<opset="n32In2_read "/>
</bind>
</comp>

<comp id="54" class="1005" name="n32In1_read_reg_54">
<pin_list>
<pin id="55" dir="0" index="0" bw="32" slack="1"/>
<pin id="56" dir="1" index="1" bw="32" slack="1"/>
</pin_list>
<bind>
<opset="n32In1_read "/>
</bind>
</comp>

<comp id="59" class="1005" name="mul_ln18_reg_59">
<pin_list>
<pin id="60" dir="0" index="0" bw="32" slack="1"/>
<pin id="61" dir="1" index="1" bw="32" slack="1"/>
</pin_list>
<bind>
<opset="mul_ln18 "/>
</bind>
</comp>

</comp_list>

<net_list>
<net id="30"><net_src comp="6" pin="0"/><net_sink comp="26" pin=0"/></net>

<net id="31"><net_src comp="2" pin="0"/><net_sink comp="26" pin=1"/></net>

<net id="36"><net_src comp="6" pin="0"/><net_sink comp="32" pin=0"/></net>

<net id="37"><net_src comp="0" pin="0"/><net_sink comp="32" pin=1"/></net>

<net id="43"><net_src comp="24" pin="0"/><net_sink comp="38" pin=0"/></net>

<net id="44"><net_src comp="4" pin="0"/><net_sink comp="38" pin=1"/></net>

<net id="52"><net_src comp="26" pin="2"/><net_sink comp="49" pin=0"/></net>

<net id="53"><net_src comp="49" pin="1"/><net_sink comp="45" pin=0"/></net>

<net id="57"><net_src comp="32" pin="2"/><net_sink comp="54" pin=0"/></net>

<net id="58"><net_src comp="54" pin="1"/><net_sink comp="45" pin=1"/></net>

<net id="62"><net_src comp="45" pin="2"/><net_sink comp="59" pin=0"/></net>

<net id="63"><net_src comp="59" pin="1"/><net_sink comp="38" pin=2"/></net>

</net_list>

</model> 
---------------- Datapath Model END ------------------

* FSMD analyzer results:
  - Output states:
	Port: pn32ResOut | {7 }
 - Input state : 
	Port: multip_2num : n32In1 | {1 }
	Port: multip_2num : n32In2 | {1 }
  - Chain level:
	State 1
	State 2
	State 3
	State 4
	State 5
	State 6
	State 7


============================================================
+ Verbose Summary: Datapath Resource usage 
============================================================

* Functional unit list:
|----------|------------------------|---------|---------|---------|
| Operation|     Functional Unit    |  DSP48E |    FF   |   LUT   |
|----------|------------------------|---------|---------|---------|
|    mul   |        grp_fu_45       |    3    |   215   |    1    |
|----------|------------------------|---------|---------|---------|
|   read   | n32In2_read_read_fu_26 |    0    |    0    |    0    |
|          | n32In1_read_read_fu_32 |    0    |    0    |    0    |
|----------|------------------------|---------|---------|---------|
|   write  | write_ln18_write_fu_38 |    0    |    0    |    0    |
|----------|------------------------|---------|---------|---------|
|   Total  |                        |    3    |   215   |    1    |
|----------|------------------------|---------|---------|---------|

Memories:
N/A

* Register list:
+------------------+--------+
|                  |   FF   |
+------------------+--------+
|  mul_ln18_reg_59 |   32   |
|n32In1_read_reg_54|   32   |
|n32In2_read_reg_49|   32   |
+------------------+--------+
|       Total      |   96   |
+------------------+--------+

* Multiplexer (MUX) list: 
|--------|------|------|------|--------|
|  Comp  |  Pin | Size |  BW  | S x BW |
|--------|------|------|------|--------|
|  Total |      |      |      |    0   |
|--------|------|------|------|--------|



* Summary:
+-----------+--------+--------+--------+
|           | DSP48E |   FF   |   LUT  |
+-----------+--------+--------+--------+
|  Function |    3   |   215  |    1   |
|   Memory  |    -   |    -   |    -   |
|Multiplexer|    -   |    -   |    -   |
|  Register |    -   |   96   |    -   |
+-----------+--------+--------+--------+
|   Total   |    3   |   311  |    1   |
+-----------+--------+--------+--------+
