

================================================================
== Vivado HLS Report for 'shift_reg'
================================================================
* Date:           Tue Apr  6 15:13:01 2021

* Version:        2019.2 (Build 2704478 on Wed Nov 06 22:10:23 MST 2019)
* Project:        Shift_Register
* Solution:       solution1
* Product family: zynq
* Target device:  xc7z020-clg400-1


================================================================
== Performance Estimates
================================================================
+ Timing: 
    * Summary: 
    +--------+----------+----------+------------+
    |  Clock |  Target  | Estimated| Uncertainty|
    +--------+----------+----------+------------+
    |ap_clk  | 10.00 ns | 3.570 ns |   1.25 ns  |
    +--------+----------+----------+------------+

+ Latency: 
    * Summary: 
    +---------+---------+-----------+----------+-----+-----+---------+
    |  Latency (cycles) |  Latency (absolute)  |  Interval | Pipeline|
    |   min   |   max   |    min    |    max   | min | max |   Type  |
    +---------+---------+-----------+----------+-----+-----+---------+
    |        1|       11| 10.000 ns | 0.110 us |    1|   11|   none  |
    +---------+---------+-----------+----------+-----+-----+---------+

    + Detail: 
        * Instance: 
        N/A

        * Loop: 
        N/A



================================================================
== Utilization Estimates
================================================================
* Summary: 
+-----------------+---------+-------+--------+-------+-----+
|       Name      | BRAM_18K| DSP48E|   FF   |  LUT  | URAM|
+-----------------+---------+-------+--------+-------+-----+
|DSP              |        -|      -|       -|      -|    -|
|Expression       |        -|      -|       0|    324|    -|
|FIFO             |        -|      -|       -|      -|    -|
|Instance         |        -|      -|       -|      -|    -|
|Memory           |        1|      -|       0|      0|    0|
|Multiplexer      |        -|      -|       -|    737|    -|
|Register         |        -|      -|     726|      -|    -|
+-----------------+---------+-------+--------+-------+-----+
|Total            |        1|      0|     726|   1061|    0|
+-----------------+---------+-------+--------+-------+-----+
|Available        |      280|    220|  106400|  53200|    0|
+-----------------+---------+-------+--------+-------+-----+
|Utilization (%)  |    ~0   |      0|   ~0   |      1|    0|
+-----------------+---------+-------+--------+-------+-----+

+ Detail: 
    * Instance: 
    N/A

    * DSP48E: 
    N/A

    * Memory: 
    +-------------------+----------------------+---------+---+----+-----+------+-----+------+-------------+
    |       Memory      |        Module        | BRAM_18K| FF| LUT| URAM| Words| Bits| Banks| W*Bits*Banks|
    +-------------------+----------------------+---------+---+----+-----+------+-----+------+-------------+
    |shift_reg0_regs_U  |shift_reg_shift_rbkb  |        1|  0|   0|    0|     8|    8|     1|           64|
    +-------------------+----------------------+---------+---+----+-----+------+-----+------+-------------+
    |Total              |                      |        1|  0|   0|    0|     8|    8|     1|           64|
    +-------------------+----------------------+---------+---+----+-----+------+-----+------+-------------+

    * FIFO: 
    N/A

    * Expression: 
    +---------------------------+----------+-------+---+----+------------+------------+
    |       Variable Name       | Operation| DSP48E| FF| LUT| Bitwidth P0| Bitwidth P1|
    +---------------------------+----------+-------+---+----+------------+------------+
    |ap_condition_190           |    and   |      0|  0|   2|           1|           1|
    |or_ln44_fu_1419_p2         |    or    |      0|  0|   2|           1|           1|
    |select_ln10_10_fu_812_p3   |  select  |      0|  0|   8|           1|           1|
    |select_ln10_11_fu_827_p3   |  select  |      0|  0|   8|           1|           1|
    |select_ln10_1_fu_641_p3    |  select  |      0|  0|   8|           1|           1|
    |select_ln10_2_fu_660_p3    |  select  |      0|  0|   8|           1|           1|
    |select_ln10_3_fu_679_p3    |  select  |      0|  0|   8|           1|           1|
    |select_ln10_4_fu_698_p3    |  select  |      0|  0|   8|           1|           1|
    |select_ln10_5_fu_717_p3    |  select  |      0|  0|   8|           1|           1|
    |select_ln10_6_fu_736_p3    |  select  |      0|  0|   8|           1|           1|
    |select_ln10_7_fu_755_p3    |  select  |      0|  0|   8|           1|           1|
    |select_ln10_8_fu_774_p3    |  select  |      0|  0|   8|           1|           1|
    |select_ln10_9_fu_793_p3    |  select  |      0|  0|   8|           1|           1|
    |select_ln10_fu_628_p3      |  select  |      0|  0|   8|           1|           1|
    |select_ln13_10_fu_1030_p3  |  select  |      0|  0|   8|           1|           8|
    |select_ln13_11_fu_1045_p3  |  select  |      0|  0|   8|           1|           8|
    |select_ln13_1_fu_859_p3    |  select  |      0|  0|   8|           1|           8|
    |select_ln13_2_fu_878_p3    |  select  |      0|  0|   8|           1|           8|
    |select_ln13_3_fu_897_p3    |  select  |      0|  0|   8|           1|           8|
    |select_ln13_4_fu_916_p3    |  select  |      0|  0|   8|           1|           8|
    |select_ln13_5_fu_935_p3    |  select  |      0|  0|   8|           1|           8|
    |select_ln13_6_fu_954_p3    |  select  |      0|  0|   8|           1|           8|
    |select_ln13_7_fu_973_p3    |  select  |      0|  0|   8|           1|           8|
    |select_ln13_8_fu_992_p3    |  select  |      0|  0|   8|           1|           8|
    |select_ln13_9_fu_1011_p3   |  select  |      0|  0|   8|           1|           8|
    |select_ln13_fu_846_p3      |  select  |      0|  0|   8|           1|           8|
    |select_ln44_10_fu_1477_p3  |  select  |      0|  0|   8|           1|           1|
    |select_ln44_11_fu_1483_p3  |  select  |      0|  0|   8|           1|           8|
    |select_ln44_12_fu_1490_p3  |  select  |      0|  0|   8|           1|           1|
    |select_ln44_13_fu_1496_p3  |  select  |      0|  0|   8|           1|           8|
    |select_ln44_14_fu_1412_p3  |  select  |      0|  0|   8|           1|           1|
    |select_ln44_1_fu_1509_p3   |  select  |      0|  0|   8|           1|           8|
    |select_ln44_2_fu_1423_p3   |  select  |      0|  0|   8|           1|           1|
    |select_ln44_3_fu_1429_p3   |  select  |      0|  0|   8|           1|           8|
    |select_ln44_4_fu_1437_p3   |  select  |      0|  0|   8|           1|           1|
    |select_ln44_5_fu_1443_p3   |  select  |      0|  0|   8|           1|           8|
    |select_ln44_6_fu_1451_p3   |  select  |      0|  0|   8|           1|           1|
    |select_ln44_7_fu_1457_p3   |  select  |      0|  0|   8|           1|           8|
    |select_ln44_8_fu_1464_p3   |  select  |      0|  0|   8|           1|           1|
    |select_ln44_9_fu_1470_p3   |  select  |      0|  0|   8|           1|           8|
    |select_ln44_fu_1503_p3     |  select  |      0|  0|   8|           1|           1|
    |select_ln46_fu_1407_p3     |  select  |      0|  0|   8|           1|           8|
    +---------------------------+----------+-------+---+----+------------+------------+
    |Total                      |          |      0|  0| 324|          42|         182|
    +---------------------------+----------+-------+---+----+------------+------------+

    * Multiplexer: 
    +-------------------------------+----+-----------+-----+-----------+
    |              Name             | LUT| Input Size| Bits| Total Bits|
    +-------------------------------+----+-----------+-----+-----------+
    |ap_NS_fsm                      |  59|         14|    1|         14|
    |dout0_0                        |  33|          6|    8|         48|
    |dout0_1                        |  38|          7|    8|         56|
    |dout0_10                       |  33|          6|    8|         48|
    |dout0_11                       |  33|          6|    8|         48|
    |dout0_2                        |  38|          7|    8|         56|
    |dout0_3                        |  38|          7|    8|         56|
    |dout0_4                        |  38|          7|    8|         56|
    |dout0_5                        |  38|          7|    8|         56|
    |dout0_6                        |  38|          7|    8|         56|
    |dout0_7                        |  38|          7|    8|         56|
    |dout0_7_write_assig_reg_489    |   9|          2|    8|         16|
    |dout0_8                        |  33|          6|    8|         48|
    |dout0_9                        |  33|          6|    8|         48|
    |dout_0_write_assign_2_reg_599  |   9|          2|    8|         16|
    |dout_10_write_assig_reg_499    |   9|          2|    8|         16|
    |dout_1_write_assign_4_reg_589  |   9|          2|    8|         16|
    |dout_2_write_assign_4_reg_579  |   9|          2|    8|         16|
    |dout_3_write_assign_4_reg_569  |   9|          2|    8|         16|
    |dout_4_write_assign_3_reg_559  |   9|          2|    8|         16|
    |dout_5_write_assign_3_reg_549  |   9|          2|    8|         16|
    |dout_6_write_assign_3_reg_539  |   9|          2|    8|         16|
    |dout_7_write_assign_3_reg_529  |   9|          2|    8|         16|
    |dout_8_write_assign_3_reg_519  |   9|          2|    8|         16|
    |dout_9_write_assign_3_reg_509  |   9|          2|    8|         16|
    |shift_reg0_regs_address0       |  44|          9|    3|         27|
    |shift_reg0_regs_address1       |  41|          8|    3|         24|
    |shift_reg0_regs_d0             |  27|          5|    8|         40|
    |shift_reg0_regs_d1             |  27|          5|    8|         40|
    +-------------------------------+----+-----------+-----+-----------+
    |Total                          | 737|        144|  215|        969|
    +-------------------------------+----+-----------+-----+-----------+

    * Register: 
    +---------------------------------+----+----+-----+-----------+
    |               Name              | FF | LUT| Bits| Const Bits|
    +---------------------------------+----+----+-----+-----------+
    |ap_CS_fsm                        |  13|   0|   13|          0|
    |dout0_7_write_assig_reg_489      |   8|   0|    8|          0|
    |dout_0_write_assign_2_reg_599    |   8|   0|    8|          0|
    |dout_10_write_assig_reg_499      |   8|   0|    8|          0|
    |dout_1_write_assign_4_reg_589    |   8|   0|    8|          0|
    |dout_2_write_assign_4_reg_579    |   8|   0|    8|          0|
    |dout_3_write_assign_4_reg_569    |   8|   0|    8|          0|
    |dout_4_write_assign_3_reg_559    |   8|   0|    8|          0|
    |dout_5_write_assign_3_reg_549    |   8|   0|    8|          0|
    |dout_6_write_assign_3_reg_539    |   8|   0|    8|          0|
    |dout_7_write_assign_3_reg_529    |   8|   0|    8|          0|
    |dout_8_write_assign_3_reg_519    |   8|   0|    8|          0|
    |dout_9_write_assign_3_reg_509    |   8|   0|    8|          0|
    |or_ln44_reg_1698                 |   1|   0|    1|          0|
    |regs_0                           |  32|   0|   32|          0|
    |regs_1                           |  32|   0|   32|          0|
    |regs_2                           |  32|   0|   32|          0|
    |regs_5_0                         |   8|   0|    8|          0|
    |regs_5_1                         |   8|   0|    8|          0|
    |regs_5_10                        |   8|   0|    8|          0|
    |regs_5_2                         |   8|   0|    8|          0|
    |regs_5_3                         |   8|   0|    8|          0|
    |regs_5_4                         |   8|   0|    8|          0|
    |regs_5_5                         |   8|   0|    8|          0|
    |regs_5_6                         |   8|   0|    8|          0|
    |regs_5_7                         |   8|   0|    8|          0|
    |regs_5_8                         |   8|   0|    8|          0|
    |regs_5_9                         |   8|   0|    8|          0|
    |regs_6_0                         |   8|   0|    8|          0|
    |regs_6_1                         |   8|   0|    8|          0|
    |regs_6_10                        |   8|   0|    8|          0|
    |regs_6_11                        |   8|   0|    8|          0|
    |regs_6_2                         |   8|   0|    8|          0|
    |regs_6_3                         |   8|   0|    8|          0|
    |regs_6_4                         |   8|   0|    8|          0|
    |regs_6_5                         |   8|   0|    8|          0|
    |regs_6_6                         |   8|   0|    8|          0|
    |regs_6_7                         |   8|   0|    8|          0|
    |regs_6_8                         |   8|   0|    8|          0|
    |regs_6_9                         |   8|   0|    8|          0|
    |regs_7_0                         |   8|   0|    8|          0|
    |regs_7_1                         |   8|   0|    8|          0|
    |regs_7_10                        |   8|   0|    8|          0|
    |regs_7_2                         |   8|   0|    8|          0|
    |regs_7_3                         |   8|   0|    8|          0|
    |regs_7_4                         |   8|   0|    8|          0|
    |regs_7_5                         |   8|   0|    8|          0|
    |regs_7_6                         |   8|   0|    8|          0|
    |regs_7_7                         |   8|   0|    8|          0|
    |regs_7_8                         |   8|   0|    8|          0|
    |regs_7_9                         |   8|   0|    8|          0|
    |regs_8_0                         |   8|   0|    8|          0|
    |regs_8_1                         |   8|   0|    8|          0|
    |regs_8_10                        |   8|   0|    8|          0|
    |regs_8_2                         |   8|   0|    8|          0|
    |regs_8_3                         |   8|   0|    8|          0|
    |regs_8_4                         |   8|   0|    8|          0|
    |regs_8_5                         |   8|   0|    8|          0|
    |regs_8_6                         |   8|   0|    8|          0|
    |regs_8_7                         |   8|   0|    8|          0|
    |regs_8_8                         |   8|   0|    8|          0|
    |regs_8_9                         |   8|   0|    8|          0|
    |regs_9_0                         |   8|   0|    8|          0|
    |regs_9_1                         |   8|   0|    8|          0|
    |regs_9_2                         |   8|   0|    8|          0|
    |regs_9_3                         |   8|   0|    8|          0|
    |regs_9_4                         |   8|   0|    8|          0|
    |regs_9_5                         |   8|   0|    8|          0|
    |regs_9_6                         |   8|   0|    8|          0|
    |select_ln44_11_reg_1727          |   8|   0|    8|          0|
    |select_ln44_13_reg_1732          |   8|   0|    8|          0|
    |select_ln44_14_reg_1693          |   8|   0|    8|          0|
    |select_ln44_1_reg_1737           |   8|   0|    8|          0|
    |select_ln44_3_reg_1707           |   8|   0|    8|          0|
    |select_ln44_5_reg_1712           |   8|   0|    8|          0|
    |select_ln44_7_reg_1717           |   8|   0|    8|          0|
    |select_ln44_9_reg_1722           |   8|   0|    8|          0|
    |shift_reg0_regs_load_7_reg_1687  |   8|   0|    8|          0|
    |shift_reg1_regs_0                |   8|   0|    8|          0|
    |shift_reg1_regs_1                |   8|   0|    8|          0|
    |shift_reg1_regs_2                |   8|   0|    8|          0|
    |shift_reg1_regs_3                |   8|   0|    8|          0|
    +---------------------------------+----+----+-----+-----------+
    |Total                            | 726|   0|  726|          0|
    +---------------------------------+----+----+-----+-----------+



================================================================
== Interface
================================================================
* Summary: 
+-----------------+-----+-----+------------+--------------+--------------+
|    RTL Ports    | Dir | Bits|  Protocol  | Source Object|    C Type    |
+-----------------+-----+-----+------------+--------------+--------------+
|ap_clk           |  in |    1| ap_ctrl_hs |   shift_reg  | return value |
|ap_rst           |  in |    1| ap_ctrl_hs |   shift_reg  | return value |
|ap_start         |  in |    1| ap_ctrl_hs |   shift_reg  | return value |
|ap_done          | out |    1| ap_ctrl_hs |   shift_reg  | return value |
|ap_idle          | out |    1| ap_ctrl_hs |   shift_reg  | return value |
|ap_ready         | out |    1| ap_ctrl_hs |   shift_reg  | return value |
|din0             |  in |    8|   ap_none  |     din0     |    scalar    |
|din1             |  in |   32|   ap_none  |     din1     |    scalar    |
|load_data_0      |  in |    8|   ap_none  |  load_data_0 |    pointer   |
|load_data_1      |  in |    8|   ap_none  |  load_data_1 |    pointer   |
|load_data_2      |  in |    8|   ap_none  |  load_data_2 |    pointer   |
|load_data_3      |  in |    8|   ap_none  |  load_data_3 |    pointer   |
|load_data_4      |  in |    8|   ap_none  |  load_data_4 |    pointer   |
|load_data_5      |  in |    8|   ap_none  |  load_data_5 |    pointer   |
|load_data_6      |  in |    8|   ap_none  |  load_data_6 |    pointer   |
|load_data_7      |  in |    8|   ap_none  |  load_data_7 |    pointer   |
|load_data_8      |  in |    8|   ap_none  |  load_data_8 |    pointer   |
|load_data_9      |  in |    8|   ap_none  |  load_data_9 |    pointer   |
|load_data_10     |  in |    8|   ap_none  | load_data_10 |    pointer   |
|load_data_11     |  in |    8|   ap_none  | load_data_11 |    pointer   |
|dout0_0          | out |    8|   ap_vld   |    dout0_0   |    pointer   |
|dout0_0_ap_vld   | out |    1|   ap_vld   |    dout0_0   |    pointer   |
|dout0_1          | out |    8|   ap_vld   |    dout0_1   |    pointer   |
|dout0_1_ap_vld   | out |    1|   ap_vld   |    dout0_1   |    pointer   |
|dout0_2          | out |    8|   ap_vld   |    dout0_2   |    pointer   |
|dout0_2_ap_vld   | out |    1|   ap_vld   |    dout0_2   |    pointer   |
|dout0_3          | out |    8|   ap_vld   |    dout0_3   |    pointer   |
|dout0_3_ap_vld   | out |    1|   ap_vld   |    dout0_3   |    pointer   |
|dout0_4          | out |    8|   ap_vld   |    dout0_4   |    pointer   |
|dout0_4_ap_vld   | out |    1|   ap_vld   |    dout0_4   |    pointer   |
|dout0_5          | out |    8|   ap_vld   |    dout0_5   |    pointer   |
|dout0_5_ap_vld   | out |    1|   ap_vld   |    dout0_5   |    pointer   |
|dout0_6          | out |    8|   ap_vld   |    dout0_6   |    pointer   |
|dout0_6_ap_vld   | out |    1|   ap_vld   |    dout0_6   |    pointer   |
|dout0_7          | out |    8|   ap_vld   |    dout0_7   |    pointer   |
|dout0_7_ap_vld   | out |    1|   ap_vld   |    dout0_7   |    pointer   |
|dout0_8          | out |    8|   ap_vld   |    dout0_8   |    pointer   |
|dout0_8_ap_vld   | out |    1|   ap_vld   |    dout0_8   |    pointer   |
|dout0_9          | out |    8|   ap_vld   |    dout0_9   |    pointer   |
|dout0_9_ap_vld   | out |    1|   ap_vld   |    dout0_9   |    pointer   |
|dout0_10         | out |    8|   ap_vld   |   dout0_10   |    pointer   |
|dout0_10_ap_vld  | out |    1|   ap_vld   |   dout0_10   |    pointer   |
|dout0_11         | out |    8|   ap_vld   |   dout0_11   |    pointer   |
|dout0_11_ap_vld  | out |    1|   ap_vld   |   dout0_11   |    pointer   |
|dout1_0          | out |   32|   ap_vld   |    dout1_0   |    pointer   |
|dout1_0_ap_vld   | out |    1|   ap_vld   |    dout1_0   |    pointer   |
|dout1_1          | out |   32|   ap_vld   |    dout1_1   |    pointer   |
|dout1_1_ap_vld   | out |    1|   ap_vld   |    dout1_1   |    pointer   |
|dout1_2          | out |   32|   ap_vld   |    dout1_2   |    pointer   |
|dout1_2_ap_vld   | out |    1|   ap_vld   |    dout1_2   |    pointer   |
|dout1_3          | out |   32|   ap_vld   |    dout1_3   |    pointer   |
|dout1_3_ap_vld   | out |    1|   ap_vld   |    dout1_3   |    pointer   |
|srst             |  in |    1|   ap_none  |     srst     |    scalar    |
|load             |  in |    1|   ap_none  |     load     |    scalar    |
|en               |  in |    1|   ap_none  |      en      |    scalar    |
|select_V         |  in |    3|   ap_none  |   select_V   |    scalar    |
+-----------------+-----+-----+------------+--------------+--------------+

