

================================================================
== Vivado HLS Report for 'duc'
================================================================
* Date:           Tue Feb 11 19:48:25 2020

* Version:        2019.2 (Build 2704478 on Wed Nov 06 22:10:23 MST 2019)
* Project:        duc_prj
* Solution:       solution1
* Product family: kintex7
* Target device:  xc7k160t-fbg484-1


================================================================
== Performance Estimates
================================================================
+ Timing: 
    * Summary: 
    +--------+---------+----------+------------+
    |  Clock |  Target | Estimated| Uncertainty|
    +--------+---------+----------+------------+
    |ap_clk  | 2.71 ns | 2.710 ns |   0.34 ns  |
    +--------+---------+----------+------------+

+ Latency: 
    * Summary: 
    +---------+---------+-----------+----------+-----+-----+---------+
    |  Latency (cycles) |  Latency (absolute)  |  Interval | Pipeline|
    |   min   |   max   |    min    |    max   | min | max |   Type  |
    +---------+---------+-----------+----------+-----+-----+---------+
    |       33|       41| 89.430 ns | 0.111 us |   33|   41|   none  |
    +---------+---------+-----------+----------+-----+-----+---------+

    + Detail: 
        * Instance: 
        +------------------+-------+---------+---------+-----------+-----------+-----+-----+---------+
        |                  |       |  Latency (cycles) |   Latency (absolute)  |  Interval | Pipeline|
        |     Instance     | Module|   min   |   max   |    min    |    max    | min | max |   Type  |
        +------------------+-------+---------+---------+-----------+-----------+-----+-----+---------+
        |grp_imf3_fu_208   |imf3   |        7|        7| 18.970 ns | 18.970 ns |    7|    7|   none  |
        |grp_imf2_fu_229   |imf2   |        7|        7| 18.970 ns | 18.970 ns |    7|    7|   none  |
        |grp_mixer_fu_249  |mixer  |        1|        9|  2.710 ns | 24.390 ns |    1|    9|   none  |
        +------------------+-------+---------+---------+-----------+-----------+-----+-----+---------+

        * Loop: 
        N/A



================================================================
== Utilization Estimates
================================================================
* Summary: 
+-----------------+---------+-------+--------+--------+-----+
|       Name      | BRAM_18K| DSP48E|   FF   |   LUT  | URAM|
+-----------------+---------+-------+--------+--------+-----+
|DSP              |        -|      2|       -|       -|    -|
|Expression       |        -|      -|       0|     423|    -|
|FIFO             |        -|      -|       -|       -|    -|
|Instance         |        0|      5|    1312|    1037|    0|
|Memory           |        4|      -|      36|      21|    0|
|Multiplexer      |        -|      -|       -|     127|    -|
|Register         |        -|      -|     624|       -|    -|
+-----------------+---------+-------+--------+--------+-----+
|Total            |        4|      7|    1972|    1608|    0|
+-----------------+---------+-------+--------+--------+-----+
|Available        |      650|    600|  202800|  101400|    0|
+-----------------+---------+-------+--------+--------+-----+
|Utilization (%)  |    ~0   |      1|   ~0   |       1|    0|
+-----------------+---------+-------+--------+--------+-----+

+ Detail: 
    * Instance: 
    +------------------+-------+---------+-------+-----+-----+-----+
    |     Instance     | Module| BRAM_18K| DSP48E|  FF | LUT | URAM|
    +------------------+-------+---------+-------+-----+-----+-----+
    |grp_imf2_fu_229   |imf2   |        0|      1|  373|  296|    0|
    |grp_imf3_fu_208   |imf3   |        0|      1|  667|  534|    0|
    |grp_mixer_fu_249  |mixer  |        0|      3|  272|  207|    0|
    +------------------+-------+---------+-------+-----+-----+-----+
    |Total             |       |        0|      5| 1312| 1037|    0|
    +------------------+-------+---------+-------+-----+-----+-----+

    * DSP48E: 
    +--------------------------+----------------------+-----------+
    |         Instance         |        Module        | Expression|
    +--------------------------+----------------------+-----------+
    |duc_mul_mul_18s_1bkb_U23  |duc_mul_mul_18s_1bkb  |  i0 * i1  |
    |duc_mul_mul_18s_1bkb_U24  |duc_mul_mul_18s_1bkb  |  i0 * i1  |
    +--------------------------+----------------------+-----------+

    * Memory: 
    +-----------------+-------------------+---------+----+----+-----+------+-----+------+-------------+
    |      Memory     |       Module      | BRAM_18K| FF | LUT| URAM| Words| Bits| Banks| W*Bits*Banks|
    +-----------------+-------------------+---------+----+----+-----+------+-----+------+-------------+
    |c_U              |duc_c              |        0|  18|  14|    0|    48|   18|     1|          864|
    |c_2_U            |duc_c_2            |        0|  18|   7|    0|    24|   18|     1|          432|
    |shift_reg_p_U    |duc_shift_reg_p    |        2|   0|   0|    0|    96|   38|     1|         3648|
    |shift_reg_p_2_U  |duc_shift_reg_p_2  |        2|   0|   0|    0|    50|   38|     1|         1900|
    +-----------------+-------------------+---------+----+----+-----+------+-----+------+-------------+
    |Total            |                   |        4|  36|  21|    0|   218|  112|     4|         6844|
    +-----------------+-------------------+---------+----+----+-----+------+-----+------+-------------+

    * FIFO: 
    N/A

    * Expression: 
    +-----------------------+----------+-------+---+----+------------+------------+
    |     Variable Name     | Operation| DSP48E| FF| LUT| Bitwidth P0| Bitwidth P1|
    +-----------------------+----------+-------+---+----+------------+------------+
    |acc_1_fu_382_p2        |     +    |      0|  0|  45|          38|          38|
    |add_ln21_fu_387_p2     |     +    |      0|  0|  42|          35|          35|
    |add_ln27_1_fu_554_p2   |     +    |      0|  0|  42|          35|          35|
    |inc_5_fu_472_p2        |     +    |      0|  0|  15|           1|           5|
    |inc_fu_305_p2          |     +    |      0|  0|  15|           1|           6|
    |sum_fu_549_p2          |     +    |      0|  0|  45|          38|          38|
    |and_ln21_fu_352_p2     |    and   |      0|  0|   6|           1|           1|
    |and_ln28_fu_519_p2     |    and   |      0|  0|   6|           1|           1|
    |icmp_ln18_fu_277_p2    |   icmp   |      0|  0|  11|           6|           1|
    |icmp_ln21_1_fu_335_p2  |   icmp   |      0|  0|  11|           6|           5|
    |icmp_ln21_fu_330_p2    |   icmp   |      0|  0|  11|           6|           6|
    |icmp_ln22_fu_444_p2    |   icmp   |      0|  0|  11|           5|           1|
    |icmp_ln28_1_fu_502_p2  |   icmp   |      0|  0|  11|           5|           4|
    |icmp_ln28_fu_497_p2    |   icmp   |      0|  0|  11|           5|           5|
    |or_ln21_1_fu_358_p2    |    or    |      0|  0|   6|           1|           1|
    |or_ln21_fu_346_p2      |    or    |      0|  0|   6|           1|           1|
    |or_ln28_1_fu_525_p2    |    or    |      0|  0|   6|           1|           1|
    |or_ln28_fu_513_p2      |    or    |      0|  0|   6|           1|           1|
    |inc_4_fu_428_p3        |  select  |      0|  0|   6|           1|           1|
    |inc_6_fu_612_p3        |  select  |      0|  0|   5|           1|           1|
    |select_ln21_fu_364_p3  |  select  |      0|  0|  38|           1|           1|
    |select_ln28_fu_531_p3  |  select  |      0|  0|  38|           1|           1|
    |xor_ln21_fu_340_p2     |    xor   |      0|  0|   6|           1|           2|
    |xor_ln26_fu_408_p2     |    xor   |      0|  0|   6|           1|           2|
    |xor_ln28_fu_507_p2     |    xor   |      0|  0|   6|           1|           2|
    |xor_ln33_fu_579_p2     |    xor   |      0|  0|   6|           1|           1|
    |xor_ln34_fu_590_p2     |    xor   |      0|  0|   6|           1|           2|
    +-----------------------+----------+-------+---+----+------------+------------+
    |Total                  |          |      0|  0| 423|         196|         198|
    +-----------------------+----------+-------+---+----+------------+------------+

    * Multiplexer: 
    +------------------------+----+-----------+-----+-----------+
    |          Name          | LUT| Input Size| Bits| Total Bits|
    +------------------------+----+-----------+-----+-----------+
    |ap_NS_fsm               |  97|         20|    1|         20|
    |shift_reg_p_2_address0  |  15|          3|    6|         18|
    |shift_reg_p_address0    |  15|          3|    7|         21|
    +------------------------+----+-----------+-----+-----------+
    |Total                   | 127|         26|   14|         59|
    +------------------------+----+-----------+-----+-----------+

    * Register: 
    +-------------------------------+----+----+-----+-----------+
    |              Name             | FF | LUT| Bits| Const Bits|
    +-------------------------------+----+----+-----+-----------+
    |acc_1_reg_716                  |  38|   0|   38|          0|
    |add_ln21_reg_721               |  35|   0|   35|          0|
    |add_ln27_1_reg_804             |  35|   0|   35|          0|
    |ap_CS_fsm                      |  19|   0|   19|          0|
    |c_2_load_reg_742               |  18|   0|   18|          0|
    |c_load_reg_659                 |  18|   0|   18|          0|
    |ch                             |   1|   0|    1|          0|
    |ch_3                           |   1|   0|    1|          0|
    |ch_3_load_reg_763              |   1|   0|    1|          0|
    |ch_load_reg_680                |   1|   0|    1|          0|
    |cnt_1                          |   1|   0|    1|          0|
    |grp_imf2_fu_229_ap_start_reg   |   1|   0|    1|          0|
    |grp_imf3_fu_208_ap_start_reg   |   1|   0|    1|          0|
    |grp_mixer_fu_249_ap_start_reg  |   1|   0|    1|          0|
    |i                              |   6|   0|    6|          0|
    |i_4                            |   5|   0|    5|          0|
    |i_4_load_reg_726               |   5|   0|    5|          0|
    |i_load_reg_643                 |   6|   0|    6|          0|
    |icmp_ln21_reg_691              |   1|   0|    1|          0|
    |icmp_ln28_reg_774              |   1|   0|    1|          0|
    |imf1_o_reg_809                 |  18|   0|   18|          0|
    |imf2_o_reg_814                 |  18|   0|   18|          0|
    |imf3_o_reg_819                 |  18|   0|   18|          0|
    |in_3                           |  18|   0|   18|          0|
    |in_r                           |  18|   0|   18|          0|
    |inc_5_reg_757                  |   5|   0|    5|          0|
    |inc_reg_674                    |   6|   0|    6|          0|
    |init                           |   1|   0|    1|          0|
    |init_4                         |   1|   0|    1|          0|
    |m_2_reg_784                    |  36|   0|   36|          0|
    |m_reg_701                      |  36|   0|   36|          0|
    |select_ln21_reg_696            |  38|   0|   38|          0|
    |select_ln28_reg_779            |  38|   0|   38|          0|
    |sum_reg_799                    |  38|   0|   38|          0|
    |trunc_ln18_1_reg_711           |  35|   0|   35|          0|
    |trunc_ln18_reg_706             |  35|   0|   35|          0|
    |trunc_ln27_1_reg_794           |  35|   0|   35|          0|
    |trunc_ln27_reg_789             |  35|   0|   35|          0|
    +-------------------------------+----+----+-----+-----------+
    |Total                          | 624|   0|  624|          0|
    +-------------------------------+----+----+-----+-----------+



================================================================
== Interface
================================================================
* Summary: 
+---------------+-----+-----+------------+--------------+--------------+
|   RTL Ports   | Dir | Bits|  Protocol  | Source Object|    C Type    |
+---------------+-----+-----+------------+--------------+--------------+
|ap_clk         |  in |    1| ap_ctrl_hs |      duc     | return value |
|ap_rst         |  in |    1| ap_ctrl_hs |      duc     | return value |
|ap_start       |  in |    1| ap_ctrl_hs |      duc     | return value |
|ap_done        | out |    1| ap_ctrl_hs |      duc     | return value |
|ap_idle        | out |    1| ap_ctrl_hs |      duc     | return value |
|ap_ready       | out |    1| ap_ctrl_hs |      duc     | return value |
|din_i          |  in |   18|   ap_none  |     din_i    |    scalar    |
|freq           |  in |   16|   ap_none  |     freq     |    scalar    |
|dout_i         | out |   18|   ap_vld   |    dout_i    |    pointer   |
|dout_i_ap_vld  | out |    1|   ap_vld   |    dout_i    |    pointer   |
|dout_q         | out |   18|   ap_vld   |    dout_q    |    pointer   |
|dout_q_ap_vld  | out |    1|   ap_vld   |    dout_q    |    pointer   |
+---------------+-----+-----+------------+--------------+--------------+

