

================================================================
== Vivado HLS Report for 'imf3'
================================================================
* Date:           Tue Feb 11 19:48:24 2020

* Version:        2019.2 (Build 2704478 on Wed Nov 06 22:10:23 MST 2019)
* Project:        duc_prj
* Solution:       solution1
* Product family: kintex7
* Target device:  xc7k160t-fbg484-1


================================================================
== Performance Estimates
================================================================
+ Timing: 
    * Summary: 
    +--------+---------+----------+------------+
    |  Clock |  Target | Estimated| Uncertainty|
    +--------+---------+----------+------------+
    |ap_clk  | 2.71 ns | 2.361 ns |   0.34 ns  |
    +--------+---------+----------+------------+

+ Latency: 
    * Summary: 
    +---------+---------+-----------+-----------+-----+-----+---------+
    |  Latency (cycles) |   Latency (absolute)  |  Interval | Pipeline|
    |   min   |   max   |    min    |    max    | min | max |   Type  |
    +---------+---------+-----------+-----------+-----+-----+---------+
    |        7|        7| 18.970 ns | 18.970 ns |    7|    7|   none  |
    +---------+---------+-----------+-----------+-----+-----+---------+

    + Detail: 
        * Instance: 
        N/A

        * Loop: 
        N/A



================================================================
== Utilization Estimates
================================================================
* Summary: 
+-----------------+---------+-------+--------+--------+-----+
|       Name      | BRAM_18K| DSP48E|   FF   |   LUT  | URAM|
+-----------------+---------+-------+--------+--------+-----+
|DSP              |        -|      1|       -|       -|    -|
|Expression       |        -|      -|       0|     432|    -|
|FIFO             |        -|      -|       -|       -|    -|
|Instance         |        -|      -|       -|       -|    -|
|Memory           |        0|      -|     171|      19|    0|
|Multiplexer      |        -|      -|       -|      83|    -|
|Register         |        -|      -|     496|       -|    -|
+-----------------+---------+-------+--------+--------+-----+
|Total            |        0|      1|     667|     534|    0|
+-----------------+---------+-------+--------+--------+-----+
|Available        |      650|    600|  202800|  101400|    0|
+-----------------+---------+-------+--------+--------+-----+
|Utilization (%)  |        0|   ~0  |   ~0   |   ~0   |    0|
+-----------------+---------+-------+--------+--------+-----+

+ Detail: 
    * Instance: 
    N/A

    * DSP48E: 
    +-------------------------+----------------------+-----------+
    |         Instance        |        Module        | Expression|
    +-------------------------+----------------------+-----------+
    |duc_mul_mul_18s_1bkb_U6  |duc_mul_mul_18s_1bkb  |  i0 * i1  |
    +-------------------------+----------------------+-----------+

    * Memory: 
    +----------------+-------------------+---------+----+----+-----+------+-----+------+-------------+
    |     Memory     |       Module      | BRAM_18K| FF | LUT| URAM| Words| Bits| Banks| W*Bits*Banks|
    +----------------+-------------------+---------+----+----+-----+------+-----+------+-------------+
    |c_5_0_U         |imf3_c_5_0         |        0|  18|   2|    0|     6|   18|     1|          108|
    |c_5_1_U         |imf3_c_5_1         |        0|   1|   1|    0|     6|    1|     1|            6|
    |shift_reg_p0_U  |imf3_shift_reg_p0  |        0|  76|   8|    0|    12|   38|     1|          456|
    |shift_reg_p1_U  |imf3_shift_reg_p0  |        0|  76|   8|    0|    12|   38|     1|          456|
    +----------------+-------------------+---------+----+----+-----+------+-----+------+-------------+
    |Total           |                   |        0| 171|  19|    0|    36|   95|     4|         1026|
    +----------------+-------------------+---------+----+----+-----+------+-----+------+-------------+

    * FIFO: 
    N/A

    * Expression: 
    +-------------------------+----------+-------+---+----+------------+------------+
    |      Variable Name      | Operation| DSP48E| FF| LUT| Bitwidth P0| Bitwidth P1|
    +-------------------------+----------+-------+---+----+------------+------------+
    |acc0_fu_267_p2           |     +    |      0|  0|  45|          38|          38|
    |acc1_fu_275_p2           |     +    |      0|  0|  45|          38|          38|
    |add_ln36_1_fu_284_p2     |     +    |      0|  0|  42|          35|          35|
    |add_ln36_fu_280_p2       |     +    |      0|  0|  42|          35|          35|
    |add_ln40_fu_341_p2       |     +    |      0|  0|  15|           6|           1|
    |inc_fu_169_p2            |     +    |      0|  0|  15|           1|           6|
    |sub_ln46_fu_216_p2       |     -    |      0|  0|  42|          35|          35|
    |and_ln37_fu_330_p2       |    and   |      0|  0|   6|           1|           1|
    |icmp_ln23_fu_140_p2      |   icmp   |      0|  0|  11|           6|           1|
    |icmp_ln30_fu_186_p2      |   icmp   |      0|  0|  11|           6|           3|
    |icmp_ln37_fu_325_p2      |   icmp   |      0|  0|  11|           6|           4|
    |or_ln30_fu_226_p2        |    or    |      0|  0|   6|           1|           1|
    |ap_return                |  select  |      0|  0|  18|           1|          18|
    |inc_2_fu_360_p3          |  select  |      0|  0|   6|           1|           1|
    |m_1_fu_254_p3            |  select  |      0|  0|  35|           1|          35|
    |select_ln30_1_fu_246_p3  |  select  |      0|  0|  38|           1|           1|
    |select_ln30_fu_231_p3    |  select  |      0|  0|  38|           1|           1|
    |select_ln40_fu_346_p3    |  select  |      0|  0|   6|           1|           1|
    +-------------------------+----------+-------+---+----+------------+------------+
    |Total                    |          |      0|  0| 432|         214|         255|
    +-------------------------+----------+-------+---+----+------------+------------+

    * Multiplexer: 
    +-----------------------+----+-----------+-----+-----------+
    |          Name         | LUT| Input Size| Bits| Total Bits|
    +-----------------------+----+-----------+-----+-----------+
    |ap_NS_fsm              |  44|          9|    1|          9|
    |d_assign_reg_126       |   9|          2|   18|         36|
    |shift_reg_p0_address0  |  15|          3|    4|         12|
    |shift_reg_p1_address0  |  15|          3|    4|         12|
    +-----------------------+----+-----------+-----+-----------+
    |Total                  |  83|         17|   27|         69|
    +-----------------------+----+-----------+-----+-----------+

    * Register: 
    +-----------------------+----+----+-----+-----------+
    |          Name         | FF | LUT| Bits| Const Bits|
    +-----------------------+----+----+-----+-----------+
    |acc0_reg_506           |  38|   0|   38|          0|
    |acc1_reg_511           |  38|   0|   38|          0|
    |ap_CS_fsm              |   8|   0|    8|          0|
    |c_5_0_load_reg_411     |  18|   0|   18|          0|
    |c_5_1_load_reg_416     |   1|   0|    1|          0|
    |ch_4_reg_443           |   1|   0|    1|          0|
    |d_assign_reg_126       |  18|   0|   18|          0|
    |i_2                    |   6|   0|    6|          0|
    |i_2_load_reg_384       |   6|   0|    6|          0|
    |icmp_ln23_reg_391      |   1|   0|    1|          0|
    |icmp_ln30_reg_448      |   1|   0|    1|          0|
    |in_1                   |  18|   0|   18|          0|
    |inc_reg_431            |   6|   0|    6|          0|
    |init_2                 |   1|   0|    1|          0|
    |j                      |   6|   0|    6|          0|
    |m_1_reg_495            |  35|   0|   35|          0|
    |m_reg_475              |  36|   0|   36|          0|
    |p_Val2_s_reg_437       |   6|   0|    6|          0|
    |select_ln30_1_reg_490  |  38|   0|   38|          0|
    |select_ln30_reg_470    |  38|   0|   38|          0|
    |sub_ln46_reg_465       |  35|   0|   35|          0|
    |tmp_4_reg_516          |  18|   0|   18|          0|
    |tmp_5_reg_521          |  18|   0|   18|          0|
    |trunc_ln30_1_reg_485   |  35|   0|   35|          0|
    |trunc_ln30_reg_480     |  35|   0|   35|          0|
    |trunc_ln31_reg_501     |  35|   0|   35|          0|
    +-----------------------+----+----+-----+-----------+
    |Total                  | 496|   0|  496|          0|
    +-----------------------+----+----+-----+-----------+



================================================================
== Interface
================================================================
* Summary: 
+-----------+-----+-----+------------+--------------+--------------+
| RTL Ports | Dir | Bits|  Protocol  | Source Object|    C Type    |
+-----------+-----+-----+------------+--------------+--------------+
|ap_clk     |  in |    1| ap_ctrl_hs |     imf3     | return value |
|ap_rst     |  in |    1| ap_ctrl_hs |     imf3     | return value |
|ap_start   |  in |    1| ap_ctrl_hs |     imf3     | return value |
|ap_done    | out |    1| ap_ctrl_hs |     imf3     | return value |
|ap_idle    | out |    1| ap_ctrl_hs |     imf3     | return value |
|ap_ready   | out |    1| ap_ctrl_hs |     imf3     | return value |
|ap_return  | out |   18| ap_ctrl_hs |     imf3     | return value |
|x          |  in |   18|   ap_none  |       x      |    scalar    |
+-----------+-----+-----+------------+--------------+--------------+

