

================================================================
== Vivado HLS Report for 'mixer'
================================================================
* Date:           Tue Feb 11 19:48:24 2020

* Version:        2019.2 (Build 2704478 on Wed Nov 06 22:10:23 MST 2019)
* Project:        duc_prj
* Solution:       solution1
* Product family: kintex7
* Target device:  xc7k160t-fbg484-1


================================================================
== Performance Estimates
================================================================
+ Timing: 
    * Summary: 
    +--------+---------+----------+------------+
    |  Clock |  Target | Estimated| Uncertainty|
    +--------+---------+----------+------------+
    |ap_clk  | 2.71 ns | 2.710 ns |   0.34 ns  |
    +--------+---------+----------+------------+

+ Latency: 
    * Summary: 
    +---------+---------+----------+-----------+-----+-----+---------+
    |  Latency (cycles) |  Latency (absolute)  |  Interval | Pipeline|
    |   min   |   max   |    min   |    max    | min | max |   Type  |
    +---------+---------+----------+-----------+-----+-----+---------+
    |        1|        9| 2.710 ns | 24.390 ns |    1|    9|   none  |
    +---------+---------+----------+-----------+-----+-----+---------+

    + Detail: 
        * Instance: 
        N/A

        * Loop: 
        N/A



================================================================
== Utilization Estimates
================================================================
* Summary: 
+-----------------+---------+-------+--------+--------+-----+
|       Name      | BRAM_18K| DSP48E|   FF   |   LUT  | URAM|
+-----------------+---------+-------+--------+--------+-----+
|DSP              |        -|      3|       -|       -|    -|
|Expression       |        -|      -|       0|     129|    -|
|FIFO             |        -|      -|       -|       -|    -|
|Instance         |        -|      -|       -|       -|    -|
|Memory           |        0|      -|      68|      13|    0|
|Multiplexer      |        -|      -|       -|      65|    -|
|Register         |        -|      -|     204|       -|    -|
+-----------------+---------+-------+--------+--------+-----+
|Total            |        0|      3|     272|     207|    0|
+-----------------+---------+-------+--------+--------+-----+
|Available        |      650|    600|  202800|  101400|    0|
+-----------------+---------+-------+--------+--------+-----+
|Utilization (%)  |        0|   ~0  |   ~0   |   ~0   |    0|
+-----------------+---------+-------+--------+--------+-----+

+ Detail: 
    * Instance: 
    N/A

    * DSP48E: 
    +--------------------------+----------------------+---------------------+
    |         Instance         |        Module        |      Expression     |
    +--------------------------+----------------------+---------------------+
    |duc_am_submul_16scud_U11  |duc_am_submul_16scud  |    (i0 - i1) * i2   |
    |duc_ama_addmuladdeOg_U13  |duc_ama_addmuladdeOg  | (i0 + i1) * i2 + i3 |
    |duc_ama_submuladddEe_U12  |duc_ama_submuladddEe  | (i0 - i1) * i2 + i3 |
    +--------------------------+----------------------+---------------------+

    * Memory: 
    +-------------+-----------------+---------+----+----+-----+------+-----+------+-------------+
    |    Memory   |      Module     | BRAM_18K| FF | LUT| URAM| Words| Bits| Banks| W*Bits*Banks|
    +-------------+-----------------+---------+----+----+-----+------+-----+------+-------------+
    |DI_cache_U   |mixer_DI_cache   |        0|  36|   5|    0|    16|   18|     1|          288|
    |dds_table_U  |mixer_dds_table  |        0|  32|   8|    0|    32|   16|     1|          512|
    +-------------+-----------------+---------+----+----+-----+------+-----+------+-------------+
    |Total        |                 |        0|  68|  13|    0|    48|   34|     2|          800|
    +-------------+-----------------+---------+----+----+-----+------+-----+------+-------------+

    * FIFO: 
    N/A

    * Expression: 
    +---------------------+----------+-------+---+----+------------+------------+
    |    Variable Name    | Operation| DSP48E| FF| LUT| Bitwidth P0| Bitwidth P1|
    +---------------------+----------+-------+---+----+------------+------------+
    |add_ln12_fu_197_p2   |     +    |      0|  0|  23|          16|          16|
    |add_ln69_fu_309_p2   |     +    |      0|  0|  13|           4|           1|
    |inc_fu_145_p2        |     +    |      0|  0|  12|           3|           1|
    |phase2_fu_224_p2     |     -    |      0|  0|  15|           4|           5|
    |and_ln45_fu_183_p2   |    and   |      0|  0|   6|           1|           1|
    |icmp_ln62_fu_282_p2  |   icmp   |      0|  0|   9|           4|           2|
    |icmp_ln68_fu_293_p2  |   icmp   |      0|  0|   9|           4|           2|
    |icmp_ln70_fu_320_p2  |   icmp   |      0|  0|   9|           3|           3|
    |valid_in_fu_161_p2   |   icmp   |      0|  0|   8|           2|           1|
    |freq_dds_fu_171_p3   |  select  |      0|  0|  16|           1|           1|
    |inc_1_fu_325_p3      |  select  |      0|  0|   3|           1|           1|
    |xor_ln68_fu_298_p2   |    xor   |      0|  0|   6|           1|           2|
    +---------------------+----------+-------+---+----+------------+------------+
    |Total                |          |      0|  0| 129|          44|          36|
    +---------------------+----------+-------+---+----+------------+------------+

    * Multiplexer: 
    +-------------------+----+-----------+-----+-----------+
    |        Name       | LUT| Input Size| Bits| Total Bits|
    +-------------------+----+-----------+-----+-----------+
    |DI_cache_address0  |  15|          3|    4|         12|
    |ap_NS_fsm          |  50|         11|    1|         11|
    +-------------------+----+-----------+-----+-----------+
    |Total              |  65|         14|    5|         23|
    +-------------------+----+-----------+-----+-----------+

    * Register: 
    +--------------------+----+----+-----+-----------+
    |        Name        | FF | LUT| Bits| Const Bits|
    +--------------------+----+----+-----+-----------+
    |Din_re_reg_444      |  18|   0|   18|          0|
    |acc                 |  16|   0|   16|          0|
    |add_ln59_reg_465    |  32|   0|   32|          0|
    |add_ln60_reg_470    |  32|   0|   32|          0|
    |and_ln45_reg_389    |   1|   0|    1|          0|
    |ap_CS_fsm           |  10|   0|   10|          0|
    |ch_1                |   1|   0|    1|          0|
    |ch_1_load_reg_384   |   1|   0|    1|          0|
    |cosine_reg_428      |  16|   0|   16|          0|
    |i_1                 |   3|   0|    3|          0|
    |i_1_load_reg_370    |   3|   0|    3|          0|
    |inc_reg_375         |   3|   0|    3|          0|
    |index               |   4|   0|    4|          0|
    |index_load_reg_393  |   4|   0|    4|          0|
    |init_1              |   1|   0|    1|          0|
    |mul_ln4_reg_459     |  32|   0|   32|          0|
    |phase1_reg_401      |   5|   0|    5|          0|
    |phase2_reg_407      |   5|   0|    5|          0|
    |sine_reg_422        |  16|   0|   16|          0|
    |valid_in_reg_380    |   1|   0|    1|          0|
    +--------------------+----+----+-----+-----------+
    |Total               | 204|   0|  204|          0|
    +--------------------+----+----+-----+-----------+



================================================================
== Interface
================================================================
* Summary: 
+---------------+-----+-----+------------+--------------+--------------+
|   RTL Ports   | Dir | Bits|  Protocol  | Source Object|    C Type    |
+---------------+-----+-----+------------+--------------+--------------+
|ap_clk         |  in |    1| ap_ctrl_hs |     mixer    | return value |
|ap_rst         |  in |    1| ap_ctrl_hs |     mixer    | return value |
|ap_start       |  in |    1| ap_ctrl_hs |     mixer    | return value |
|ap_done        | out |    1| ap_ctrl_hs |     mixer    | return value |
|ap_idle        | out |    1| ap_ctrl_hs |     mixer    | return value |
|ap_ready       | out |    1| ap_ctrl_hs |     mixer    | return value |
|freq           |  in |   16|   ap_none  |     freq     |    scalar    |
|Din            |  in |   18|   ap_none  |      Din     |    scalar    |
|Dout_I         | out |   18|   ap_vld   |    Dout_I    |    pointer   |
|Dout_I_ap_vld  | out |    1|   ap_vld   |    Dout_I    |    pointer   |
|Dout_Q         | out |   18|   ap_vld   |    Dout_Q    |    pointer   |
|Dout_Q_ap_vld  | out |    1|   ap_vld   |    Dout_Q    |    pointer   |
+---------------+-----+-----+------------+--------------+--------------+

